i: 0.49,0,0,1,0,0,0,0,0,0,0,0,0,0,0,0,0.0001,0.027000000000000003,0.141,0.11599999999999999,0.12
s: 1
t: 0.063
c: 3

i: 0.46,0,0,0,0,0,0,0,0,0,0,0,0,0,0,0,0.0029,0.012,0.10099999999999999,0.107,0.094
s: 1
t: 0.064
c: 3

i: 0.65,0,0,0,0,1,0,0,0,0,0,0,0,0,0,0,0.0028,0.027000000000000003,0.105,0.11599999999999999,0.091
s: 1
t: 0.071
c: 3

i: 0.39,0,0,0,0,0,0,0,0,0,0,0,0,0,0,0,0.0018,0.0201,0.11199999999999999,0.10400000000000001,0.106
s: 1
t: 0.064
c: 3

i: 0.29,0,0,0,0,0,1,0,0,0,0,0,0,0,0,0,0.0001,0.031,0.142,0.177,0.08
s: 1
t: 0.064
c: 3

i: 0.35,0,0,0,0,0,0,0,0,0,0,0,0,0,0,0,0.00015,0.051,0.16699999999999998,0.1,0.168
s: 1
t: 0.072
c: 3

i: 0.56,1,0,0,0,0,0,0,0,0,0,0,0,0,0,0,2e-05,0.02,0.139,0.08199999999999999,0.17
s: 1
t: 0.071
c: 3

i: 0.55,0,0,0,0,0,0,0,0,0,0,0,0,0,0,0,0.00028,0.0208,0.11599999999999999,0.114,0.102
s: 1
t: 0.071
c: 3

i: 0.71,1,0,0,0,0,0,0,0,0,0,0,0,0,0,0,0.0,0.022000000000000002,0.09300000000000001,0.087,0.107
s: 1
t: 0.064
c: 3

i: 0.16,0,0,0,0,0,0,1,0,0,0,0,0,0,0,0,0.03,0.012,0.03,0.145,0.021
s: 4
t: 0.407
c: 11

i: 0.68,0,0,0,0,0,0,0,0,0,0,0,0,0,0,0,0.024,0.013000000000000001,0.084,0.08199999999999999,0.102
s: 6
t: 0.313
c: 9

i: 0.68,0,0,0,0,0,0,0,0,0,0,0,0,0,0,0,0.026000000000000002,0.003,0.006,0.08,0.0076
s: 6
t: 0.430
c: 11

i: 0.8,1,0,0,0,0,0,0,0,0,0,0,0,0,0,0,0.00037,0.006999999999999999,0.134,0.11199999999999999,0.12
s: 1
t: 0.063
c: 3

i: 0.64,1,0,0,0,0,0,0,0,0,0,0,0,0,0,0,0.002,0.0201,0.11599999999999999,0.10099999999999999,0.115
s: 1
t: 0.064
c: 3

i: 0.62,1,0,0,0,0,0,0,0,0,0,0,0,0,0,0,0.00419,0.022000000000000002,0.10400000000000001,0.111,0.09300000000000001
s: 1
t: 0.062
c: 3

i: 0.22,0,0,0,0,0,0,0,0,0,0,0,0,0,0,0,0.003,0.022000000000000002,0.134,0.09699999999999999,0.138
s: 1
t: 0.062
c: 3

i: 0.31,0,1,0,0,0,0,0,0,1,0,0,0,0,0,0,0.005,0.0206,0.141,0.109,0.13
s: 1
t: 0.065
c: 3

i: 0.83,1,0,0,0,0,0,0,0,0,0,0,0,0,0,0,0.00079,0.013000000000000001,0.10800000000000001,0.076,0.141
s: 1
t: 0.063
c: 3

i: 0.72,0,0,0,0,0,0,0,0,0,1,0,0,0,0,0,0.0137,0.017,0.067,0.075,0.08900000000000001
s: 6
t: 0.342
c: 9

i: 0.4,0,0,0,0,0,0,0,0,0,0,0,0,0,0,0,0.0028,0.031,0.223,0.132,0.16899999999999998
s: 1
t: 0.065
c: 3

i: 0.41,1,0,0,1,0,0,0,0,0,1,0,0,0,0,0,0.0,0.022000000000000002,0.064,0.094,0.069
s: 1
t: 0.063
c: 3

i: 0.69,0,0,0,0,0,0,0,0,0,0,0,0,0,0,0,0.0013,0.025,0.147,0.08900000000000001,0.165
s: 1
t: 0.061
c: 3

i: 0.54,0,0,0,0,1,0,0,0,0,0,0,0,0,0,0,0.0020800000000000003,0.025,0.128,0.11199999999999999,0.114
s: 1
t: 0.063
c: 3

i: 0.78,0,0,0,0,0,0,0,0,0,0,0,0,0,0,0,0.0014,0.02,0.13,0.09300000000000001,0.139
s: 1
t: 0.064
c: 3

i: 0.64,0,0,0,0,1,0,0,0,0,0,0,0,0,0,0,0.00098,0.015,0.106,0.087,0.122
s: 1
t: 0.063
c: 3

i: 0.59,0,0,0,1,0,0,0,0,0,0,0,0,0,0,0,0.0032,0.018000000000000002,0.106,0.11599999999999999,0.091
s: 1
t: 0.062
c: 3

i: 0.74,1,0,0,0,0,0,0,0,1,0,0,0,0,0,0,0.0044,0.024,0.115,0.114,0.10099999999999999
s: 1
t: 0.065
c: 3

i: 0.68,1,0,0,0,0,0,0,0,1,0,0,0,0,0,0,0.0009599999999999999,0.0206,0.10400000000000001,0.1,0.10400000000000001
s: 1
t: 0.063
c: 3

i: 0.34,0,0,0,0,0,0,0,0,0,0,0,0,0,0,0,0.001,0.023,0.12,0.10099999999999999,0.11900000000000001
s: 1
t: 0.064
c: 3

i: 0.76,0,0,0,0,0,0,0,0,0,0,0,0,0,0,1,0.0034,0.019,0.126,0.11599999999999999,0.107
s: 1
t: 0.063
c: 3

i: 0.77,0,1,0,0,0,0,0,0,0,0,0,0,0,0,0,0.00025,0.017,0.113,0.094,0.12
s: 1
t: 0.064
c: 3

i: 0.8,0,0,0,0,0,0,0,0,0,0,0,0,1,0,0,0.00075,0.0208,0.129,0.10400000000000001,0.122
s: 1
t: 0.063
c: 3

i: 0.31,0,0,0,0,0,0,0,0,0,0,0,0,0,0,0,0.0003,0.027000000000000003,0.10800000000000001,0.10400000000000001,0.10300000000000001
s: 1
t: 0.062
c: 3

i: 0.82,0,0,0,0,0,0,0,0,0,0,0,0,0,0,0,0.0008699999999999999,0.0201,0.091,0.099,0.092
s: 1
t: 0.063
c: 3

i: 0.81,0,0,0,0,0,0,0,0,0,0,0,0,0,0,0,0.00419,0.0208,0.08800000000000001,0.107,0.08199999999999999
s: 1
t: 0.062
c: 3

i: 0.15,0,1,0,0,0,0,0,0,0,0,0,0,0,0,0,0.145,0.017,0.019,0.113,0.017
s: 8
t: 0.491
c: 12

i: 0.74,1,0,0,0,0,0,0,0,1,0,0,0,0,0,0,0.0015,0.0208,0.07,0.07400000000000001,0.094
s: 1
t: 0.066
c: 3

i: 0.44,1,1,0,0,0,0,0,0,0,0,0,0,0,0,0,2e-05,0.0201,0.172,0.099,0.174
s: 1
t: 0.063
c: 3

i: 0.79,0,0,0,0,0,0,0,0,0,0,0,0,0,0,0,0.00081,0.011000000000000001,0.106,0.081,0.131
s: 1
t: 0.063
c: 3

i: 0.2,1,0,0,0,0,0,0,0,1,0,1,0,0,0,0,0.0004,0.023,0.132,0.083,0.159
s: 1
t: 0.061
c: 3

i: 0.64,0,0,0,0,0,0,0,0,0,0,0,0,0,0,0,0.00063,0.0201,0.10400000000000001,0.113,0.092
s: 1
t: 0.065
c: 3

i: 0.33,0,0,0,0,0,0,0,0,1,0,0,0,0,0,0,0.016,0.017,0.075,0.1,0.07492
s: 6
t: 0.327
c: 9

i: 0.73,0,0,0,0,0,0,0,0,0,0,0,0,0,0,0,0.0024,0.02,0.11900000000000001,0.092,0.129
s: 1
t: 0.063
c: 3

i: 0.62,0,1,0,0,0,0,0,0,0,0,0,0,0,0,0,0.00049,0.0201,0.111,0.09,0.124
s: 1
t: 0.064
c: 3

i: 0.56,1,0,0,0,0,0,0,0,0,0,0,0,0,0,0,0.00067,0.011000000000000001,0.13699999999999998,0.086,0.16
s: 1
t: 0.064
c: 3

i: 0.6,0,1,0,0,0,0,0,0,0,0,0,0,0,0,0,0.00016999999999999999,0.024,0.165,0.1,0.165
s: 1
t: 0.063
c: 3

i: 0.44,0,0,0,0,0,0,0,0,0,0,0,0,0,0,0,0.0054,0.0201,0.075,0.08199999999999999,0.091
s: 1
t: 0.065
c: 3

i: 0.31,1,0,0,0,0,0,0,0,0,0,0,0,0,0,0,0.0018,0.024,0.107,0.083,0.129
s: 1
t: 0.062
c: 3

i: 0.36,1,0,0,0,0,0,0,0,0,0,1,0,0,0,0,0.0023,0.0201,0.095,0.091,0.10400000000000001
s: 1
t: 0.063
c: 3

i: 0.4,0,0,0,0,0,0,0,0,0,0,0,0,0,0,0,0.00232,0.0201,0.071,0.10099999999999999,0.07
s: 1
t: 0.064
c: 3

i: 0.53,0,0,0,0,0,0,0,0,0,0,0,0,0,0,0,0.0008300000000000001,0.0206,0.193,0.133,0.14400000000000002
s: 1
t: 0.065
c: 3

i: 0.51,0,0,0,0,0,0,0,0,0,0,0,0,0,0,1,0.0007599999999999999,0.0201,0.09,0.067,0.134
s: 1
t: 0.062
c: 3

i: 0.53,0,0,0,0,0,0,0,0,0,0,0,0,0,0,0,0.0039,0.0201,0.142,0.11599999999999999,0.121
s: 1
t: 0.065
c: 3

i: 0.62,0,0,0,0,0,0,0,0,0,0,0,0,0,0,0,0.0008,0.013000000000000001,0.11,0.11199999999999999,0.098
s: 1
t: 0.062
c: 3

i: 0.16,1,0,0,0,0,0,0,0,0,0,0,0,0,0,0,0.00081,0.0208,0.07,0.083,0.084
s: 1
t: 0.063
c: 3

i: 0.78,0,0,0,0,0,0,0,0,0,0,0,0,0,0,1,0.0008900000000000002,0.018000000000000002,0.10300000000000001,0.098,0.105
s: 1
t: 0.062
c: 3

i: 0.62,1,0,0,0,0,0,0,0,0,0,0,0,0,0,0,0.0016,0.015,0.105,0.076,0.138
s: 1
t: 0.063
c: 3

i: 0.33,0,0,0,0,0,0,0,0,0,0,0,0,0,0,0,0.0066,0.017,0.114,0.09300000000000001,0.12300000000000001
s: 6
t: 0.347
c: 9

i: 0.57,0,0,0,0,0,0,0,0,0,0,0,0,0,0,0,0.0019,0.0206,0.085,0.079,0.10800000000000001
s: 1
t: 0.063
c: 3

i: 0.61,0,0,0,0,1,0,0,0,0,0,0,0,0,0,0,0.001,0.013999999999999999,0.11800000000000001,0.102,0.11599999999999999
s: 1
t: 0.063
c: 3

i: 0.79,0,1,0,0,0,0,0,0,1,0,0,0,0,0,0,0.013000000000000001,0.006999999999999999,0.124,0.102,0.122
s: 2
t: 0.173
c: 7

i: 0.76,0,0,0,0,0,0,0,0,0,0,0,0,0,0,0,0.0085,0.01,0.109,0.08800000000000001,0.124
s: 6
t: 0.320
c: 9

i: 0.43,0,0,0,0,0,0,0,0,0,0,0,0,0,0,0,0.0016,0.0201,0.075,0.091,0.08199999999999999
s: 1
t: 0.063
c: 3

i: 0.5,1,0,0,0,0,0,0,0,0,0,0,0,0,0,0,0.0,0.024,0.153,0.11900000000000001,0.129
s: 1
t: 0.069
c: 3

i: 0.65,0,1,0,0,0,0,0,0,0,0,0,0,0,0,0,2e-05,0.0201,0.121,0.094,0.129
s: 1
t: 0.062
c: 3

i: 0.62,0,0,0,0,0,0,0,0,1,0,0,0,0,0,0,0.0036,0.018000000000000002,0.139,0.111,0.125
s: 1
t: 0.063
c: 3

i: 0.49,0,1,0,1,0,0,0,0,0,0,0,0,0,0,0,7e-05,0.039,0.22399999999999998,0.124,0.18100000000000002
s: 1
t: 0.068
c: 3

i: 0.57,1,0,0,0,0,0,0,0,0,0,0,0,0,0,0,0.0016,0.015,0.09300000000000001,0.09699999999999999,0.095
s: 1
t: 0.062
c: 3

i: 0.29,0,0,0,0,0,0,0,0,0,0,0,0,0,0,0,0.0046,0.016,0.09699999999999999,0.11199999999999999,0.087
s: 1
t: 0.063
c: 3

i: 0.29,0,1,0,0,0,0,0,0,0,0,0,0,0,0,0,0.00066,0.0208,0.109,0.114,0.096
s: 1
t: 0.069
c: 3

i: 0.78,0,1,0,0,0,0,0,0,0,0,0,0,0,0,0,0.00021,0.0201,0.214,0.12300000000000001,0.174
s: 1
t: 0.062
c: 3

i: 0.58,0,0,0,0,0,0,0,0,0,0,0,0,0,0,0,0.02,0.0096,0.039,0.1,0.039
s: 6
t: 0.445
c: 11

i: 0.59,0,0,0,0,0,0,0,0,0,0,0,0,0,0,0,0.00082,0.013999999999999999,0.091,0.09699999999999999,0.094
s: 1
t: 0.063
c: 3

i: 0.74,0,0,0,0,0,0,0,1,0,0,0,0,0,0,0,0.0005,0.024,0.1,0.107,0.09300000000000001
s: 1
t: 0.063
c: 3

i: 0.69,0,0,0,0,0,0,0,0,0,0,0,0,0,0,0,0.0018,0.016,0.109,0.09300000000000001,0.11699999999999999
s: 1
t: 0.063
c: 3

i: 0.66,0,0,0,0,0,0,0,0,1,0,0,0,0,0,0,0.02,0.0096,0.042,0.098,0.043
s: 6
t: 0.454
c: 11

i: 0.67,0,0,0,0,0,0,0,1,0,0,0,0,0,0,0,0.0069,0.017,0.08199999999999999,0.091,0.09
s: 6
t: 0.338
c: 9

i: 0.52,1,0,0,0,0,0,0,0,1,0,0,0,0,0,0,0.0013,0.02,0.102,0.099,0.10282000000000001
s: 1
t: 0.069
c: 3

i: 0.34,0,1,0,0,0,0,0,0,0,0,0,0,0,0,0,0.00232,0.025,0.18600000000000005,0.133,0.14
s: 1
t: 0.069
c: 3

i: 0.37,1,0,0,0,0,0,0,0,0,0,0,0,0,0,0,0.0016,0.0201,0.109,0.067,0.163
s: 1
t: 0.068
c: 3

i: 0.59,0,0,0,0,0,0,0,0,0,0,0,0,0,0,0,0.013000000000000001,0.017,0.064,0.09699999999999999,0.066
s: 6
t: 0.426
c: 10

i: 0.22,0,0,0,0,0,0,0,0,0,0,0,0,0,0,0,0.0029,0.019,0.083,0.07400000000000001,0.11199999999999999
s: 1
t: 0.063
c: 3

i: 0.38,0,0,0,0,0,0,0,0,0,0,0,0,0,0,0,0.0015,0.033,0.122,0.146,0.083
s: 1
t: 0.063
c: 3

i: 0.39,0,0,0,0,0,0,0,0,0,0,0,0,0,0,0,0.0017,0.0201,0.10400000000000001,0.121,0.087
s: 1
t: 0.069
c: 3

i: 0.56,0,1,0,0,0,0,0,0,0,0,0,0,0,0,0,0.0011,0.0201,0.12,0.10300000000000001,0.11599999999999999
s: 1
t: 0.067
c: 3

i: 0.5,0,1,0,0,0,0,0,0,0,0,0,0,0,0,0,0.0001,0.0201,0.163,0.08900000000000001,0.182
s: 1
t: 0.068
c: 3

i: 0.73,0,0,0,0,0,0,0,1,0,0,0,0,0,0,0,0.00022999999999999998,0.0201,0.095,0.11599999999999999,0.081
s: 1
t: 0.063
c: 3

i: 0.55,0,1,0,0,0,0,0,0,0,0,0,0,0,0,0,0.0018899999999999998,0.0206,0.11118,0.099,0.11207
s: 1
t: 0.063
c: 3

i: 0.87,0,0,0,0,0,0,0,0,0,0,0,0,0,0,0,0.0020800000000000003,0.0208,0.11800000000000001,0.09300000000000001,0.127
s: 1
t: 0.064
c: 3

i: 0.48,0,0,0,0,0,0,0,0,0,0,0,0,0,0,0,0.0011,0.019,0.086,0.094,0.092
s: 1
t: 0.064
c: 3

i: 0.65,0,1,0,0,0,0,0,1,1,0,0,0,0,0,0,2.9999999999999997e-05,0.019,0.151,0.08900000000000001,0.16899999999999998
s: 1
t: 0.063
c: 3

i: 0.75,0,0,0,0,0,0,0,0,0,0,0,0,0,0,0,0.0023,0.016,0.111,0.077,0.145
s: 1
t: 0.063
c: 3

i: 0.75,0,0,0,0,0,0,0,0,0,1,0,0,0,0,0,0.0017,0.031,0.09,0.096,0.094
s: 1
t: 0.069
c: 3

i: 0.41,1,0,0,0,0,0,0,0,0,0,0,0,0,0,0,0.00025,0.031,0.134,0.1,0.134
s: 1
t: 0.069
c: 3

i: 0.56,0,0,0,0,0,0,0,0,0,0,0,0,0,0,0,0.0016,0.0201,0.149,0.10400000000000001,0.14
s: 1
t: 0.064
c: 3

i: 0.63,0,0,0,0,0,0,0,0,0,0,0,0,0,0,0,0.0011,0.02,0.092,0.086,0.107
s: 1
t: 0.063
c: 3

i: 0.43,1,0,0,0,0,0,0,0,0,0,0,0,0,0,0,0.00062,0.025,0.134,0.109,0.12300000000000001
s: 1
t: 0.062
c: 3

i: 0.71,1,1,0,0,0,0,0,0,0,0,0,0,0,0,0,0.0078,0.013999999999999999,0.111,0.096,0.11599999999999999
s: 2
t: 0.195
c: 8

i: 0.6,0,0,0,0,0,0,0,0,0,0,0,0,0,0,0,0.0018899999999999998,0.0206,0.11118,0.099,0.11207
s: 1
t: 0.069
c: 3

i: 0.49,0,0,0,0,0,0,0,0,1,1,0,0,0,0,0,0.00232,0.039,0.24,0.125,0.192
s: 1
t: 0.063
c: 3

i: 0.67,0,0,0,0,0,0,0,0,0,0,0,0,0,0,0,0.0026,0.002,0.099,0.07200000000000001,0.138
s: 1
t: 0.063
c: 3

i: 0.58,0,0,0,0,0,0,0,0,0,0,0,0,0,0,0,0.0014,0.0201,0.141,0.075,0.188
s: 1
t: 0.063
c: 3

i: 0.8,1,0,0,0,0,0,0,0,0,0,0,0,0,0,0,0.0026,0.005,0.076,0.057999999999999996,0.129
s: 1
t: 0.063
c: 3

i: 0.41,0,0,0,0,0,0,0,0,0,0,0,0,0,0,0,0.00084,0.0201,0.13,0.10400000000000001,0.12300000000000001
s: 1
t: 0.062
c: 3

i: 0.32,0,0,0,0,0,0,0,0,0,0,0,0,0,0,0,0.00064,0.017,0.102,0.076,0.134
s: 1
t: 0.063
c: 3

i: 0.39,1,0,0,0,0,0,0,0,0,0,0,0,0,0,0,4e-05,0.01,0.061,0.077,0.079
s: 1
t: 0.062
c: 3

i: 0.58,1,0,0,0,0,0,0,0,0,0,0,0,0,0,0,0.0020800000000000003,0.024,0.095,0.095,0.1
s: 1
t: 0.069
c: 3

i: 0.27,0,0,0,0,0,0,0,0,0,0,0,0,0,0,0,0.0015,0.022000000000000002,0.182,0.13699999999999998,0.133
s: 1
t: 0.064
c: 3

i: 0.26,1,0,0,0,0,0,0,0,0,0,0,0,0,0,0,0.0029,0.017,0.129,0.11,0.11599999999999999
s: 1
t: 0.063
c: 3

i: 0.56,1,0,0,0,0,0,0,0,0,0,0,0,0,0,0,0.0013,0.019,0.086,0.071,0.12
s: 1
t: 0.062
c: 3

i: 0.6,1,0,0,0,0,0,0,0,0,0,0,0,0,0,0,0.0022,0.0201,0.077,0.063,0.122
s: 1
t: 0.069
c: 3

i: 0.39,1,0,0,0,0,0,0,0,0,0,0,0,0,0,0,0.00058,0.027000000000000003,0.17600000000000002,0.098,0.18
s: 1
t: 0.061
c: 3

i: 0.23,0,1,0,0,0,0,0,0,0,0,0,0,0,0,0,0.0014,0.03,0.174,0.135,0.129
s: 1
t: 0.067
c: 3

i: 0.71,1,0,0,0,0,0,0,0,0,0,0,0,0,0,0,0.0023,0.006999999999999999,0.10800000000000001,0.069,0.156
s: 1
t: 0.061
c: 3

i: 0.32,0,1,0,0,1,0,0,0,0,0,0,0,0,0,0,0.00015,0.024,0.135,0.115,0.11800000000000001
s: 1
t: 0.065
c: 3

i: 0.53,1,0,0,0,0,0,0,0,0,0,0,0,0,0,0,0.0025,0.022000000000000002,0.126,0.096,0.13097
s: 1
t: 0.069
c: 3

i: 0.64,0,1,0,0,0,0,0,0,0,0,0,0,0,0,0,0.0067,0.02,0.11,0.11599999999999999,0.094
s: 2
t: 0.183
c: 7

i: 0.32,0,0,0,0,0,0,0,0,0,0,0,0,0,0,0,0.0009,0.023,0.129,0.129,0.1
s: 1
t: 0.065
c: 3

i: 0.41,1,0,0,0,0,0,0,0,0,0,0,0,0,0,0,2e-05,0.044000000000000004,0.138,0.064,0.218
s: 1
t: 0.068
c: 3

i: 0.54,0,0,0,0,0,0,0,0,0,0,0,0,1,0,0,0.0033,0.0201,0.115,0.133,0.086
s: 1
t: 0.063
c: 3

i: 0.39,0,0,0,0,0,0,0,0,0,0,0,0,0,0,0,0.0020800000000000003,0.0206,0.11118,0.099,0.11207
s: 1
t: 0.069
c: 3

i: 0.7,0,1,0,0,0,0,0,1,1,0,0,0,0,0,0,0.0001,0.0208,0.126,0.083,0.152
s: 1
t: 0.064
c: 3

i: 0.73,0,0,0,0,0,0,0,0,0,0,0,0,0,0,0,0.037000000000000005,0.017,0.086,0.08199999999999999,0.105
s: 6
t: 0.323
c: 9

i: 0.62,1,0,0,0,1,0,0,0,1,0,0,0,0,0,1,0.013000000000000001,0.008,0.083,0.081,0.10300000000000001
s: 6
t: 0.321
c: 9

i: 0.61,0,0,0,0,0,0,0,0,0,0,0,0,0,0,0,0.0013,0.017,0.091,0.098,0.09300000000000001
s: 1
t: 0.063
c: 3

i: 0.56,1,0,0,0,0,0,0,0,0,0,0,0,1,0,0,0.0017,0.0201,0.127,0.094,0.136
s: 1
t: 0.069
c: 3

i: 0.7,0,0,0,0,0,0,0,0,0,0,0,0,0,0,0,4e-05,0.0201,0.046,0.057999999999999996,0.079
s: 1
t: 0.065
c: 3

i: 0.51,0,0,0,0,0,0,0,0,0,0,0,0,0,0,0,0.0018899999999999998,0.0206,0.11118,0.099,0.11207
s: 1
t: 0.062
c: 3

i: 0.45,0,0,0,0,0,0,0,0,1,0,0,0,0,0,0,8e-05,0.0201,0.171,0.08800000000000001,0.19399999999999998
s: 1
t: 0.068
c: 3

i: 0.67,1,0,1,0,0,0,0,0,0,0,0,0,0,0,0,0.0018899999999999998,0.0206,0.106,0.092,0.115
s: 1
t: 0.063
c: 3

i: 0.42,0,0,0,0,0,0,0,0,0,0,0,0,0,0,0,0.0052,0.013999999999999999,0.057999999999999996,0.083,0.069
s: 1
t: 0.070
c: 3

i: 0.7,0,0,0,0,0,0,0,1,0,0,0,0,0,0,0,0.0012,0.0206,0.109,0.10800000000000001,0.1
s: 1
t: 0.063
c: 3

i: 0.32,1,0,0,0,0,0,0,0,0,0,0,0,0,0,0,0.002,0.0201,0.11900000000000001,0.08800000000000001,0.135
s: 1
t: 0.063
c: 3

i: 0.85,0,0,0,0,0,0,0,0,0,1,0,0,0,0,0,0.032,0.0096,0.055,0.08900000000000001,0.062
s: 7
t: 0.402
c: 11

i: 0.15,0,0,0,0,0,0,0,0,0,0,0,0,0,0,0,0.0015,0.0201,0.084,0.10400000000000001,0.081
s: 1
t: 0.063
c: 3

i: 0.38,0,0,0,0,0,0,0,0,0,0,0,0,0,0,0,0.0075,0.017,0.076,0.095,0.08
s: 6
t: 0.335
c: 9

i: 0.67,0,0,0,0,0,0,0,0,0,0,0,0,0,0,0,9e-05,0.016,0.192,0.11599999999999999,0.16399999999999998
s: 1
t: 0.063
c: 3

i: 0.36,0,0,0,0,0,0,0,0,0,0,0,0,0,0,0,0.0012,0.0201,0.11699999999999999,0.109,0.107
s: 1
t: 0.069
c: 3

i: 0.79,0,0,0,0,0,0,0,0,0,0,0,0,0,0,0,0.028999999999999998,0.016,0.047,0.09699999999999999,0.048
s: 8
t: 0.431
c: 11

i: 0.29,0,0,0,0,0,0,0,0,0,0,0,0,0,0,0,0.0023,0.023,0.135,0.098,0.138
s: 1
t: 0.063
c: 3

i: 0.62,0,1,0,0,0,0,0,0,0,0,0,0,0,0,0,0.0056,0.0206,0.10300000000000001,0.11199999999999999,0.09300000000000001
s: 1
t: 0.063
c: 3

i: 0.24,1,0,0,0,0,0,0,0,0,0,0,0,0,0,0,0.002,0.0201,0.087,0.08800000000000001,0.099
s: 1
t: 0.069
c: 3

i: 0.42,0,0,0,0,0,0,0,0,0,0,0,0,0,0,0,0.0018,0.02,0.066,0.09300000000000001,0.071
s: 1
t: 0.069
c: 3

i: 0.36,0,0,0,0,0,0,0,0,0,0,0,0,0,0,0,0.0013,0.037000000000000005,0.184,0.18,0.102
s: 1
t: 0.070
c: 3

i: 0.54,1,0,0,0,0,0,0,0,0,0,0,0,0,0,0,0.003,0.0201,0.107,0.10800000000000001,0.099
s: 1
t: 0.069
c: 3

i: 0.66,0,0,0,0,0,0,0,0,0,0,0,0,0,0,0,0.0015,0.0201,0.078,0.07,0.111
s: 1
t: 0.065
c: 3

i: 0.83,0,0,0,0,0,0,0,0,0,0,0,0,0,0,0,0.0006799999999999999,0.022000000000000002,0.105,0.099,0.10584
s: 1
t: 0.062
c: 3

i: 0.75,0,0,0,0,0,0,0,0,0,0,0,0,0,0,0,0.0012,0.02,0.10099999999999999,0.09300000000000001,0.109
s: 1
t: 0.069
c: 3

i: 0.8,0,0,0,0,0,0,0,0,0,0,0,0,0,0,0,0.0041,0.006999999999999999,0.131,0.07400000000000001,0.177
s: 1
t: 0.062
c: 3

i: 0.65,0,0,0,0,0,0,0,0,0,1,0,0,0,0,0,0.00032,0.027000000000000003,0.096,0.14,0.069
s: 1
t: 0.070
c: 3

i: 0.6,1,1,0,0,0,0,0,0,0,0,0,0,0,0,0,0.0,0.0201,0.155,0.078,0.19899999999999998
s: 1
t: 0.063
c: 3

i: 0.2,0,1,0,0,0,0,0,0,0,0,0,0,0,0,0,2e-05,0.026000000000000002,0.171,0.11199999999999999,0.153
s: 1
t: 0.069
c: 3

i: 0.45,0,1,0,0,0,0,0,0,0,0,0,0,0,0,0,0.009000000000000001,0.027999999999999997,0.237,0.11599999999999999,0.203
s: 2
t: 0.314
c: 9

i: 0.75,0,0,0,0,0,0,0,0,0,0,0,0,0,0,0,0.0024,0.026000000000000002,0.10800000000000001,0.10400000000000001,0.102
s: 1
t: 0.069
c: 3

i: 0.59,0,0,0,0,0,0,0,0,0,0,0,0,0,0,0,0.0015,0.0206,0.092,0.09300000000000001,0.099
s: 1
t: 0.069
c: 3

i: 0.73,0,0,0,0,0,0,0,0,0,0,0,0,0,0,0,0.0018899999999999998,0.0208,0.11118,0.099,0.11207
s: 1
t: 0.069
c: 3

i: 0.25,0,0,0,0,0,0,0,0,0,0,0,0,0,0,0,0.00081,0.027999999999999997,0.106,0.132,0.081
s: 1
t: 0.069
c: 3

i: 0.41,1,0,0,0,0,0,0,0,0,0,0,0,0,0,1,0.0016,0.018000000000000002,0.111,0.081,0.13699999999999998
s: 1
t: 0.069
c: 3

i: 0.76,0,0,0,0,0,0,0,0,0,1,0,0,0,0,0,0.00045,0.0201,0.184,0.121,0.152
s: 1
t: 0.070
c: 3

i: 0.6,0,0,0,0,0,0,0,0,0,1,0,0,0,0,0,0.0013,0.017,0.14800000000000002,0.10400000000000001,0.141
s: 1
t: 0.069
c: 3

i: 0.2,0,0,0,0,0,0,0,0,0,0,0,0,0,0,0,0.0015,0.024,0.13699999999999998,0.135,0.10099999999999999
s: 1
t: 0.069
c: 3

i: 0.53,0,0,0,0,0,0,0,0,1,0,0,0,0,0,0,0.00025,0.0208,0.145,0.10300000000000001,0.141
s: 1
t: 0.069
c: 3

i: 0.69,0,0,0,0,0,0,0,0,0,0,0,0,0,0,0,0.00232,0.0201,0.09,0.091,0.099
s: 1
t: 0.070
c: 3

i: 0.77,1,0,0,0,0,0,0,0,0,0,0,0,0,0,0,0.0013,0.013000000000000001,0.102,0.095,0.10800000000000001
s: 1
t: 0.069
c: 3

i: 0.54,1,1,0,0,0,0,0,0,1,0,0,0,0,0,0,0.0035,0.017,0.113,0.096,0.11746
s: 1
t: 0.070
c: 3

i: 0.33,1,0,0,0,0,0,0,0,0,0,0,0,0,0,0,0.16,0.003,0.0095,0.10300000000000001,0.00914
s: 6
t: 0.460
c: 12

i: 0.51,0,0,0,0,0,0,0,0,0,0,0,0,0,0,0,0.0011,0.0201,0.10800000000000001,0.099,0.11
s: 1
t: 0.063
c: 3

i: 0.31,0,0,0,0,0,0,0,0,0,0,0,0,0,0,0,0.00232,0.0201,0.09,0.087,0.10300000000000001
s: 1
t: 0.069
c: 3

i: 0.53,1,0,0,0,0,0,0,0,1,0,0,0,0,0,0,0.00072,0.0201,0.12,0.08800000000000001,0.139
s: 1
t: 0.069
c: 3

i: 0.85,1,0,0,0,0,0,0,0,0,0,0,0,0,0,1,0.0011,0.0201,0.084,0.08,0.105
s: 1
t: 0.072
c: 3

i: 0.79,0,0,0,0,1,0,0,0,0,0,0,0,0,0,0,0.0048,0.006999999999999999,0.077,0.096,0.08004
s: 1
t: 0.070
c: 3

i: 0.4,1,0,0,0,0,0,0,0,0,0,0,0,0,0,0,0.073,0.0096,0.043,0.087,0.049
s: 6
t: 0.456
c: 12

i: 0.16,0,1,0,0,0,0,0,0,0,0,0,0,0,0,0,0.0027,0.019,0.11199999999999999,0.126,0.08900000000000001
s: 1
t: 0.069
c: 3

i: 0.8,0,0,0,0,0,0,0,0,0,0,0,0,0,0,0,0.0017,0.008,0.10099999999999999,0.081,0.125
s: 1
t: 0.070
c: 3

i: 0.57,1,0,0,0,0,0,0,0,0,0,0,0,0,0,0,0.001,0.022000000000000002,0.079,0.07,0.114
s: 1
t: 0.069
c: 3

i: 0.48,0,0,0,0,0,0,0,0,0,0,0,0,0,0,0,0.0011,0.0201,0.091,0.10400000000000001,0.08800000000000001
s: 1
t: 0.111
c: 3

i: 0.36,1,0,0,0,0,0,0,0,0,0,0,0,0,0,0,0.00025,0.025,0.102,0.096,0.106
s: 1
t: 0.069
c: 3

i: 0.23,0,0,0,0,0,0,0,0,0,0,0,0,0,0,0,0.0025,0.034,0.165,0.152,0.10800000000000001
s: 1
t: 0.065
c: 3

i: 0.16,0,0,0,0,0,0,0,0,0,0,0,0,0,0,0,0.0097,0.0174,0.098,0.13,0.076
s: 6
t: 0.337
c: 9

i: 0.46,1,0,0,0,0,0,0,0,0,0,0,0,0,0,1,0.0009,0.012,0.09699999999999999,0.091,0.107
s: 1
t: 0.070
c: 3

i: 0.18,0,0,0,0,0,0,0,0,0,0,0,0,0,0,0,0.0009,0.03,0.14300000000000002,0.132,0.10800000000000001
s: 1
t: 0.070
c: 3

i: 0.73,0,0,0,0,0,0,0,0,0,1,0,0,0,0,0,0.017,0.017,0.11199999999999999,0.11599999999999999,0.09699999999999999
s: 6
t: 0.323
c: 9

i: 0.19,0,0,0,0,0,0,0,0,0,0,0,0,0,0,0,0.5,0.005,0.005,0.11900000000000001,0.004
s: 6
t: 0.400
c: 11

i: 0.23,1,1,0,0,0,0,0,0,1,0,0,0,0,0,0,5e-05,0.033,0.23199999999999998,0.134,0.174
s: 1
t: 0.068
c: 3

i: 0.21,0,0,0,0,0,0,0,0,0,0,0,0,0,0,0,0.0015,0.02,0.076,0.10300000000000001,0.073
s: 1
t: 0.069
c: 3

i: 0.71,1,0,0,0,0,0,0,0,0,0,0,0,0,0,0,0.0022,0.012,0.127,0.08900000000000001,0.14300000000000002
s: 1
t: 0.069
c: 3

i: 0.58,0,0,0,0,0,0,0,0,0,0,0,0,0,0,0,0.0002,0.019,0.09300000000000001,0.084,0.111
s: 1
t: 0.069
c: 3

i: 0.34,0,0,0,0,0,1,0,0,0,1,0,0,1,0,0,0.00025,0.039,0.139,0.127,0.11
s: 1
t: 0.069
c: 3

i: 0.45,0,0,0,0,0,0,0,0,0,0,0,0,0,0,0,0.009290000000000001,0.015,0.057,0.069,0.083
s: 6
t: 0.455
c: 10

i: 0.64,0,1,0,0,0,0,0,0,1,0,0,0,0,0,0,0.00056,0.018000000000000002,0.09,0.079,0.114
s: 1
t: 0.070
c: 3

i: 0.31,0,0,0,0,0,0,0,0,0,0,0,0,0,0,0,0.044000000000000004,0.017,0.079,0.08199999999999999,0.096
s: 6
t: 0.324
c: 9

i: 0.33,0,0,0,0,0,0,0,0,0,0,0,0,0,0,1,0.0018,0.02,0.139,0.102,0.13699999999999998
s: 1
t: 0.069
c: 3

i: 0.72,1,0,0,0,0,0,0,0,0,0,0,0,0,0,0,0.00067,0.018000000000000002,0.099,0.098,0.10099999999999999
s: 1
t: 0.070
c: 3

i: 0.3,0,0,0,0,0,0,0,0,0,0,0,0,0,0,1,0.00025,0.0201,0.102,0.076,0.134
s: 1
t: 0.069
c: 3

i: 0.61,0,0,0,0,0,0,0,0,0,0,0,0,0,0,0,0.0033,0.0201,0.107,0.10300000000000001,0.10400000000000001
s: 1
t: 0.063
c: 3

i: 0.31,0,0,0,0,0,0,0,0,0,0,0,0,0,0,0,0.0018899999999999998,0.0206,0.196,0.094,0.209
s: 1
t: 0.069
c: 3

i: 0.3,1,0,0,0,1,0,0,0,0,0,0,0,0,0,0,0.00061,0.015,0.08199999999999999,0.11900000000000001,0.069
s: 1
t: 0.070
c: 3

i: 0.28,0,0,0,0,0,0,0,0,0,0,0,0,0,0,0,0.0022,0.018000000000000002,0.09,0.084,0.10800000000000001
s: 1
t: 0.069
c: 3

i: 0.77,0,0,0,0,0,0,0,0,0,0,0,0,0,0,0,0.0025,0.017,0.10099999999999999,0.085,0.11900000000000001
s: 1
t: 0.070
c: 3

i: 0.15,1,0,0,0,0,0,0,0,0,0,0,0,0,0,1,0.0023,0.034,0.115,0.096,0.12
s: 1
t: 0.069
c: 3

max time: 0.49
min time: 0.06
avg time: 0.11

avg calls: 3.94
