i: 0.41,0.51,0.48,0.5,0.53,0.75,0.78
s: 2
t: 1.016
c: 7

i: 0.76,0.71,0.48,0.5,0.5,0.71,0.75
s: 3
t: 1.005
c: 6

i: 0.81,0.44,0.48,0.5,0.42,0.67,0.68
s: 4
t: 0.672
c: 6

i: 0.12,0.67,0.48,0.5,0.74,0.58,0.63
s: 4
t: 0.923
c: 7

i: 0.65,0.51,0.48,0.5,0.66,0.54,0.33
s: 4
t: 0.333
c: 6

i: 0.44,0.28,0.48,0.5,0.43,0.27,0.37
s: 2
t: 0.834
c: 6

i: 0.5,0.37,0.48,0.5,0.66,0.64,0.69
s: 3
t: 0.903
c: 7

i: 0.47,0.55,0.48,0.5,0.58,0.71,0.75
s: 5
t: 0.904
c: 7

i: 0.22,0.43,0.48,0.5,0.48,0.16,0.28
s: 3
t: 0.814
c: 6

i: 0.39,0.32,0.48,0.5,0.46,0.24,0.35
s: 2
t: 0.848
c: 6

i: 0.39,0.31,0.48,0.5,0.38,0.34,0.43
s: 3
t: 0.883
c: 6

i: 0.39,0.41,0.48,0.5,0.52,0.72,0.75
s: 3
t: 1.004
c: 7

i: 0.35,0.48,0.48,0.5,0.56,0.4,0.48
s: 3
t: 0.814
c: 6

i: 0.34,0.67,0.48,0.5,0.52,0.76,0.79
s: 2
t: 1.203
c: 7

i: 0.37,0.47,0.48,0.5,0.39,0.76,0.79
s: 2
t: 1.045
c: 7

i: 0.35,0.51,0.48,0.5,0.61,0.71,0.74
s: 3
t: 1.074
c: 7

i: 0.38,0.3,0.48,0.5,0.43,0.29,0.39
s: 3
t: 0.902
c: 6

i: 0.3,0.37,0.48,0.5,0.59,0.41,0.49
s: 4
t: 0.694
c: 6

i: 0.52,0.54,0.48,0.5,0.62,0.76,0.79
s: 3
t: 1.049
c: 7

i: 0.63,0.47,0.48,0.5,0.51,0.82,0.84
s: 5
t: 0.627
c: 6

i: 0.6,0.61,0.48,0.5,0.54,0.67,0.71
s: 4
t: 1.134
c: 7

i: 0.63,0.65,0.48,0.5,0.39,0.44,0.35
s: 4
t: 0.470
c: 6

i: 0.73,0.84,0.48,0.5,0.86,0.58,0.29
s: 4
t: 0.472
c: 6

i: 0.6,0.46,0.48,0.5,0.45,0.81,0.83
s: 4
t: 0.806
c: 7

i: 0.63,0.54,0.48,0.5,0.65,0.79,0.81
s: 4
t: 0.693
c: 6

i: 0.64,0.76,0.48,0.5,0.45,0.35,0.38
s: 3
t: 1.096
c: 6

i: 0.29,0.39,0.48,0.5,0.52,0.4,0.48
s: 5
t: 0.453
c: 6

i: 0.66,0.71,0.48,0.5,0.41,0.5,0.35
s: 4
t: 0.492
c: 6

i: 0.51,0.49,0.48,0.5,0.53,0.14,0.26
s: 2
t: 0.952
c: 6

i: 0.41,0.43,0.48,0.5,0.5,0.24,0.25
s: 3
t: 0.833
c: 6

i: 0.64,0.84,0.48,0.5,0.37,0.45,0.4
s: 4
t: 0.629
c: 6

i: 0.37,0.52,0.48,0.5,0.42,0.42,0.36
s: 3
t: 0.889
c: 6

i: 0.38,0.26,0.48,0.5,0.54,0.16,0.28
s: 2
t: 0.935
c: 6

i: 0.34,0.28,0.48,0.5,0.41,0.35,0.44
s: 3
t: 0.927
c: 6

i: 0.34,0.51,0.48,0.5,0.44,0.37,0.46
s: 4
t: 0.910
c: 6

i: 0.89,0.55,0.48,0.5,0.51,0.72,0.76
s: 4
t: 0.779
c: 6

i: 0.61,0.66,0.48,0.5,0.46,0.87,0.88
s: 4
t: 0.872
c: 7

i: 0.16,0.43,0.48,0.5,0.54,0.27,0.37
s: 3
t: 0.934
c: 6

i: 0.57,0.59,0.48,0.5,0.39,0.47,0.33
s: 5
t: 0.623
c: 6

i: 0.44,0.52,0.48,0.5,0.43,0.47,0.54
s: 5
t: 0.803
c: 7

i: 0.23,0.32,0.48,0.5,0.55,0.25,0.35
s: 2
t: 0.964
c: 6

i: 0.31,0.5,0.48,0.5,0.57,0.84,0.85
s: 2
t: 1.052
c: 7

i: 0.72,0.42,0.48,0.5,0.65,0.77,0.79
s: 4
t: 0.602
c: 6

i: 0.42,0.24,0.48,0.5,0.57,0.27,0.37
s: 3
t: 0.950
c: 6

i: 0.71,0.57,0.48,0.5,0.48,0.35,0.32
s: 4
t: 0.514
c: 6

i: 0.79,0.54,0.48,0.5,0.5,0.66,0.68
s: 4
t: 0.666
c: 6

i: 0.24,0.35,0.48,0.5,0.31,0.19,0.31
s: 2
t: 0.924
c: 6

i: 0.34,0.46,0.48,0.5,0.52,0.35,0.44
s: 3
t: 0.933
c: 6

i: 0.3,0.44,0.48,0.5,0.49,0.22,0.33
s: 2
t: 0.966
c: 6

i: 0.73,0.26,0.48,0.5,0.57,0.75,0.78
s: 5
t: 0.725
c: 6

i: 0.32,0.39,0.48,0.5,0.53,0.28,0.38
s: 5
t: 0.450
c: 6

i: 0.81,0.52,0.48,0.5,0.57,0.78,0.8
s: 3
t: 0.762
c: 6

i: 0.12,0.43,0.48,0.5,0.63,0.7,0.74
s: 3
t: 1.084
c: 7

i: 0.44,0.35,0.48,0.5,0.55,0.55,0.61
s: 4
t: 0.754
c: 6

i: 0.36,0.45,0.48,0.5,0.38,0.79,0.17
s: 2
t: 1.137
c: 7

i: 0.64,0.57,0.48,0.5,0.7,0.33,0.26
s: 4
t: 0.343
c: 6

i: 0.43,0.4,0.48,0.5,0.58,0.75,0.78
s: 2
t: 1.146
c: 7

i: 0.44,0.42,0.48,0.5,0.42,0.25,0.2
s: 3
t: 0.879
c: 6

i: 0.5,0.51,0.48,0.5,0.27,0.23,0.34
s: 2
t: 1.119
c: 7

i: 0.84,0.54,0.48,0.5,0.75,0.92,0.7
s: 4
t: 0.717
c: 6

i: 0.68,0.63,0.48,0.5,0.73,0.4,0.3
s: 4
t: 0.344
c: 6

i: 0.69,0.59,0.48,0.5,0.77,0.39,0.21
s: 4
t: 0.345
c: 6

i: 0.32,0.33,0.48,0.5,0.6,0.06,0.2
s: 2
t: 0.949
c: 6

i: 0.4,0.29,0.48,0.5,0.42,0.35,0.44
s: 3
t: 0.949
c: 6

i: 0.36,0.42,0.48,0.5,0.53,0.32,0.41
s: 3
t: 0.978
c: 6

i: 0.44,0.56,0.48,0.5,0.5,0.46,0.54
s: 5
t: 0.711
c: 7

i: 0.66,0.53,0.48,0.5,0.59,0.66,0.66
s: 5
t: 0.599
c: 6

i: 0.31,0.47,0.48,0.5,0.29,0.28,0.39
s: 3
t: 0.986
c: 6

i: 0.25,0.26,0.48,0.5,0.39,0.32,0.42
s: 3
t: 0.973
c: 6

i: 0.3,0.51,0.48,0.5,0.42,0.61,0.34
s: 3
t: 1.095
c: 7

i: 0.61,0.6,0.48,0.5,0.44,0.39,0.38
s: 5
t: 0.617
c: 6

i: 0.45,0.4,0.48,0.5,0.61,0.74,0.77
s: 3
t: 1.054
c: 7

i: 0.64,0.46,0.48,0.5,0.48,0.73,0.76
s: 4
t: 0.570
c: 6

i: 0.68,0.76,0.48,0.5,0.84,0.45,0.27
s: 4
t: 0.374
c: 6

i: 0.65,0.47,0.48,0.5,0.59,0.3,0.4
s: 3
t: 1.016
c: 6

i: 0.69,0.43,0.48,0.5,0.59,0.74,0.77
s: 4
t: 0.628
c: 6

i: 0.49,0.43,0.48,0.5,0.49,0.3,0.4
s: 3
t: 0.935
c: 6

i: 0.56,0.51,0.48,0.5,0.34,0.37,0.46
s: 4
t: 1.063
c: 6

i: 0.23,0.48,0.48,0.5,0.59,0.88,0.89
s: 2
t: 1.074
c: 7

i: 0.36,0.41,0.48,0.5,0.48,0.47,0.54
s: 3
t: 0.812
c: 6

i: 0.17,0.38,0.48,0.5,0.45,0.42,0.5
s: 4
t: 0.759
c: 6

i: 0.79,0.36,0.48,0.5,0.46,0.82,0.7
s: 3
t: 0.757
c: 6

i: 0.47,0.28,0.48,0.5,0.56,0.2,0.25
s: 2
t: 0.980
c: 6

i: 0.26,0.4,0.48,0.5,0.36,0.26,0.37
s: 2
t: 0.997
c: 6

i: 0.67,0.37,0.48,0.5,0.54,0.64,0.68
s: 4
t: 0.594
c: 6

i: 0.42,0.4,0.48,0.5,0.56,0.18,0.3
s: 2
t: 1.016
c: 6

i: 0.29,0.28,0.48,0.5,0.44,0.23,0.34
s: 2
t: 0.910
c: 6

i: 0.7,0.61,0.48,0.5,0.56,0.52,0.43
s: 4
t: 0.485
c: 6

i: 0.5,0.57,0.48,0.5,0.71,0.61,0.66
s: 4
t: 0.992
c: 7

i: 0.62,0.83,0.48,0.5,0.46,0.36,0.4
s: 4
t: 0.695
c: 6

i: 0.3,0.45,0.48,0.5,0.36,0.21,0.32
s: 2
t: 0.967
c: 6

i: 0.11,0.5,0.48,0.5,0.58,0.72,0.68
s: 3
t: 1.020
c: 7

i: 0.31,0.36,0.48,0.5,0.58,0.94,0.94
s: 2
t: 1.085
c: 7

i: 0.1,0.49,0.48,0.5,0.41,0.67,0.21
s: 3
t: 1.232
c: 7

i: 0.71,0.86,0.48,0.5,0.4,0.54,0.32
s: 4
t: 0.652
c: 6

i: 0.6,0.5,1.0,0.5,0.54,0.77,0.8
s: 4
t: 0.686
c: 6

i: 0.28,0.38,0.48,0.5,0.5,0.33,0.42
s: 3
t: 0.951
c: 6

i: 0.51,0.54,0.48,0.5,0.41,0.34,0.43
s: 3
t: 1.070
c: 6

i: 0.31,0.44,0.48,0.5,0.5,0.79,0.82
s: 2
t: 1.089
c: 7

i: 0.67,0.84,0.48,0.5,0.74,0.54,0.37
s: 4
t: 0.362
c: 6

i: 0.74,0.47,0.48,0.5,0.5,0.57,0.42
s: 4
t: 0.802
c: 6

i: 0.51,0.4,0.48,0.5,0.57,0.62,0.67
s: 3
t: 1.047
c: 7

i: 0.54,0.47,0.48,0.5,0.28,0.33,0.42
s: 3
t: 0.991
c: 6

i: 0.68,0.51,0.48,0.5,0.71,0.75,0.78
s: 5
t: 0.691
c: 6

i: 0.23,0.4,0.48,0.5,0.39,0.28,0.38
s: 3
t: 0.964
c: 6

i: 0.44,0.34,0.48,0.5,0.3,0.33,0.43
s: 3
t: 0.991
c: 6

i: 0.41,0.43,0.48,0.5,0.45,0.31,0.41
s: 3
t: 1.003
c: 6

i: 0.58,0.6,0.48,0.5,0.59,0.73,0.76
s: 4
t: 0.906
c: 7

i: 0.74,0.7,0.48,0.5,0.66,0.65,0.69
s: 3
t: 1.081
c: 6

i: 0.42,0.35,0.48,0.5,0.58,0.15,0.27
s: 2
t: 0.978
c: 6

i: 0.52,0.81,0.48,0.5,0.72,0.38,0.38
s: 5
t: 1.026
c: 7

i: 0.35,0.34,0.48,0.5,0.46,0.3,0.27
s: 3
t: 1.069
c: 6

i: 0.69,0.66,0.48,0.5,0.41,0.5,0.25
s: 4
t: 0.509
c: 6

i: 0.66,0.74,0.48,0.5,0.31,0.38,0.43
s: 5
t: 0.548
c: 6

i: 0.4,0.41,0.48,0.5,0.55,0.22,0.33
s: 3
t: 0.942
c: 6

i: 0.76,0.41,0.48,0.5,0.5,0.59,0.62
s: 4
t: 0.670
c: 6

i: 0.29,0.28,0.48,0.5,0.5,0.42,0.5
s: 4
t: 0.770
c: 6

i: 0.27,0.3,0.48,0.5,0.71,0.28,0.39
s: 3
t: 0.951
c: 6

i: 0.48,0.41,0.48,0.5,0.51,0.9,0.88
s: 3
t: 1.026
c: 7

i: 0.07,0.4,0.48,0.5,0.54,0.35,0.44
s: 3
t: 1.088
c: 6

i: 0.52,0.36,0.48,0.5,0.41,0.28,0.38
s: 3
t: 1.036
c: 6

i: 0.59,0.56,0.48,0.5,0.55,0.8,0.82
s: 5
t: 0.874
c: 7

i: 0.49,0.42,0.48,0.5,0.53,0.79,0.81
s: 3
t: 1.041
c: 7

i: 0.33,0.47,0.48,0.5,0.53,0.18,0.29
s: 2
t: 1.091
c: 6

i: 0.2,0.44,0.48,0.5,0.46,0.51,0.57
s: 3
t: 0.837
c: 6

i: 0.64,0.78,0.48,0.5,0.5,0.36,0.38
s: 4
t: 0.655
c: 6

i: 0.0,0.51,0.48,0.5,0.35,0.67,0.44
s: 3
t: 1.281
c: 7

i: 0.51,0.46,0.48,0.5,0.58,0.31,0.41
s: 3
t: 1.068
c: 6

i: 0.25,0.51,0.48,0.5,0.37,0.42,0.5
s: 3
t: 0.985
c: 6

i: 0.33,0.45,0.48,0.5,0.52,0.32,0.41
s: 3
t: 0.993
c: 6

i: 0.71,0.4,0.48,0.5,0.71,0.7,0.74
s: 5
t: 0.786
c: 6

i: 0.7,0.64,0.48,0.5,0.47,0.51,0.47
s: 4
t: 0.492
c: 6

i: 0.4,0.45,0.48,0.5,0.38,0.22,0.0
s: 2
t: 1.003
c: 6

i: 0.58,0.34,0.48,0.5,0.56,0.87,0.81
s: 5
t: 0.858
c: 7

i: 0.72,0.46,0.48,0.5,0.51,0.66,0.7
s: 4
t: 0.905
c: 6

i: 0.53,0.42,0.48,0.5,0.16,0.29,0.39
s: 3
t: 1.258
c: 6

i: 0.6,0.76,1.0,0.5,0.77,0.59,0.52
s: 5
t: 0.453
c: 7

i: 0.69,0.8,0.48,0.5,0.46,0.57,0.26
s: 4
t: 0.693
c: 6

i: 0.79,0.41,0.48,0.5,0.66,0.81,0.83
s: 3
t: 0.779
c: 6

i: 0.74,0.49,0.48,0.5,0.42,0.54,0.36
s: 4
t: 0.751
c: 6

i: 0.67,0.81,0.48,0.5,0.25,0.42,0.25
s: 4
t: 0.536
c: 6

i: 0.73,0.78,0.48,0.5,0.58,0.51,0.31
s: 4
t: 0.373
c: 6

i: 0.56,0.4,0.48,0.5,0.49,0.37,0.46
s: 4
t: 1.126
c: 6

i: 0.7,0.4,0.48,0.5,0.56,0.86,0.83
s: 4
t: 0.831
c: 6

i: 0.61,0.75,0.48,0.5,0.51,0.33,0.33
s: 5
t: 0.415
c: 6

i: 0.66,0.48,0.48,0.5,0.54,0.7,0.74
s: 4
t: 0.638
c: 6

i: 0.51,0.5,0.48,0.5,0.46,0.32,0.35
s: 3
t: 1.303
c: 7

i: 0.17,0.39,0.48,0.5,0.53,0.3,0.39
s: 3
t: 1.086
c: 6

i: 0.23,0.34,0.48,0.5,0.43,0.26,0.37
s: 2
t: 0.974
c: 6

i: 0.57,0.38,0.48,0.5,0.06,0.49,0.33
s: 4
t: 0.680
c: 6

i: 0.74,0.82,0.48,0.5,0.49,0.49,0.41
s: 4
t: 0.740
c: 6

i: 0.33,0.37,0.48,0.5,0.46,0.65,0.69
s: 3
t: 1.069
c: 7

i: 0.33,0.56,0.48,0.5,0.33,0.78,0.8
s: 2
t: 1.134
c: 7

i: 0.88,0.42,0.48,0.5,0.52,0.73,0.75
s: 4
t: 0.620
c: 6

i: 0.24,0.57,0.48,0.5,0.63,0.34,0.43
s: 3
t: 1.067
c: 6

i: 0.77,0.55,0.48,0.5,0.51,0.78,0.74
s: 4
t: 0.760
c: 6

i: 0.75,0.76,0.48,0.5,0.83,0.57,0.3
s: 4
t: 0.550
c: 6

i: 0.43,0.59,0.48,0.5,0.52,0.49,0.56
s: 4
t: 0.869
c: 6

i: 0.29,0.37,0.48,0.5,0.48,0.44,0.52
s: 4
t: 0.812
c: 6

i: 0.64,0.66,0.48,0.5,0.41,0.39,0.2
s: 4
t: 0.549
c: 6

i: 0.37,0.5,0.48,0.5,0.42,0.36,0.45
s: 3
t: 1.153
c: 6

i: 0.46,0.59,0.48,0.5,0.36,0.76,0.23
s: 2
t: 1.292
c: 7

i: 0.25,0.37,0.48,0.5,0.43,0.26,0.36
s: 2
t: 0.980
c: 6

i: 0.74,0.56,0.48,0.5,0.47,0.68,0.3
s: 4
t: 0.712
c: 6

i: 0.76,0.73,0.48,0.5,0.44,0.39,0.39
s: 4
t: 0.522
c: 6

i: 0.87,0.49,0.48,0.5,0.61,0.76,0.79
s: 4
t: 0.717
c: 6

i: 0.62,0.42,0.48,0.5,0.58,0.79,0.81
s: 4
t: 0.589
c: 6

i: 0.4,0.46,0.48,0.5,0.42,0.35,0.44
s: 3
t: 1.051
c: 6

i: 0.5,0.49,0.48,0.5,0.49,0.46,0.53
s: 4
t: 0.781
c: 6

i: 0.38,0.46,0.48,0.5,0.48,0.22,0.29
s: 2
t: 1.029
c: 6

i: 0.28,0.33,0.48,0.5,0.45,0.22,0.33
s: 2
t: 0.975
c: 6

i: 0.59,0.29,0.48,0.5,0.64,0.75,0.77
s: 4
t: 0.730
c: 6

i: 0.44,0.35,0.48,0.5,0.44,0.52,0.59
s: 3
t: 0.876
c: 6

i: 0.63,0.83,0.48,0.5,0.4,0.39,0.19
s: 4
t: 0.546
c: 6

i: 0.3,0.16,0.48,0.5,0.56,0.11,0.23
s: 2
t: 1.029
c: 6

i: 0.69,0.67,0.48,0.5,0.3,0.39,0.24
s: 4
t: 0.533
c: 6

i: 0.2,0.46,0.48,0.5,0.57,0.78,0.81
s: 2
t: 1.113
c: 7

i: 0.4,0.5,0.48,0.5,0.45,0.39,0.47
s: 4
t: 0.843
c: 6

i: 0.84,0.49,0.48,0.5,0.55,0.78,0.74
s: 4
t: 0.755
c: 6

i: 0.47,0.46,0.48,0.5,0.62,0.74,0.77
s: 5
t: 0.621
c: 6

i: 0.52,0.57,0.48,0.5,0.42,0.47,0.54
s: 4
t: 0.769
c: 6

i: 0.86,0.55,0.48,0.5,0.63,0.81,0.83
s: 4
t: 0.740
c: 6

i: 0.54,0.57,0.48,0.5,0.56,0.81,0.83
s: 3
t: 1.045
c: 7

i: 0.69,0.39,0.48,0.5,0.57,0.76,0.79
s: 4
t: 0.782
c: 6

i: 0.67,0.39,0.48,0.5,0.36,0.38,0.46
s: 4
t: 1.168
c: 6

i: 0.35,0.37,0.48,0.5,0.3,0.34,0.43
s: 3
t: 1.056
c: 6

i: 0.21,0.51,0.48,0.5,0.5,0.32,0.41
s: 3
t: 0.954
c: 6

i: 0.36,0.56,0.48,0.5,0.43,0.45,0.53
s: 4
t: 0.690
c: 6

i: 0.67,0.81,0.48,0.5,0.54,0.49,0.23
s: 4
t: 0.522
c: 6

i: 0.68,0.78,0.48,0.5,0.43,0.44,0.42
s: 4
t: 0.537
c: 6

i: 0.36,0.39,0.48,0.5,0.48,0.22,0.23
s: 3
t: 1.105
c: 6

i: 0.73,0.36,0.48,0.5,0.53,0.91,0.92
s: 4
t: 0.839
c: 6

i: 0.63,0.51,0.48,0.5,0.64,0.72,0.76
s: 5
t: 0.578
c: 6

i: 0.62,0.78,0.48,0.5,0.47,0.49,0.54
s: 4
t: 0.641
c: 6

i: 0.63,0.75,0.48,0.5,0.64,0.73,0.66
s: 4
t: 0.869
c: 6

i: 0.63,1.0,0.48,0.5,0.35,0.51,0.49
s: 4
t: 0.672
c: 6

i: 0.24,0.43,0.48,0.5,0.54,0.52,0.59
s: 3
t: 0.842
c: 6

i: 0.54,0.49,0.48,0.5,0.4,0.87,0.88
s: 3
t: 1.011
c: 7

i: 0.72,0.86,0.48,0.5,0.17,0.55,0.21
s: 4
t: 0.783
c: 6

i: 0.7,0.71,0.48,0.5,0.42,0.84,0.85
s: 4
t: 0.898
c: 6

max time: 1.30
min time: 0.33
avg time: 0.84

avg calls: 6.21
