i: 44.0,1.0,85.0,0.0,44.0,14.0,41.0,41.0,0.0
s: 3
t: 0.309
c: 5

i: 55.0,0.0,95.0,0.0,44.0,-17.0,40.0,51.0,12.0
s: 6
t: 0.335
c: 9

i: 55.0,0.0,77.0,0.0,-18.0,-16.0,21.0,95.0,74.0
s: 4
t: 0.362
c: 9

i: 43.0,0.0,84.0,-1.0,42.0,-4.0,41.0,43.0,2.0
s: 3
t: 0.253
c: 5

i: 47.0,-1.0,88.0,-2.0,46.0,0.0,40.0,41.0,0.0
s: 3
t: 0.309
c: 5

i: 55.0,0.0,99.0,0.0,46.0,0.0,43.0,52.0,8.0
s: 6
t: 0.338
c: 9

i: 37.0,0.0,77.0,-3.0,36.0,-5.0,40.0,41.0,0.0
s: 3
t: 0.367
c: 6

i: 56.0,0.0,96.0,0.0,42.0,12.0,40.0,55.0,14.0
s: 6
t: 0.344
c: 9

i: 81.0,-5.0,86.0,0.0,-40.0,0.0,5.0,127.0,122.0
s: 4
t: 0.185
c: 8

i: 45.0,-3.0,85.0,1.0,44.0,0.0,40.0,41.0,2.0
s: 3
t: 0.254
c: 5

i: 48.0,0.0,81.0,3.0,46.0,0.0,33.0,34.0,2.0
s: 3
t: 0.328
c: 6

i: 56.0,5.0,95.0,0.0,52.0,0.0,40.0,44.0,4.0
s: 4
t: 0.276
c: 8

i: 37.0,-1.0,96.0,-6.0,20.0,2.0,59.0,75.0,16.0
s: 3
t: 0.321
c: 5

i: 44.0,0.0,86.0,0.0,44.0,15.0,43.0,42.0,0.0
s: 3
t: 0.314
c: 5

i: 37.0,0.0,80.0,0.0,20.0,-15.0,43.0,59.0,16.0
s: 3
t: 0.198
c: 5

i: 53.0,0.0,77.0,-2.0,54.0,3.0,25.0,23.0,0.0
s: 3
t: 0.433
c: 8

i: 60.0,0.0,109.0,3.0,60.0,0.0,49.0,49.0,0.0
s: 3
t: 0.414
c: 7

i: 42.0,0.0,77.0,-2.0,42.0,0.0,34.0,35.0,2.0
s: 3
t: 0.335
c: 6

i: 45.0,0.0,90.0,0.0,44.0,-5.0,45.0,46.0,2.0
s: 3
t: 0.260
c: 5

i: 37.0,0.0,79.0,0.0,28.0,5.0,43.0,51.0,8.0
s: 3
t: 0.199
c: 5

i: 49.0,0.0,83.0,0.0,46.0,-16.0,34.0,36.0,2.0
s: 3
t: 0.278
c: 5

i: 37.0,-1.0,106.0,-4.0,36.0,-6.0,69.0,69.0,0.0
s: 3
t: 0.311
c: 5

i: 55.0,5.0,86.0,0.0,54.0,0.0,30.0,32.0,2.0
s: 3
t: 0.353
c: 7

i: 37.0,0.0,76.0,-1.0,24.0,-2.0,39.0,52.0,14.0
s: 3
t: 0.197
c: 5

i: 56.0,0.0,98.0,2.0,52.0,0.0,42.0,46.0,4.0
s: 4
t: 0.274
c: 8

i: 55.0,-2.0,77.0,0.0,26.0,0.0,22.0,52.0,30.0
s: 4
t: 0.356
c: 9

i: 58.0,4.0,91.0,3.0,56.0,0.0,33.0,34.0,2.0
s: 3
t: 0.351
c: 7

i: 53.0,4.0,79.0,0.0,52.0,-6.0,26.0,27.0,2.0
s: 3
t: 0.312
c: 6

i: 37.0,-4.0,106.0,0.0,36.0,31.0,68.0,69.0,2.0
s: 3
t: 0.260
c: 5

i: 37.0,0.0,79.0,0.0,34.0,-20.0,43.0,46.0,2.0
s: 3
t: 0.320
c: 6

i: 37.0,1.0,74.0,-1.0,34.0,0.0,37.0,41.0,4.0
s: 3
t: 0.199
c: 5

i: 37.0,0.0,79.0,0.0,34.0,4.0,43.0,46.0,2.0
s: 3
t: 0.320
c: 6

i: 37.0,0.0,93.0,0.0,12.0,7.0,55.0,80.0,24.0
s: 3
t: 0.197
c: 5

i: 47.0,3.0,88.0,1.0,46.0,0.0,42.0,42.0,0.0
s: 3
t: 0.321
c: 5

i: 39.0,0.0,81.0,-7.0,38.0,0.0,42.0,42.0,0.0
s: 3
t: 0.375
c: 6

i: 37.0,-4.0,108.0,-7.0,26.0,0.0,71.0,82.0,12.0
s: 3
t: 0.195
c: 5

i: 43.0,0.0,83.0,1.0,42.0,-12.0,40.0,42.0,2.0
s: 3
t: 0.261
c: 5

i: 37.0,-1.0,80.0,-1.0,34.0,297.0,43.0,46.0,2.0
s: 3
t: 0.320
c: 6

i: 82.0,0.0,86.0,-1.0,-12.0,-19.0,3.0,99.0,96.0
s: 4
t: 0.169
c: 8

i: 51.0,0.0,84.0,0.0,52.0,14.0,33.0,32.0,0.0
s: 3
t: 0.328
c: 5

i: 43.0,0.0,108.0,-7.0,42.0,0.0,65.0,67.0,2.0
s: 3
t: 0.261
c: 5

i: 85.0,0.0,89.0,0.0,6.0,26.0,4.0,84.0,80.0
s: 4
t: 0.171
c: 8

i: 37.0,0.0,80.0,0.0,-2.0,-3.0,43.0,83.0,40.0
s: 3
t: 0.197
c: 5

i: 37.0,0.0,76.0,0.0,34.0,-10.0,39.0,43.0,4.0
s: 3
t: 0.197
c: 5

i: 37.0,0.0,76.0,-1.0,36.0,21.0,38.0,39.0,2.0
s: 3
t: 0.323
c: 6

i: 56.0,3.0,98.0,0.0,44.0,-9.0,42.0,54.0,12.0
s: 6
t: 0.343
c: 9

i: 37.0,-1.0,106.0,-3.0,28.0,-6.0,69.0,78.0,8.0
s: 3
t: 0.197
c: 5

i: 37.0,0.0,92.0,-1.0,26.0,13.0,55.0,66.0,12.0
s: 3
t: 0.207
c: 5

i: 51.0,0.0,87.0,0.0,52.0,0.0,36.0,35.0,0.0
s: 3
t: 0.331
c: 5

i: 55.0,0.0,83.0,0.0,-30.0,-12.0,27.0,114.0,86.0
s: 5
t: 0.312
c: 8

i: 37.0,0.0,108.0,19.0,26.0,-1.0,71.0,82.0,12.0
s: 3
t: 0.198
c: 5

i: 55.0,0.0,78.0,-2.0,6.0,-6.0,23.0,73.0,50.0
s: 5
t: 0.385
c: 9

i: 37.0,0.0,97.0,6.0,34.0,0.0,60.0,64.0,4.0
s: 3
t: 0.196
c: 5

i: 49.0,0.0,88.0,8.0,50.0,0.0,39.0,39.0,0.0
s: 3
t: 0.321
c: 5

i: 37.0,0.0,79.0,-4.0,24.0,0.0,42.0,55.0,14.0
s: 3
t: 0.200
c: 5

i: 44.0,1.0,90.0,-7.0,44.0,11.0,46.0,46.0,0.0
s: 3
t: 0.318
c: 5

i: 52.0,0.0,88.0,0.0,52.0,0.0,35.0,36.0,0.0
s: 3
t: 0.317
c: 5

i: 56.0,0.0,95.0,-5.0,38.0,-26.0,40.0,57.0,18.0
s: 6
t: 0.344
c: 9

i: 41.0,0.0,79.0,2.0,38.0,-1.0,39.0,41.0,2.0
s: 3
t: 0.322
c: 6

i: 41.0,0.0,85.0,0.0,38.0,-9.0,44.0,46.0,2.0
s: 3
t: 0.262
c: 5

i: 56.0,3.0,76.0,0.0,-18.0,-6.0,20.0,94.0,74.0
s: 4
t: 0.362
c: 9

i: 40.0,-1.0,75.0,0.0,38.0,0.0,35.0,36.0,2.0
s: 3
t: 0.339
c: 6

i: 55.0,0.0,83.0,0.0,56.0,29.0,28.0,26.0,0.0
s: 3
t: 0.471
c: 8

i: 46.0,0.0,90.0,0.0,46.0,2.0,44.0,43.0,0.0
s: 3
t: 0.320
c: 5

i: 56.0,5.0,97.0,0.0,54.0,0.0,40.0,42.0,2.0
s: 3
t: 0.350
c: 7

i: 104.0,0.0,106.0,1.0,70.0,0.0,1.0,36.0,34.0
s: 4
t: 0.175
c: 8

i: 37.0,0.0,77.0,0.0,12.0,17.0,40.0,64.0,24.0
s: 3
t: 0.198
c: 5

i: 37.0,0.0,103.0,-1.0,24.0,0.0,66.0,80.0,14.0
s: 3
t: 0.198
c: 5

i: 55.0,0.0,95.0,0.0,44.0,14.0,40.0,51.0,12.0
s: 6
t: 0.350
c: 9

i: 56.0,0.0,78.0,0.0,8.0,0.0,22.0,70.0,48.0
s: 5
t: 0.391
c: 9

i: 37.0,0.0,78.0,0.0,8.0,-3.0,42.0,70.0,28.0
s: 3
t: 0.198
c: 5

i: 44.0,0.0,81.0,-3.0,44.0,0.0,37.0,37.0,0.0
s: 3
t: 0.380
c: 6

i: 85.0,-3.0,89.0,0.0,8.0,0.0,4.0,81.0,78.0
s: 4
t: 0.179
c: 8

i: 37.0,0.0,75.0,0.0,36.0,-11.0,37.0,39.0,2.0
s: 3
t: 0.323
c: 6

i: 49.0,5.0,78.0,0.0,46.0,0.0,29.0,32.0,2.0
s: 3
t: 0.340
c: 6

i: 45.0,0.0,79.0,0.0,46.0,25.0,34.0,33.0,0.0
s: 3
t: 0.388
c: 6

i: 37.0,0.0,84.0,0.0,24.0,-5.0,47.0,61.0,14.0
s: 3
t: 0.202
c: 5

i: 51.0,0.0,83.0,1.0,52.0,5.0,31.0,31.0,0.0
s: 3
t: 0.331
c: 5

i: 45.0,0.0,80.0,0.0,44.0,-1.0,35.0,36.0,0.0
s: 3
t: 0.389
c: 6

i: 44.0,0.0,81.0,0.0,42.0,-7.0,38.0,40.0,2.0
s: 3
t: 0.321
c: 6

i: 56.0,0.0,95.0,0.0,50.0,12.0,40.0,46.0,6.0
s: 4
t: 0.277
c: 8

i: 49.0,0.0,78.0,0.0,50.0,23.0,29.0,29.0,0.0
s: 3
t: 0.389
c: 6

i: 45.0,-1.0,81.0,-3.0,46.0,17.0,36.0,35.0,0.0
s: 3
t: 0.383
c: 6

i: 37.0,0.0,104.0,0.0,20.0,22.0,67.0,84.0,16.0
s: 3
t: 0.197
c: 5

i: 37.0,0.0,95.0,3.0,10.0,0.0,58.0,84.0,26.0
s: 3
t: 0.197
c: 5

i: 51.0,1.0,87.0,0.0,52.0,8.0,36.0,35.0,0.0
s: 3
t: 0.330
c: 5

i: 55.0,0.0,84.0,0.0,56.0,25.0,29.0,28.0,0.0
s: 3
t: 0.422
c: 7

i: 48.0,5.0,95.0,0.0,46.0,0.0,47.0,49.0,2.0
s: 3
t: 0.268
c: 5

i: 108.0,0.0,109.0,0.0,72.0,8.0,1.0,36.0,36.0
s: 4
t: 0.163
c: 8

i: 55.0,0.0,83.0,-2.0,54.0,0.0,28.0,29.0,0.0
s: 3
t: 0.429
c: 7

i: 50.0,2.0,84.0,0.0,50.0,0.0,34.0,35.0,2.0
s: 3
t: 0.281
c: 5

i: 40.0,0.0,87.0,-1.0,38.0,-1.0,47.0,48.0,2.0
s: 3
t: 0.262
c: 5

i: 37.0,0.0,90.0,130.0,6.0,0.0,53.0,85.0,32.0
s: 3
t: 0.198
c: 5

i: 102.0,0.0,103.0,2.0,70.0,-6.0,1.0,33.0,32.0
s: 4
t: 0.177
c: 8

i: 56.0,0.0,79.0,0.0,54.0,-14.0,23.0,24.0,2.0
s: 4
t: 0.368
c: 8

i: 105.0,0.0,106.0,-5.0,70.0,0.0,1.0,36.0,36.0
s: 4
t: 0.163
c: 8

i: 37.0,-4.0,79.0,0.0,20.0,0.0,42.0,58.0,16.0
s: 3
t: 0.197
c: 5

i: 37.0,-1.0,76.0,-2.0,28.0,-6.0,39.0,47.0,8.0
s: 3
t: 0.198
c: 5

i: 37.0,-1.0,79.0,-3.0,20.0,-7.0,43.0,59.0,16.0
s: 3
t: 0.197
c: 5

i: 55.0,0.0,82.0,0.0,-18.0,23.0,26.0,100.0,74.0
s: 5
t: 0.373
c: 9

i: 39.0,0.0,80.0,1.0,38.0,0.0,41.0,41.0,0.0
s: 3
t: 0.385
c: 6

i: 55.0,0.0,96.0,0.0,44.0,24.0,41.0,52.0,12.0
s: 6
t: 0.342
c: 9

i: 47.0,0.0,86.0,3.0,46.0,0.0,39.0,39.0,0.0
s: 3
t: 0.328
c: 5

i: 45.0,-49.0,77.0,0.0,-2.0,0.0,32.0,79.0,48.0
s: 3
t: 0.104
c: 5

i: 37.0,0.0,97.0,0.0,26.0,-30.0,60.0,71.0,12.0
s: 3
t: 0.198
c: 5

i: 55.0,-2.0,97.0,0.0,42.0,0.0,42.0,56.0,14.0
s: 6
t: 0.344
c: 9

i: 45.0,-1.0,83.0,0.0,44.0,-17.0,38.0,39.0,2.0
s: 3
t: 0.267
c: 5

i: 48.0,-1.0,82.0,0.0,46.0,-9.0,34.0,35.0,2.0
s: 3
t: 0.340
c: 6

i: 45.0,0.0,74.0,-7.0,44.0,0.0,29.0,30.0,2.0
s: 3
t: 0.342
c: 6

i: 53.0,-1.0,77.0,5.0,52.0,-16.0,25.0,26.0,2.0
s: 3
t: 0.384
c: 7

i: 45.0,0.0,85.0,0.0,44.0,-5.0,40.0,41.0,2.0
s: 3
t: 0.271
c: 5

i: 37.0,0.0,76.0,0.0,34.0,24.0,40.0,43.0,2.0
s: 3
t: 0.325
c: 6

i: 55.0,0.0,83.0,2.0,54.0,0.0,28.0,29.0,0.0
s: 3
t: 0.426
c: 7

i: 66.0,-2.0,109.0,0.0,64.0,0.0,44.0,45.0,0.0
s: 3
t: 0.417
c: 7

i: 55.0,0.0,77.0,3.0,-24.0,0.0,22.0,103.0,82.0
s: 5
t: 0.402
c: 9

i: 50.0,0.0,77.0,0.0,50.0,0.0,26.0,28.0,2.0
s: 3
t: 0.317
c: 6

i: 47.0,-3.0,79.0,3.0,46.0,0.0,32.0,32.0,0.0
s: 3
t: 0.393
c: 6

i: 104.0,-3.0,105.0,0.0,72.0,8.0,1.0,33.0,32.0
s: 3
t: 0.194
c: 8

i: 43.0,0.0,81.0,6.0,42.0,-1.0,37.0,39.0,2.0
s: 3
t: 0.324
c: 6

i: 45.0,0.0,81.0,-1.0,44.0,-2.0,37.0,37.0,0.0
s: 3
t: 0.389
c: 6

i: 56.0,0.0,81.0,0.0,0.0,6.0,25.0,81.0,56.0
s: 5
t: 0.379
c: 9

i: 36.0,-3.0,83.0,0.0,36.0,0.0,47.0,47.0,0.0
s: 3
t: 0.322
c: 5

i: 78.0,-3.0,83.0,0.0,-46.0,0.0,4.0,129.0,124.0
s: 4
t: 0.180
c: 8

i: 49.0,1.0,79.0,1.0,50.0,23.0,30.0,30.0,0.0
s: 3
t: 0.401
c: 6

i: 45.0,-5.0,76.0,0.0,44.0,0.0,32.0,32.0,0.0
s: 3
t: 0.392
c: 6

i: 51.0,2.0,77.0,0.0,50.0,0.0,26.0,28.0,2.0
s: 3
t: 0.311
c: 6

i: 45.0,-1.0,78.0,0.0,44.0,0.0,34.0,34.0,0.0
s: 3
t: 0.393
c: 6

i: 38.0,5.0,81.0,0.0,38.0,9.0,43.0,42.0,0.0
s: 3
t: 0.390
c: 6

i: 56.0,0.0,98.0,0.0,44.0,6.0,42.0,54.0,12.0
s: 6
t: 0.343
c: 9

i: 54.0,-5.0,83.0,0.0,54.0,0.0,28.0,28.0,0.0
s: 3
t: 0.378
c: 6

i: 37.0,0.0,95.0,0.0,16.0,1.0,58.0,80.0,22.0
s: 3
t: 0.199
c: 5

i: 38.0,1.0,96.0,0.0,38.0,10.0,58.0,57.0,0.0
s: 3
t: 0.328
c: 5

i: 56.0,0.0,96.0,-1.0,54.0,0.0,40.0,42.0,2.0
s: 3
t: 0.349
c: 7

i: 44.0,0.0,88.0,6.0,42.0,-25.0,44.0,46.0,2.0
s: 3
t: 0.265
c: 5

i: 49.0,1.0,77.0,0.0,50.0,3.0,28.0,28.0,0.0
s: 3
t: 0.401
c: 6

i: 53.0,4.0,87.0,0.0,54.0,1.0,34.0,33.0,0.0
s: 3
t: 0.378
c: 6

i: 76.0,0.0,81.0,-3.0,-42.0,-13.0,5.0,125.0,120.0
s: 4
t: 0.152
c: 7

i: 37.0,0.0,79.0,0.0,10.0,-10.0,43.0,69.0,26.0
s: 3
t: 0.197
c: 5

i: 44.0,-5.0,87.0,0.0,44.0,0.0,43.0,43.0,0.0
s: 3
t: 0.323
c: 5

i: 46.0,-1.0,90.0,-3.0,46.0,-5.0,43.0,43.0,0.0
s: 3
t: 0.325
c: 5

i: 105.0,1.0,107.0,2.0,72.0,1.0,1.0,35.0,34.0
s: 4
t: 0.157
c: 7

i: 48.0,-3.0,88.0,0.0,46.0,-4.0,39.0,41.0,2.0
s: 3
t: 0.267
c: 5

i: 37.0,5.0,77.0,-1.0,-22.0,2.0,41.0,101.0,60.0
s: 3
t: 0.206
c: 5

i: 103.0,-2.0,104.0,0.0,70.0,0.0,1.0,35.0,34.0
s: 3
t: 0.200
c: 8

i: 48.0,-1.0,85.0,0.0,46.0,-7.0,37.0,39.0,2.0
s: 3
t: 0.270
c: 5

i: 43.0,1.0,88.0,-1.0,42.0,0.0,45.0,47.0,2.0
s: 3
t: 0.266
c: 5

i: 37.0,-1.0,94.0,0.0,8.0,-9.0,57.0,86.0,30.0
s: 3
t: 0.199
c: 5

i: 41.0,0.0,83.0,-2.0,42.0,27.0,41.0,41.0,0.0
s: 3
t: 0.331
c: 5

i: 55.0,-1.0,93.0,0.0,54.0,0.0,38.0,39.0,0.0
s: 3
t: 0.425
c: 7

i: 37.0,0.0,79.0,0.0,8.0,3.0,42.0,71.0,28.0
s: 3
t: 0.204
c: 5

i: 37.0,0.0,106.0,-7.0,28.0,0.0,69.0,78.0,8.0
s: 3
t: 0.200
c: 5

i: 41.0,-1.0,100.0,0.0,38.0,-20.0,59.0,61.0,2.0
s: 3
t: 0.265
c: 5

i: 37.0,0.0,105.0,0.0,24.0,10.0,68.0,82.0,14.0
s: 3
t: 0.198
c: 5

i: 37.0,0.0,82.0,0.0,36.0,-12.0,45.0,46.0,2.0
s: 3
t: 0.325
c: 6

i: 37.0,0.0,76.0,0.0,24.0,-21.0,40.0,53.0,14.0
s: 3
t: 0.198
c: 5

i: 56.0,1.0,83.0,1.0,56.0,0.0,26.0,26.0,0.0
s: 3
t: 0.463
c: 8

i: 49.0,0.0,77.0,0.0,46.0,-11.0,28.0,30.0,2.0
s: 3
t: 0.345
c: 6

i: 44.0,2.0,76.0,0.0,44.0,0.0,32.0,32.0,0.0
s: 3
t: 0.398
c: 6

i: 41.0,0.0,100.0,0.0,38.0,-6.0,59.0,61.0,2.0
s: 3
t: 0.264
c: 5

i: 52.0,2.0,82.0,0.0,52.0,0.0,30.0,30.0,0.0
s: 3
t: 0.401
c: 6

i: 81.0,0.0,84.0,-3.0,-14.0,0.0,3.0,99.0,96.0
s: 4
t: 0.178
c: 8

i: 56.0,0.0,81.0,0.0,54.0,-26.0,25.0,27.0,2.0
s: 3
t: 0.345
c: 7

i: 37.0,5.0,79.0,0.0,28.0,1.0,42.0,51.0,8.0
s: 3
t: 0.204
c: 5

i: 56.0,0.0,97.0,3.0,52.0,0.0,41.0,45.0,4.0
s: 4
t: 0.277
c: 8

i: 44.0,0.0,84.0,0.0,44.0,10.0,40.0,40.0,0.0
s: 3
t: 0.324
c: 5

i: 37.0,0.0,76.0,0.0,24.0,-10.0,40.0,53.0,14.0
s: 3
t: 0.202
c: 5

i: 41.0,4.0,77.0,0.0,38.0,-17.0,36.0,38.0,2.0
s: 3
t: 0.344
c: 6

i: 44.0,0.0,86.0,0.0,42.0,-9.0,43.0,45.0,2.0
s: 3
t: 0.254
c: 5

i: 56.0,1.0,96.0,2.0,46.0,0.0,40.0,50.0,10.0
s: 6
t: 0.344
c: 9

i: 37.0,0.0,76.0,0.0,30.0,-5.0,40.0,45.0,6.0
s: 3
t: 0.198
c: 5

i: 45.0,4.0,88.0,0.0,44.0,0.0,42.0,44.0,2.0
s: 3
t: 0.268
c: 5

i: 41.0,0.0,81.0,1.0,38.0,-7.0,40.0,42.0,2.0
s: 3
t: 0.326
c: 6

i: 42.0,0.0,82.0,0.0,42.0,0.0,40.0,41.0,0.0
s: 3
t: 0.389
c: 6

i: 37.0,0.0,104.0,0.0,18.0,16.0,66.0,86.0,20.0
s: 3
t: 0.199
c: 5

i: 46.0,0.0,79.0,0.0,46.0,16.0,33.0,32.0,0.0
s: 3
t: 0.401
c: 6

i: 42.0,-1.0,87.0,-3.0,42.0,-5.0,45.0,46.0,0.0
s: 3
t: 0.320
c: 5

i: 55.0,0.0,95.0,0.0,36.0,6.0,40.0,59.0,20.0
s: 6
t: 0.347
c: 9

i: 55.0,0.0,82.0,0.0,54.0,0.0,26.0,28.0,2.0
s: 3
t: 0.335
c: 7

i: 46.0,0.0,76.0,0.0,46.0,14.0,30.0,30.0,0.0
s: 3
t: 0.400
c: 6

i: 55.0,0.0,79.0,2.0,12.0,0.0,23.0,66.0,42.0
s: 5
t: 0.396
c: 9

i: 46.0,1.0,83.0,0.0,44.0,-12.0,37.0,39.0,2.0
s: 3
t: 0.267
c: 5

i: 41.0,0.0,83.0,0.0,42.0,29.0,42.0,41.0,0.0
s: 3
t: 0.331
c: 5

i: 106.0,0.0,108.0,1.0,70.0,0.0,2.0,38.0,36.0
s: 4
t: 0.174
c: 8

i: 53.0,4.0,80.0,0.0,52.0,0.0,27.0,28.0,2.0
s: 3
t: 0.344
c: 6

i: 49.0,0.0,95.0,-3.0,50.0,4.0,46.0,46.0,0.0
s: 3
t: 0.331
c: 5

i: 48.0,2.0,109.0,-7.0,46.0,0.0,60.0,62.0,2.0
s: 3
t: 0.266
c: 5

i: 47.0,0.0,86.0,-6.0,46.0,0.0,39.0,40.0,0.0
s: 3
t: 0.332
c: 5

i: 44.0,-1.0,88.0,0.0,42.0,-28.0,44.0,46.0,2.0
s: 3
t: 0.266
c: 5

i: 37.0,-107.0,77.0,0.0,20.0,0.0,40.0,56.0,16.0
s: 4
t: 0.165
c: 7

i: 37.0,0.0,106.0,0.0,24.0,0.0,69.0,82.0,14.0
s: 3
t: 0.201
c: 5

i: 51.0,-5.0,81.0,0.0,50.0,-12.0,30.0,32.0,2.0
s: 3
t: 0.344
c: 6

i: 51.0,0.0,83.0,0.0,52.0,12.0,31.0,31.0,0.0
s: 3
t: 0.341
c: 5

i: 41.0,0.0,88.0,0.0,42.0,0.0,47.0,46.0,0.0
s: 3
t: 0.331
c: 5

i: 55.0,0.0,76.0,0.0,-14.0,25.0,21.0,92.0,70.0
s: 4
t: 0.371
c: 9

i: 44.0,2.0,79.0,0.0,44.0,8.0,35.0,35.0,0.0
s: 3
t: 0.401
c: 6

i: 55.0,0.0,96.0,0.0,50.0,25.0,41.0,47.0,6.0
s: 6
t: 0.350
c: 9

i: 48.0,0.0,83.0,0.0,50.0,26.0,35.0,34.0,0.0
s: 3
t: 0.340
c: 5

i: 43.0,0.0,76.0,5.0,42.0,-4.0,33.0,35.0,2.0
s: 3
t: 0.341
c: 6

i: 56.0,1.0,99.0,0.0,50.0,2.0,42.0,49.0,8.0
s: 4
t: 0.286
c: 8

i: 56.0,0.0,80.0,-3.0,6.0,7.0,24.0,75.0,50.0
s: 5
t: 0.381
c: 9

max time: 0.47
min time: 0.10
avg time: 0.30

avg calls: 6.21
