i: 0.23,0.0,0.23,0.0,0.69,0.0,0.0,0.0,0.0,0.0,0.0,1.39,0.0,0.0,0.0,0.0,0.0,0.0,0.23,0.0,0.0,0.0,0.0,0.0,0.23,0.23,0.0,0.0,0.0,0.0,0.0,0.0,0.23,0.0,0.0,0.0,0.0,0.0,0.0,0.0,0.0,0.0,0.0,0.23,0.0,0.0,0.0,0.0,0.0,0.067,0.0,0.0,0.0,0.0,1.433,9,86
s: 17
t: 3.803
c: 42

i: 0.26,0.0,0.53,0.0,0.0,0.26,0.0,0.0,0.0,0.0,0.0,1.06,0.0,0.0,0.0,0.0,0.0,0.0,0.0,0.0,0.0,0.0,0.0,0.0,0.0,0.26,0.0,0.0,0.0,0.0,0.0,0.0,1.85,0.0,0.0,0.0,0.0,0.0,0.0,0.0,0.0,0.0,0.26,0.0,0.0,0.0,0.0,0.0,0.0,0.039,0.0,0.0,0.0,0.0,2.6460000000000004,77,172
s: 27
t: 3.029
c: 43

i: 0.0,0.0,0.0,0.0,0.0,0.0,0.0,0.0,0.0,0.0,0.0,0.0,0.0,0.0,0.0,0.0,0.0,0.0,0.0,0.0,0.0,0.0,0.0,0.0,7.69,2.56,0.0,0.0,0.0,0.0,0.0,0.0,0.0,0.0,0.0,0.0,0.0,0.0,0.0,0.0,0.0,0.0,0.0,0.0,0.0,0.0,0.0,0.0,0.0,0.0,0.0,0.0,0.0,0.0,2.0,6,24
s: 15
t: 3.251
c: 38

i: 0.0,0.0,0.0,0.0,0.0,0.0,0.0,0.0,0.0,0.0,0.0,4.34,0.0,0.0,0.0,0.0,0.62,0.0,0.0,0.0,0.62,0.0,0.0,0.0,3.1,0.0,0.0,0.0,0.0,0.62,0.0,0.0,0.0,0.0,0.0,0.62,0.0,0.0,0.62,0.0,0.0,0.0,0.0,0.0,0.62,0.0,0.0,0.0,0.0,0.166,0.0,0.33299999999999996,0.0,0.0,4.255,34,200
s: 20
t: 3.623
c: 40

i: 0.0,0.0,0.0,0.0,0.0,0.0,0.0,0.0,0.0,0.0,0.0,0.0,0.0,0.0,0.0,0.0,0.0,0.0,0.0,0.0,0.0,0.0,0.0,0.0,0.0,0.0,0.0,0.0,0.0,0.0,0.0,0.0,0.0,0.0,0.0,0.0,0.0,0.0,0.0,0.0,0.0,0.0,0.0,0.0,0.0,0.46,0.0,0.0,0.0,0.20199999999999999,0.0,0.0,0.0,0.0,2.0,11,82
s: 22
t: 4.146
c: 42

i: 0.0,0.0,0.0,0.0,2.94,0.0,0.0,0.0,0.0,0.0,0.0,0.0,0.0,0.0,0.0,2.94,0.0,0.0,0.0,0.0,0.0,0.0,0.0,0.0,0.0,0.0,0.0,0.0,0.0,0.0,0.0,0.0,0.0,0.0,0.0,0.0,0.0,0.0,0.0,0.0,0.0,0.0,0.0,0.0,0.0,0.0,0.0,0.0,0.436,0.436,0.0,0.873,0.0,0.0,4.1419999999999995,12,29
s: 21
t: 3.712
c: 43

i: 0.0,0.34,0.69,0.0,0.34,0.0,0.17,0.0,0.0,0.51,0.17,0.0,0.17,0.0,0.17,0.17,0.0,0.86,0.17,0.17,0.86,0.0,0.0,0.0,0.0,0.0,0.0,0.0,0.0,0.0,0.0,0.0,0.0,0.0,0.0,0.0,0.0,0.0,0.0,0.17,0.0,0.0,0.0,0.0,0.0,0.0,0.0,0.0,0.0,0.0,0.0,0.665,0.083,0.083,6.294,132,963
s: 23
t: 3.571
c: 44

i: 0.0,0.0,0.0,0.0,0.0,0.0,0.0,0.0,0.0,0.0,0.0,0.0,0.0,0.0,0.0,0.0,0.0,0.0,3.33,0.0,0.0,0.0,0.0,0.0,0.0,0.0,0.0,0.0,0.0,0.0,0.0,0.0,0.0,0.0,0.0,0.0,0.0,0.0,0.0,0.0,0.0,0.0,0.0,0.0,0.0,0.0,0.0,0.0,0.0,0.0,0.0,0.0,0.0,0.0,1.375,4,11
s: 21
t: 4.025
c: 41

i: 0.0,0.0,0.0,0.0,0.0,0.0,0.0,0.0,0.0,0.0,0.0,0.0,0.0,0.0,0.0,0.0,0.0,0.0,4.37,0.0,0.62,0.0,0.0,0.0,0.0,0.0,0.0,0.0,0.0,0.0,0.0,0.0,0.0,0.0,0.0,0.0,0.0,0.0,0.0,0.0,0.0,0.0,0.0,0.0,0.0,0.0,0.0,0.0,0.0,0.0,0.0,0.0,0.11599999999999999,0.0,1.419,5,44
s: 23
t: 3.590
c: 42

i: 0.0,0.0,0.7,0.0,0.0,0.14,0.0,0.0,0.28,0.0,0.0,3.08,0.14,0.28,0.0,0.0,0.14,0.0,0.0,0.0,0.0,0.0,0.0,0.0,0.98,0.0,0.0,0.0,0.14,0.14,0.0,0.0,0.0,0.0,0.0,0.7,0.28,0.0,0.0,0.0,0.0,0.0,0.0,0.0,0.0,0.0,0.0,0.0,0.054000000000000006,0.19899999999999998,0.0,0.0,0.0,0.0,1.82,18,304
s: 18
t: 3.945
c: 39

i: 0.34,0.25,0.25,0.0,0.08,0.43,0.08,0.25,0.08,1.47,0.34,0.51,0.95,0.0,0.17,0.08,0.0,0.0,3.03,0.0,0.77,0.0,0.34,0.34,0.0,0.0,0.0,0.0,0.0,0.0,0.0,0.0,0.0,0.0,0.0,0.0,0.0,0.0,0.0,0.0,0.0,0.0,0.0,0.0,0.17,0.0,0.0,0.0,0.0,0.049,0.0,0.263,0.263,0.065,3.076,62,526
s: 24
t: 3.688
c: 44

i: 0.0,0.0,0.0,0.0,0.0,0.0,0.0,0.0,0.0,0.0,0.0,0.0,0.0,0.0,0.0,0.0,0.0,0.0,9.09,0.0,0.0,0.0,0.0,0.0,0.0,0.0,9.09,0.0,0.0,0.0,0.0,0.0,0.0,0.0,0.0,0.0,0.0,0.0,0.0,0.0,0.0,0.0,0.0,0.0,9.09,0.0,0.0,0.0,0.0,0.0,0.0,0.0,0.0,0.0,1.0,1,6
s: 14
t: 4.982
c: 43

i: 0.0,0.0,0.0,0.0,0.0,0.0,0.0,0.0,0.0,0.0,0.0,0.97,0.0,0.0,0.0,0.0,0.0,0.0,1.94,0.0,0.97,0.0,0.0,0.0,0.0,0.0,0.0,0.0,0.0,0.0,0.0,0.0,0.0,0.0,0.0,0.0,0.0,0.0,0.0,0.0,0.0,0.0,0.0,0.0,0.0,0.97,0.0,0.0,0.0,0.255,0.0,0.0,0.0,0.127,2.344,11,68
s: 28
t: 3.638
c: 43

i: 0.0,0.7,1.05,0.0,0.35,0.0,0.0,0.0,0.0,0.0,0.0,0.7,0.0,0.0,0.0,0.35,0.0,1.4,2.46,0.0,1.4,0.0,0.0,0.0,0.0,0.0,0.0,0.0,0.0,0.0,0.0,0.0,0.0,0.0,0.0,0.0,0.0,0.0,0.0,0.0,0.0,0.0,0.0,0.0,0.35,0.0,0.0,0.0,0.0,0.055999999999999994,0.0,0.897,0.0,0.0,4.43,121,350
s: 22
t: 3.568
c: 44

i: 0.5,0.43,0.28,0.0,0.14,0.03,0.0,0.18,0.54,0.61,0.28,0.65,0.65,1.19,0.03,0.21,0.43,0.03,2.96,0.0,1.34,0.0,0.5,0.54,0.0,0.0,0.0,0.0,0.0,0.0,0.0,0.0,0.0,0.0,0.0,0.0,0.0,0.0,0.0,0.0,0.0,0.0,0.0,0.0,0.03,0.0,0.0,0.0,0.012,0.078,0.0,0.439,0.505,0.132,6.683,798,2426
s: 22
t: 3.450
c: 45

i: 0.0,0.0,0.39,0.0,1.17,0.0,0.0,0.0,0.0,0.78,0.0,0.39,0.0,0.0,0.0,0.39,0.78,0.0,2.73,0.0,1.17,0.0,0.39,0.0,0.0,0.0,0.0,0.0,0.0,0.0,0.0,0.0,0.0,0.0,0.0,0.0,0.0,0.0,0.0,0.0,0.0,0.0,0.0,0.0,1.17,0.0,0.0,0.0,0.0,0.062,0.0,0.8690000000000001,0.18600000000000003,0.0,4.0,78,256
s: 24
t: 3.823
c: 42

i: 0.0,0.0,0.0,0.0,0.0,0.0,0.0,0.0,0.0,0.36,0.0,0.0,0.0,0.0,0.0,0.0,0.0,0.0,2.53,0.0,0.0,0.0,0.0,0.0,0.0,0.0,0.0,0.0,0.0,0.0,0.0,0.0,0.0,0.0,0.0,0.0,0.0,0.0,0.0,0.0,0.0,0.0,0.0,0.0,0.36,0.0,0.0,0.0,0.0,0.059000000000000004,0.0,0.11800000000000001,0.0,0.0,1.307,7,68
s: 22
t: 4.456
c: 41

i: 0.0,0.0,1.16,0.0,3.48,0.0,0.0,0.58,0.58,0.0,0.0,0.58,0.0,0.0,0.0,1.74,0.0,0.0,1.16,0.0,3.48,0.0,0.0,0.58,0.0,0.0,0.0,0.0,0.0,0.0,0.0,0.0,0.0,0.0,0.0,0.0,0.0,0.0,0.0,0.0,0.0,0.0,0.0,0.0,0.0,0.0,0.0,0.0,0.0,0.085,0.0,0.171,0.085,0.0,2.17,12,102
s: 26
t: 3.566
c: 42

i: 0.0,0.0,0.0,0.0,0.0,0.0,0.0,0.0,0.0,0.88,0.0,0.0,0.0,0.0,0.0,0.0,0.0,0.0,1.76,0.0,0.0,0.0,0.0,0.0,0.0,0.0,0.0,0.0,0.0,0.0,0.0,0.0,0.0,0.0,0.0,0.0,0.88,0.0,0.88,0.0,0.0,0.0,0.0,0.0,0.0,1.76,0.0,0.0,0.0,0.157,0.0,0.157,0.0,0.0,2.0,15,84
s: 19
t: 3.976
c: 39

i: 0.21,0.28,0.5,0.0,0.14,0.28,0.21,0.07,0.0,0.94,0.21,0.79,0.65,0.21,0.14,0.14,0.07,0.28,3.47,0.0,1.59,0.0,0.43,0.43,0.0,0.0,0.0,0.0,0.0,0.0,0.0,0.0,0.0,0.0,0.0,0.0,0.07,0.0,0.0,0.0,0.0,0.0,0.0,0.0,0.0,0.0,0.0,0.0,0.0,0.132,0.0,0.37200000000000005,0.18,0.048,5.114,101,1028
s: 22
t: 4.200
c: 43

i: 0.0,0.0,0.0,0.0,0.0,0.0,0.0,0.0,0.0,0.0,0.0,0.0,0.0,0.0,0.0,0.0,0.0,0.0,2.01,0.0,0.5,0.0,0.0,0.0,4.02,2.01,1.0,0.5,0.5,0.5,0.5,0.5,0.0,0.5,0.5,0.5,0.5,0.0,0.5,0.5,0.0,0.0,0.5,0.0,0.5,0.0,0.0,0.0,0.0,0.17600000000000002,0.08800000000000001,0.0,0.0,0.0,2.319,12,109
s: 16
t: 4.721
c: 40

i: 0.0,0.0,1.63,0.0,0.0,0.0,0.0,0.0,0.0,0.0,0.0,0.0,0.0,0.0,0.0,4.91,0.0,0.0,3.27,0.0,1.63,0.0,0.0,0.0,0.0,0.0,0.0,0.0,0.0,0.0,0.0,0.0,0.0,0.0,0.0,0.0,0.0,0.0,0.0,0.0,0.0,0.0,0.0,0.0,0.0,0.0,0.0,0.0,0.0,0.0,0.0,2.695,0.0,0.0,2.315,12,44
s: 20
t: 3.715
c: 44

i: 0.0,0.0,0.0,0.0,0.51,0.0,0.0,0.0,0.0,0.0,0.0,3.09,0.0,1.03,0.0,0.0,0.51,0.0,0.0,0.0,0.0,0.0,0.0,0.0,1.03,0.51,0.0,0.0,0.0,0.51,0.0,0.0,2.06,0.0,0.0,0.0,0.0,0.0,0.0,0.0,0.0,0.0,0.0,2.57,0.0,0.0,0.0,0.0,0.0,0.0,0.0,0.0,0.0,0.0,1.5859999999999999,6,92
s: 20
t: 5.829
c: 42

i: 0.05,0.0,0.15,0.0,0.05,0.05,0.0,0.0,0.52,0.0,0.0,0.15,0.0,0.0,0.05,0.0,0.0,0.05,0.31,0.0,0.15,0.0,0.0,0.0,0.78,0.83,0.05,0.0,0.0,0.0,0.0,0.0,0.47,0.0,0.0,0.0,0.0,0.0,0.0,0.0,0.0,0.0,0.05,0.1,0.1,0.0,0.0,0.0,0.223,0.162,0.084,0.0,0.015,0.0,2.725,38,1150
s: 17
t: 4.435
c: 41

i: 0.0,0.0,0.0,0.0,0.0,0.0,0.0,0.0,0.0,0.0,0.0,0.0,0.0,0.0,0.0,0.0,0.0,0.0,1.29,0.0,0.64,0.0,0.0,0.0,0.0,0.0,0.0,0.0,0.0,0.0,0.0,0.0,0.0,0.0,0.0,0.0,0.0,0.0,0.0,0.0,0.0,0.0,0.0,0.0,0.0,0.0,0.0,0.0,0.0,0.0,0.0,0.0,0.0,0.0,1.103,3,32
s: 22
t: 4.048
c: 41

i: 0.0,0.0,0.0,0.0,0.0,0.0,0.0,0.0,0.0,0.0,0.0,0.0,0.0,0.0,0.0,0.8,0.0,0.0,2.41,0.0,0.8,0.0,0.0,0.0,0.0,0.0,0.8,0.0,0.0,0.0,0.0,0.0,0.0,0.0,0.0,0.0,0.0,0.0,0.0,0.0,0.0,0.8,0.0,0.0,0.8,0.0,0.0,0.0,0.0,0.45,0.0,0.0,0.0,0.0,1.2,4,30
s: 15
t: 6.501
c: 44

i: 0.56,0.0,0.56,0.0,2.25,0.0,0.0,0.0,0.0,0.56,0.0,0.0,0.0,0.0,0.0,0.56,0.56,0.0,1.69,0.0,1.69,0.0,0.56,0.0,0.0,0.0,0.0,0.0,0.0,0.0,0.0,0.0,0.0,0.0,0.0,0.0,0.0,0.0,0.0,0.0,0.0,0.0,0.0,0.0,0.0,0.0,0.0,0.0,0.0,0.0,0.0,0.91,0.273,0.0,2.283,22,121
s: 24
t: 4.038
c: 42

i: 0.0,0.0,0.0,0.0,0.0,0.0,0.0,0.0,0.0,0.0,0.0,0.0,0.0,0.0,0.0,0.0,0.0,0.0,0.0,0.0,0.0,0.0,0.0,0.0,4.34,0.0,0.0,0.0,0.0,0.0,0.0,0.0,0.0,0.0,0.0,0.0,0.0,0.0,0.0,0.0,0.0,0.0,0.0,0.0,0.0,0.0,0.0,0.0,0.0,0.7040000000000001,0.0,0.0,0.0,0.0,1.75,3,7
s: 16
t: 5.136
c: 41

i: 0.12,0.0,0.12,0.0,0.0,0.06,0.0,0.0,0.56,0.0,0.0,0.31,0.0,0.0,0.0,0.06,0.0,0.06,0.25,0.0,0.18,0.0,0.0,0.0,0.63,0.69,0.06,0.0,0.0,0.0,0.0,0.0,0.82,0.0,0.0,0.0,0.63,0.0,0.0,0.06,0.0,0.0,0.0,0.06,0.0,0.0,0.0,0.0,0.187,0.16,0.035,0.0,0.017,0.0,2.8289999999999997,47,815
s: 15
t: 4.298
c: 40

i: 0.0,0.0,0.56,0.0,0.0,0.0,0.0,0.0,0.0,1.12,0.0,0.0,0.0,0.0,0.0,0.0,0.0,0.0,1.69,0.0,0.56,2.25,0.0,0.0,0.0,0.0,0.0,0.0,0.0,0.0,0.0,0.0,0.0,0.0,0.0,0.0,0.0,0.0,0.0,0.0,0.0,0.0,0.0,0.0,0.0,0.0,0.0,0.0,0.0,0.493,0.19699999999999998,0.39399999999999996,0.0,0.39399999999999996,3.537,22,237
s: 23
t: 4.141
c: 44

i: 0.1,0.1,0.71,0.0,0.6,0.3,0.4,0.1,1.42,0.81,0.1,0.5,0.0,0.0,0.0,0.1,0.0,1.01,2.23,0.5,2.03,0.0,0.0,0.3,0.0,0.0,0.0,0.0,0.0,0.0,0.0,0.0,0.0,0.0,0.1,0.0,0.0,0.0,0.1,0.0,0.0,0.0,0.0,0.0,0.0,0.0,0.0,0.0,0.0,0.0,0.264,0.977,0.397,0.033,3.1660000000000004,56,1045
s: 22
t: 4.543
c: 44

i: 0.0,0.0,1.31,0.0,2.63,0.0,0.0,0.65,0.0,0.0,0.0,0.65,0.0,0.0,0.0,1.97,0.0,0.0,1.31,0.0,2.63,0.0,0.0,0.65,0.0,0.0,0.0,0.0,0.0,0.0,0.0,0.0,0.0,0.0,0.0,0.0,0.0,0.0,0.0,0.0,0.0,0.0,0.0,0.0,0.65,0.0,0.0,0.0,0.0,0.198,0.0,0.198,0.099,0.0,2.195,12,101
s: 23
t: 3.760
c: 41

i: 0.0,0.0,0.58,0.0,1.16,0.0,0.0,0.0,0.0,0.0,0.0,0.0,0.0,0.0,0.0,0.0,0.58,0.0,2.33,0.0,0.0,0.0,0.0,0.0,2.33,0.0,0.58,0.0,0.0,0.0,0.0,0.0,0.58,0.0,0.0,0.0,0.0,0.0,0.0,0.0,0.0,0.0,0.0,0.58,0.58,0.0,0.0,0.0,0.0,0.203,0.0,0.40700000000000003,0.40700000000000003,0.0,3.2939999999999996,17,112
s: 19
t: 5.764
c: 44

i: 0.0,0.0,0.0,0.0,0.0,0.0,0.0,0.0,0.0,0.0,0.0,0.0,0.0,0.0,0.0,2.32,0.0,0.0,2.32,0.0,0.0,0.0,0.0,0.0,0.0,0.0,0.0,0.0,0.0,0.0,0.0,0.0,0.0,0.0,0.0,0.0,0.0,0.0,0.0,0.0,0.0,2.32,0.0,0.0,0.0,0.0,0.0,0.0,0.41600000000000004,0.41600000000000004,0.0,0.0,0.0,0.0,1.0,1,9
s: 22
t: 6.166
c: 44

i: 0.0,0.0,0.0,0.0,0.73,0.0,0.0,0.0,0.0,0.0,0.0,0.36,1.1,0.0,0.0,0.36,0.0,0.0,3.69,0.0,0.73,0.0,0.0,0.36,0.0,0.0,0.0,0.0,0.0,0.0,0.0,0.0,0.0,0.0,0.0,0.0,0.0,0.0,0.0,0.0,0.0,0.0,0.0,0.0,0.0,0.0,0.0,0.0,0.0,0.11900000000000001,0.0,0.23800000000000002,0.059000000000000004,0.0,2.93,29,211
s: 22
t: 3.487
c: 42

i: 0.0,0.35,0.7,0.0,0.7,0.0,0.35,0.35,0.0,0.35,0.7,0.0,0.0,0.0,0.0,0.7,0.0,0.35,4.25,0.0,1.77,0.0,0.0,0.0,0.0,0.0,0.0,0.0,0.0,0.0,0.0,0.0,0.0,0.0,0.0,0.35,0.0,0.0,0.0,0.0,0.0,0.0,0.0,0.0,0.0,0.0,0.0,0.0,0.0,0.113,0.0,0.397,0.0,0.0,3.388,58,183
s: 24
t: 3.547
c: 43

i: 0.0,0.0,0.0,1.26,0.0,0.0,0.63,0.0,0.0,1.26,0.0,0.0,0.0,0.0,0.0,0.63,0.0,0.0,0.63,0.0,0.0,0.0,0.0,0.0,0.0,0.0,0.0,0.0,0.0,0.0,0.0,0.0,0.0,0.0,0.0,0.0,0.0,0.0,0.0,0.0,0.0,0.0,0.0,0.0,0.0,0.0,0.0,0.0,0.195,0.0,0.0,0.9790000000000001,0.0,0.293,8.476,68,356
s: 23
t: 4.399
c: 45

i: 0.44,0.0,0.0,0.0,1.33,0.0,0.0,0.0,0.0,0.0,0.0,0.0,0.0,0.0,0.0,0.0,0.0,0.0,0.0,0.0,0.44,0.0,0.0,0.0,2.22,0.0,0.0,0.0,0.0,0.44,0.0,0.0,0.0,0.0,0.44,0.0,0.0,0.0,0.0,0.0,0.0,0.0,0.0,0.0,0.0,0.0,0.0,0.0,0.0,0.265,0.0,0.0,0.0,0.0,1.48,7,74
s: 15
t: 5.972
c: 40

i: 0.0,0.0,0.0,0.0,0.0,0.0,0.0,0.0,0.0,0.0,0.0,0.0,0.0,0.0,0.0,0.0,0.0,0.0,0.0,0.0,0.0,0.0,0.0,0.0,3.96,2.97,1.98,2.97,0.99,0.99,0.99,0.99,0.0,0.99,0.99,0.99,0.0,0.0,0.0,0.99,0.0,0.0,0.99,0.0,0.99,0.99,0.0,0.0,0.0,0.479,0.0,0.239,0.0,0.0,2.688,13,121
s: 19
t: 7.633
c: 42

i: 0.13,0.27,0.83,0.0,0.13,0.13,0.0,0.83,0.41,0.13,0.0,0.55,0.27,0.13,0.41,0.13,0.13,0.27,4.31,0.13,2.08,0.0,0.13,0.27,0.0,0.0,0.0,0.0,0.0,0.0,0.0,0.0,0.0,0.0,0.0,0.0,0.0,0.0,0.0,0.0,0.0,0.0,0.0,0.0,0.41,0.0,0.0,0.0,0.0,0.025,0.0,0.379,0.05,0.0,2.329,15,219
s: 26
t: 3.910
c: 43

i: 0.0,0.0,1.77,0.0,0.0,0.0,0.0,0.0,0.0,0.0,0.0,0.59,0.0,0.0,0.0,0.0,0.0,0.59,4.14,0.0,1.18,0.0,0.0,0.0,0.0,0.0,0.0,0.0,0.0,0.0,0.0,0.0,0.59,0.0,0.0,0.0,0.0,0.0,0.0,0.0,0.0,0.0,0.0,0.0,0.0,0.0,0.0,0.0,0.0,0.165,0.0,0.165,0.08199999999999999,0.0,2.325,16,100
s: 22
t: 4.010
c: 43

i: 0.0,0.0,0.0,0.0,0.0,0.0,0.0,4.23,0.0,0.0,0.0,0.0,0.0,0.0,0.0,0.0,0.84,0.0,0.0,0.0,0.0,0.0,0.0,0.0,0.0,0.0,0.0,0.0,0.0,0.0,0.0,0.0,0.0,0.0,0.0,0.0,0.84,0.0,0.84,0.0,1.69,0.0,0.84,0.0,0.84,1.69,0.0,0.0,0.0,0.0,0.126,0.0,0.0,0.0,1.605,12,61
s: 20
t: 5.992
c: 43

i: 0.0,0.64,0.64,0.0,0.32,0.0,0.0,0.0,0.0,0.0,0.0,0.64,0.0,0.0,0.0,0.32,0.0,1.29,1.93,0.0,0.96,0.0,0.0,0.0,0.0,0.0,0.0,0.0,0.0,0.0,0.0,0.0,0.0,0.0,0.0,0.0,0.0,0.0,0.0,0.0,0.0,0.0,0.0,0.0,0.0,0.0,0.0,0.0,0.0,0.0,0.0,0.778,0.0,0.0,3.7560000000000002,61,278
s: 21
t: 4.041
c: 44

i: 0.0,0.0,0.0,0.0,0.0,0.0,0.0,0.0,0.0,0.0,0.0,0.0,0.0,2.06,0.0,0.0,0.0,0.0,0.0,0.0,0.0,0.0,0.0,0.0,0.0,0.0,0.0,0.0,0.0,0.0,0.0,0.0,0.0,0.0,0.0,1.03,0.0,0.0,0.0,0.0,0.0,0.0,0.0,0.0,1.03,0.0,0.0,0.0,0.0,0.163,0.0,0.163,0.326,0.0,3.545,21,78
s: 23
t: 4.183
c: 43

i: 0.0,0.0,0.68,0.0,0.68,0.0,0.68,0.0,0.0,0.68,0.0,0.68,0.0,0.0,0.0,0.0,0.0,4.1,4.1,0.0,0.68,0.0,1.36,0.0,0.0,0.0,0.0,0.0,0.0,0.0,0.0,0.0,0.0,0.0,0.0,0.0,0.0,0.0,0.0,1.36,0.0,0.0,0.0,0.0,0.0,0.0,0.0,0.0,0.0,0.0,0.0,1.089,0.242,0.0,3.488,60,157
s: 23
t: 3.822
c: 41

i: 0.0,0.0,0.0,0.0,0.0,0.0,0.0,0.0,0.0,0.0,0.0,0.0,0.0,0.0,0.44,0.0,0.0,0.44,0.0,0.0,0.0,0.0,0.0,0.0,0.44,0.44,0.0,0.88,0.0,0.0,0.0,0.0,0.0,0.0,0.44,0.0,0.0,0.0,0.0,0.0,0.0,0.0,0.0,0.44,0.0,0.0,0.0,0.0,0.0,0.11900000000000001,0.0,0.0,0.0,0.0,1.8419999999999999,15,105
s: 20
t: 5.740
c: 39

i: 0.0,0.0,0.0,0.0,0.0,0.0,0.0,0.0,0.0,0.0,0.0,0.0,0.0,0.0,0.0,0.0,0.0,0.0,0.0,0.0,0.0,0.0,0.0,0.0,0.0,0.0,0.0,0.0,0.0,0.0,0.0,0.0,0.0,0.0,0.0,0.0,0.0,0.0,0.0,0.0,0.0,0.0,0.0,0.0,0.0,4.0,0.0,0.0,0.0,0.684,0.0,0.0,0.0,0.0,1.125,2,9
s: 22
t: 6.871
c: 43

i: 0.0,0.0,0.0,0.0,0.0,0.0,0.0,0.0,0.0,0.0,0.0,0.0,0.0,0.0,0.0,0.0,0.0,0.0,0.0,0.0,0.0,0.0,0.0,0.0,2.4,1.2,1.2,1.2,1.2,1.2,1.2,1.2,1.2,1.2,1.2,1.2,0.0,0.0,0.0,1.2,0.0,0.0,0.0,1.2,0.0,0.0,0.0,0.0,0.0,0.446,0.0,0.0,0.0,0.0,2.166,11,39
s: 17
t: 8.427
c: 45

i: 0.0,0.2,1.83,0.0,0.81,0.2,0.61,0.4,0.0,0.0,1.22,1.01,0.2,0.0,0.0,0.2,0.4,0.2,1.83,0.0,1.22,0.0,0.0,0.0,0.0,0.0,0.0,0.0,0.0,0.0,0.0,0.0,0.0,0.0,0.0,0.2,0.0,0.0,0.0,0.0,0.0,0.0,0.0,0.0,0.0,0.0,0.0,0.0,0.0,0.0,0.0,1.232,0.0,0.0,4.159,142,287
s: 23
t: 3.836
c: 43

i: 0.0,0.0,0.0,0.0,0.0,0.0,0.0,0.0,0.0,0.0,0.0,0.0,0.0,0.0,0.0,0.0,0.0,0.0,0.0,0.0,0.0,0.0,0.0,0.0,0.0,0.0,0.0,0.0,0.0,0.0,0.0,0.0,0.0,0.0,0.0,0.0,0.0,0.0,0.0,0.0,0.0,0.0,0.0,0.0,1.17,0.0,0.0,0.0,0.0,0.40700000000000003,0.0,0.203,0.61,0.0,4.133,17,62
s: 24
t: 4.535
c: 43

i: 0.0,0.0,0.91,0.0,0.0,0.0,0.0,0.0,0.0,0.0,0.0,1.83,0.0,0.0,0.0,0.0,0.0,0.91,1.83,0.0,0.0,0.0,0.0,0.0,1.83,0.91,0.0,0.91,0.0,0.91,0.91,0.0,0.0,0.0,0.91,0.91,0.0,0.0,0.0,0.0,0.0,0.0,0.0,0.0,0.0,0.0,0.0,0.0,0.0,0.23199999999999998,0.0,0.11599999999999999,0.0,0.0,1.619,10,68
s: 22
t: 6.965
c: 41

i: 0.0,0.0,0.35,0.0,0.35,0.0,0.0,0.0,0.0,0.0,0.0,0.0,0.0,0.0,0.0,0.0,0.0,0.0,2.47,0.0,0.35,0.0,0.0,0.0,0.0,0.0,0.0,0.0,0.0,0.0,0.0,0.0,0.0,0.0,0.0,0.0,0.0,0.0,0.35,0.0,0.0,0.0,0.0,0.0,0.7,0.0,0.0,0.0,0.0,0.064,0.0,0.324,0.0,0.0,1.12,3,56
s: 23
t: 5.700
c: 44

i: 0.0,0.0,0.0,0.0,0.0,0.0,0.0,0.0,0.0,0.0,0.0,0.0,0.0,0.0,0.0,0.0,0.0,0.0,0.0,0.0,0.0,0.0,0.0,0.0,0.0,0.0,25.0,0.0,0.0,0.0,0.0,0.0,0.0,0.0,0.0,0.0,0.0,0.0,0.0,0.0,0.0,0.0,0.0,0.0,0.0,0.0,0.0,0.0,0.0,0.0,0.0,0.0,0.0,0.0,2.333,5,7
s: 20
t: 9.272
c: 43

i: 0.0,0.0,0.4,0.0,0.4,0.2,0.0,0.0,0.0,1.01,0.2,0.4,0.0,0.0,0.0,0.2,0.4,0.2,0.8,0.0,0.4,0.0,0.2,0.0,0.0,0.0,0.0,0.0,0.0,0.0,0.0,0.0,0.0,0.0,0.0,0.0,0.0,0.0,0.0,0.2,0.0,0.0,0.0,0.0,0.0,0.0,0.0,0.0,0.0,0.03,0.0,0.0,0.302,0.0,1.7269999999999999,11,190
s: 23
t: 4.370
c: 43

i: 0.0,0.0,0.0,0.0,0.0,0.0,0.0,0.0,0.0,0.0,0.0,0.0,0.0,0.0,0.0,0.0,0.0,0.0,6.66,0.0,0.0,0.0,0.0,6.66,0.0,0.0,0.0,0.0,0.0,0.0,0.0,0.0,0.0,0.0,0.0,0.0,0.0,0.0,0.0,0.0,0.0,0.0,0.0,0.0,0.0,0.0,0.0,0.0,0.0,0.0,0.0,0.537,0.0,0.0,2.7769999999999997,12,25
s: 25
t: 5.585
c: 44

i: 0.0,0.0,0.0,0.0,0.0,0.0,0.0,0.0,1.35,0.0,0.0,0.0,0.0,0.0,0.0,0.0,0.0,0.0,2.7,0.0,2.7,0.0,0.0,0.0,0.0,0.0,0.0,0.0,0.0,0.0,0.0,0.0,0.0,0.0,0.0,0.0,0.0,0.0,0.0,0.0,0.0,0.0,0.0,0.0,0.0,0.0,0.0,0.0,0.0,0.0,0.0,0.636,0.0,0.0,3.8089999999999997,28,80
s: 24
t: 4.193
c: 43

i: 1.24,0.0,0.82,0.0,0.0,0.0,0.41,0.0,0.0,0.41,0.0,0.41,0.0,0.0,0.0,1.65,0.41,0.0,2.9,0.0,0.41,0.0,0.41,0.82,0.0,0.0,0.0,0.0,0.0,0.0,0.0,0.0,0.0,0.0,0.0,0.0,0.0,0.0,0.0,0.0,0.0,0.0,0.0,0.0,0.0,0.0,0.0,0.0,0.0,0.193,0.0,0.904,5.3,0.0,7.478,92,344
s: 22
t: 4.456
c: 42

i: 0.0,0.0,0.0,0.0,0.0,0.0,0.0,0.0,0.0,0.0,0.0,0.0,0.0,0.0,0.0,0.0,0.0,0.0,0.0,0.0,2.38,0.0,0.0,0.0,2.38,0.0,0.0,4.76,0.0,0.0,0.0,0.0,2.38,0.0,2.38,0.0,0.0,0.0,0.0,0.0,0.0,0.0,0.0,0.0,0.0,0.0,0.0,0.0,0.0,0.7490000000000001,0.0,0.374,0.0,0.0,2.85,15,57
s: 22
t: 5.821
c: 41

i: 0.0,0.68,0.34,0.0,0.0,0.0,0.0,0.34,0.0,0.0,0.34,0.0,0.0,0.0,0.0,1.72,0.0,0.0,1.03,0.0,2.06,0.0,0.0,0.0,0.0,0.0,0.0,0.0,0.0,0.0,0.0,0.0,0.0,0.0,0.0,0.0,0.0,0.0,0.0,0.34,0.0,0.0,0.0,0.0,0.34,0.0,0.0,0.0,0.0,0.046,0.0,0.0,0.0,0.0,3.344,107,194
s: 24
t: 5.830
c: 41

i: 0.0,0.0,0.0,0.0,0.0,0.0,0.0,0.0,0.0,0.0,0.0,0.0,0.0,0.0,0.0,0.0,0.0,0.0,1.85,0.0,0.0,0.0,0.0,0.0,3.7,1.85,1.85,1.85,1.85,1.85,1.85,1.85,0.0,1.85,1.85,1.85,0.0,0.0,0.0,1.85,0.0,0.0,0.0,0.0,0.0,0.0,0.0,0.0,0.0,0.6,0.0,0.0,0.0,0.0,2.526,11,48
s: 20
t: 9.477
c: 44

i: 0.0,0.0,0.0,0.0,0.59,0.0,0.0,0.0,0.0,1.18,0.0,0.59,0.0,0.0,0.0,0.0,0.0,0.0,1.77,0.0,0.0,0.0,0.0,0.0,0.59,0.59,0.0,1.18,0.0,0.0,0.0,0.0,0.59,0.0,0.0,0.0,0.0,0.0,0.0,0.0,0.0,0.0,0.0,0.0,0.0,0.0,0.0,0.0,0.0,0.215,0.0,0.107,0.0,0.0,2.741,11,85
s: 23
t: 7.378
c: 44

i: 0.0,0.0,0.0,0.0,0.0,0.0,0.0,0.0,0.0,0.0,0.0,0.0,0.0,0.0,0.0,0.0,0.0,0.0,0.0,0.0,0.0,0.0,0.0,0.0,0.0,0.0,16.66,0.0,0.0,0.0,0.0,0.0,0.0,0.0,0.0,0.0,0.0,0.0,0.0,0.0,0.0,0.0,0.0,0.0,0.0,0.0,0.0,0.0,0.0,0.0,0.0,0.0,0.0,0.0,1.25,2,5
s: 18
t: 10.175
c: 42

i: 0.0,0.0,0.0,0.0,0.0,0.0,0.0,0.0,0.0,0.54,0.0,0.0,0.0,0.0,0.0,0.0,0.0,0.0,1.62,0.0,0.0,0.0,0.0,0.0,1.62,1.08,1.08,1.62,0.54,0.54,0.54,0.54,0.0,0.54,0.54,0.54,0.54,0.0,0.0,0.54,0.0,0.0,0.54,0.0,0.54,0.0,0.0,0.0,0.0,0.5589999999999999,0.0,0.0,0.0,0.0,3.0389999999999997,13,155
s: 16
t: 9.384
c: 41

i: 0.43,0.0,0.43,0.0,0.43,0.43,0.0,0.0,0.0,0.87,0.0,0.43,0.0,0.0,0.0,0.0,3.49,0.0,1.31,0.0,1.74,0.0,1.31,0.0,0.0,0.0,0.43,0.0,0.0,0.0,0.0,0.0,0.0,0.0,0.0,0.0,0.0,0.0,0.0,0.0,0.0,0.0,0.0,0.0,0.0,0.0,0.0,0.0,0.0,0.0,0.0,0.298,0.149,0.07400000000000001,2.955,47,133
s: 26
t: 4.363
c: 42

i: 0.0,0.0,0.4,0.0,0.0,0.0,0.0,0.0,0.0,0.0,0.0,0.0,0.0,0.0,0.0,0.0,0.0,0.0,0.8,0.0,0.0,0.0,0.0,0.4,0.0,0.0,0.0,0.0,0.0,0.0,0.0,0.0,0.0,0.0,0.0,0.0,0.0,0.0,0.0,0.0,0.0,0.0,0.0,0.0,0.4,0.4,0.0,0.0,0.0,0.0,0.145,0.0,0.0,0.0,1.3719999999999999,5,70
s: 23
t: 9.510
c: 43

i: 0.46,0.46,0.26,0.0,0.0,0.33,0.06,0.33,0.0,1.12,0.39,0.73,0.79,0.0,0.26,0.26,0.0,0.26,3.51,0.0,0.66,0.0,0.19,0.26,0.0,0.0,0.0,0.0,0.0,0.0,0.0,0.0,0.0,0.0,0.0,0.0,0.0,0.0,0.0,0.0,0.0,0.0,0.0,0.0,0.0,0.0,0.0,0.0,0.036000000000000004,0.084,0.0,0.278,0.23,0.084,3.887,40,898
s: 22
t: 4.179
c: 44

i: 0.27,0.27,0.55,0.0,0.27,0.27,0.0,1.39,0.27,0.83,0.27,0.55,0.0,0.0,0.0,0.0,1.39,0.55,1.67,1.95,3.07,0.0,0.0,0.0,0.0,0.0,0.0,0.0,0.0,0.0,0.0,0.0,0.0,0.0,0.0,0.0,0.0,0.0,0.0,0.27,0.0,0.0,0.0,0.0,0.0,0.0,0.0,0.0,0.0,0.27899999999999997,0.0,2.001,0.09300000000000001,0.0,3.7060000000000004,63,341
s: 19
t: 4.562
c: 42

i: 0.0,0.0,0.0,0.0,0.0,0.0,0.0,0.0,0.0,1.44,0.0,0.0,0.0,0.0,0.0,0.0,0.0,0.0,1.44,0.0,1.44,0.0,0.0,0.0,2.89,1.44,4.34,1.44,1.44,1.44,1.44,1.44,0.0,1.44,1.44,1.44,0.0,0.0,0.0,1.44,0.0,0.0,0.0,0.0,1.44,0.0,0.0,0.0,0.0,0.41700000000000004,0.0,0.0,0.0,0.0,2.166,11,39
s: 16
t: 9.854
c: 44

i: 0.0,0.0,1.28,0.0,1.28,1.28,0.0,0.0,0.0,0.0,0.0,0.0,0.0,0.0,0.0,1.28,0.0,0.0,2.56,0.0,1.28,0.0,1.28,0.0,0.0,0.0,0.0,0.0,0.0,0.0,0.0,0.0,0.0,0.0,0.0,0.0,0.0,0.0,0.0,0.0,0.0,0.0,0.0,0.0,0.0,0.0,0.0,0.0,0.0,0.18100000000000002,0.0,0.7240000000000001,0.0,0.0,3.071,9,43
s: 27
t: 3.817
c: 44

i: 0.33,0.33,0.0,0.0,0.0,0.0,0.0,0.0,0.0,0.0,0.0,0.33,0.0,0.0,0.0,0.0,0.0,0.99,0.33,0.0,0.66,0.0,0.0,0.0,4.98,0.0,0.0,0.0,0.0,0.0,0.0,0.0,0.0,0.0,0.0,0.0,0.33,0.0,0.66,0.0,0.0,0.0,0.0,0.0,0.0,0.0,0.0,0.0,0.306,0.204,0.0,0.306,0.0,0.0,5.525,100,431
s: 22
t: 5.491
c: 43

i: 0.0,0.0,0.0,0.0,0.0,1.88,0.0,0.0,0.0,0.0,0.0,0.0,0.0,0.0,0.0,0.0,0.0,0.0,3.77,0.0,1.88,0.0,0.0,0.0,0.0,0.0,0.0,0.0,0.0,0.0,0.0,0.0,0.0,0.0,0.0,0.0,0.0,0.0,0.0,0.0,0.0,0.0,0.0,0.0,0.0,0.0,0.0,0.0,0.0,0.0,0.0,0.0,0.0,0.0,2.307,16,30
s: 27
t: 5.017
c: 44

i: 0.36,0.0,0.36,0.0,0.36,0.0,0.0,0.0,0.0,0.0,0.0,0.72,0.0,0.0,0.0,0.0,0.0,0.0,1.08,0.0,0.0,0.0,0.0,0.0,0.0,0.0,0.0,0.0,0.0,0.0,0.0,0.0,0.0,0.0,0.0,0.0,0.72,0.0,0.0,0.0,0.0,0.0,0.36,0.0,1.08,0.72,0.0,0.0,0.124,0.0,0.062,0.062,0.0,0.0,1.4140000000000001,13,116
s: 21
t: 8.653
c: 43

i: 0.0,0.0,0.0,0.0,0.0,0.0,0.0,0.0,0.0,0.0,0.0,0.0,0.0,0.0,0.0,0.0,0.0,0.0,4.16,0.0,0.0,0.0,0.0,0.0,4.16,0.0,4.16,0.0,0.0,0.0,0.0,0.0,0.0,0.0,0.0,0.0,0.0,0.0,0.0,0.0,0.0,0.0,0.0,0.0,0.0,0.0,0.0,0.0,0.0,0.0,0.7509999999999999,0.0,0.0,0.0,1.4280000000000002,4,10
s: 18
t: 11.633
c: 41

i: 0.0,0.33,0.0,0.0,0.33,0.0,0.0,0.0,0.0,0.0,0.0,0.33,0.0,0.0,0.0,0.0,0.0,0.33,0.0,0.0,0.0,0.0,0.0,0.0,0.33,0.33,0.0,0.67,0.0,0.0,0.0,0.0,0.0,0.0,0.33,0.0,0.0,0.0,0.0,0.0,0.0,0.0,0.0,0.33,0.0,0.0,0.0,0.33,0.0,0.08800000000000001,0.0,0.0,0.0,0.0,1.87,15,116
s: 17
t: 7.670
c: 41

i: 0.0,0.0,0.0,0.0,0.0,0.0,2.32,0.0,0.0,0.0,0.0,0.0,0.0,0.0,0.0,0.0,0.0,0.0,4.65,0.0,4.65,0.0,0.0,0.0,0.0,0.0,0.0,0.0,0.0,0.0,0.0,0.0,0.0,0.0,0.0,0.0,0.0,0.0,0.0,0.0,0.0,0.0,0.0,0.0,0.0,0.0,0.0,0.0,0.0,0.0,0.0,0.701,0.35,0.0,1.4340000000000002,6,33
s: 26
t: 4.820
c: 42

i: 0.0,0.0,0.0,0.0,1.31,0.0,1.31,1.31,1.31,1.31,0.0,0.0,0.0,0.0,0.0,0.0,1.31,0.0,1.31,1.31,3.94,0.0,0.0,0.0,0.0,0.0,0.0,0.0,0.0,0.0,0.0,0.0,0.0,0.0,0.0,0.0,0.0,0.0,0.0,0.0,0.0,0.0,0.0,0.0,0.0,0.0,0.0,0.0,0.0,0.0,0.0,0.11699999999999999,0.11699999999999999,0.0,48.5,186,291
s: 23
t: 4.108
c: 42

i: 0.0,0.0,0.0,0.0,0.0,0.0,0.0,0.0,0.0,0.0,0.0,1.04,0.0,0.0,0.0,0.0,0.0,0.0,5.2,0.0,0.0,0.0,0.0,0.0,0.0,0.0,1.04,0.0,0.0,0.0,0.0,0.0,0.0,0.0,0.0,0.0,0.0,0.0,0.0,0.0,0.0,0.0,0.0,0.0,0.0,0.0,0.0,0.0,0.0,0.195,0.0,0.0,0.0,0.0,1.071,2,15
s: 17
t: 12.962
c: 41

i: 0.0,0.04,0.23,0.0,0.09,0.0,0.0,0.04,0.04,0.04,0.04,0.74,0.0,0.0,0.0,0.13,0.04,0.04,0.93,0.0,0.65,0.0,0.0,0.0,1.49,0.32,0.0,0.23,0.0,0.18,0.18,0.0,0.0,0.0,0.23,0.0,0.32,0.0,0.04,0.04,0.0,0.18,0.0,0.13,0.0,0.0,0.0,0.04,0.027000000000000003,0.184,0.0,0.047,0.061,0.0,1.686,20,1184
s: 24
t: 8.401
c: 42

i: 0.0,0.0,0.66,0.0,0.0,0.66,0.0,0.0,0.0,0.0,0.0,0.66,0.0,0.0,0.0,0.0,0.0,0.0,1.66,0.0,0.66,0.0,0.0,0.0,0.0,0.0,0.0,0.0,0.0,0.0,0.0,0.0,0.0,0.0,0.0,0.0,0.0,0.0,0.0,0.0,0.0,0.0,0.0,0.33,0.33,0.0,0.0,0.0,0.0,0.0,0.0,0.0,0.0,0.0,1.1420000000000001,4,56
s: 22
t: 9.298
c: 45

i: 0.0,0.0,0.0,0.0,0.0,0.68,1.37,0.68,0.0,0.0,0.0,0.68,0.0,0.0,0.0,0.0,0.0,0.34,0.34,0.0,0.0,0.0,0.0,0.0,0.0,0.0,0.0,0.0,0.0,0.0,0.0,0.0,0.0,0.0,0.0,0.34,0.0,0.0,0.0,0.0,0.0,0.34,0.0,0.0,0.0,0.0,0.0,0.0,0.0,0.10300000000000001,0.0,0.20600000000000002,0.309,0.0,4.029,69,270
s: 22
t: 3.623
c: 40

i: 0.0,0.0,0.0,0.0,0.0,0.0,0.0,0.0,0.0,0.0,0.0,0.0,0.0,0.0,0.0,0.0,0.0,0.0,0.85,0.0,0.0,0.0,0.0,0.0,4.27,3.41,2.56,0.85,0.85,0.85,0.85,0.85,0.0,0.85,0.85,0.85,0.85,0.0,0.85,0.85,0.0,0.0,0.85,0.0,0.85,0.0,0.0,0.0,0.0,0.278,0.139,0.0,0.0,0.0,2.138,12,77
s: 18
t: 14.360
c: 44

i: 0.0,0.0,0.0,0.0,0.0,0.0,0.0,0.0,0.0,0.51,0.0,0.0,0.0,0.0,0.0,0.0,0.0,0.0,0.51,0.0,0.51,0.0,0.0,0.0,3.06,2.04,0.51,2.04,0.51,1.02,0.51,0.51,0.0,0.51,1.02,0.51,0.0,0.0,0.51,0.51,0.0,1.02,0.0,0.0,0.51,0.0,0.0,0.0,0.158,0.5529999999999999,0.0,0.0,0.0,0.0,4.0,37,216
s: 20
t: 9.724
c: 39

i: 0.0,0.0,0.94,0.0,0.0,0.0,0.0,0.0,0.0,0.0,0.0,0.94,0.0,0.0,0.0,0.0,0.0,0.0,1.89,0.0,0.94,0.0,0.0,0.0,1.42,0.94,0.0,0.0,0.0,0.47,0.0,0.0,0.0,0.0,0.0,0.0,0.0,0.0,0.0,0.0,0.0,0.0,0.0,0.0,0.0,0.0,0.0,0.0,0.0,0.0,0.0,0.0,0.0,0.0,2.24,13,112
s: 19
t: 7.847
c: 39

i: 0.0,0.0,0.42,0.0,0.0,0.0,0.0,0.0,0.0,0.0,0.0,0.0,0.21,0.0,0.0,0.21,0.0,0.21,2.14,0.0,0.42,0.0,0.0,0.0,0.0,0.0,0.0,0.0,0.0,0.0,0.0,0.0,0.0,0.0,0.0,0.0,0.0,0.0,0.0,0.0,0.21,0.21,0.0,0.0,0.42,0.21,0.0,0.0,0.0,0.078,0.039,0.039,0.0,0.0,1.2919999999999998,6,106
s: 23
t: 10.291
c: 45

i: 0.0,0.0,0.0,0.0,0.0,0.0,0.0,0.0,0.0,0.0,0.0,0.88,0.0,0.0,0.0,0.0,0.0,0.22,0.0,0.0,0.0,0.0,0.0,0.0,0.22,0.22,0.0,0.44,0.0,0.0,0.0,0.0,0.0,0.0,0.22,0.0,0.0,0.0,0.0,0.0,0.0,0.0,0.0,0.22,0.0,0.0,0.0,0.22,0.0,0.172,0.0,0.0,0.0,0.0,1.729,15,128
s: 20
t: 10.156
c: 42

i: 1.36,0.0,0.68,0.0,0.0,0.0,0.68,0.0,0.0,0.0,0.0,4.1,0.68,0.0,0.0,1.36,0.0,0.0,2.73,0.0,2.05,0.0,1.36,0.0,0.0,0.0,0.0,0.0,0.0,0.0,0.0,0.0,0.0,0.0,0.0,0.0,0.0,0.0,0.0,0.0,0.0,0.0,0.0,0.0,0.68,0.0,0.0,0.0,0.0,0.0,0.0,1.706,0.2,0.0,4.281000000000001,38,137
s: 21
t: 4.780
c: 43

i: 0.0,0.0,0.0,0.0,0.0,0.0,0.86,0.0,0.0,0.0,0.0,0.0,0.0,0.0,0.0,0.86,0.0,1.73,3.47,0.0,1.73,0.0,0.0,0.0,0.0,0.0,0.0,0.0,0.0,0.0,0.0,0.0,0.0,0.0,0.0,0.0,0.0,0.0,0.0,0.0,0.0,0.0,0.0,0.0,0.0,0.0,0.0,0.0,0.0,0.152,0.0,0.457,0.0,0.0,2.75,10,55
s: 24
t: 4.150
c: 44

i: 0.0,0.0,0.0,0.0,6.25,0.0,3.12,0.0,0.0,0.0,0.0,3.12,0.0,3.12,0.0,3.12,0.0,0.0,6.25,0.0,0.0,0.0,0.0,0.0,0.0,0.0,0.0,0.0,0.0,0.0,0.0,0.0,0.0,0.0,0.0,0.0,0.0,0.0,0.0,0.0,0.0,0.0,0.0,0.0,0.0,0.0,0.0,0.0,0.0,0.0,0.0,0.0,0.0,0.0,9.427999999999999,60,66
s: 22
t: 5.232
c: 41

i: 0.0,0.0,0.0,0.0,5.55,0.0,0.0,0.0,0.0,0.0,0.0,5.55,0.0,0.0,0.0,0.0,0.0,0.0,0.0,0.0,0.0,0.0,0.0,0.0,0.0,0.0,0.0,0.0,11.11,0.0,0.0,0.0,0.0,0.0,0.0,0.0,0.0,0.0,0.0,0.0,0.0,11.11,0.0,0.0,0.0,0.0,0.0,0.0,0.0,0.0,0.0,0.0,0.0,0.0,1.222,3,11
s: 20
t: 11.359
c: 46

i: 0.67,0.16,1.35,0.0,1.01,0.0,0.0,0.0,0.0,0.16,0.16,1.69,0.5,0.0,0.0,0.33,0.0,0.16,5.77,0.0,1.35,0.0,0.0,0.84,0.0,0.0,0.0,0.0,0.0,0.0,0.0,0.0,0.0,0.0,0.0,0.0,0.0,0.0,0.0,0.0,0.0,0.0,0.0,0.0,0.0,0.0,0.0,0.0,0.0,0.061,0.0,0.12300000000000001,0.278,0.03,3.7739999999999996,46,268
s: 24
t: 4.560
c: 40

i: 0.0,0.0,0.0,0.0,1.05,0.0,0.0,0.0,0.0,0.0,0.0,0.0,0.0,0.0,0.0,0.0,0.0,0.0,1.05,0.0,0.0,0.0,0.0,0.0,0.0,0.0,1.05,0.0,0.0,0.0,0.0,0.0,0.0,0.0,0.0,0.0,0.0,0.0,0.0,0.0,0.0,0.0,0.0,0.0,0.0,0.0,0.0,0.0,0.0,0.0,0.0,0.18100000000000002,0.0,0.0,2.0,7,22
s: 16
t: 10.282
c: 42

i: 0.1,0.2,1.01,0.0,0.8,0.8,0.5,0.0,0.8,0.1,0.3,0.7,0.3,0.0,1.61,0.1,0.0,1.11,1.31,0.2,0.7,0.0,0.6,0.1,0.0,0.0,0.0,0.0,0.0,0.0,0.0,0.0,0.0,0.0,0.0,0.0,0.0,0.0,0.0,0.0,0.0,0.0,0.2,0.0,0.1,0.1,0.0,0.0,0.0,0.11,0.0,0.488,0.157,0.015,8.55,669,1351
s: 26
t: 5.008
c: 44

i: 0.88,0.0,0.0,0.0,0.0,0.0,0.0,0.0,0.0,1.76,0.0,0.0,0.0,0.0,0.0,0.0,0.0,0.0,1.76,0.0,0.0,0.0,0.0,0.0,0.0,0.0,0.0,0.0,0.0,0.0,0.0,0.0,0.0,0.0,0.0,0.0,0.88,0.0,0.0,0.0,0.0,0.88,0.0,0.0,0.88,1.76,0.0,0.0,0.0,0.125,0.0,0.125,0.0,0.0,1.681,5,37
s: 18
t: 14.724
c: 44

i: 0.46,0.0,0.0,0.0,0.69,0.46,0.0,0.46,0.0,0.23,0.23,0.0,1.61,0.0,0.46,0.0,0.92,1.84,1.84,0.0,0.69,0.0,1.61,0.0,0.0,0.0,0.0,0.0,0.0,0.0,0.0,0.0,0.0,0.0,0.0,0.0,0.0,0.0,0.0,0.92,0.0,0.0,0.0,0.0,0.0,0.0,0.0,0.0,0.0,0.037000000000000005,0.0,0.188,0.11199999999999999,0.0,3.105,30,354
s: 21
t: 4.282
c: 42

i: 0.0,0.0,0.0,0.0,0.0,0.6,0.0,0.0,0.0,0.0,0.0,0.0,0.0,0.0,0.0,0.0,0.0,0.0,0.6,0.0,0.0,0.0,0.0,0.0,3.03,0.0,0.0,0.0,0.0,0.0,0.0,0.0,0.0,0.0,0.6,0.0,0.0,0.0,0.0,0.0,0.0,0.0,0.0,0.6,0.0,0.0,0.0,0.0,0.0,0.092,0.0,0.0,0.0,0.0,1.568,9,69
s: 16
t: 12.135
c: 40

i: 0.0,0.0,0.0,0.0,0.0,0.0,0.0,0.0,0.0,0.0,0.0,0.0,0.0,0.0,0.0,0.0,0.0,0.0,1.33,0.0,1.33,0.0,0.0,0.0,4.0,0.0,0.0,0.0,0.0,0.0,0.0,0.0,0.0,0.0,0.0,0.0,0.0,0.0,0.0,0.0,0.0,0.0,0.0,0.0,0.0,0.0,0.0,0.0,0.21100000000000002,0.0,0.0,0.21100000000000002,0.0,0.0,1.38,4,29
s: 21
t: 10.024
c: 39

i: 0.0,0.47,0.47,0.0,1.41,0.0,0.47,0.0,0.0,0.47,0.47,0.94,0.0,0.0,0.0,0.94,0.0,0.0,1.88,0.0,0.94,0.0,0.0,0.0,0.0,0.0,0.0,0.0,0.0,0.0,0.0,0.0,0.0,0.0,0.0,0.0,0.0,0.0,0.0,0.0,0.0,0.0,0.0,0.0,0.0,0.0,0.0,0.0,0.0,0.0,0.0,0.22399999999999998,0.0,0.0,1.102,6,54
s: 29
t: 5.089
c: 41

i: 0.0,0.0,0.0,0.0,1.13,0.0,1.13,0.0,0.0,0.0,0.0,0.0,0.0,0.0,0.0,1.13,1.13,0.0,1.13,0.0,0.0,0.0,0.0,0.0,0.0,0.0,0.0,0.0,0.0,0.0,0.0,0.0,1.13,0.0,0.0,0.0,0.0,0.0,0.0,0.0,0.0,0.0,0.0,0.0,0.0,0.0,0.0,0.0,0.0,0.319,0.0,0.0,0.0,0.479,3.925,17,106
s: 26
t: 4.975
c: 43

i: 0.0,0.0,0.0,0.0,0.0,0.0,0.0,0.0,0.0,0.0,0.0,0.0,0.0,0.0,0.0,0.0,0.0,0.0,0.0,0.0,0.0,0.0,0.0,0.0,0.0,0.0,16.66,0.0,0.0,0.0,0.0,0.0,0.0,0.0,0.0,0.0,0.0,0.0,0.0,0.0,0.0,0.0,0.0,0.0,0.0,0.0,0.0,0.0,0.0,0.0,0.0,0.0,0.0,0.0,1.0,1,6
s: 18
t: 17.944
c: 42

i: 0.0,0.0,0.0,0.0,0.0,0.0,0.0,0.0,0.0,0.0,0.0,0.0,0.0,0.0,0.0,0.0,0.0,0.0,0.0,0.0,0.0,0.0,0.0,0.0,0.0,0.0,0.0,0.0,0.0,0.0,0.0,0.0,0.0,0.0,0.0,0.0,0.0,0.0,0.0,0.0,0.0,5.26,0.0,0.0,5.26,0.0,0.0,0.0,0.0,0.0,0.0,0.0,0.0,0.0,1.25,2,5
s: 21
t: 12.092
c: 43

i: 0.07,0.22,0.82,0.0,0.52,0.0,0.07,0.0,0.67,0.59,0.22,0.82,0.07,0.0,0.14,0.0,0.07,0.0,3.29,0.22,1.87,0.0,0.0,0.22,0.0,0.0,0.0,0.0,0.0,0.0,0.0,0.0,0.0,0.0,0.07,0.0,0.0,0.0,0.0,0.0,0.0,0.0,0.0,0.0,0.0,0.0,0.0,0.0,0.0,0.095,0.0,0.11900000000000001,0.071,0.16699999999999998,3.429,74,974
s: 23
t: 4.918
c: 44

i: 0.0,0.0,0.0,0.0,0.0,0.0,0.0,0.0,0.0,0.0,0.0,0.0,0.0,0.0,0.0,0.0,0.0,0.0,1.92,0.0,0.0,0.0,0.0,0.0,0.0,0.0,0.0,0.0,0.0,0.0,0.0,0.0,0.0,0.0,1.92,0.0,0.0,0.0,0.0,0.0,0.0,3.84,0.0,0.0,0.0,0.0,0.0,0.0,0.0,0.0,0.0,0.26,0.0,0.0,2.2,10,44
s: 24
t: 9.885
c: 43

i: 0.0,0.0,1.58,0.0,0.0,0.0,0.0,0.0,0.0,0.0,0.0,0.79,0.0,0.0,0.0,0.0,0.0,0.0,1.58,0.0,0.0,0.0,0.0,0.0,0.79,0.79,0.0,0.0,0.0,0.0,0.0,0.0,0.0,0.0,0.0,0.0,0.0,0.0,0.0,0.0,0.0,0.0,0.0,0.0,0.0,0.0,0.0,0.0,0.0,0.149,0.0,0.149,0.0,0.0,1.482,10,43
s: 20
t: 12.307
c: 38

i: 0.0,0.0,0.28,0.0,1.73,0.0,0.0,0.0,0.0,0.0,0.0,0.28,0.57,0.28,0.0,0.0,0.0,0.0,1.15,0.0,0.57,0.0,0.0,0.0,0.28,0.0,0.57,0.0,0.0,0.28,0.0,0.0,0.0,0.0,0.0,0.0,0.0,0.0,0.0,0.0,0.0,0.28,0.0,0.28,0.57,0.0,0.0,0.0,0.0,0.051,0.0,0.10300000000000001,0.0,0.0,1.411,4,24
s: 19
t: 13.664
c: 44

i: 0.46,0.0,0.46,0.0,0.0,0.0,0.0,0.46,0.0,0.0,0.0,1.38,0.0,0.0,2.31,0.0,0.46,0.46,2.77,0.0,2.31,0.0,1.38,0.0,0.0,0.0,0.0,0.0,0.0,0.0,0.0,0.0,0.0,0.0,0.0,0.0,0.0,0.0,0.0,0.46,0.0,0.0,0.0,0.0,0.0,0.0,0.0,0.0,0.0,0.494,0.0,0.08199999999999999,0.823,0.0,3.4,12,102
s: 24
t: 5.147
c: 44

i: 0.0,0.0,0.0,0.0,0.0,0.0,0.0,0.0,0.0,0.0,0.0,0.0,0.0,0.0,0.0,0.0,0.0,0.0,0.0,0.0,0.0,0.0,0.0,0.0,16.66,0.0,0.0,0.0,0.0,0.0,0.0,0.0,0.0,0.0,0.0,0.0,0.0,0.0,0.0,0.0,0.0,0.0,0.0,0.0,8.33,0.0,0.0,0.0,0.0,0.0,0.0,0.0,0.0,0.0,4.333,20,26
s: 16
t: 11.496
c: 43

i: 0.0,0.0,0.0,0.0,0.22,0.22,0.0,0.0,0.0,0.45,0.0,0.9,0.0,0.0,0.0,0.0,0.0,0.0,0.67,0.0,0.22,0.0,0.0,0.0,0.67,0.0,0.0,0.67,0.0,0.0,0.45,0.0,0.0,0.0,0.67,0.0,0.0,0.0,0.0,0.0,0.0,0.0,0.0,0.0,0.0,0.0,0.0,0.0,0.0,0.0,0.0,0.0,0.024,0.0,4.223,157,359
s: 21
t: 9.781
c: 37

i: 0.05,0.0,0.05,0.0,0.3,0.0,0.0,0.0,0.51,0.0,0.0,0.15,0.0,0.0,0.0,0.0,0.0,0.05,0.2,0.0,0.15,0.0,0.0,0.0,0.67,0.72,0.05,0.0,0.0,0.0,0.0,0.0,0.2,0.0,0.0,0.0,0.46,0.0,0.0,0.0,0.0,0.0,0.0,0.1,0.0,0.0,0.0,0.0,0.209,0.158,0.05,0.0,0.013999999999999999,0.0,3.764,85,1423
s: 19
t: 9.221
c: 42

i: 0.0,0.0,0.36,0.0,0.6,0.12,0.12,0.0,0.0,0.0,0.12,0.48,0.12,0.12,0.0,0.12,0.0,0.6,2.41,0.0,0.24,0.0,0.0,0.0,0.0,0.0,0.0,0.0,0.0,0.0,0.0,0.0,0.0,0.0,0.0,0.0,0.0,0.0,0.0,0.0,0.0,0.0,0.0,0.0,0.0,0.0,0.0,0.0,0.055999999999999994,0.037000000000000005,0.0,0.055999999999999994,0.094,0.0,1.246,14,389
s: 26
t: 3.761
c: 41

i: 0.0,0.0,0.29,0.0,0.0,0.0,0.0,0.0,0.0,0.0,0.0,0.0,0.0,0.0,0.0,0.0,0.0,0.0,0.0,0.0,0.0,0.0,0.0,0.0,0.0,0.0,0.0,0.0,0.0,0.0,0.0,0.0,0.0,0.0,0.0,0.0,0.0,0.29,0.0,0.0,0.0,0.0,0.0,0.0,0.29,0.0,0.0,0.0,0.1,0.353,0.05,0.0,0.0,0.0,1.227,4,27
s: 22
t: 12.686
c: 41

i: 0.0,0.0,0.0,0.0,0.0,0.0,0.0,0.0,0.0,0.0,0.0,0.0,0.0,0.0,0.0,0.0,0.0,0.68,4.08,0.0,0.68,0.0,0.0,0.0,0.0,0.0,0.0,0.0,0.0,0.0,0.0,0.0,0.0,0.0,0.0,0.0,0.68,0.0,0.0,0.0,0.0,0.68,0.0,0.0,1.36,0.68,0.0,0.0,0.0,0.38,0.0,0.0,0.0,0.0,1.607,6,45
s: 20
t: 19.020
c: 44

i: 0.0,0.0,0.0,0.0,0.0,0.0,0.0,0.0,0.0,0.0,0.0,0.0,0.0,0.0,0.0,0.0,0.0,0.0,0.0,0.0,0.0,0.0,0.0,0.0,2.08,0.0,0.0,0.0,0.0,0.0,0.0,0.0,0.0,0.0,0.0,2.08,2.08,0.0,4.16,0.0,0.0,0.0,0.0,0.0,0.0,0.0,0.0,0.0,0.0,0.0,0.0,0.17300000000000001,0.0,0.0,1.777,6,48
s: 16
t: 13.223
c: 38

i: 0.0,0.0,0.0,0.0,0.0,0.0,0.0,0.0,0.0,0.0,0.0,0.69,0.0,0.0,0.0,0.69,0.0,0.0,2.79,0.0,0.69,0.0,0.0,0.0,2.09,0.0,0.0,0.0,0.0,1.39,0.0,0.0,0.0,0.0,0.0,0.0,0.0,0.0,0.0,0.0,0.0,0.0,0.0,0.0,0.69,1.39,0.0,0.0,0.0,0.221,0.0,0.0,0.0,0.0,2.184,12,83
s: 22
t: 16.471
c: 42

i: 0.0,0.0,0.0,0.0,0.0,0.0,0.0,0.0,0.0,0.0,0.0,0.0,0.0,0.0,0.0,0.0,0.0,0.0,0.0,0.0,0.0,0.0,0.0,0.0,8.1,5.4,0.0,0.0,0.0,0.0,0.0,0.0,0.0,0.0,0.0,0.0,0.0,0.0,0.0,0.0,0.0,0.0,0.0,1.35,0.0,0.0,0.0,0.0,0.0,0.0,0.0,0.0,0.0,0.0,1.1420000000000001,2,8
s: 21
t: 14.948
c: 39

i: 0.0,0.0,0.0,0.0,0.9,0.0,0.0,0.0,0.0,0.0,0.0,0.0,0.0,0.0,0.0,0.0,0.0,0.0,2.7,0.0,0.9,0.0,0.0,0.0,0.0,0.0,0.0,0.0,0.0,0.0,0.0,0.0,0.0,0.0,0.0,0.0,1.8,0.0,0.0,0.0,0.0,0.0,1.8,0.0,0.9,0.0,0.0,0.0,0.0,0.0,0.0,0.281,0.0,0.0,1.551,13,76
s: 22
t: 11.188
c: 40

i: 0.0,0.0,0.38,0.0,0.76,0.0,0.38,0.0,0.0,1.14,0.0,0.0,0.0,0.0,0.0,0.38,0.76,0.0,3.04,0.0,1.52,0.0,0.38,0.0,0.0,0.0,0.0,0.0,0.0,0.0,0.0,0.0,0.0,0.0,0.0,0.0,0.0,0.0,0.0,0.0,0.0,0.0,0.0,0.0,1.14,0.0,0.0,0.0,0.0,0.299,0.0,0.598,0.179,0.0,4.523,78,285
s: 25
t: 5.042
c: 42

i: 0.0,0.0,0.0,0.0,0.0,0.0,0.0,0.0,0.0,0.0,0.0,0.95,0.0,0.0,0.0,0.0,0.0,0.0,3.8,0.0,0.0,0.0,0.0,0.0,0.0,0.0,0.0,0.0,0.0,0.0,0.0,0.0,0.0,0.0,0.0,0.0,0.95,0.0,0.0,0.0,0.0,0.0,0.0,0.0,0.0,2.85,0.0,0.0,0.0,0.0,0.0,0.175,0.0,0.0,3.125,15,50
s: 19
t: 13.539
c: 40

i: 0.0,0.47,0.47,0.0,1.41,0.0,0.47,0.0,0.0,0.47,0.47,0.94,0.0,0.0,0.0,0.94,0.0,0.0,1.88,0.0,0.94,0.0,0.0,0.0,0.0,0.0,0.0,0.0,0.0,0.0,0.0,0.0,0.0,0.0,0.0,0.0,0.0,0.0,0.0,0.0,0.0,0.0,0.0,0.0,0.0,0.0,0.0,0.0,0.0,0.0,0.0,0.218,0.0,0.0,1.102,6,54
s: 26
t: 4.619
c: 40

i: 0.41,0.41,0.41,0.0,0.13,0.1,0.03,0.06,0.52,0.94,0.27,0.76,0.45,1.15,0.03,0.24,0.41,0.03,2.99,0.0,1.25,0.0,0.34,0.59,0.0,0.0,0.0,0.0,0.0,0.0,0.0,0.0,0.0,0.0,0.0,0.0,0.0,0.0,0.0,0.0,0.0,0.0,0.0,0.0,0.1,0.0,0.0,0.0,0.011000000000000001,0.076,0.0,0.425,0.573,0.11199999999999999,5.761,131,2224
s: 22
t: 4.685
c: 45

i: 0.0,0.0,0.0,0.0,0.0,0.0,0.0,0.0,0.0,0.0,0.0,0.0,0.0,0.0,0.0,3.07,0.0,0.0,0.0,0.0,0.0,0.0,0.0,0.0,0.0,0.0,0.0,0.0,0.0,0.0,0.0,0.0,0.0,0.0,0.0,0.0,0.0,0.0,0.0,0.0,0.0,0.0,0.0,0.0,0.0,0.0,0.0,0.0,0.0,0.0,0.0,0.273,0.0,0.0,5.75,25,69
s: 24
t: 4.307
c: 44

i: 0.0,0.0,0.0,0.0,0.0,0.0,0.0,0.85,0.0,0.0,0.0,0.85,0.0,0.0,0.0,0.0,0.0,0.0,2.56,0.0,0.85,0.0,0.0,0.0,0.0,0.0,0.0,0.0,0.0,0.0,0.0,0.0,0.0,0.0,0.0,0.85,0.0,0.0,0.0,0.0,0.0,0.0,0.0,0.0,0.0,0.0,0.0,0.0,0.0,0.14400000000000002,0.0,0.0,0.0,0.0,1.3330000000000002,6,28
s: 20
t: 9.737
c: 39

i: 0.0,0.0,0.0,0.0,0.0,0.0,0.0,1.17,0.0,0.0,0.0,0.0,0.0,0.0,0.0,0.0,0.0,0.0,0.0,0.0,0.0,0.0,0.0,0.0,0.0,4.7,1.17,0.0,0.0,0.0,0.0,0.0,0.0,0.0,0.0,0.0,0.0,0.0,0.0,0.0,0.0,0.0,0.0,0.0,0.0,0.0,0.0,0.0,0.0,0.196,0.0,0.0,0.0,0.0,1.294,3,22
s: 19
t: 26.018
c: 44

i: 0.33,0.0,0.66,0.0,0.22,0.0,0.0,0.0,0.44,0.11,0.0,0.33,0.0,0.0,0.0,0.55,0.0,0.0,1.76,0.0,1.1,0.0,0.0,0.22,0.0,0.0,0.0,0.0,0.0,0.0,0.0,0.0,0.0,0.0,0.0,0.0,0.0,0.11,0.0,0.0,0.0,0.0,0.11,0.0,0.0,0.0,0.0,0.0,0.0,0.17300000000000001,0.0,0.36700000000000005,0.193,0.077,2.559,75,389
s: 22
t: 5.284
c: 43

i: 0.0,0.0,0.0,0.0,0.0,0.0,0.0,0.0,0.0,0.0,0.0,0.0,0.0,0.0,0.0,0.0,0.0,0.0,0.0,0.0,0.0,0.0,0.0,0.0,0.0,0.0,0.17,0.0,0.17,0.0,0.0,0.0,0.0,0.0,0.0,0.0,0.0,0.0,0.0,0.0,0.0,0.0,0.0,0.0,0.0,0.0,0.0,0.0,0.0,0.026000000000000002,0.34299999999999997,0.0,0.0,0.026000000000000002,4.3260000000000005,28,822
s: 22
t: 12.804
c: 42

i: 0.0,0.0,0.75,0.0,0.0,0.0,0.0,0.0,0.0,0.0,0.0,0.75,0.0,0.0,0.0,0.0,0.0,0.0,3.75,0.0,0.0,0.0,0.0,0.0,0.0,0.0,0.0,0.0,0.0,0.0,0.0,0.0,0.0,0.0,0.0,0.0,0.0,0.0,0.0,0.0,0.0,0.0,0.0,0.0,0.0,0.0,0.0,0.0,0.0,0.262,0.0,0.0,0.0,0.0,1.4369999999999998,3,23
s: 21
t: 17.534
c: 43

i: 0.23,0.0,0.0,0.0,0.0,0.23,0.0,0.0,0.0,0.0,0.0,0.92,0.46,0.0,0.0,0.0,0.0,0.0,2.76,0.0,2.76,0.0,0.0,0.69,0.0,0.0,0.0,0.0,0.0,0.0,0.0,0.0,0.46,0.0,0.0,0.0,0.0,0.0,0.0,0.0,0.0,0.0,0.0,0.0,0.0,0.0,0.0,0.0,0.0,0.445,0.0,0.20199999999999999,0.121,0.0,1.945,7,142
s: 27
t: 13.146
c: 46

i: 0.07,0.0,0.22,0.0,0.03,0.07,0.0,0.0,0.03,0.22,0.0,0.71,0.03,0.0,0.0,0.03,0.0,0.0,0.9,0.0,0.56,0.0,0.0,0.0,1.58,0.26,0.0,0.11,0.11,0.11,0.18,0.0,0.03,0.0,0.22,0.07,0.18,0.0,0.0,0.03,0.0,0.0,0.0,0.0,0.0,0.0,0.0,0.03,0.027999999999999997,0.078,0.0,0.027999999999999997,0.016,0.0,1.765,20,1356
s: 23
t: 11.559
c: 37

i: 0.0,0.0,0.0,0.0,0.0,0.0,1.33,0.0,0.0,0.0,0.0,0.0,0.0,0.0,0.0,0.0,0.0,0.0,1.33,0.0,5.33,0.0,0.0,0.0,0.0,0.0,0.0,0.0,0.0,0.0,0.0,0.0,0.0,0.0,0.0,0.0,0.0,0.0,0.0,0.0,0.0,0.0,0.0,0.0,0.0,0.0,0.0,0.0,0.0,0.0,0.0,0.213,1.492,0.0,29.125,223,233
s: 22
t: 4.763
c: 42

i: 0.44,0.0,0.88,0.0,0.44,1.32,0.0,0.0,0.0,0.0,0.0,0.0,0.0,0.0,0.0,0.0,0.0,0.44,1.76,0.0,2.2,0.0,2.2,0.0,0.0,0.0,0.0,0.0,0.0,0.0,0.0,0.0,0.0,0.0,0.0,0.0,0.0,0.0,0.0,0.0,0.0,0.0,0.0,0.0,0.0,0.0,0.0,0.0,0.222,0.0,0.0,0.444,0.37,0.0,2.4130000000000003,16,140
s: 21
t: 6.557
c: 43

i: 0.0,0.0,0.0,9.16,0.27,0.0,0.55,0.27,0.27,0.27,0.0,0.27,0.0,0.0,0.0,0.0,1.11,0.0,0.55,0.27,0.83,0.0,0.0,0.0,0.0,0.0,0.0,0.0,0.0,0.0,0.0,0.0,0.0,0.0,0.0,0.0,0.0,0.0,0.0,0.0,0.0,0.0,0.0,0.0,0.0,0.0,0.0,0.0,0.387,0.0,0.0,0.301,0.0,0.043,19.482,694,1130
s: 24
t: 5.749
c: 45

i: 0.0,0.0,0.0,0.0,0.0,0.0,0.0,0.0,0.75,0.0,0.0,0.0,0.0,0.0,0.0,0.0,0.0,0.0,1.51,0.0,0.0,0.0,0.0,0.0,0.0,0.0,0.0,0.0,0.0,0.0,0.0,0.0,0.0,0.0,0.0,0.0,0.0,0.0,0.0,0.0,0.0,0.0,0.0,0.0,0.75,0.0,0.0,0.0,0.0,0.255,0.0,0.0,0.0,0.0,1.8419999999999999,6,35
s: 19
t: 17.708
c: 42

i: 0.0,0.0,0.0,0.0,1.31,0.0,0.0,0.0,0.0,0.0,0.0,0.0,0.0,0.0,0.0,0.0,0.0,0.0,1.31,0.0,2.63,0.0,0.0,0.0,0.0,0.0,0.0,0.0,0.0,0.0,0.0,0.0,0.0,0.0,0.0,0.0,0.0,0.0,0.0,0.0,0.0,0.0,0.0,0.0,0.0,0.0,0.0,0.0,0.0,0.251,0.0,1.0070000000000001,0.0,0.0,1.44,8,36
s: 31
t: 4.616
c: 43

i: 0.0,0.0,0.0,0.0,0.0,0.0,0.0,0.0,0.0,0.0,0.0,0.0,0.0,0.0,0.0,1.05,1.05,0.0,3.15,0.0,2.1,0.0,0.0,0.0,0.0,0.0,0.0,0.0,0.0,0.0,0.0,0.0,0.0,0.0,0.0,0.0,0.0,0.0,0.0,0.0,0.0,0.0,0.0,0.0,1.05,0.0,0.0,0.0,0.0,0.365,0.0,0.365,0.182,0.0,3.343,28,107
s: 22
t: 4.962
c: 43

i: 0.0,0.0,0.0,0.0,0.0,0.0,0.0,0.0,0.0,0.0,0.0,0.0,0.0,0.0,0.0,0.0,0.0,0.0,1.16,0.0,0.0,0.0,0.0,0.0,0.0,0.0,1.16,0.0,0.0,0.0,0.0,0.0,0.0,0.0,0.0,0.0,0.0,0.0,0.0,0.0,0.0,0.0,0.0,0.0,1.16,0.0,0.0,0.0,0.0,0.0,0.0,1.4580000000000002,0.0,0.0,1.0659999999999998,2,16
s: 19
t: 20.975
c: 43

i: 0.0,0.0,0.0,0.0,0.0,0.0,0.0,0.0,0.0,0.0,0.0,0.0,0.0,0.0,0.0,0.0,0.0,0.0,0.0,0.0,0.76,0.0,0.0,0.0,1.53,0.76,2.3,0.76,0.76,0.76,0.76,0.76,0.0,0.76,0.76,0.76,0.76,0.0,0.76,0.76,0.0,0.0,0.76,0.0,0.76,0.0,0.0,0.0,0.0,0.33899999999999997,0.0,0.33899999999999997,0.0,0.0,1.8130000000000002,12,78
s: 19
t: 18.801
c: 43

i: 0.56,0.0,0.32,0.0,1.13,0.08,0.0,0.0,0.16,0.0,0.08,0.72,0.56,0.0,0.0,0.24,1.13,0.0,4.6,0.0,2.01,0.0,0.0,0.32,0.0,0.0,0.0,0.0,0.0,0.0,0.0,0.0,0.0,0.0,0.0,0.0,0.0,0.0,0.0,0.0,0.0,0.0,0.0,0.0,0.32,0.0,0.0,0.0,0.0,0.121,0.0,0.337,0.054000000000000006,0.0,3.502,79,606
s: 23
t: 5.463
c: 43

i: 0.0,0.0,0.0,0.0,0.0,0.0,0.0,0.0,0.0,0.0,0.0,0.0,0.0,0.0,0.0,1.0,2.0,0.0,4.0,0.0,2.0,0.0,0.0,0.0,0.0,0.0,0.0,0.0,0.0,0.0,0.0,0.0,0.0,0.0,0.0,0.0,0.0,0.0,0.0,0.0,0.0,0.0,0.0,0.0,0.0,0.0,0.0,0.0,0.0,0.38,0.0,0.0,0.0,0.0,1.806,11,56
s: 26
t: 4.759
c: 43

i: 0.0,0.56,0.56,0.0,2.25,0.0,0.56,0.0,0.0,0.0,0.0,0.56,0.56,0.0,0.0,0.56,3.38,0.0,3.95,0.0,1.69,0.0,0.0,0.0,0.0,0.0,0.0,0.0,0.0,0.0,0.0,0.0,0.0,0.0,0.0,0.0,0.0,0.0,0.0,0.0,0.0,0.0,0.0,0.0,0.0,0.0,0.0,0.0,0.0,0.26,0.0,1.217,0.34700000000000003,0.0,5.105,140,194
s: 23
t: 5.149
c: 40

i: 0.0,0.0,0.0,0.0,0.0,0.0,0.0,0.0,0.0,0.0,0.0,2.56,0.0,0.0,0.0,0.0,0.0,0.0,0.0,0.0,0.0,0.0,0.0,0.0,0.0,0.0,0.0,0.0,0.0,0.0,0.0,0.0,0.0,0.0,0.0,0.0,0.0,0.0,0.0,0.0,0.0,0.0,0.0,0.0,0.0,0.0,0.0,2.56,0.0,0.0,0.0,0.485,0.0,0.0,3.444,15,31
s: 22
t: 11.392
c: 40

i: 0.0,0.0,1.09,0.0,0.0,0.0,0.0,0.0,0.0,1.09,0.0,2.19,0.0,0.0,0.0,0.0,0.0,0.0,0.0,0.0,0.0,0.0,0.0,0.0,1.09,1.09,0.0,2.19,0.0,0.0,0.0,0.0,0.0,0.0,0.0,1.09,0.0,0.0,0.0,0.0,0.0,0.0,0.0,0.0,0.0,0.0,0.0,0.0,0.0,0.325,0.0,0.0,0.0,0.0,4.586,51,133
s: 18
t: 11.480
c: 37

i: 0.0,0.0,0.0,0.0,0.0,0.0,0.0,0.0,0.0,0.0,0.0,0.0,0.0,0.0,0.0,0.0,0.0,0.0,5.88,0.0,5.88,0.0,0.0,0.0,0.0,0.0,0.0,0.0,0.0,0.0,0.0,0.0,0.0,0.0,0.0,0.0,0.0,0.0,0.0,0.0,0.0,0.0,0.0,0.0,0.0,0.0,0.0,0.0,0.0,0.0,0.0,0.0,0.0,0.0,1.5,4,9
s: 20
t: 10.855
c: 42

i: 0.39,0.0,0.19,0.0,0.0,0.0,0.0,0.0,0.0,0.19,0.19,1.98,0.0,0.19,0.0,0.0,0.0,0.19,0.19,0.0,0.19,0.0,0.0,0.0,1.58,1.19,0.0,0.19,0.0,0.39,0.19,0.0,0.59,0.0,0.39,0.39,1.19,0.0,0.19,0.0,0.0,0.19,0.19,0.0,0.0,0.0,0.0,0.39,0.28,0.14,0.027999999999999997,0.11199999999999999,0.0,0.0,2.101,17,311
s: 21
t: 13.913
c: 38

i: 0.41,0.0,0.0,0.0,0.0,0.82,0.0,0.0,0.0,0.0,0.0,1.23,0.0,0.0,0.0,0.0,0.0,0.0,0.0,0.0,0.0,0.0,0.0,0.0,3.3,0.0,0.0,0.0,0.0,1.65,0.0,0.0,0.0,0.0,0.0,0.82,0.0,0.0,0.0,0.0,0.0,0.0,0.0,0.41,0.0,0.0,0.0,0.41,0.0,0.198,0.0,0.0,0.0,0.0,1.569,7,113
s: 21
t: 21.363
c: 38

i: 0.0,0.0,0.0,0.0,0.0,0.0,0.0,0.0,0.0,0.0,0.0,1.78,0.0,0.0,0.0,0.0,0.0,0.0,0.0,0.0,0.0,0.0,0.0,0.0,0.0,0.0,0.0,0.0,0.0,0.0,0.0,0.0,0.0,0.0,0.0,0.0,0.0,0.0,0.0,0.0,0.0,0.0,1.78,0.0,0.0,0.0,0.0,0.0,0.0,0.336,0.0,0.0,0.0,0.0,1.909,5,21
s: 25
t: 15.515
c: 40

i: 0.0,0.0,0.0,0.0,0.0,0.0,0.0,0.0,0.0,0.0,0.0,0.0,0.0,0.0,0.0,0.0,0.0,0.0,0.0,0.0,0.0,0.0,0.0,0.0,0.0,0.0,0.0,0.0,0.0,0.0,0.0,0.0,0.0,0.0,0.0,0.0,0.0,0.0,0.0,0.0,0.0,0.0,0.0,0.0,0.0,0.0,0.0,0.0,0.325,0.0,0.0,0.0,0.0,0.0,1.0,1,14
s: 22
t: 16.848
c: 39

i: 0.48,0.0,0.97,0.0,0.48,0.0,0.97,0.0,0.0,0.0,0.0,0.48,0.0,0.0,0.0,0.0,0.48,0.48,4.36,0.0,1.45,0.0,1.45,0.0,0.0,0.0,0.0,0.0,0.0,0.0,0.0,0.0,0.0,0.0,0.48,0.0,0.0,0.0,0.0,0.0,0.0,0.0,0.0,0.0,0.48,0.0,0.0,0.0,0.0,0.0,0.0,1.085,0.23199999999999998,0.077,5.166,58,186
s: 22
t: 5.087
c: 40

i: 0.0,0.0,0.0,0.0,0.0,0.0,0.0,0.0,0.0,0.0,0.0,0.0,0.0,0.0,0.0,0.0,0.0,0.0,0.0,0.0,0.0,0.0,0.0,0.0,0.0,0.0,0.0,0.0,0.0,0.0,0.0,0.0,0.45,0.0,0.0,0.0,0.0,0.0,0.0,0.0,0.0,0.0,0.0,0.0,0.0,0.0,0.0,0.0,0.0,0.027000000000000003,0.0,0.0,0.0,0.0,1.567,6,428
s: 22
t: 18.694
c: 41

i: 0.0,0.0,0.85,0.0,1.36,0.0,0.0,0.0,0.0,0.17,0.0,0.34,0.17,0.0,0.0,0.0,0.0,0.0,0.85,0.0,0.0,0.0,0.0,0.0,0.0,0.0,0.0,0.0,0.0,0.0,0.0,0.0,0.0,0.0,0.0,0.0,0.0,0.0,0.0,0.0,0.0,0.0,0.0,0.0,0.0,0.0,0.0,0.0,0.034,0.0,0.0,0.0,0.0,0.0,1.085,3,89
s: 23
t: 17.763
c: 43

i: 0.0,0.0,0.58,0.0,1.16,0.0,0.0,0.0,0.0,0.58,0.0,0.0,0.0,0.0,0.0,0.58,0.0,0.0,0.58,0.0,1.16,0.0,0.0,0.0,0.0,0.0,0.0,0.0,0.0,0.0,0.0,0.0,0.0,0.0,0.0,0.0,0.0,0.0,0.0,0.0,0.0,0.0,0.0,0.0,0.0,0.0,0.0,0.0,0.0,0.0,0.0,0.0,0.0,0.0,2.101,11,145
s: 24
t: 4.254
c: 43

i: 0.0,0.0,0.0,0.0,0.0,0.0,0.0,0.0,0.0,0.0,0.0,0.0,0.0,0.0,0.0,0.0,0.0,0.0,0.0,0.0,0.0,0.0,0.0,0.0,5.12,2.56,2.56,2.56,2.56,2.56,2.56,2.56,0.0,2.56,2.56,2.56,0.0,0.0,0.0,2.56,0.0,0.0,0.0,0.0,0.0,0.0,0.0,0.0,0.0,0.8809999999999999,0.0,0.0,0.0,0.0,2.5,11,40
s: 20
t: 25.350
c: 43

i: 0.0,0.0,0.0,0.0,0.0,0.57,0.0,0.0,0.0,0.0,0.0,1.73,0.0,0.0,0.0,0.0,1.15,0.0,0.57,0.0,0.0,0.0,0.0,0.0,2.31,0.0,0.0,0.0,0.57,1.73,0.0,0.0,0.0,0.0,0.0,0.57,0.0,0.0,0.0,0.0,0.0,0.0,0.0,0.0,0.57,0.0,0.0,0.0,0.0,0.086,0.0,0.0,0.0,0.0,1.5,5,72
s: 17
t: 20.521
c: 41

i: 0.45,0.9,0.9,0.0,0.45,0.0,0.0,0.45,0.0,1.8,0.0,2.25,0.0,0.45,0.0,0.45,0.0,0.0,1.8,0.0,5.4,0.0,0.0,0.0,0.0,0.0,0.0,0.0,0.0,0.0,0.0,0.0,0.0,0.0,0.0,0.0,0.0,0.0,0.0,0.0,0.0,0.0,0.0,0.0,0.0,0.0,0.0,0.0,0.0,0.243,0.0,1.626,0.162,0.081,69.727,706,767
s: 22
t: 5.425
c: 43

i: 0.08,0.08,0.61,0.0,0.0,0.0,0.0,0.0,0.0,0.43,0.0,0.0,0.08,0.0,0.0,0.0,0.0,0.08,0.87,0.0,0.08,0.0,0.0,0.0,0.0,0.0,0.0,0.0,0.0,0.0,0.0,0.0,0.0,0.0,0.0,0.0,0.26,0.0,0.0,0.0,0.0,0.08,0.0,0.0,0.0,0.78,0.0,0.0,0.027000000000000003,0.20800000000000002,0.013000000000000001,0.027000000000000003,0.0,0.0,4.696000000000001,124,1315
s: 22
t: 16.986
c: 43

i: 0.0,0.0,0.0,0.0,0.0,0.0,0.0,0.0,0.0,0.0,0.0,1.58,0.0,0.0,0.0,0.0,0.0,0.0,0.0,0.0,0.0,0.0,0.0,0.0,0.0,0.0,0.0,0.0,0.0,0.0,0.0,0.0,4.76,0.0,0.0,0.0,0.0,0.0,0.0,0.0,0.0,0.0,0.0,6.34,0.0,0.0,0.0,0.0,0.0,0.0,0.0,0.0,0.0,0.0,1.2590000000000001,3,34
s: 21
t: 26.607
c: 43

i: 0.0,0.56,0.56,0.0,1.12,0.56,2.25,0.0,0.0,0.56,0.0,0.56,0.0,0.0,0.0,0.0,0.0,0.56,3.38,0.0,1.12,0.0,0.0,0.0,0.0,0.0,0.0,0.0,0.0,0.0,0.0,0.0,0.0,0.0,0.0,0.0,0.0,0.0,0.0,0.0,0.0,0.0,0.0,0.0,0.56,0.0,0.0,0.0,0.0,0.083,0.0,0.503,0.0,0.083,16.304000000000002,148,375
s: 23
t: 5.742
c: 41

i: 0.0,0.0,0.73,0.0,0.0,0.0,0.0,0.73,0.0,0.0,0.0,1.47,0.0,0.0,0.0,0.0,0.0,0.0,0.0,0.0,0.0,0.0,0.0,0.0,2.94,4.41,0.0,0.0,0.0,0.0,0.0,0.0,0.0,0.0,0.0,0.0,0.0,0.0,0.0,0.0,0.0,0.0,0.0,0.0,0.0,0.0,0.73,0.0,0.0,0.107,0.0,0.0,0.0,0.0,1.695,9,78
s: 15
t: 19.702
c: 38

i: 0.0,0.0,0.0,0.0,0.0,0.0,0.0,0.0,0.0,0.0,0.0,0.0,0.0,0.0,0.0,0.0,0.0,0.0,1.31,0.0,0.0,0.0,0.0,0.0,0.0,0.0,0.0,0.0,0.0,0.0,0.0,0.0,0.0,0.0,0.0,0.0,0.0,0.0,0.0,0.0,0.0,0.0,0.0,0.0,0.65,0.0,0.0,0.0,0.127,0.0,0.0,0.0,0.0,0.0,1.137,3,33
s: 17
t: 18.800
c: 42

i: 0.0,0.0,0.0,0.0,0.86,0.0,0.0,0.0,0.0,0.0,0.0,0.0,0.0,0.0,0.0,0.0,0.0,0.0,1.73,0.0,0.86,0.0,0.0,0.0,0.0,0.0,0.0,0.0,0.0,0.0,0.0,0.0,0.0,0.0,0.0,0.0,0.0,0.0,0.0,0.0,0.86,0.0,0.0,0.86,0.0,0.86,0.0,0.0,0.0,0.152,0.0,0.457,0.0,0.0,1.192,3,31
s: 24
t: 21.515
c: 44

i: 0.0,0.0,0.0,0.0,0.0,0.0,0.0,0.99,0.0,0.0,0.0,0.49,0.0,0.0,0.0,0.0,0.0,0.0,0.0,0.0,0.0,0.0,0.0,0.0,1.98,0.49,0.0,0.49,0.49,0.99,0.0,0.0,0.0,0.0,0.49,0.49,0.0,0.0,0.0,0.0,0.0,0.0,0.0,0.0,0.0,0.0,0.0,0.0,0.0,0.11900000000000001,0.0,0.0,0.0,0.0,2.135,13,126
s: 20
t: 17.883
c: 38

i: 0.0,0.0,0.0,0.0,0.0,0.23,0.0,0.0,0.0,0.0,0.0,0.46,0.0,0.0,0.0,0.46,0.46,0.23,3.0,0.0,0.69,0.0,0.0,0.0,0.0,0.0,0.0,0.0,0.0,0.0,0.0,0.0,0.23,0.0,0.0,0.0,0.0,0.0,0.0,0.0,0.0,0.0,0.0,0.0,0.0,0.0,0.0,0.0,0.077,0.038,0.0,0.0,0.0,0.038,2.6,42,182
s: 25
t: 5.019
c: 44

i: 0.12,1.76,0.63,0.0,0.88,0.0,0.12,0.5,0.25,3.9,0.5,0.88,0.12,0.0,0.0,0.25,0.12,0.0,2.9,0.25,1.38,0.0,1.13,0.12,0.0,0.0,0.0,0.0,0.0,0.0,0.0,0.0,0.0,0.0,0.0,0.0,0.0,0.0,0.0,0.0,0.0,0.0,0.12,0.0,0.0,0.0,0.0,0.0,0.019,0.379,0.159,0.0,0.11900000000000001,0.0,4.155,38,507
s: 22
t: 5.766
c: 44

i: 0.0,0.0,0.0,0.0,0.0,0.0,0.0,0.0,0.0,0.0,0.0,0.0,0.0,0.0,0.0,0.0,0.0,2.17,0.0,0.0,0.0,0.0,0.0,0.0,4.34,2.17,0.0,4.34,0.0,2.17,0.0,0.0,0.0,0.0,0.0,0.0,0.0,0.0,0.0,0.0,0.0,0.0,0.0,0.0,0.0,0.0,0.0,0.0,0.0,0.529,0.0,0.0,0.0,0.0,4.0,11,68
s: 15
t: 17.063
c: 39

i: 0.0,0.0,0.0,0.0,0.0,0.0,0.0,0.0,0.0,1.37,0.0,2.75,0.0,0.0,0.68,0.0,0.0,0.0,0.0,0.0,0.0,0.0,0.0,0.0,2.06,2.06,1.37,0.0,0.68,0.68,0.0,0.0,0.0,0.0,0.0,0.0,0.0,0.0,0.0,0.0,0.0,0.0,0.0,1.37,0.0,0.0,0.0,0.0,0.0,0.235,0.0,0.0,0.0,0.0,1.531,11,49
s: 17
t: 28.110
c: 42

i: 0.0,0.0,0.0,0.0,0.0,0.0,0.0,0.0,0.0,0.0,0.0,0.0,0.0,0.0,0.0,0.0,0.0,2.0,0.0,0.0,0.0,0.0,0.0,0.0,4.0,2.0,2.0,4.0,0.0,2.0,0.0,0.0,0.0,0.0,2.0,0.0,0.0,0.0,0.0,0.0,0.0,0.0,0.0,0.0,2.0,0.0,0.0,0.0,0.0,0.0,0.0,0.0,0.0,0.0,2.095,11,44
s: 17
t: 30.917
c: 44

i: 1.04,0.0,0.52,0.0,0.52,0.0,0.0,0.0,0.0,0.0,0.0,0.0,0.0,0.0,0.0,0.0,0.0,0.0,2.09,0.0,0.52,0.0,0.0,0.0,2.09,2.61,1.04,0.52,0.52,0.52,0.52,0.52,0.0,0.52,0.52,0.52,0.0,0.0,0.0,0.52,0.0,0.0,0.0,0.0,1.04,0.0,0.0,0.0,0.0,0.309,0.0,0.309,0.0,0.0,3.9730000000000003,34,151
s: 18
t: 19.982
c: 42

i: 0.0,0.0,0.0,0.0,0.69,0.0,0.0,0.0,0.0,0.0,0.0,0.0,0.0,0.0,0.0,0.0,0.0,0.0,0.69,0.0,0.0,0.0,0.0,0.0,2.08,0.69,0.0,0.0,0.0,0.0,0.0,0.0,0.0,0.0,0.0,0.0,0.69,0.0,0.0,0.0,0.0,0.0,0.0,0.0,0.0,0.0,0.0,0.0,0.0,0.284,0.0,0.284,0.094,0.0,2.0,11,60
s: 20
t: 16.083
c: 38

i: 0.0,0.0,0.0,0.0,0.0,0.0,1.61,0.0,0.0,1.61,0.0,1.61,0.0,0.0,0.0,0.0,0.0,0.0,3.22,0.0,0.0,0.0,0.0,0.0,0.0,0.0,0.0,0.0,0.0,0.0,0.0,0.0,0.0,0.0,0.0,0.0,0.0,0.0,0.0,0.0,0.0,0.0,0.0,0.0,0.0,0.0,0.0,0.0,0.0,0.0,0.0,0.23,0.0,0.0,4.941,60,84
s: 23
t: 5.828
c: 42

i: 0.0,0.45,1.35,0.0,1.35,0.0,0.9,0.45,0.0,1.35,0.0,0.45,2.71,0.0,0.0,0.0,0.0,0.9,2.26,0.0,1.8,0.0,0.45,0.0,0.0,0.0,0.0,0.0,0.0,0.0,0.0,0.0,0.0,0.0,0.0,0.0,0.0,0.0,0.0,0.0,0.0,0.0,0.0,0.0,0.0,0.0,0.0,0.0,0.0,0.0,0.0,0.82,0.41,0.0,2.4459999999999997,12,137
s: 22
t: 6.963
c: 42

i: 0.0,0.41,0.53,0.0,0.11,0.05,0.0,0.05,0.11,0.0,0.0,0.17,0.05,0.0,0.0,0.05,0.0,0.53,1.19,0.35,0.53,0.0,0.23,0.23,0.0,0.0,0.0,0.0,0.0,0.0,0.0,0.0,0.0,0.0,0.0,0.0,0.0,0.0,0.0,0.0,0.0,0.0,0.0,0.0,0.0,0.0,0.0,0.0,0.0,0.064,0.01,0.032,0.14,0.0,1.364,14,303
s: 26
t: 5.316
c: 42

i: 0.0,0.0,1.57,0.0,0.22,0.22,0.0,0.0,0.0,0.0,0.0,0.0,0.22,0.0,0.0,0.0,0.0,0.0,2.02,0.0,0.22,0.0,0.0,0.0,0.0,0.0,0.0,0.0,0.0,0.0,0.0,0.0,0.0,0.0,0.0,0.0,0.0,0.0,0.22,0.0,0.0,0.0,0.0,0.0,0.89,0.0,0.0,0.0,0.0,0.091,0.0,0.045,0.0,0.0,1.276,16,97
s: 21
t: 15.932
c: 44

i: 0.0,0.0,0.32,0.0,0.65,0.65,0.32,0.32,0.0,0.0,0.0,0.32,0.32,0.0,0.0,0.32,0.32,0.0,2.28,0.0,3.25,0.0,0.0,0.32,0.0,0.0,0.0,0.0,0.0,0.0,0.0,0.0,0.0,0.0,0.0,0.0,0.0,0.0,0.0,0.0,0.0,0.0,0.0,0.0,0.32,0.0,0.0,0.0,0.0,0.10400000000000001,0.0,0.0,0.157,0.052000000000000005,1.537,10,143
s: 23
t: 5.887
c: 40

i: 0.17,0.0,0.08,0.0,0.42,0.08,0.08,0.42,0.08,0.08,0.0,0.6,0.17,0.17,0.0,0.0,0.17,0.08,1.2,0.0,3.17,0.0,0.34,0.08,0.0,0.0,0.0,0.0,0.0,0.0,0.0,0.0,0.0,0.0,0.0,0.0,0.0,0.0,0.0,0.0,0.0,0.0,0.0,0.0,0.0,0.0,0.0,0.0,0.0,0.085,0.027999999999999997,0.099,0.013999999999999999,0.0,4.07,48,574
s: 25
t: 6.233
c: 42

i: 0.29,0.0,0.29,0.0,0.0,0.0,0.0,0.0,0.0,0.29,0.0,0.29,0.59,0.0,0.0,0.29,0.0,0.0,3.86,0.0,0.29,0.0,0.0,0.0,0.0,0.0,0.0,0.0,0.0,0.0,0.0,0.0,0.0,0.0,0.0,0.0,0.0,0.0,0.0,0.0,0.0,0.0,0.0,0.0,0.0,0.29,0.0,0.0,0.0,0.107,0.0,0.0,0.0,0.0,1.22,6,61
s: 24
t: 19.569
c: 42

i: 0.0,0.0,0.0,0.0,0.0,0.84,0.0,0.0,0.0,0.0,0.0,0.0,0.0,0.0,0.0,0.0,0.0,0.0,3.36,0.0,0.0,12.6,0.0,0.0,0.0,0.0,0.0,0.0,0.0,0.0,0.0,0.0,0.0,0.0,0.0,0.0,0.0,0.0,0.0,0.0,0.0,0.0,0.0,0.0,0.0,0.0,0.0,0.0,0.0,0.0,0.0,0.5870000000000001,0.0,1.4680000000000002,7.0,35,273
s: 21
t: 6.192
c: 44

i: 0.0,0.0,0.84,0.0,0.56,0.0,0.0,0.56,0.0,0.0,0.0,0.0,0.0,0.0,0.0,0.28,0.0,0.0,1.13,0.0,0.28,0.0,0.0,0.0,0.0,0.0,0.0,0.0,0.0,0.0,0.0,0.0,0.0,0.0,0.0,0.0,0.0,0.0,0.0,0.28,0.0,0.0,0.0,0.0,0.0,0.0,0.0,0.0,0.0,0.278,0.0,0.046,0.0,0.0,1.661,6,118
s: 30
t: 5.573
c: 43

i: 0.76,0.19,0.38,0.0,0.19,0.12,0.0,0.25,0.76,0.31,0.25,1.52,0.31,0.38,0.0,0.38,0.44,0.06,2.98,0.69,1.26,0.0,0.44,0.76,0.0,0.0,0.0,0.0,0.0,0.0,0.0,0.0,0.0,0.0,0.0,0.0,0.0,0.0,0.0,0.12,0.0,0.0,0.06,0.0,0.0,0.0,0.0,0.0,0.0,0.087,0.054000000000000006,0.439,0.24100000000000002,0.065,3.702,45,1070
s: 22
t: 6.013
c: 44

i: 0.0,0.0,0.0,0.0,0.0,0.0,0.0,0.0,0.0,0.0,0.0,0.0,0.0,0.0,0.0,0.0,0.0,0.0,0.0,0.0,0.0,0.0,0.0,0.0,0.0,0.0,0.0,0.0,0.0,0.0,0.0,0.0,0.0,0.0,0.0,0.0,0.0,0.0,0.0,0.0,0.0,0.0,0.0,0.0,0.0,0.0,0.0,0.0,0.0,0.909,0.0,0.0,0.0,0.0,1.0,1,1
s: 22
t: 22.715
c: 41

i: 0.58,0.0,0.0,0.0,0.0,0.0,0.0,0.0,0.0,0.0,0.0,0.58,0.0,0.0,0.0,0.0,0.0,0.0,0.58,0.0,0.0,0.0,0.0,0.0,1.76,1.17,1.76,0.58,0.58,0.58,0.58,0.58,1.76,0.58,0.58,0.58,0.58,0.0,0.58,0.58,0.0,0.0,0.58,0.0,0.58,0.0,0.0,0.0,0.0,0.414,0.0,0.10300000000000001,0.0,0.0,2.0,12,94
s: 17
t: 21.873
c: 40

i: 2.77,0.0,0.0,0.0,0.0,0.0,0.0,0.0,0.0,0.0,0.0,0.0,0.0,0.0,0.0,0.0,0.0,0.0,0.0,0.0,0.0,0.0,0.0,0.0,0.0,0.0,0.0,0.0,0.0,0.0,0.0,0.0,0.0,0.0,0.0,0.0,0.0,0.0,0.0,0.0,0.0,0.0,0.0,0.0,0.0,0.0,0.0,0.0,0.0,0.0,0.0,0.0,0.0,0.0,1.1,2,11
s: 21
t: 20.240
c: 40

i: 0.29,0.0,0.29,0.0,0.29,0.0,0.0,0.29,0.0,0.0,0.29,0.0,0.0,0.0,0.0,0.0,2.93,0.58,1.75,0.0,1.75,0.0,0.0,0.0,0.0,0.0,0.0,0.0,0.0,0.0,0.0,0.0,0.0,0.0,0.0,0.58,0.0,0.0,0.0,0.29,0.0,0.0,0.0,0.0,0.0,0.0,0.0,0.0,0.0,0.0,0.0,0.0,0.0,0.0,1.361,6,113
s: 29
t: 6.465
c: 43

i: 0.0,0.0,0.0,0.0,0.0,0.0,0.0,0.0,0.0,0.0,0.0,0.0,0.0,0.8,0.0,0.0,0.0,0.0,5.6,0.0,4.0,0.0,0.0,1.6,0.0,0.0,0.0,0.0,0.0,0.0,0.0,0.0,0.0,0.0,0.0,0.0,0.0,0.0,0.0,0.0,0.0,0.0,0.0,0.0,0.0,0.0,0.0,0.0,0.122,0.244,0.0,0.0,0.0,0.0,1.909,6,21
s: 20
t: 14.097
c: 40

i: 1.47,1.47,0.0,0.0,0.0,0.0,0.0,0.0,0.0,1.47,0.0,0.0,0.0,0.0,0.0,0.0,0.0,0.0,1.47,0.0,0.0,0.0,0.0,0.0,0.0,0.0,0.0,0.0,0.0,0.0,0.0,0.0,0.0,0.0,0.0,0.0,0.0,0.0,0.0,0.0,0.0,0.0,0.0,0.0,0.0,0.0,0.0,0.0,0.0,0.0,0.0,0.0,0.0,0.0,2.391,21,55
s: 24
t: 15.930
c: 44

i: 0.0,0.0,0.0,0.0,0.0,0.0,0.0,0.0,0.0,0.0,0.0,0.58,0.58,0.0,0.0,0.0,0.0,0.0,1.17,0.0,2.35,0.0,0.0,0.0,1.17,0.58,1.17,0.58,0.58,0.58,0.58,0.58,0.0,0.58,0.58,0.58,0.58,0.0,0.58,0.58,0.0,0.0,0.58,0.58,0.58,0.0,0.0,0.0,0.0,0.301,0.0,0.0,0.0,0.0,1.76,12,81
s: 20
t: 41.260
c: 41

i: 0.0,0.76,0.0,0.0,0.0,0.0,0.0,0.0,0.57,0.19,0.0,0.0,0.0,0.0,0.0,0.57,0.0,0.19,0.19,0.38,0.57,10.17,0.0,0.0,0.0,0.0,0.0,0.0,0.0,0.0,0.0,0.0,0.19,0.0,0.0,0.0,0.0,0.19,0.0,0.0,0.0,0.0,0.0,0.0,0.0,0.0,0.0,0.0,0.0,0.099,0.0,0.23199999999999998,0.066,0.9279999999999999,20.432000000000002,213,1655
s: 22
t: 6.074
c: 46

i: 0.26,0.0,0.52,0.0,0.52,0.0,0.0,0.0,0.0,0.26,0.0,0.26,0.0,0.0,0.0,0.0,0.0,0.26,1.31,0.0,0.26,0.0,0.0,0.0,0.0,0.0,0.0,0.0,0.0,0.0,0.0,0.0,0.0,0.0,0.0,0.0,0.0,0.0,0.0,0.0,0.0,0.0,0.0,0.26,0.52,0.26,0.0,0.0,0.047,0.047,0.0,0.047,0.0,0.0,1.081,3,53
s: 21
t: 22.794
c: 44

i: 0.0,0.0,0.0,0.0,0.93,0.0,0.0,0.0,0.0,0.93,0.0,0.46,0.0,0.0,0.0,0.0,0.0,0.0,1.4,0.0,0.0,0.0,0.0,0.0,4.22,1.87,0.93,0.46,0.93,0.46,0.46,0.46,0.0,0.46,0.46,0.46,0.46,0.0,0.0,0.46,0.0,0.0,0.46,0.0,0.93,0.0,0.0,0.0,0.0,0.2,0.066,0.0,0.0,0.0,5.593,42,330
s: 19
t: 34.360
c: 42

i: 0.0,0.32,0.32,0.0,0.16,0.16,0.0,0.0,0.16,0.32,0.0,0.0,0.0,0.0,0.32,0.0,0.32,0.32,0.8,0.32,2.08,0.0,0.0,0.16,0.0,0.0,0.16,0.64,0.0,0.0,0.0,0.0,0.0,0.0,0.0,0.0,0.0,0.0,0.0,0.0,0.0,0.0,0.0,0.16,0.0,0.0,0.0,0.0,0.0,1.3090000000000002,0.0,0.022000000000000002,0.377,0.0,3.918,157,772
s: 27
t: 21.269
c: 45

i: 0.0,0.0,0.0,0.0,0.0,0.0,0.0,0.0,0.0,0.0,0.0,0.0,0.0,0.0,0.0,0.0,0.0,0.0,0.0,0.0,0.0,0.0,0.0,0.0,8.33,4.16,4.16,4.16,4.16,4.16,4.16,4.16,0.0,4.16,4.16,4.16,0.0,0.0,0.0,4.16,0.0,0.0,0.0,0.0,0.0,0.0,0.0,0.0,0.0,1.092,0.0,0.0,0.0,0.0,3.333,11,30
s: 20
t: 33.351
c: 43

i: 0.0,0.0,0.0,0.0,0.0,0.0,0.0,0.0,0.0,1.28,0.0,0.0,0.0,0.0,0.0,0.0,0.0,0.0,2.56,0.0,0.0,0.0,0.0,0.0,0.0,0.0,0.0,0.0,0.0,0.0,0.0,0.0,0.0,0.0,0.0,0.0,0.0,0.0,1.28,0.0,0.0,0.0,0.0,0.0,0.0,0.0,0.0,0.0,0.0,0.0,0.0,0.23199999999999998,0.0,0.0,1.296,8,35
s: 22
t: 16.466
c: 39

i: 0.0,0.0,0.0,0.0,0.0,0.0,0.0,0.0,0.0,1.02,0.0,0.0,0.0,0.0,0.0,0.0,0.0,0.0,0.0,0.0,0.0,0.0,0.0,0.0,2.04,1.02,2.04,2.04,0.0,0.0,0.0,0.0,0.0,0.0,0.0,0.0,1.02,0.0,0.0,0.0,0.0,0.0,1.02,0.0,2.04,0.0,0.0,0.0,0.0,0.32299999999999995,0.0,0.0,0.0,0.0,2.682,13,110
s: 19
t: 41.873
c: 43

i: 2.32,0.0,0.77,0.0,1.55,0.0,0.0,0.0,0.0,0.0,0.0,0.77,0.0,0.0,0.0,0.77,0.0,0.0,2.32,0.0,0.77,0.0,0.0,0.77,0.0,0.0,0.0,0.0,0.0,0.0,0.0,0.0,0.0,0.0,0.0,0.0,0.0,0.0,0.0,0.0,0.0,0.0,0.0,0.0,0.0,0.0,0.0,0.77,0.0,0.134,0.0,0.6709999999999999,0.0,0.0,129.5,515,518
s: 21
t: 6.580
c: 42

i: 0.0,0.0,0.0,0.0,1.26,0.0,1.26,0.0,0.0,0.0,0.0,0.0,0.0,0.0,0.0,0.0,0.0,1.26,0.0,0.0,1.26,0.0,0.0,0.0,0.0,0.0,0.0,0.0,0.0,0.0,0.0,0.0,0.0,0.0,0.0,0.0,0.0,0.0,0.0,0.0,0.0,0.0,0.0,0.0,1.26,0.0,0.0,0.0,0.431,0.0,0.0,0.0,0.215,1.724,3.529,13,60
s: 21
t: 6.796
c: 43

i: 0.0,0.0,0.0,0.0,2.25,0.0,0.0,0.0,0.0,0.75,0.0,0.0,0.0,0.0,0.0,0.0,0.0,0.0,1.5,0.0,0.0,0.0,0.0,0.0,0.75,0.75,1.5,1.5,0.0,0.0,0.0,0.0,0.0,0.0,0.75,0.0,0.0,0.0,0.0,0.0,0.0,0.0,0.0,0.0,0.0,0.0,0.0,0.0,0.0,0.128,0.0,0.0,0.128,0.128,3.657,28,128
s: 13
t: 20.452
c: 38

i: 0.0,0.0,0.0,0.0,0.0,0.0,1.04,0.0,0.0,0.0,0.0,0.0,0.0,0.0,0.0,2.08,0.0,0.0,2.08,0.0,2.08,0.0,0.0,0.0,0.0,0.0,0.0,0.0,0.0,0.0,0.0,0.0,0.0,0.0,0.0,0.0,0.0,0.0,0.0,0.0,0.0,0.0,0.0,0.0,0.0,0.0,0.0,0.0,0.0,0.0,0.0,0.0,0.0,0.0,3.812,11,61
s: 23
t: 5.187
c: 44

i: 0.0,0.0,0.0,0.0,0.0,0.0,0.0,0.0,0.0,0.0,0.0,1.69,0.0,0.0,0.0,0.0,0.42,0.0,0.0,0.42,0.0,0.0,0.0,0.0,0.0,0.0,0.0,0.0,0.0,0.0,0.0,0.0,0.0,0.0,0.0,0.42,0.0,0.0,0.0,0.0,0.0,0.0,0.0,0.84,0.0,0.0,0.0,0.0,0.0,0.061,0.0,0.0,0.0,0.0,2.2880000000000003,11,103
s: 26
t: 14.990
c: 40

i: 0.0,0.0,0.0,0.0,0.0,0.0,0.0,0.0,0.0,0.0,0.0,0.0,0.0,0.0,0.0,0.0,0.0,0.0,1.49,0.0,0.0,0.0,0.0,0.0,7.46,2.98,0.0,0.0,0.0,2.98,0.0,0.0,0.0,0.0,1.49,0.0,0.0,0.0,0.0,0.0,0.0,0.0,0.0,0.0,0.0,0.0,0.0,0.0,0.0,0.0,0.0,0.0,0.0,0.0,1.9609999999999999,11,51
s: 18
t: 21.309
c: 38

i: 0.0,0.0,0.0,0.0,0.0,0.0,0.0,0.0,0.0,0.0,0.0,0.0,0.0,0.0,0.0,0.0,0.0,0.0,0.0,0.0,0.0,0.0,0.0,0.0,5.55,2.77,2.77,2.77,0.0,2.77,0.0,0.0,0.0,0.0,0.0,0.0,0.0,0.0,0.0,0.0,0.0,0.0,0.0,0.0,0.0,0.0,0.0,0.0,0.0,0.0,0.0,0.0,0.0,0.0,1.857,11,26
s: 18
t: 31.671
c: 41

i: 0.0,0.0,0.0,0.0,0.0,0.0,0.0,0.0,0.0,0.29,0.0,0.0,0.0,0.0,0.0,0.0,0.0,0.0,0.58,0.0,0.58,0.0,0.0,0.0,3.51,2.34,0.87,2.34,0.58,1.17,0.58,0.58,0.0,0.58,1.17,0.58,0.29,0.0,0.87,0.58,0.0,0.87,0.29,0.0,0.58,0.0,0.0,0.0,0.091,0.637,0.045,0.0,0.0,0.0,3.552,37,373
s: 15
t: 38.741
c: 41

i: 0.0,0.0,0.0,0.0,0.0,0.0,0.0,0.0,0.0,1.4,0.0,0.0,0.0,0.0,1.4,0.0,0.0,0.0,0.0,0.0,0.0,0.0,0.0,0.0,1.4,1.4,0.0,0.0,0.0,0.0,0.0,0.0,0.0,0.0,0.0,0.0,1.4,0.0,0.0,0.0,0.0,0.0,1.4,0.0,0.0,0.0,0.0,0.0,0.0,0.205,0.205,0.0,0.0,0.0,4.533,21,68
s: 18
t: 20.038
c: 36

i: 0.0,0.0,0.0,0.0,0.0,0.0,1.15,0.0,0.0,0.0,1.15,0.76,0.76,0.0,0.0,0.38,0.0,0.38,4.61,0.38,0.76,0.0,1.92,0.0,0.0,0.0,0.0,0.0,0.0,0.0,0.0,0.0,0.0,0.0,0.0,0.0,0.0,0.0,0.0,0.0,0.0,0.0,0.0,0.0,0.0,0.0,0.0,0.0,0.0,0.0,0.0,0.486,0.34700000000000003,0.0,1.608,6,74
s: 25
t: 5.608
c: 42


max time: 41.87
min time: 3.03
avg time: 10.13

avg calls: 41.99
