i: 0.6534,0.9799,0.8702,1.3464,-0.0252,0.4177,0.009000000000000001,-0.6544,0.2905,-0.4502,0.6486,0.7843,0.5016,-0.3675,0.7539,2.6432,0.5339,1.7481,1.8642,0.687
s: 14
t: 1.161
c: 21

i: -0.3228,0.2286,1.2212,-0.7763,-1.515,-1.8805,0.3892,-1.7075,-0.1564,-1.0882,0.9771,-2.1907,-0.4676,-0.758,-0.138,1.0724,-1.1483,-0.4976,-0.4701,-1.2016
s: 14
t: 1.220
c: 21

i: -0.7887,0.9358,0.2692,-0.3347,-1.0529,-0.1291,-1.3498,0.097,-0.4352,0.6890000000000001,1.3648,-1.168,-1.3639,-0.2815,-0.9666,-1.5074,-1.1112,-0.2565,-1.6988,0.5537
s: 14
t: 1.249
c: 21

i: -0.4845,0.6507,1.0213,-0.1622,0.4615,1.1383,0.3022,-0.0184,-0.3422,1.4257,-2.1906,0.0526,0.4942,-1.2475,0.0912,-0.5117,1.0618,0.9546,0.423,-0.7316
s: 15
t: 0.956
c: 21

i: 1.091,1.0297,1.1886,0.1096,0.4815,1.652,0.4342,2.0187,0.2981,-2.1523,1.463,-0.5257,-0.5263,-0.4152,-0.5648,1.4524,-0.3389,-1.1184,-0.2882,0.6332
s: 14
t: 1.080
c: 20

i: -0.6239,-0.3184,-0.3221,0.1109,0.2297,-1.2664,-0.6121,-1.0818,0.8290000000000001,0.5255,-1.6128,-0.3014,-1.0935,-0.8225,1.7496,-1.1711,-2.1458,-1.9068,0.3427,-1.1388
s: 15
t: 1.334
c: 21

i: 1.3024,0.087,-1.9858,0.5753,0.7646,0.5348,-0.7161,1.7569,-0.5212,-1.3137,-2.0374,-0.9083,-0.4928,-0.6061,-3.6274,-1.0829,-1.1131,-1.5206,-1.2416,-3.1054
s: 13
t: 1.344
c: 21

i: -0.6155,-0.9943,0.0407,0.3445,-1.3068,-0.488,-0.5491,0.0578,-0.0835,-0.52,0.3193,0.0275,-1.1309,-0.8663,1.1889,-0.7465,0.5674,-1.2969,0.0256,-0.8187
s: 14
t: 1.307
c: 21

i: 0.2667,-0.2833,0.8802,-1.1104,0.1343,-0.2,-0.0186,-1.6941,0.8387,0.7556,-0.4789,0.0128,0.3927,0.031,0.6493,1.5551,0.625,-0.8468,1.2565,0.6095
s: 14
t: 1.256
c: 21

i: 1.0266,0.2915,-0.6609,-0.1629,0.0252,0.3933,0.8504,0.7029,1.0729,0.4233,0.7141,-0.8517,0.7061,0.8758,-0.3727,1.2064,0.1876,2.4415,0.1702,1.1673
s: 15
t: 1.218
c: 21

i: -0.5192,-1.7432,0.8153,-0.4689,-0.6518,-1.2098,1.2659,1.2597,-1.2541,0.5021,-0.1313,-0.0898,0.7757,2.3994,0.6317,1.4484,0.4175,0.7787,0.2281,-0.1777
s: 13
t: 1.272
c: 21

i: -0.0496,-0.4502,0.2988,1.2486,-0.4711,1.1581,0.2443,1.7098,-0.5604,-0.0393,-0.705,1.9485,1.5292,-0.8759999999999999,1.1025,-1.2033,-0.9567,-0.4369,0.6677,-1.6559
s: 14
t: 1.284
c: 21

i: -0.0859,-0.2314,-0.6402,-0.5436,-0.5493,0.8824,-0.378,0.2026,0.542,-0.8490000000000001,-2.7029,-1.5679,-0.6971,-1.2496,-0.3396,0.5457,-0.5893,-1.1218,-1.235,-0.2699
s: 13
t: 1.407
c: 21

i: -0.9362,-1.6746,-0.7376,1.0203,-1.4475,-1.0061,0.5654,0.4367,0.1912,-0.3529,-1.0714,-0.4431,1.0324,-1.2235,0.1067,1.2317,-0.7117,-1.181,-1.0624,-1.5944
s: 14
t: 1.402
c: 21

i: 0.6616,-0.7955,1.3704,-1.0373,0.4988,0.5365,-1.1838,-0.4674,0.9194,-2.4485,1.6157,0.7148,-0.8517,0.2723,0.6653,1.9326,-0.9075,0.5197,1.4613,0.8551
s: 13
t: 1.275
c: 21

i: 1.4984,-0.6305,0.4334,1.3732,0.9463,-0.6592,0.6091,-0.0868,1.1388,-0.3841,-1.0901,1.4288,-0.1456,-0.6343,0.3665,-0.8496,1.1202,1.5821,1.5979,1.4188
s: 17
t: 0.984
c: 21

i: -2.6362,-0.9345,-0.222,0.1376,-1.3968,0.7078,-0.4636,-2.2985,-1.1067,-2.1023,-0.6206,-1.7615,0.1137,-0.7415,-1.2214,-1.9626,0.6276,1.0361,-1.3704,0.8121
s: 13
t: 1.389
c: 21

i: -1.1505,-1.1661,-1.1624,0.3021,-0.2892,0.3869,-0.2133,-1.306,-0.1949,-0.9059,1.2988,-0.7987,1.3544,-1.6649,0.6417,-0.6438,0.0831,0.9154,0.1238,-2.9128
s: 16
t: 1.265
c: 21

i: 2.3966,1.7523,0.2473,0.7169,0.5733,1.4247,1.4293,0.3801,0.405,0.8637,0.4359,0.3491,1.1368,1.6162,1.7195,0.0572,0.083,2.4088,0.9384,2.3382
s: 13
t: 1.144
c: 21

i: 1.2607,-0.7137,0.9245,0.8836,0.4869,1.1245,-0.0184,0.3317,0.2288,1.7455,1.2481,0.146,1.33,1.1284,0.3843,1.3088,-0.9301,1.9651,0.468,0.2707
s: 15
t: 1.170
c: 21

i: -0.0853,0.1176,0.8394,1.8866,-0.513,-1.0945,0.3614,1.2833,0.9423,-0.5232,0.5085,1.2052,2.1263,1.2309,0.5746,1.7706,-2.3813,1.4031,0.4251,0.5261
s: 11
t: 1.783
c: 21

i: -1.02,-1.0345,-0.1103,-1.2456,0.0481,1.2763,-0.5139,-0.2554,1.6879,-0.2235,0.0592,-0.7533,0.03,-0.9861,-1.1079,-0.1544,-1.0338,-1.1655,0.9983,0.2072
s: 13
t: 1.298
c: 21

i: 0.2865,0.3342,-1.054,-0.9533,-0.6482,-0.1426,-0.2889,-0.5632,-0.0999,-0.8699,-0.8447,-2.7454,-0.9235,-0.3485,0.507,-1.5545,-1.2418,0.2984,-0.4616,0.5425
s: 15
t: 1.189
c: 21

i: -1.3654,-0.2031,-0.2252,-2.2069,-0.6581,-1.0895,1.586,0.1674,-1.2406,-0.7283,-0.7828,1.2086,-0.1839,-1.3084,-0.7128,-0.9012,0.4412,-0.7466,-0.6223,-0.7559999999999999
s: 12
t: 1.401
c: 21

i: 1.1839,-0.7002,1.2794,-1.9893,0.0496,0.8454,-1.4428,0.6319,0.0137,-1.6338,0.3722,-1.6307,0.4841,-1.8846,-1.6909,-1.3246,-0.1125,-0.3137,-2.571,0.3533
s: 15
t: 1.318
c: 21

i: 1.1386,0.5666,-0.8044,-1.7162,0.2183,-0.0694,-1.6039,1.8763,-1.3102,-0.0127,0.6111,0.5033,0.2529,-1.5648,-0.3964,0.5239,-1.0168,-0.4065,0.3235,0.7869
s: 15
t: 1.344
c: 21

i: 0.1889,0.3443,-0.0605,0.6017,1.976,-0.0618,-0.058,1.0038,-0.1846,-1.1029,0.5692,1.5711,0.1695,2.2187,0.1946,-0.3261,-1.0848,2.1917,0.0452,2.6916
s: 14
t: 1.217
c: 21

i: 0.1903,1.4853,-0.4575,-1.4472,-0.2929,0.9635,2.0393,-1.3329,1.2445,0.6902,1.2227,1.1587,0.5095,1.2086,-0.0651,0.6163,-0.9644,-0.028,0.0935,0.0433
s: 15
t: 1.082
c: 21

i: -1.1516,-0.5102,-0.5078,0.0624,0.6094,-0.6114,0.2529,3.2595,0.1761,-0.8138,0.3043,-0.3305,-0.6203,-0.4558,0.3764,1.4529,1.4340000000000002,1.1314,1.439,-0.8412
s: 15
t: 1.249
c: 21

i: 0.2893,-0.8645,1.2126,2.1458,-0.5856,-0.8872,0.6765,1.1522,0.6354,0.6954,1.5899,0.9308,-0.2138,1.1792,1.6278,1.0283,1.8933,1.7091,-0.0969,1.1272
s: 12
t: 1.559
c: 21

i: 0.9471,1.3059,0.5720000000000001,3.3663,-1.706,1.4276,-3.1029,0.4103,-0.7572,0.8955,-0.5712,-0.0603,0.3733,-1.2188,0.9532,1.8458,0.1516,0.2984,0.4537,0.1804
s: 15
t: 1.222
c: 21

i: -1.8062,-0.0466,-0.2133,-1.3514,-1.5838,-1.7053,-0.5846,-0.2032,-0.7862,0.0734,-0.2169,0.3811,-1.3388,1.0334,-0.4878,-0.5351,-0.7246,-1.0417,-0.627,-1.1404
s: 13
t: 1.356
c: 21

i: -1.44,0.426,-1.0311,-1.8321,-1.1539,0.1017,-0.1629,0.2643,0.2447,0.8219,-0.1986,-0.0557,-1.5742,1.0893,0.5588,-0.5187,-1.3367,-1.2057,-0.8815,-2.4278
s: 16
t: 1.343
c: 21

i: 1.2473,-0.2953,0.3871,2.7616,1.41,1.8115,0.9491,1.2688,-0.8256,-0.016,-1.3003,-0.7328,1.1035,0.477,1.1652,-0.5920000000000001,0.5219,-0.8322,0.9307,0.8388
s: 15
t: 0.991
c: 21

i: 1.6195,-1.5073,0.0996,-0.9235,-0.2538,-0.785,0.7623,-0.0601,1.3752,0.9734,0.8222,-0.1266,-0.342,-0.6308,-1.0853,0.4658,-1.7863,-0.3208,1.2033,2.1562
s: 14
t: 1.343
c: 21

i: 1.0941,-0.5139,-1.5165,-0.244,0.2808,-0.3524,-2.479,0.935,-1.2727,-0.1384,-0.4196,-1.5517,-1.2273,1.0202,-2.6011,-1.7275,-1.2815,-0.42,-1.0332,-0.679
s: 13
t: 1.377
c: 21

i: -1.24,-0.2191,0.1246,-0.0336,1.0808,0.4872,-2.0873,-0.8764,-0.48,-0.8766,-3.1221,-0.6922,0.6683,-0.7273,-0.7677,0.29100000000000004,0.2827,0.261,0.7070000000000001,-1.4192
s: 14
t: 1.346
c: 21

i: -1.1924,-2.4598,-0.7724,-0.9334,0.4058,1.0331,-0.6753,-0.2877,0.8698,-0.5169,-0.0157,-0.2261,-0.4162,-1.0495,-1.3177,-1.2545,-0.8467,-0.9421,-1.1538,1.2892
s: 14
t: 1.384
c: 21

i: 0.1639,-0.3896,0.4835,0.3878,-2.0872,-0.9651,0.4493,-0.8194,-0.0048,-0.0408,-0.4283,0.8833,-1.0798,0.0376,-0.204,-0.9048,2.0412,-0.3914,-1.1316,-0.5497
s: 14
t: 1.538
c: 21

i: -1.5006,0.2133,1.6428,-0.344,-0.9013,-0.8057,0.6225,0.6062,-1.0785,0.6504,1.6531,-0.2974,-0.0488,0.8732,0.8671,-0.5909,-0.4307,-0.1731,0.3222,0.4294
s: 18
t: 1.077
c: 21

i: 0.1946,-0.5216,-0.9198,0.5157,-0.4041,-1.1542,-1.4752,0.3303,0.8343,0.7164,-0.5256,0.647,-1.2412,1.378,0.0752,-1.7412,-0.2783,-2.0856,-0.2604,-1.6957
s: 14
t: 1.366
c: 21

i: -0.8442,-2.8578,-1.5231,-1.5169,-1.0063,-0.8986,0.4195,0.3661,-1.9765,-1.3948,-1.2607,-1.3449,-0.6266,-2.5443,1.5636,-1.7085,-0.9528,-1.5453,-0.1936,-0.6946
s: 14
t: 1.710
c: 21

i: -1.7522,-2.2776,0.2901,0.6555,0.3061,-1.5901,-1.0219,-0.1876,1.3361,-1.3838,-1.3769,-1.3583,0.897,1.165,-1.7867,0.397,-1.8002,-0.4163,-1.7342,0.2948
s: 15
t: 1.380
c: 21

i: 1.6445,0.1493,0.9341,-0.853,0.2403,1.5531,0.8926,1.0658,-0.9693,-1.5211,0.5386,-0.1417,0.2765,0.3306,0.8285,0.1409,-0.5543,-0.2587,-0.0791,2.2178
s: 15
t: 1.198
c: 21

i: -0.9355,0.4098,1.3682,-0.3055,1.9537,1.1959,-0.9475,0.2499,1.9364,1.6065,1.4896,0.5787,0.0259,-0.5920000000000001,1.4538,0.1876,1.007,2.7466,1.7183,0.5402
s: 11
t: 1.587
c: 21

i: -2.1327,-2.1128,0.596,0.6453,-0.4383,1.7563,-1.2783,0.7592,-0.1709,1.5737,-1.2525,-1.3453,-1.1117,2.931,0.0399,-3.1929,-1.4504,-0.3139,-1.5948,-1.915
s: 12
t: 1.486
c: 21

i: -0.7236,0.1851,0.7453,2.2656,0.1218,0.4983,0.6549,-0.6,-0.81,-0.8136,1.877,0.0185,0.7909999999999999,-0.3049,-0.1691,1.7381,-0.4175,-0.8054,1.5808,-0.7073
s: 15
t: 1.238
c: 21

i: 2.0352,0.7698,-0.424,1.0411,0.6665,-0.5511,1.6446,1.9733,0.682,0.2748,0.5974,0.966,0.7025,1.3589,-0.9413,0.7525,-0.4348,0.5457,-0.653,1.0836
s: 14
t: 1.215
c: 21

i: -0.2863,-0.4164,-0.3163,-0.8228,-0.3279,-0.722,-0.8522,1.078,-1.6672,-0.0207,-0.2972,-0.4447,0.9702,0.7093,-1.0578,-0.2849,-1.9848,-0.3662,-1.8562,-1.1689
s: 12
t: 1.566
c: 21

i: -2.1611,0.2455,-0.9963,-1.935,-0.7703,-0.8390000000000001,0.2431,-0.4645,-0.8519,1.1102,-1.6147,0.2293,-0.5333,-1.5872,0.2528,-2.013,0.6214,1.2928,-0.7361,-2.0169
s: 14
t: 1.381
c: 20

i: -1.0556,-2.1012,-0.8059999999999999,0.1427,-1.3343,1.8778,-1.3407,2.3615,-0.4888,-0.5665,-0.111,-2.4665,-1.7781,-0.4309,-1.2612,-0.0265,-1.0203,0.2404,0.3733,-0.4725
s: 13
t: 1.541
c: 21

i: 0.5946,1.0741,0.7818,-0.5161,0.2199,0.0121,3.0326,1.0059,0.1503,1.3678,1.5759,1.3657,0.2691,-0.8581,-0.0226,0.7197,0.4946,1.5591,0.4722,1.1022
s: 16
t: 1.094
c: 21

i: 1.0514,2.2912,0.4768,1.646,1.3395,0.6184,-0.0618,-0.9285,-0.0408,-0.4023,0.1225,2.0941,0.0724,0.3137,0.412,0.5023,0.9585,0.0639,0.3795,-0.3657
s: 16
t: 1.165
c: 21

i: 0.3215,-2.5844,-1.6502,0.7888,0.4204,-0.7506,-1.8357,-2.2143,1.3738,0.0467,-0.0724,-0.9582,-0.4327,0.7717,-1.2272,-1.5205,1.0008,-0.7747,-0.5304,-0.1815
s: 12
t: 1.687
c: 21

i: 0.1474,0.9437,-0.0015,0.0419,-0.1794,0.1368,2.0223,-0.2951,0.5671,0.2276,-1.8423,0.1076,1.3356,0.9976,0.3795,-0.1065,0.3017,-0.5264,1.2262,0.5533
s: 16
t: 1.142
c: 21

i: 0.6499,1.242,1.2698,0.569,-0.2061,-0.1189,1.4843,0.3221,0.4318,-1.1573,-1.4397,1.4612,-1.2738,-1.398,2.1637,-0.5523,-0.9513,0.1048,-1.28,0.7321
s: 13
t: 1.443
c: 21

i: -0.9774,-1.3841,-0.8906,-2.5718,-0.0352,0.6061,-0.1284,-1.6022,-0.6732,-1.4275,-0.8896,1.6374,0.399,-0.0233,-0.7493,0.4486,-0.413,-0.0226,1.4065,-1.944
s: 15
t: 1.459
c: 21

i: 1.8351,1.0981,-0.6455,2.0222,-0.2534,0.7427,-0.0935,1.0964,-1.1736,0.9581,-0.2856,2.1973,-2.0905,-0.8398,2.0079,-2.0419,2.0675,0.7183,1.0059,1.78
s: 13
t: 1.774
c: 21

i: 1.2418,-1.9089,-0.855,0.4395,-1.6457,-1.5166,-0.5666,0.3304,-1.883,1.1056,-0.4064,-0.4172,0.0709,-1.0024,-2.3738,-2.3536,1.1113,-0.1006,1.1618,0.8164
s: 15
t: 1.410
c: 21

i: -0.6342,0.8968,-1.0681,-0.7382,0.0326,0.7701,1.1436,-1.253,0.4485,0.6499,-0.1213,0.6911,-0.3107,0.0105,-1.1702,-1.0035,0.0964,-2.157,-0.1609,-0.9529
s: 17
t: 1.052
c: 21

i: 2.3763,1.3994,-2.4273,0.952,-1.0695,0.1964,-0.5681,0.6063,-0.1711,0.7625,1.7416,0.9602,0.2315,0.1186,0.0441,-0.0326,1.297,-0.7189,0.9738,0.2916
s: 14
t: 1.373
c: 21

i: -0.5392,-0.2809,-1.7207,-1.607,-2.6914,0.8586,-2.0649,0.5571,-0.7335,-1.025,0.5288,-0.5595,-1.7145,1.2087,-0.1017,-0.3247,0.3028,-1.8639,-0.5122,1.5542
s: 13
t: 1.432
c: 21

i: -1.0365,0.6558,-0.0143,-0.7657,-0.1969,-1.3132,0.1693,-1.3053,-0.2738,0.9342,0.4639,-0.2519,-1.5212,0.4918,0.6783,0.3651,0.0619,-1.7219,-0.6152,-0.7783
s: 17
t: 1.107
c: 21

i: -0.1971,1.225,2.3206,0.7649,-1.0095,0.105,0.7616,-0.1673,-0.1311,0.6308,0.0659,2.3971,0.6174,-0.3956,1.033,-1.1388,-0.3807,0.5689,-0.1773,0.4265
s: 17
t: 1.291
c: 21

i: -0.3016,0.4577,0.957,0.9395,-0.2435,0.468,-0.6359,-0.8032,-1.9299,-0.14400000000000002,0.9964,0.0966,-1.4034,-0.8968,-0.9634,-0.4938,0.4793,-2.2446,-0.511,-0.9514
s: 15
t: 1.325
c: 21

i: 0.396,-1.1458,0.4147,-1.5038,-1.0174,0.2092,0.1628,0.306,0.3997,0.3467,-0.8097,-0.1141,-0.4087,-1.3072,-1.3244,-1.6721,-0.7319,-1.9011,-1.2347,-0.4861
s: 15
t: 1.138
c: 21

i: 1.0468,1.3896,-1.2023,0.2975,-0.1617,0.2061,0.6022,0.3932,1.4052,0.8078,0.5904,0.3262,-0.9275,-0.3097,0.3284,-1.125,0.1535,1.611,1.3182,1.3346
s: 16
t: 1.330
c: 21

i: -1.2016,0.7149,-1.083,0.0693,0.2818,1.3665,-1.4082,1.5153,-1.3249,-2.1782,0.0001,1.1811,0.4218,-0.5039,-1.3106,0.2104,0.2788,-0.4334,0.6961,0.1395
s: 17
t: 1.164
c: 21

i: 1.3576,-0.3384,1.3071,1.4296,0.3684,-1.8503,1.3212,1.2725,0.9293,0.5118,-0.1847,0.7228,-0.2866,1.3356,1.8638,0.7262,-1.3586,1.4219,-0.4043,1.072
s: 13
t: 1.464
c: 21

i: 1.1355,0.3934,-2.3102,-0.4496,-1.4584,-0.6109,0.9858,0.3074,-0.8368,0.0875,0.8754,-0.251,-1.3087,-2.273,0.9849,0.7422,-3.2851,-0.2294,0.0147,-1.2416
s: 14
t: 1.341
c: 21

i: 0.6997,1.4671,-0.8036,-0.7014,-0.7011,0.789,-1.2426,0.6609,0.3531,1.5523,-0.5201,0.1564,1.5883,2.022,1.9995,1.0693,1.5774,0.4648,0.9488,0.7173
s: 15
t: 1.519
c: 21

i: -0.1165,-0.8329,0.6919,0.3965,0.4152,0.8213,1.3635,0.933,-0.1018,0.5985,0.3273,0.3081,1.8605,0.982,-0.0014,0.2894,-2.1204,1.8337,1.1131,0.7772
s: 13
t: 1.499
c: 21

i: -0.5044,-0.2813,1.3597,-0.7588,-0.5483,0.7882,-1.1812,-0.4798,-1.6895,-0.5268,-0.6709999999999999,-0.2773,1.3714,-1.0502,0.1094,1.6597,0.6558,-0.8038,-1.3404,0.2239
s: 13
t: 1.360
c: 21

i: -0.3664,0.1393,-0.8413,0.4401,0.0295,-0.715,0.4253,0.0843,2.306,0.6445,-0.5243,-1.3667,-1.3691,-1.3133,-1.4647,2.4479,-1.1509,-2.3505,0.9734,-1.4563
s: 15
t: 1.221
c: 21

i: -1.0428,-0.5332,-0.5486,-1.2835,-0.1944,-0.4408,0.7390000000000001,-0.1873,-0.5656,0.487,-0.7996,0.9543,-1.2045,-0.335,0.4631,0.2701,-1.1529,0.2288,-0.6668,0.1445
s: 16
t: 1.325
c: 21

i: 0.55,-1.1987,-0.9792,-0.341,0.5,-1.6097,-1.2213,-0.7838,-0.4233,-1.0499,0.3,0.6705,-1.6813,-1.1704,0.6264,-0.5448,-0.9291,0.1951,-0.9355,-1.1766
s: 13
t: 1.488
c: 21

i: 1.1936,2.539,0.449,0.6095,-0.7122,-2.153,0.4904,-0.8275,1.8077,0.3975,1.1015,-0.5652,0.317,0.1943,0.1608,1.917,0.9025,-0.7419,0.6024,0.6536
s: 14
t: 1.528
c: 21

i: 0.2063,1.1926,1.0124,0.6229,2.478,0.2539,0.6312,0.5463,0.7008,-1.1134,-0.2255,0.208,2.9118,0.436,-1.0715,0.5881,-0.1743,-1.5754,-0.9575,-0.2213
s: 15
t: 1.008
c: 20

i: -1.4739,-0.401,-0.6052,-1.4394,0.3062,-1.5127,-0.958,-2.4382,-1.8171,0.2141,-1.294,-0.5698,-1.3799,-1.5125,0.4361,-0.995,-0.3522,-0.3477,-0.08199999999999999,0.4168
s: 12
t: 1.689
c: 21

i: -0.3572,-0.2255,1.5452,1.4936,0.1575,0.5564,0.888,0.3823,0.7743,0.2264,-0.9808,1.1851,-0.7471,1.733,-0.1791,0.5243,0.9001,1.7763,2.7433,-0.4478
s: 15
t: 1.503
c: 21

i: 2.5749,-0.0806,0.4677,-0.459,-1.1857,-0.1622,-1.325,0.7459,1.943,1.1012,0.0837,-0.4196,0.0044,0.1996,0.9958,3.2233,0.3257,-0.2135,1.3656,-0.514
s: 14
t: 1.573
c: 21

i: -0.4049,1.8271,1.1552,0.9013,1.3495,-1.4544,2.7564,-0.6397,0.2508,1.6808,-0.3654,1.2433,-0.88,-0.3902,0.8774,0.1923,1.2786,0.0823,-0.4228,-1.289
s: 14
t: 1.346
c: 21

i: 1.0848,0.4481,1.4049,1.7504,0.0963,0.7815,-0.7751,1.1113,-1.2102,-0.2662,1.6116,0.3302,1.758,0.4146,-0.3539,1.3631,-0.3663,0.0924,-1.1009,0.3892
s: 13
t: 1.623
c: 21

i: -0.8538,0.2953,-1.7484,-0.4209,-1.1458,-1.9604,-0.4432,-0.3898,-0.9099,-0.3912,-1.7767,-0.1081,-2.6308,-0.2077,-0.9256,-0.5769,-0.0537,-1.0539,-0.2998,1.9303
s: 11
t: 1.852
c: 21

i: 0.0996,1.1168,-0.3527,1.7796,-0.491,-0.614,1.7754,-1.218,1.0433,0.0816,-1.0051,1.3232,-0.34,-2.146,-0.2789,0.446,-0.0243,1.6004,1.8305,-0.479
s: 16
t: 1.270
c: 21

i: 0.4119,0.7422,0.3213,0.7247,1.6413,0.0394,-1.0421,1.3007,-0.3772,1.1728,-0.0129,2.33,0.7458,1.3844,1.2391,0.5231,-0.0273,0.3931,1.9961,-0.2098
s: 12
t: 1.517
c: 21

i: 2.1117,-1.1385,-0.0714,1.0456,-0.9374,-1.3889,0.5191,-2.8116,-1.095,-0.8982,-1.4085,0.1521,-0.7488,-0.6179,-0.6147,-1.3828,-0.1091,-1.6425,-0.8543,-0.8740000000000001
s: 12
t: 1.686
c: 21

i: 1.0526,-0.423,-1.05,1.0546,-1.5461,-1.4681,-0.7212,-1.3248,-0.9824,0.2135,0.1949,-1.3453,-1.654,-0.9105,-0.8279,-1.357,0.6591,0.4181,-0.6964,-0.1134
s: 12
t: 1.593
c: 21

i: 0.6417,-0.1896,0.4938,0.1872,2.6462,0.2111,0.4118,1.1038,0.5326,1.2379,1.9651,0.7956,0.1102,1.6407,2.0103,1.5651,0.0611,-1.1039,-0.4973,0.1674
s: 12
t: 1.649
c: 21

i: 0.6609999999999999,2.6273,0.3642,1.6554,1.5166,-0.1697,0.58,1.592,0.7295,-0.0133,1.7935,0.4252,0.2651,1.4279,0.5642,0.6951,2.1581,1.5494,1.4032,-1.8823
s: 12
t: 1.560
c: 21

i: -2.0606,-2.246,-0.7488,-0.7932,-1.9167,-0.3973,1.0874,-0.9917,-1.7543,-0.3757,0.0625,1.2073,0.2642,0.8152,-0.5589,-0.4349,-1.3755,2.2143,-0.4186,-0.0592
s: 13
t: 1.560
c: 20

i: -0.1076,1.8943,-0.3682,0.6118,-1.1561,-0.2252,-0.5191,0.7523,0.4791,-0.035,0.9879,0.3367,0.187,0.2875,0.0719,1.5882,-0.6776,0.6241,-0.8428,0.3775
s: 18
t: 1.217
c: 21

i: -0.5154,1.2293,0.2286,0.5992,-1.3195,0.0073,2.4383,1.5013,1.1213,0.3426,0.9966,0.1607,0.7854,0.7466,1.8712,-0.8892,0.0399,1.7952,-0.1122,0.8437
s: 13
t: 1.419
c: 21

i: -2.0566,0.1171,-0.3367,1.2695,-0.4270000000000001,-2.9343,-1.3086,-0.1445,-0.9742,0.2846,-2.5132,0.3458,-0.0957,-0.4726,-1.4087,-1.3229,-1.5074,-0.9929,0.5548,1.2361
s: 12
t: 1.633
c: 21

i: 0.9965,-0.1875,-0.2088,-1.8153,0.2291,2.3588,-0.4274,0.4908,-0.5223,0.765,1.6038,0.253,-0.5578,1.7418,-0.8001,0.3663,1.4002,0.6385,-0.601,1.3126
s: 16
t: 1.461
c: 21

i: 1.7321,0.4835,0.8064,-0.6516,1.9414,1.2958,-0.4152,-1.0152,1.1411,0.1417,1.4121,-0.5479999999999999,0.2058,-0.3744,0.6275,1.7821,-0.8221,1.2723,-0.3798,1.7285
s: 15
t: 1.701
c: 21

i: 0.5129,-1.7123,0.0781,-0.4313,-1.2757,0.9655,-2.3289,0.3672,-0.7856,-0.5606,-1.2721,-0.7642,-0.2741,-1.7791,-1.2138,0.4852,-0.6157,-0.9832,-0.3694,0.6524
s: 12
t: 1.802
c: 21

i: 0.4243,-0.1538,1.3136,-0.1246,1.2738,-0.285,-1.3374,0.1461,1.0109,0.243,-1.0557,1.6625,0.1908,-0.1929,-1.2856,0.2663,0.4001,1.8449,0.2412,0.5552
s: 15
t: 1.195
c: 21

i: -0.1564,-1.4441,0.7327,-2.3145,0.5092,-1.0695,0.2717,-0.2595,-1.3891,-0.1869,1.2273,0.4565,-1.795,0.4592,-0.8619,-1.0437,1.0014,-1.0278,-0.3355,0.9228
s: 13
t: 1.325
c: 21

i: -1.4067,-0.4121,-0.3242,-0.9042,0.1895,0.2336,0.3398,-0.3181,-0.584,0.2697,1.5825,0.5161,1.0728,-0.4196,-0.4623,-0.7691,-0.7149,-0.5983,-2.0306,-1.3517
s: 15
t: 1.458
c: 21

i: 1.0286,-0.4673,0.7119,-0.78,0.6368,-0.9243,0.4205,-2.4218,-0.7637,0.8457,0.4548,0.0896,1.6772,-0.4755,-0.3179,-0.4874,0.3952,1.173,-0.4904,1.2031
s: 15
t: 1.321
c: 21

i: 0.211,0.6890000000000001,-1.3397,0.2328,1.809,1.8551,0.3782,-0.6805,-0.4795,0.9398,0.2621,2.2618,-0.0456,1.0412,0.6713,0.865,0.758,1.9334,1.9293,0.0672
s: 14
t: 1.454
c: 21

i: 0.9373,-0.2481,-1.3144,-0.7261,1.2314,-1.1357,-1.0591,0.7072,0.6673,-0.2895,-0.7355,0.4164,0.9031,-0.4291,-1.3662,-0.1668,0.1793,1.273,0.5309,-1.1428
s: 16
t: 1.381
c: 21

i: 1.4416,-0.336,0.1186,0.2074,1.3853,-0.4598,0.6261,1.5403,1.1212,0.5781,0.4205,-0.6756,-0.4163,-0.718,-0.2916,1.0903,0.3013,1.9651,-0.0308,-0.0807
s: 17
t: 1.381
c: 21

i: 1.3155,-1.1283,1.0793,2.0815,-0.6737,-0.4906,1.6873,0.4194,1.3338,-1.1774,2.1706,0.818,-1.1371,0.1218,0.6990000000000001,1.3330000000000002,-0.1501,-0.6735,1.1199,0.2968
s: 13
t: 1.559
c: 21

i: 0.0502,-0.5966,-0.8517,1.2028,0.8278,-1.1735,0.1426,-1.1498,0.1827,0.188,-1.113,-0.5336,-1.8005,-0.191,-0.955,0.1848,-0.5798,-1.0916,-1.2542,-1.0389
s: 13
t: 1.686
c: 21

i: 0.1596,0.6890000000000001,-0.9578,0.6785,-2.1214,0.4987,-0.2321,-0.7925,-1.1421,-0.0055,0.5894,-1.8237,0.8541,-1.0862,1.0581,-2.1716,-1.1331,1.2752,-1.5543,1.2884
s: 15
t: 1.532
c: 21

i: 0.1638,-2.2569,-2.4675,-0.0783,-0.3776,-1.2369,-1.8781,1.9108,-1.816,-1.1933,-0.962,-0.7593,-1.2052,-0.1985,-0.5594,-0.6576,-0.7364,0.077,-1.6389,-0.3309
s: 12
t: 1.764
c: 21

i: 0.1458,1.0574,-1.8066,-1.4915,-1.9502,-0.0392,-1.4966,-0.9037,-0.7365,-0.6587,-0.2673,-0.7058,0.3054,-0.3427,-1.3192,0.0525,-0.2728,-0.394,0.3423,0.1863
s: 14
t: 1.570
c: 21

i: 0.9958,1.5801,0.3284,1.1239,-0.6327,1.33,0.2012,-0.0554,0.0797,-1.409,0.0354,-2.1161,-0.4964,1.0883,0.8622,1.0205,1.5523,1.3473,1.4354,-0.4818
s: 13
t: 1.624
c: 21

i: 0.0828,-0.2097,-0.1614,1.1746,1.5609,1.4743,0.4438,1.5586,-0.9102,-0.8001,2.6078,-0.2953,-0.9787,-0.2403,1.9629,0.1347,-1.3039,0.603,-0.7535,1.0194
s: 12
t: 1.750
c: 21

i: 1.8374,-0.1961,0.7261,-0.4547,0.0841,-0.7251,-1.7609,1.7052,0.9582,0.5496,0.4203,1.8262,0.3398,1.3247,0.9734,-0.8068,1.4479,-0.9593,-0.6618,-0.7171
s: 14
t: 1.648
c: 21

i: -0.4977,1.097,1.6808,0.6386,1.1903,1.1707,-0.6712,1.224,2.1244,1.3908,0.8007,0.774,1.9987,-0.0057,1.5033,2.4214,0.6686,-0.0983,0.6609,-0.3929
s: 12
t: 1.694
c: 21

i: 0.1089,0.1008,0.6629999999999999,0.5244,1.2828,-0.3718,0.0378,1.177,0.2496,1.0694,0.1569,-0.3389,1.1763,1.3985,-0.4104,-0.0002,2.3034,0.7025,0.9004,2.4408
s: 12
t: 1.622
c: 21

i: 0.8368,2.4929,1.2023,0.4937,0.9596,-1.039,0.3933,-0.0272,1.4097,1.9662,-0.8634,2.7346,-1.7664,0.4918,0.2915,-0.412,1.0487,1.4928,0.3318,1.9413
s: 15
t: 1.322
c: 21

i: 0.1969,1.6977,0.425,0.7163,-1.1245,0.5824,0.7696,1.3499,-0.0865,0.5332,0.5058,0.8855,0.2598,-0.8047,1.9477,0.861,1.147,0.2703,1.109,2.5945
s: 15
t: 1.520
c: 21

i: -1.3953,0.1805,-0.1187,-2.3917,1.5699,0.5549,0.1638,-1.0491,-1.6292,-0.3008,-0.0095,-0.4023,-1.9288,1.5508,-0.2177,-1.0216,0.5582,-1.0793,0.6343,-0.2687
s: 13
t: 1.723
c: 21

i: 0.6197,0.1311,1.0215,-0.3024,-0.9529,0.1219,0.4438,-1.7967,-1.0538,0.3526,-0.9261,-0.5285,-0.5443,-1.1039,-2.1847,1.5111,-0.6528,1.2234,-1.01,0.7032
s: 14
t: 1.636
c: 21

i: 1.273,-0.0103,-1.9394,-1.0512,-0.5874,-1.2751,-2.1436,-0.3894,1.4071,0.6889,1.1629,0.2444,-1.0499,-0.5627,-0.7376,-0.5553,0.2764,-0.4217,-1.0543,0.6021
s: 13
t: 1.573
c: 21

i: 2.8223,1.6259,-0.1458,-1.4157,0.5775,-1.0807,-0.2955,0.5706,0.9574,2.1659,1.1718,0.5206,-1.4126,-2.3526,0.1841,0.1687,1.1383,-0.2774,0.0671,-0.4131
s: 16
t: 1.162
c: 21

i: 1.4534,1.083,-0.0845,-0.3395,-0.5571,-0.6684,-1.8105,-0.5296,-0.2516,0.7412,-0.0997,-0.4062,-0.5258,0.1781,-1.053,-0.9711,0.2691,-1.6979,0.0482,0.1204
s: 16
t: 1.301
c: 21

i: 0.919,-1.9796,0.3672,1.0829,1.3183,0.2965,0.8007,1.1204,-0.3601,-0.3318,0.2366,0.233,1.2841,-0.1684,-0.3683,0.0579,0.6279,1.1651,-0.5677,-0.4673
s: 14
t: 1.554
c: 21

i: 0.2015,0.5395,0.4087,-0.8568,-0.8534,-0.5139,0.8468,-0.8144,-0.1994,0.1195,-3.4922,0.5763,0.6679999999999999,1.6801,0.8421,-0.8968,-2.2125,-0.9152,0.5637,-0.1628
s: 17
t: 1.520
c: 21

i: -0.2402,0.9432,0.1524,-0.2092,-0.4209,0.2273,1.5708,0.1346,1.7556,-0.7255,1.2437,0.6493,-0.2524,1.1944,0.8891,2.0623,0.9217,0.9206,-0.5322,-0.2383
s: 14
t: 1.620
c: 21

i: -0.4042,-0.1036,0.4399,-2.0282,-0.3574,-1.0753,-3.2434,0.4641,-0.3362,-2.0156,-0.8555,-0.7978,-0.0081,0.2291,-1.0529,-2.738,-2.3008,-0.0991,-1.9725,-0.0679
s: 12
t: 1.664
c: 21

i: 1.3799,1.2112,0.0661,2.2473,-0.948,-0.0023,-1.8407,1.1446,0.8754,-1.0955,1.1864,-0.2041,1.1025,1.3926,0.7059,1.3008,0.7231,-0.6497,-0.8962,0.7779
s: 12
t: 1.648
c: 21

i: -1.3662,1.1649,-3.1596,-0.5451,-0.7358,-0.5174,-1.5088,0.3384,-0.5196,-0.4183,-0.5976,-1.2686,0.1064,0.2526,-0.5294,-1.7134,0.9855,0.0593,0.8558,2.2506
s: 15
t: 1.454
c: 21

i: -0.452,0.123,0.9443,0.6191,0.0079,-0.5357,-1.3033,0.9509,-0.7116,0.1383,-1.3668,-0.6654,-0.4991,-2.3289,-0.6894,-2.4609,-0.0956,-1.1473,0.0142,-1.7434
s: 13
t: 1.626
c: 21

i: 0.4954,-0.0838,-1.2046,-0.9241,-0.1296,-1.4074,1.3047,0.1701,-0.5016,1.0839,0.3665,0.0236,0.9624,0.2951,-1.7011,0.9429,3.1887,0.6173,0.2408,-0.6946
s: 17
t: 1.367
c: 21

i: 0.1507,1.5778,-0.7893,-1.422,0.2975,1.4232,0.1309,-0.1432,0.7987,0.364,0.1429,0.7295,-1.7924,-0.029,-0.2185,0.2759,-0.2565,-0.1646,0.5921,0.1246
s: 16
t: 1.100
c: 21

i: -1.7785,0.6137,-0.5153,0.6119,-1.5946,0.0358,-1.0006,-1.9557,-1.461,2.19,-0.2468,0.0604,-0.1225,-0.4505,-1.6948,0.7563,0.5502,0.4813,0.3546,-2.212
s: 13
t: 1.765
c: 21

i: -0.561,1.673,-0.1063,-0.0557,-0.8744,-0.6821,1.2406,0.5857,-0.4748,1.5417,1.3255,1.8864,0.7418,0.0473,0.6067,2.1289,1.1773,-0.6221,-0.419,-1.1102
s: 15
t: 1.329
c: 21

i: -0.0069,1.6558,1.0331,-0.4443,-0.4203,2.2181,0.4232,-0.4033,-0.034,1.1088,0.4307,0.6073,-0.1307,-1.1334,-0.6795,1.0942,0.8188,0.6553,1.9354,0.2613
s: 14
t: 1.489
c: 21

i: 0.2831,-0.552,-0.1454,0.6609999999999999,-0.8548,0.0476,-0.4628,1.6976,-0.679,0.3233,1.0378,-0.2998,0.5659,0.1174,0.2466,0.8822,0.1535,0.3744,-0.3656,1.5851
s: 17
t: 1.371
c: 21

i: 0.1595,-1.0768,-1.6337,0.2732,0.5523,0.5681,0.1985,0.7523,-0.5301,0.3682,-0.2416,-1.2728,-0.271,0.4648,0.9655,1.8924,1.232,1.4861,1.1895,-0.0526
s: 14
t: 1.615
c: 21

i: -1.3351,-0.4666,1.2441,0.1283,2.1414,-0.1315,-0.1901,-0.003,2.3224,0.2908,-0.3071,-1.0968,2.5015,-0.2405,0.355,-1.0469,1.4358,-1.5626,0.3342,0.2598
s: 15
t: 1.433
c: 21

i: -0.2863,-0.1367,-1.2342,-0.0907,-0.3622,-1.9643,-0.6771,1.3305,0.4442,-2.1805,-1.8386,-1.0758,0.9576,2.1137,-0.8715,-0.2974,0.2915,2.2039,-0.5466,-0.0136
s: 14
t: 1.662
c: 21

i: 0.6554,-0.7764,-1.1842,0.2094,-1.2205,1.0142,-1.0164,-0.0546,-1.8463,-0.5414,-0.7926,0.2295,-0.5551,-0.4824,-0.7784,-0.4274,1.5277,-0.1075,-1.4845,-0.8806
s: 12
t: 1.728
c: 21

i: 1.4064,1.1745,2.1077,1.6418,-0.42,-0.3611,0.7144,-0.8036,1.1772,-0.3288,-1.2633,0.5578,0.9434,0.4858,-1.1117,-1.9286,-0.2529,0.3032,-1.4384,-0.0052
s: 13
t: 1.617
c: 21

i: -0.8363,-0.8012,0.4166,1.0622,0.285,-0.6886,-0.1687,-1.3481,-0.7303,-0.3126,-2.0081,-0.0366,-0.6306,0.4091,-2.1717,0.1713,-1.0122,-0.9075,-1.7331,-0.4701
s: 12
t: 1.737
c: 21

i: -0.8692,-0.9592,0.6434,0.9685,0.9429,-1.3277,-0.3255,-0.7019,0.265,-0.7219,-1.3722,-0.3584,0.5029,-0.5613,1.2715,1.1219,0.7871,1.5561,-0.4554,0.6178
s: 15
t: 1.410
c: 21

i: 1.0724,0.8825,-0.8246,2.7276,1.9383,1.0693,1.8637,0.193,0.6114,-0.9162,1.6869,1.2647,0.6995,-1.5257,1.211,-0.4158,-0.3026,-0.8365,2.8336,0.5872
s: 13
t: 1.350
c: 21

i: 1.078,-1.3417,0.6791,-1.0236,-1.283,-1.1443,-0.5271,-0.4334,1.1759,0.3449,-1.0374,-1.1212,-1.2018,0.4808,-0.6227,-0.9628,0.3029,-1.2357,-1.0733,-0.5395
s: 15
t: 1.589
c: 21

i: -0.7322,0.1145,-1.0558,-1.2358,0.0393,-1.7754,0.5551,-0.3391,-0.7897,-1.6904,-1.7607,0.4261,-0.5829,-1.5355,-0.8172,1.1806,-0.9735,-1.4068,-0.1896,-1.7377
s: 13
t: 1.886
c: 21

i: 0.3926,0.3718,-0.4674,0.1575,1.017,0.0279,-0.7551,0.4709,-0.649,0.4439,-0.1052,-1.8199,-0.9984,1.5122,-1.5702,1.8637,0.0227,2.4106,-0.0417,-0.7205
s: 15
t: 1.302
c: 19

i: -1.4240000000000002,0.8747,-0.0969,0.6762,-0.0666,-0.5478,-1.2999,-0.8155,-0.305,-0.8924,0.3543,1.6376,-0.6409999999999999,-1.5823,-0.7086,1.239,0.2401,-2.0289,-2.1122,-0.3647
s: 14
t: 1.459
c: 20

i: -1.5549,-2.1717,-1.2407,-0.5376,1.5565,0.0031,0.8123,-0.3711,-0.652,-1.7621,0.448,-0.5154,-1.8864,-3.4715,0.997,-1.5883,-0.5631,-0.3126,-1.4791,-0.5289
s: 12
t: 1.884
c: 21

i: 0.2375,-0.448,-0.1786,-0.461,0.3527,-1.7149,-0.4765,-0.7642,-0.6209,-0.3122,-3.272,-0.4625,-0.9066,-0.4459,0.3118,-0.877,0.08199999999999999,-1.3222,-0.0078,0.4349
s: 14
t: 1.695
c: 21

i: -1.386,-1.5628,-0.0143,-0.28,2.1478,0.3991,-0.2371,-1.8262,-1.6445,-0.9926,-1.2797,-1.3135,-1.7481,1.215,0.2095,-0.6718,-0.0708,-1.4093,1.3976,-1.0066
s: 13
t: 1.803
c: 21

i: 0.0182,2.1863,0.5126,1.7242,0.3737,-0.8203,0.5126,-0.6152,2.7601,-1.0781,1.0878,-0.5176,1.7369,1.2537,0.8335,1.5949,1.6962,1.6314,-0.6954,-1.0545
s: 12
t: 1.680
c: 21

i: 1.8954,-0.1079,-0.2136,-0.3134,0.9086,0.5014,-0.9622,0.3773,1.3396,0.4697,1.0895,2.863,0.1522,1.8145,1.0357,3.4299,1.653,-1.3441,-0.8529,0.6647
s: 12
t: 1.662
c: 21

i: -0.8796,1.3067,0.8634,-0.2646,-0.4481,0.2768,-0.8334,1.2309,-0.2212,0.2886,-0.3225,1.1814,2.079,1.2829,1.2226,0.3317,1.6891,-1.1614,-0.4113,1.5969
s: 12
t: 1.604
c: 21

i: 1.7256,-1.7806,-0.1296,-2.1747,-0.0935,-0.6771,-0.2796,1.0322,-0.3592,0.8397,-0.5592,-0.0712,-0.6726,-0.5186,-0.5476,-0.614,-0.2334,-1.1417,-1.469,0.8384
s: 17
t: 1.314
c: 21

i: -0.5115,0.9663,-0.9383,1.4506,1.1575,-0.7645,0.8881,-0.5710000000000001,0.7412,0.4593,0.4919,1.1974,-0.3621,0.3815,2.0503,0.8199,-0.8905,1.5097,0.6594,-2.5979
s: 13
t: 1.485
c: 21

i: -0.1506,-0.4831,1.7058,1.6415,2.3839,0.1299,-0.4824,0.4024,-0.4172,0.9556,1.56,-0.3698,0.9611,2.3007,0.11,-0.0429,-0.5183,1.9262,-1.033,0.5919
s: 14
t: 1.325
c: 21

i: -1.1369,-0.2198,-2.0604,1.3199,-0.9072,-0.0393,-1.0885,-0.7163,0.4324,-1.3542,-0.0882,0.5629,0.4845,1.0771,0.2251,0.6316,-1.2351,-0.7138,0.4701,0.6168
s: 15
t: 1.599
c: 21

i: 0.8496,1.3741,-0.6506,0.3019,0.1835,-1.3635,1.1683,-2.2761,-0.5254,2.2093,0.6704,1.7988,-0.1725,0.0542,0.9399,-0.6367,-0.1393,0.2243,-0.8795,0.5997
s: 14
t: 1.832
c: 21

i: 1.192,0.753,0.7462,0.1025,1.2785,-0.6222,0.0401,-0.3209,0.5782,0.7652,0.1523,0.7813,0.815,-0.4582,-1.148,1.2577,2.3502,1.0086,-0.8082,0.4902
s: 14
t: 1.496
c: 21

i: 0.8997,0.1886,1.2223,0.9422,0.8659,-0.787,0.8076,1.96,0.221,1.5858,0.0056,-0.031,0.2496,1.1324,1.8443,-1.2484,0.3599,1.4348,0.9803,1.6234
s: 13
t: 1.535
c: 21

i: -1.1256,0.8568,1.0606,-1.3264,1.2503,-1.0483,0.3665,1.7468,-1.7002,2.0497,-0.2178,-0.7106,-0.4995,-0.3781,-0.4314,0.6301,1.2298,1.1854,1.002,0.6604
s: 13
t: 1.459
c: 21

i: -1.7218,-1.6804,-0.8098,0.1492,-2.0118,0.3929,-0.9161,-1.2807,-0.2817,1.3497,-0.0987,-0.3018,-0.1144,-0.2304,0.2192,-2.3997,-0.6793,0.0661,-0.578,0.2608
s: 16
t: 1.559
c: 21

i: -0.6601,0.3409,0.5381,-1.4544,0.73,0.3462,-0.7162,-0.0677,1.5708,-0.3741,1.6357,0.2401,0.6439,-1.1047,-0.4883,-0.2059,0.8761,-0.9486,-0.0347,-1.2401
s: 15
t: 1.299
c: 21

i: 0.8637,-0.4019,-0.4111,-1.4939,0.1643,-0.4419,-0.5618,-0.1797,-0.9588,-1.3474,-1.1394,-0.8893,-1.1148,1.3229,-2.0147,-0.6489,0.4301,0.6192,-0.1512,-0.7468
s: 12
t: 1.721
c: 21

i: -1.4279,-1.0751,-0.9779,-0.9389,0.4869,0.6751,0.6422,-1.0022,0.5820000000000001,0.5711,-1.2849,0.4956,-0.2359,-0.3976,-1.3523,-1.0004,-0.9797,-0.2442,0.0769,-1.8556
s: 14
t: 1.710
c: 21

i: 0.1089,0.2673,0.5748,-1.0741,0.0742,-0.3842,-1.1959,-1.4904,0.0211,-1.2088,-0.1945,1.6692,-0.1622,-0.5681,-0.4498,-1.3496,0.8465,-1.8245,1.5686,-1.2151
s: 15
t: 1.700
c: 21

i: 0.1299,-1.0083,-0.321,1.463,3.1233,-0.4564,-0.3838,0.9796,-1.9981,-1.7038,1.3936,0.3879,-0.8126,1.0413,-1.1638,0.7928,1.6244,1.0016,-0.5334,1.2913
s: 15
t: 1.571
c: 21

i: -0.6212,1.2713,0.6531,0.1133,1.5034,1.2778,0.5551,0.2973,1.283,0.4391,0.4033,-0.1028,0.4185,-0.3986,-0.6175,1.1188,-0.4243,-0.438,0.8952,-0.823
s: 13
t: 1.734
c: 21

i: 0.2641,-0.3828,0.1583,-0.1979,1.2703,-1.57,0.4508,1.9044,0.5786,-0.6981,-0.1724,1.1221,1.5018,0.0957,0.1128,0.8933,1.2223,1.4357,-1.2366,0.16699999999999998
s: 12
t: 1.614
c: 21

i: 0.1549,-1.0821,-1.625,-0.8273,1.2867,0.4177,-0.4647,-0.7003,-1.5847,-2.8115,0.7236,-0.2561,-0.9635,1.1493,-0.7282,-0.3251,0.0318,-1.9693,0.1313,-0.2396
s: 13
t: 1.901
c: 21

i: -0.077,-1.6324,0.6049,-0.5264,-1.5446,-0.8895,0.6918,-0.3435,-0.1375,0.0073,-0.7985,-1.7425,0.9528,-0.4793,0.5547,0.4294,-1.2109,-0.2308,-0.8263,-2.3127
s: 15
t: 1.588
c: 21

i: 0.6746,0.2225,-0.9463,0.9522,1.3649,0.3955,0.6352,1.1505,0.5573,-1.9468,-1.7919,1.1463,0.0598,-1.6604,0.5037,2.1446,1.5207,-0.3811,2.3127,-0.4661
s: 13
t: 1.788
c: 21

i: 0.1367,0.0413,0.8964,0.8353,0.8927,-0.7017,-0.2805,0.8047,-1.1282,0.5123,0.6459,2.8523,0.2163,0.0415,0.4283,-1.5655,1.3931,2.6207,-0.0538,1.3135
s: 14
t: 1.879
c: 21

i: -1.0304,-0.9603,-0.6172,-0.9595,-0.6409999999999999,-2.2499,-1.2851,0.6433,0.6196,-1.7301,0.1135,0.2418,0.0145,-1.8335,-0.7938,0.2265,0.636,-1.8026,1.2591,-1.347
s: 14
t: 1.820
c: 21

i: 1.9593,0.5668,2.2494,0.9276,-1.1232,0.8575,0.6009,0.5366,-0.7465,0.7863,2.2158,0.2543,1.0521,-0.5497,-0.9441,1.9549,0.4797,0.3743,1.7462,0.615
s: 15
t: 1.661
c: 21

i: -0.8025,1.7919,2.267,0.6784,-0.6681,-0.6535,0.8536,0.8235,0.0381,-0.0641,0.9905,0.2083,0.0799,-0.6182,-0.0124,0.974,1.0499,1.9014,0.1245,-0.7995
s: 17
t: 1.375
c: 21

i: 0.2527,0.3888,-1.3032,-0.4061,-0.4496,0.3128,0.7501,-1.456,0.4444,-0.3005,-1.5504,-1.7728,0.6438,0.0615,-0.361,-2.2076,-0.8423,-0.6548,-1.0864,-1.12
s: 14
t: 1.823
c: 21

i: 0.7743,-0.606,-1.9338,-0.3614,0.3864,-1.8636,-1.4551,-1.2079,-0.5478,-1.1045,-0.3664,0.5462,-0.2295,-1.6227,0.6551,-1.146,0.9491,-2.757,-1.1497,0.0191
s: 14
t: 1.829
c: 21

i: -0.3081,0.5119,-0.9651,-1.2297,-0.0929,-0.0233,-1.2047,0.7126,-1.5583,-0.448,-0.877,-1.5515,0.807,-1.098,-1.4276,0.0614,-1.2037,-1.8185,-0.4391,-2.7379
s: 11
t: 1.952
c: 21

i: 0.1713,-0.1669,-0.4155,-0.9974,-0.9459,-1.2382,-1.4933,-0.3869,0.645,-0.6253,-0.9652,-2.4557,-0.5912,-0.9731,-1.6569999999999998,-2.0039,-1.3395,-1.1801,1.3244,0.0202
s: 13
t: 1.889
c: 21

i: 0.0267,-1.0145,-2.0082,-0.8689,0.4033,-1.4286,1.2085,-2.1477,-0.6815,0.2116,0.7278,-0.006999999999999999,0.83,-0.4809,-2.0085,1.5897,-0.9409,-1.431,1.2222,-0.5595
s: 13
t: 1.626
c: 21

i: 0.589,-0.3693,2.5223,1.1596,0.6054,1.5219999999999998,1.4318,1.8061,1.4169999999999998,1.3794,1.3941,-0.6002,0.3732,1.0086,0.1608,-0.4673,-0.6237,2.5393,0.2991,0.3848
s: 13
t: 1.526
c: 21

i: -0.5006,-2.5362,-0.5466,1.94,-0.8067,-0.1747,1.8852,0.1758,0.9027,-0.4755,1.3856,0.6238,1.4580000000000002,1.2368,0.1696,1.3737,0.949,-0.7399,0.6804,-1.0278
s: 11
t: 1.730
c: 21

i: -0.3561,-2.8921,-1.5065,0.2899,0.8107,-1.4887,-1.3081,-0.3084,-2.1535,-0.5787,-0.2538,1.2365,-2.6204,-0.6866,-1.6541,-0.3726,-0.3469,-0.2778,0.7498,-1.1226
s: 13
t: 1.892
c: 21

i: 0.3265,-2.0972,-0.3229,-0.6919,0.2716,-1.9033,-0.0402,-0.1713,-1.9795,-1.9011,-0.6071,-0.9428,-0.8184,-1.0918,-1.4295,-1.7436,-2.263,1.0603,0.8176,-1.5935
s: 13
t: 1.956
c: 21

i: -0.0801,-0.684,-0.4007,-0.575,-0.5266,-0.649,-2.182,-0.0053,0.7153,-2.3035,-0.4833,-0.142,-0.391,0.342,0.1254,0.3232,-0.3354,-1.7166,-0.425,-0.6116
s: 15
t: 1.707
c: 21

i: 0.9449,3.0010000000000003,-0.8072,-0.7379,-0.16899999999999998,-1.3017,-0.131,0.6612,1.3615,0.9075,-1.1352,1.3727,1.3899,0.8281,1.6347,-0.0614,1.6957,0.9264,1.229,0.5628
s: 10
t: 1.975
c: 21

i: -0.8889,-2.9234,-0.6718,0.0343,0.077,0.268,0.4705,0.4065,-1.1651,-1.4691,-0.586,-0.1716,-0.3665,0.3657,1.0636,-0.1935,-0.2026,0.3472,0.6699,-0.4073
s: 16
t: 1.617
c: 21

i: 0.1948,0.3553,-1.4613,0.3255,-0.8592,0.3768,-1.2168,-0.5003,1.1527,-1.225,-0.8522,-0.9922,0.7123,0.7548,-0.9317,0.1193,1.6855,1.2773,0.316,1.1584
s: 16
t: 1.437
c: 21

i: -1.4844,-0.8695,-0.4483,0.9231,1.0382,1.0019,0.3176,-0.6155,-0.0118,-1.0175,-1.2804,-1.8263,-0.7904,1.8345,1.0054,-1.4556,0.0749,-0.9955,-1.5223,-0.9664
s: 13
t: 1.691
c: 21

i: 0.3063,-0.2118,-0.6531,-0.7741,-0.2232,-1.3588,-0.0977,-1.6331,0.6141,0.438,0.9045,0.5834,0.2653,0.4497,-0.1526,-3.0356,0.0008,0.2884,0.0909,0.6468
s: 16
t: 1.408
c: 21

i: 0.5736,-0.8038,0.4631,-0.9116,1.2008,-0.5529,1.0256,-1.6618,-1.5024,-0.2828,-1.1546,-1.2184,1.0657,-0.1777,0.568,-0.4939,0.2059,-2.41,1.1495,-1.4315
s: 15
t: 1.634
c: 21

i: -1.2509,-0.1665,-0.1774,0.2771,0.0268,0.1172,-0.6448,-0.7935,0.4501,-0.1872,-1.8491,-1.0018,0.5064,0.5307,-0.1806,0.6861,-1.392,1.065,-0.96,-1.4756
s: 13
t: 1.569
c: 21

i: -0.2301,0.835,1.7712,-0.0352,0.705,1.8196,0.6815,0.5164,1.1252,0.1771,3.172,-1.2703,-0.8956,0.8714,-1.2589,1.8798,1.1032,0.4881,0.059,0.136
s: 13
t: 1.882
c: 21

i: -1.1057,-1.2186,0.9835,0.2052,-1.1495,0.0907,-0.343,-0.0977,-0.3505,-0.1065,0.0536,-1.3308,1.0027,0.3731,-0.1484,1.2185,1.0502,0.7539,-0.3032,-0.6448
s: 16
t: 1.358
c: 21

i: -0.5836,-1.269,1.3630000000000002,0.8645,0.7691,1.1871,1.6422,0.7140000000000001,1.2725,-1.442,0.6809,1.5254,0.9861,-0.9071,0.0811,-0.0672,1.22,0.1193,1.7102,0.9452
s: 13
t: 1.799
c: 21

i: 0.0964,0.8378,1.9802,0.0873,2.3217,-0.6816,1.703,-1.9798,1.5833,0.5916,1.1131,-0.9477,-1.3202,2.1373,1.8607,-0.4959,-1.5874,0.6591,-1.2428,0.954
s: 12
t: 1.632
c: 21

i: 0.1955,-0.6632,0.0676,0.8463,0.5385,-0.4578,1.4119,-0.14,0.6696,0.3325,0.4602,-0.6402,-0.4425,-1.1501,-1.0575,-0.637,-0.6421,0.3853,0.568,-1.1376
s: 14
t: 1.584
c: 21

i: -0.7104,-0.9325,0.715,1.3148,-0.6529,-0.5953,-0.8051,0.71,-0.7275,-1.1054,-0.5669,0.1508,-1.6132,0.4533,0.229,-0.0495,1.6198,0.8813,-0.5986,-0.0647
s: 15
t: 1.751
c: 21

i: -0.3698,-0.3887,-0.7856,-0.3333,-2.0387,0.0385,-2.1109,1.3104,-0.9329,-0.1005,0.263,-0.5541,-1.734,0.0262,1.4893,-0.7081,-0.411,-1.6057,-0.1793,2.2198
s: 13
t: 1.958
c: 21

i: 0.9034,0.2431,1.5505,-0.0813,0.211,0.1598,-0.0694,-0.6111,0.6261,0.2187,-0.3837,1.487,-0.0956,0.2873,0.2858,-1.9596,1.4031,1.8559,0.9544,0.0634
s: 14
t: 1.522
c: 19

max time: 1.97
min time: 0.96
avg time: 1.49

avg calls: 20.95
