i: 0,0,1,0,0,1,1,0,0,0,0,0,6,0,0,0
s: 4
t: 0.015
c: 7

i: 0,0,1,0,0,1,1,1,1,0,0,1,0,1,0,1
s: 6
t: 0.021
c: 9

i: 0,0,0,0,0,1,1,1,1,0,1,0,0,1,0,0
s: 7
t: 0.030
c: 10

i: 0,1,1,0,0,0,1,0,1,1,0,0,2,1,0,1
s: 3
t: 0.016
c: 8

i: 0,0,1,0,0,1,1,1,1,1,1,0,4,0,0,0
s: 7
t: 0.042
c: 12

i: 0,0,1,0,0,1,1,1,1,0,0,1,0,1,0,0
s: 6
t: 0.021
c: 9

i: 0,0,1,0,0,0,0,0,0,1,0,0,6,0,0,0
s: 6
t: 0.031
c: 11

i: 1,0,0,1,0,0,1,1,1,1,0,0,4,0,0,1
s: 2
t: 0.015
c: 6

i: 0,0,1,0,0,1,0,1,1,0,0,1,0,1,0,0
s: 6
t: 0.021
c: 9

i: 1,0,0,1,0,1,1,1,1,1,0,1,0,0,0,1
s: 2
t: 0.012
c: 5

i: 0,1,1,0,1,1,0,0,1,1,0,0,2,1,0,0
s: 3
t: 0.017
c: 8

i: 0,0,1,0,0,0,0,0,1,1,0,0,4,1,0,1
s: 8
t: 0.067
c: 13

i: 0,1,1,0,1,0,0,0,1,1,0,0,2,1,0,1
s: 3
t: 0.016
c: 8

i: 0,0,1,0,0,1,0,1,1,0,0,1,0,1,1,0
s: 6
t: 0.024
c: 9

i: 1,0,0,1,0,0,1,1,1,1,0,0,4,1,0,0
s: 2
t: 0.015
c: 6

i: 0,1,1,0,0,1,1,0,1,1,0,0,2,1,0,1
s: 3
t: 0.017
c: 8

i: 1,0,0,1,0,1,1,1,1,1,0,0,4,1,0,1
s: 2
t: 0.015
c: 6

i: 0,1,1,0,0,0,1,0,1,1,0,0,2,1,0,0
s: 3
t: 0.016
c: 8

i: 1,0,0,1,0,0,0,1,1,1,0,0,4,1,1,0
s: 2
t: 0.015
c: 6

i: 1,0,0,1,0,0,0,1,1,1,0,0,4,1,0,1
s: 2
t: 0.015
c: 6

i: 1,0,0,1,0,0,0,1,1,1,0,0,2,0,0,1
s: 2
t: 0.014
c: 6

i: 0,0,0,1,0,1,1,1,1,1,0,1,0,1,0,1
s: 2
t: 0.012
c: 5

i: 1,0,1,0,1,0,0,0,0,1,1,0,6,0,1,0
s: 6
t: 0.021
c: 8

i: 1,0,1,0,1,0,0,0,0,1,0,0,6,0,0,0
s: 6
t: 0.020
c: 8

i: 1,0,0,1,0,0,0,1,1,1,0,0,4,1,1,1
s: 2
t: 0.010
c: 4

i: 0,0,1,0,0,1,1,0,0,0,0,0,5,0,0,0
s: 4
t: 0.022
c: 8

i: 0,0,1,0,0,1,1,1,1,0,1,1,0,1,0,1
s: 6
t: 0.020
c: 9

i: 1,0,0,1,0,0,0,1,1,1,0,0,2,1,0,1
s: 2
t: 0.015
c: 6

i: 0,0,1,0,0,0,1,1,1,1,1,0,0,1,0,0
s: 8
t: 0.074
c: 14

i: 1,0,1,0,1,0,0,0,0,1,1,0,6,0,0,0
s: 6
t: 0.020
c: 8

i: 0,0,1,0,0,1,1,1,1,1,0,0,4,0,0,0
s: 7
t: 0.040
c: 12

i: 1,0,0,1,0,0,0,1,1,1,0,0,4,1,0,0
s: 2
t: 0.012
c: 5

i: 1,0,0,1,0,0,0,1,1,1,0,0,2,1,0,0
s: 2
t: 0.015
c: 6

i: 0,0,1,0,0,0,1,0,0,0,0,0,0,0,0,0
s: 4
t: 0.019
c: 8

i: 0,1,1,0,1,0,1,0,1,1,0,0,2,1,0,0
s: 3
t: 0.015
c: 8

i: 0,1,1,0,1,1,1,0,1,1,0,0,2,1,0,0
s: 3
t: 0.015
c: 8

i: 0,1,1,0,1,0,0,0,1,1,0,0,2,1,1,0
s: 3
t: 0.015
c: 8

i: 1,0,0,1,0,0,0,1,1,1,0,0,4,0,1,0
s: 2
t: 0.015
c: 6

i: 1,0,0,1,0,1,1,1,1,1,0,1,2,1,0,1
s: 2
t: 0.012
c: 5

i: 0,0,1,0,0,1,1,0,0,0,0,0,4,0,0,0
s: 4
t: 0.018
c: 8

i: 1,0,0,1,0,0,1,1,1,1,0,0,4,1,0,1
s: 2
t: 0.015
c: 6

i: 0,0,0,0,0,0,1,0,0,1,1,0,8,1,0,0
s: 4
t: 0.015
c: 7

i: 0,0,1,0,1,0,1,0,0,1,0,0,6,0,0,0
s: 4
t: 0.015
c: 7

i: 0,0,1,0,1,0,0,0,0,1,0,0,6,0,0,0
s: 6
t: 0.021
c: 8

i: 0,0,1,0,0,1,0,1,1,1,0,0,4,0,0,0
s: 7
t: 0.045
c: 13

i: 1,0,1,1,0,1,1,0,1,1,0,0,4,1,0,1
s: 2
t: 0.018
c: 6

i: 0,1,1,0,1,1,0,0,1,1,0,0,2,1,0,1
s: 3
t: 0.017
c: 8

i: 0,0,1,0,0,0,1,1,1,1,0,0,0,1,0,0
s: 8
t: 0.070
c: 14

i: 0,1,1,0,0,0,0,0,1,1,0,0,2,1,0,1
s: 3
t: 0.015
c: 8

i: 0,0,1,0,0,1,1,1,1,1,0,0,4,1,0,0
s: 8
t: 0.071
c: 14

i: 1,0,0,1,0,0,1,1,1,1,0,0,2,0,1,1
s: 2
t: 0.016
c: 6

i: 0,1,1,0,1,0,1,0,1,1,0,0,2,1,0,1
s: 3
t: 0.017
c: 8

i: 0,0,1,0,0,1,1,0,0,0,1,0,0,0,0,0
s: 4
t: 0.022
c: 8

i: 1,0,0,1,1,0,0,1,1,1,0,0,2,1,0,0
s: 2
t: 0.016
c: 6

i: 0,0,1,0,0,0,1,1,1,1,0,0,4,1,0,0
s: 8
t: 0.081
c: 14

i: 0,1,1,0,1,0,0,0,1,1,0,0,2,1,0,0
s: 3
t: 0.016
c: 8

i: 0,0,1,0,0,1,1,0,0,0,0,0,8,0,0,1
s: 4
t: 0.017
c: 7

i: 0,0,1,0,0,0,0,0,0,1,0,0,0,0,0,0
s: 6
t: 0.036
c: 11

i: 1,0,0,1,0,0,1,1,1,1,0,0,4,1,1,1
s: 2
t: 0.012
c: 5

max time: 0.08
min time: 0.01
avg time: 0.02

avg calls: 8.10
