i: 0.41,0.51,0.48,0.5,0.53,0.75,0.78
s: 2
t: 4.736

i: 0.76,0.71,0.48,0.5,0.5,0.71,0.75
s: 3
t: 2.998

i: 0.81,0.44,0.48,0.5,0.42,0.67,0.68
s: 4
t: 0.795

i: 0.12,0.67,0.48,0.5,0.74,0.58,0.63
s: 4
t: 2.266

i: 0.65,0.51,0.48,0.5,0.66,0.54,0.33
s: 4
t: 2.195

i: 0.44,0.28,0.48,0.5,0.43,0.27,0.37
s: 2
t: 6.117

i: 0.5,0.37,0.48,0.5,0.66,0.64,0.69
s: 3
t: 2.397

i: 0.47,0.55,0.48,0.5,0.58,0.71,0.75
s: 5
t: 2.092

i: 0.22,0.43,0.48,0.5,0.48,0.16,0.28
s: 3
t: 3.308

i: 0.39,0.32,0.48,0.5,0.46,0.24,0.35
s: 2
t: 0.829

i: 0.39,0.31,0.48,0.5,0.38,0.34,0.43
s: 3
t: 3.913

i: 0.39,0.41,0.48,0.5,0.52,0.72,0.75
s: 3
t: 8.679

i: 0.35,0.48,0.48,0.5,0.56,0.4,0.48
s: 3
t: 1.950

i: 0.34,0.67,0.48,0.5,0.52,0.76,0.79
s: 2
t: 2.259

i: 0.37,0.47,0.48,0.5,0.39,0.76,0.79
s: 2
t: 1.053

i: 0.35,0.51,0.48,0.5,0.61,0.71,0.74
s: 3
t: 1.939

i: 0.38,0.3,0.48,0.5,0.43,0.29,0.39
s: 3
t: 3.229

i: 0.3,0.37,0.48,0.5,0.59,0.41,0.49
s: 4
t: 0.610

i: 0.52,0.54,0.48,0.5,0.62,0.76,0.79
s: 3
t: 1.846

i: 0.63,0.47,0.48,0.5,0.51,0.82,0.84
s: 5
t: 0.570

i: 0.6,0.61,0.48,0.5,0.54,0.67,0.71
s: 4
t: 1.865

i: 0.63,0.65,0.48,0.5,0.39,0.44,0.35
s: 4
t: 0.818

i: 0.73,0.84,0.48,0.5,0.86,0.58,0.29
s: 4
t: 2.533

i: 0.6,0.46,0.48,0.5,0.45,0.81,0.83
s: 4
t: 1.031

i: 0.63,0.54,0.48,0.5,0.65,0.79,0.81
s: 4
t: 1.494

i: 0.64,0.76,0.48,0.5,0.45,0.35,0.38
s: 3
t: 5.871

i: 0.29,0.39,0.48,0.5,0.52,0.4,0.48
s: 5
t: 0.812

i: 0.66,0.71,0.48,0.5,0.41,0.5,0.35
s: 4
t: 1.528

i: 0.51,0.49,0.48,0.5,0.53,0.14,0.26
s: 2
t: 3.638

i: 0.41,0.43,0.48,0.5,0.5,0.24,0.25
s: 3
t: 0.650

i: 0.64,0.84,0.48,0.5,0.37,0.45,0.4
s: 4
t: 1.091

i: 0.37,0.52,0.48,0.5,0.42,0.42,0.36
s: 3
t: 4.122

i: 0.38,0.26,0.48,0.5,0.54,0.16,0.28
s: 2
t: 0.664

i: 0.34,0.28,0.48,0.5,0.41,0.35,0.44
s: 3
t: 2.237

i: 0.34,0.51,0.48,0.5,0.44,0.37,0.46
s: 4
t: 0.973

i: 0.89,0.55,0.48,0.5,0.51,0.72,0.76
s: 4
t: 0.657

i: 0.61,0.66,0.48,0.5,0.46,0.87,0.88
s: 4
t: 0.990

i: 0.16,0.43,0.48,0.5,0.54,0.27,0.37
s: 3
t: 0.526

i: 0.57,0.59,0.48,0.5,0.39,0.47,0.33
s: 5
t: 0.813

i: 0.44,0.52,0.48,0.5,0.43,0.47,0.54
s: 5
t: 0.830

i: 0.23,0.32,0.48,0.5,0.55,0.25,0.35
s: 2
t: 0.320

i: 0.31,0.5,0.48,0.5,0.57,0.84,0.85
s: 2
t: 3.224

i: 0.72,0.42,0.48,0.5,0.65,0.77,0.79
s: 4
t: 0.881

i: 0.42,0.24,0.48,0.5,0.57,0.27,0.37
s: 3
t: 2.354

i: 0.71,0.57,0.48,0.5,0.48,0.35,0.32
s: 4
t: 0.932

i: 0.79,0.54,0.48,0.5,0.5,0.66,0.68
s: 4
t: 0.931

i: 0.24,0.35,0.48,0.5,0.31,0.19,0.31
s: 2
t: 0.425

i: 0.34,0.46,0.48,0.5,0.52,0.35,0.44
s: 3
t: 0.872

i: 0.3,0.44,0.48,0.5,0.49,0.22,0.33
s: 2
t: 0.706

i: 0.73,0.26,0.48,0.5,0.57,0.75,0.78
s: 5
t: 0.762

i: 0.32,0.39,0.48,0.5,0.53,0.28,0.38
s: 5
t: 0.453

i: 0.81,0.52,0.48,0.5,0.57,0.78,0.8
s: 3
t: 3.106

i: 0.12,0.43,0.48,0.5,0.63,0.7,0.74
s: 3
t: 3.428

i: 0.44,0.35,0.48,0.5,0.55,0.55,0.61
s: 4
t: 0.983

i: 0.36,0.45,0.48,0.5,0.38,0.79,0.17
s: 2
t: 0.744

i: 0.64,0.57,0.48,0.5,0.7,0.33,0.26
s: 4
t: 1.239

i: 0.43,0.4,0.48,0.5,0.58,0.75,0.78
s: 2
t: 1.321

i: 0.44,0.42,0.48,0.5,0.42,0.25,0.2
s: 3
t: 0.336

i: 0.5,0.51,0.48,0.5,0.27,0.23,0.34
s: 2
t: 4.857

i: 0.84,0.54,0.48,0.5,0.75,0.92,0.7
s: 4
t: 1.660

i: 0.68,0.63,0.48,0.5,0.73,0.4,0.3
s: 4
t: 1.288

i: 0.69,0.59,0.48,0.5,0.77,0.39,0.21
s: 4
t: 0.684

i: 0.32,0.33,0.48,0.5,0.6,0.06,0.2
s: 2
t: 0.615

i: 0.4,0.29,0.48,0.5,0.42,0.35,0.44
s: 3
t: 3.014

i: 0.36,0.42,0.48,0.5,0.53,0.32,0.41
s: 3
t: 0.680

i: 0.44,0.56,0.48,0.5,0.5,0.46,0.54
s: 5
t: 0.695

i: 0.66,0.53,0.48,0.5,0.59,0.66,0.66
s: 5
t: 0.489

i: 0.31,0.47,0.48,0.5,0.29,0.28,0.39
s: 3
t: 1.419

i: 0.25,0.26,0.48,0.5,0.39,0.32,0.42
s: 3
t: 0.241

i: 0.3,0.51,0.48,0.5,0.42,0.61,0.34
s: 3
t: 1.306

i: 0.61,0.6,0.48,0.5,0.44,0.39,0.38
s: 5
t: 0.785

i: 0.45,0.4,0.48,0.5,0.61,0.74,0.77
s: 3
t: 1.416

i: 0.64,0.46,0.48,0.5,0.48,0.73,0.76
s: 4
t: 0.924

i: 0.68,0.76,0.48,0.5,0.84,0.45,0.27
s: 4
t: 1.925

i: 0.65,0.47,0.48,0.5,0.59,0.3,0.4
s: 3
t: 1.166

i: 0.69,0.43,0.48,0.5,0.59,0.74,0.77
s: 4
t: 0.583

i: 0.49,0.43,0.48,0.5,0.49,0.3,0.4
s: 3
t: 0.562

i: 0.56,0.51,0.48,0.5,0.34,0.37,0.46
s: 4
t: 3.905

i: 0.23,0.48,0.48,0.5,0.59,0.88,0.89
s: 2
t: 2.256

i: 0.36,0.41,0.48,0.5,0.48,0.47,0.54
s: 3
t: 1.755

i: 0.17,0.38,0.48,0.5,0.45,0.42,0.5
s: 4
t: 3.301

i: 0.79,0.36,0.48,0.5,0.46,0.82,0.7
s: 3
t: 2.253

i: 0.47,0.28,0.48,0.5,0.56,0.2,0.25
s: 2
t: 1.014

i: 0.26,0.4,0.48,0.5,0.36,0.26,0.37
s: 2
t: 1.808

i: 0.67,0.37,0.48,0.5,0.54,0.64,0.68
s: 4
t: 1.273

i: 0.42,0.4,0.48,0.5,0.56,0.18,0.3
s: 2
t: 0.402

i: 0.29,0.28,0.48,0.5,0.44,0.23,0.34
s: 2
t: 0.184

i: 0.7,0.61,0.48,0.5,0.56,0.52,0.43
s: 4
t: 0.643

i: 0.5,0.57,0.48,0.5,0.71,0.61,0.66
s: 4
t: 2.553

i: 0.62,0.83,0.48,0.5,0.46,0.36,0.4
s: 4
t: 0.701

i: 0.3,0.45,0.48,0.5,0.36,0.21,0.32
s: 2
t: 0.326

i: 0.11,0.5,0.48,0.5,0.58,0.72,0.68
s: 3
t: 2.204

i: 0.31,0.36,0.48,0.5,0.58,0.94,0.94
s: 2
t: 0.659

i: 0.1,0.49,0.48,0.5,0.41,0.67,0.21
s: 3
t: 1.563

i: 0.71,0.86,0.48,0.5,0.4,0.54,0.32
s: 4
t: 0.996

i: 0.6,0.5,1.0,0.5,0.54,0.77,0.8
s: 4
t: 0.757

i: 0.28,0.38,0.48,0.5,0.5,0.33,0.42
s: 3
t: 1.096

i: 0.51,0.54,0.48,0.5,0.41,0.34,0.43
s: 3
t: 1.002

i: 0.31,0.44,0.48,0.5,0.5,0.79,0.82
s: 2
t: 0.470

i: 0.67,0.84,0.48,0.5,0.74,0.54,0.37
s: 4
t: 2.340

i: 0.74,0.47,0.48,0.5,0.5,0.57,0.42
s: 4
t: 0.740

i: 0.51,0.4,0.48,0.5,0.57,0.62,0.67
s: 3
t: 1.765

i: 0.54,0.47,0.48,0.5,0.28,0.33,0.42
s: 3
t: 0.910

i: 0.68,0.51,0.48,0.5,0.71,0.75,0.78
s: 5
t: 0.633

i: 0.23,0.4,0.48,0.5,0.39,0.28,0.38
s: 3
t: 1.746

i: 0.44,0.34,0.48,0.5,0.3,0.33,0.43
s: 3
t: 1.133

i: 0.41,0.43,0.48,0.5,0.45,0.31,0.41
s: 3
t: 3.344

i: 0.58,0.6,0.48,0.5,0.59,0.73,0.76
s: 4
t: 0.629

i: 0.74,0.7,0.48,0.5,0.66,0.65,0.69
s: 3
t: 3.107

i: 0.42,0.35,0.48,0.5,0.58,0.15,0.27
s: 2
t: 0.185

i: 0.52,0.81,0.48,0.5,0.72,0.38,0.38
s: 5
t: 0.454

i: 0.35,0.34,0.48,0.5,0.46,0.3,0.27
s: 3
t: 3.828

i: 0.69,0.66,0.48,0.5,0.41,0.5,0.25
s: 4
t: 0.480

i: 0.66,0.74,0.48,0.5,0.31,0.38,0.43
s: 5
t: 0.459

i: 0.4,0.41,0.48,0.5,0.55,0.22,0.33
s: 3
t: 0.264

i: 0.76,0.41,0.48,0.5,0.5,0.59,0.62
s: 4
t: 1.624

i: 0.29,0.28,0.48,0.5,0.5,0.42,0.5
s: 4
t: 1.988

i: 0.27,0.3,0.48,0.5,0.71,0.28,0.39
s: 3
t: 1.250

i: 0.48,0.41,0.48,0.5,0.51,0.9,0.88
s: 3
t: 3.510

i: 0.07,0.4,0.48,0.5,0.54,0.35,0.44
s: 3
t: 0.343

i: 0.52,0.36,0.48,0.5,0.41,0.28,0.38
s: 3
t: 2.678

i: 0.59,0.56,0.48,0.5,0.55,0.8,0.82
s: 5
t: 0.729

i: 0.49,0.42,0.48,0.5,0.53,0.79,0.81
s: 3
t: 4.143

i: 0.33,0.47,0.48,0.5,0.53,0.18,0.29
s: 2
t: 0.340

i: 0.2,0.44,0.48,0.5,0.46,0.51,0.57
s: 3
t: 1.831

i: 0.64,0.78,0.48,0.5,0.5,0.36,0.38
s: 4
t: 1.131

i: 0.0,0.51,0.48,0.5,0.35,0.67,0.44
s: 3
t: 0.789

i: 0.51,0.46,0.48,0.5,0.58,0.31,0.41
s: 3
t: 4.327

i: 0.25,0.51,0.48,0.5,0.37,0.42,0.5
s: 3
t: 2.228

i: 0.33,0.45,0.48,0.5,0.52,0.32,0.41
s: 3
t: 0.294

i: 0.71,0.4,0.48,0.5,0.71,0.7,0.74
s: 5
t: 0.878

i: 0.7,0.64,0.48,0.5,0.47,0.51,0.47
s: 4
t: 0.642

i: 0.4,0.45,0.48,0.5,0.38,0.22,0.0
s: 2
t: 0.351

i: 0.58,0.34,0.48,0.5,0.56,0.87,0.81
s: 5
t: 0.741

i: 0.72,0.46,0.48,0.5,0.51,0.66,0.7
s: 4
t: 1.424

i: 0.53,0.42,0.48,0.5,0.16,0.29,0.39
s: 3
t: 0.461

i: 0.6,0.76,1.0,0.5,0.77,0.59,0.52
s: 5
t: 1.699

i: 0.69,0.8,0.48,0.5,0.46,0.57,0.26
s: 4
t: 0.558

i: 0.79,0.41,0.48,0.5,0.66,0.81,0.83
s: 3
t: 1.510

i: 0.74,0.49,0.48,0.5,0.42,0.54,0.36
s: 4
t: 0.915

i: 0.67,0.81,0.48,0.5,0.25,0.42,0.25
s: 4
t: 0.707

i: 0.73,0.78,0.48,0.5,0.58,0.51,0.31
s: 4
t: 0.599

i: 0.56,0.4,0.48,0.5,0.49,0.37,0.46
s: 4
t: 1.736

i: 0.7,0.4,0.48,0.5,0.56,0.86,0.83
s: 4
t: 1.087

i: 0.61,0.75,0.48,0.5,0.51,0.33,0.33
s: 5
t: 0.732

i: 0.66,0.48,0.48,0.5,0.54,0.7,0.74
s: 4
t: 0.887

i: 0.51,0.5,0.48,0.5,0.46,0.32,0.35
s: 3
t: 1.458

i: 0.17,0.39,0.48,0.5,0.53,0.3,0.39
s: 3
t: 0.682

i: 0.23,0.34,0.48,0.5,0.43,0.26,0.37
s: 2
t: 0.193

i: 0.57,0.38,0.48,0.5,0.06,0.49,0.33
s: 4
t: 0.585

i: 0.74,0.82,0.48,0.5,0.49,0.49,0.41
s: 4
t: 1.540

i: 0.33,0.37,0.48,0.5,0.46,0.65,0.69
s: 3
t: 1.892

i: 0.33,0.56,0.48,0.5,0.33,0.78,0.8
s: 2
t: 0.446

i: 0.88,0.42,0.48,0.5,0.52,0.73,0.75
s: 4
t: 0.973

i: 0.24,0.57,0.48,0.5,0.63,0.34,0.43
s: 3
t: 2.176

i: 0.77,0.55,0.48,0.5,0.51,0.78,0.74
s: 4
t: 0.724

i: 0.75,0.76,0.48,0.5,0.83,0.57,0.3
s: 4
t: 1.026

i: 0.43,0.59,0.48,0.5,0.52,0.49,0.56
s: 4
t: 0.721

i: 0.29,0.37,0.48,0.5,0.48,0.44,0.52
s: 4
t: 0.923

i: 0.64,0.66,0.48,0.5,0.41,0.39,0.2
s: 4
t: 0.665

i: 0.37,0.5,0.48,0.5,0.42,0.36,0.45
s: 3
t: 1.252

i: 0.46,0.59,0.48,0.5,0.36,0.76,0.23
s: 2
t: 1.233

i: 0.25,0.37,0.48,0.5,0.43,0.26,0.36
s: 2
t: 0.476

i: 0.74,0.56,0.48,0.5,0.47,0.68,0.3
s: 4
t: 0.374

i: 0.76,0.73,0.48,0.5,0.44,0.39,0.39
s: 4
t: 0.687

i: 0.87,0.49,0.48,0.5,0.61,0.76,0.79
s: 4
t: 1.466

i: 0.62,0.42,0.48,0.5,0.58,0.79,0.81
s: 4
t: 0.523

i: 0.4,0.46,0.48,0.5,0.42,0.35,0.44
s: 3
t: 1.287

i: 0.5,0.49,0.48,0.5,0.49,0.46,0.53
s: 4
t: 0.754

i: 0.38,0.46,0.48,0.5,0.48,0.22,0.29
s: 2
t: 0.397

i: 0.28,0.33,0.48,0.5,0.45,0.22,0.33
s: 2
t: 0.162

i: 0.59,0.29,0.48,0.5,0.64,0.75,0.77
s: 4
t: 0.799

i: 0.44,0.35,0.48,0.5,0.44,0.52,0.59
s: 3
t: 1.455

i: 0.63,0.83,0.48,0.5,0.4,0.39,0.19
s: 4
t: 0.825

i: 0.3,0.16,0.48,0.5,0.56,0.11,0.23
s: 2
t: 0.179

i: 0.69,0.67,0.48,0.5,0.3,0.39,0.24
s: 4
t: 0.357

i: 0.2,0.46,0.48,0.5,0.57,0.78,0.81
s: 2
t: 0.707

i: 0.4,0.5,0.48,0.5,0.45,0.39,0.47
s: 4
t: 2.535

i: 0.84,0.49,0.48,0.5,0.55,0.78,0.74
s: 4
t: 0.604

i: 0.47,0.46,0.48,0.5,0.62,0.74,0.77
s: 5
t: 0.451

i: 0.52,0.57,0.48,0.5,0.42,0.47,0.54
s: 4
t: 1.606

i: 0.86,0.55,0.48,0.5,0.63,0.81,0.83
s: 4
t: 2.388

i: 0.54,0.57,0.48,0.5,0.56,0.81,0.83
s: 3
t: 0.686

i: 0.69,0.39,0.48,0.5,0.57,0.76,0.79
s: 4
t: 0.606

i: 0.67,0.39,0.48,0.5,0.36,0.38,0.46
s: 4
t: 1.923

i: 0.35,0.37,0.48,0.5,0.3,0.34,0.43
s: 3
t: 0.233

i: 0.21,0.51,0.48,0.5,0.5,0.32,0.41
s: 3
t: 0.469

i: 0.36,0.56,0.48,0.5,0.43,0.45,0.53
s: 4
t: 0.487

i: 0.67,0.81,0.48,0.5,0.54,0.49,0.23
s: 4
t: 0.734

i: 0.68,0.78,0.48,0.5,0.43,0.44,0.42
s: 4
t: 0.263

i: 0.36,0.39,0.48,0.5,0.48,0.22,0.23
s: 3
t: 1.183

i: 0.73,0.36,0.48,0.5,0.53,0.91,0.92
s: 4
t: 1.911

i: 0.63,0.51,0.48,0.5,0.64,0.72,0.76
s: 5
t: 0.606

i: 0.62,0.78,0.48,0.5,0.47,0.49,0.54
s: 4
t: 0.499

i: 0.63,0.75,0.48,0.5,0.64,0.73,0.66
s: 4
t: 0.775

i: 0.63,1.0,0.48,0.5,0.35,0.51,0.49
s: 4
t: 0.537

i: 0.24,0.43,0.48,0.5,0.54,0.52,0.59
s: 3
t: 0.618

i: 0.54,0.49,0.48,0.5,0.4,0.87,0.88
s: 3
t: 0.422

i: 0.72,0.86,0.48,0.5,0.17,0.55,0.21
s: 4
t: 0.553

i: 0.7,0.71,0.48,0.5,0.42,0.84,0.85
s: 4
t: 1.214

max time: 8.68
min time: 0.16
avg time: 1.39

