i: 40,1,1,3,1,0,0,3,2,2,1,1,3,1,3,0,0,0,1,2,2,2,3,1,3,3,2,0,2,2,2,2,3,3,3,3,3,3,2,1,3,2,0,0,0,2,2,0,2,2,0,0,1,3,0,3,0,3
s: 1
t: 0.036

i: 51,3,0,3,3,1,3,1,0,0,1,0,0,2,0,3,3,0,0,1,1,2,0,1,0,2,0,3,3,1,0,0,3,1,3,1,2,3,2,2,0,3,2,2,0,1,2,3,3,1,0,0,1,0,3,3,2,0
s: 1
t: 0.029

i: 35,1,0,3,2,3,1,0,2,1,1,3,1,2,0,1,0,0,1,3,3,2,1,0,3,0,0,0,3,2,1,3,3,3,1,3,3,2,3,0,2,0,1,2,3,2,1,1,1,3,0,1,2,1,2,1,3,3
s: 1
t: 0.029

i: 47,1,2,3,1,3,0,3,1,2,2,3,2,0,0,1,1,3,1,1,2,2,3,0,3,1,0,0,1,2,1,3,2,2,0,0,2,2,3,2,0,1,2,1,3,0,0,1,2,1,0,2,0,3,2,1,0,2
s: 1
t: 0.028

i: 8,3,0,3,3,1,2,3,1,3,1,1,2,1,2,0,1,3,0,1,2,0,3,2,0,2,0,3,2,1,1,3,2,0,2,3,2,1,3,3,1,1,2,3,3,0,1,3,2,2,0,3,3,2,3,1,0,1
s: 1
t: 0.028

i: 92,1,1,2,3,3,3,0,3,3,3,3,3,3,1,3,0,1,1,1,0,3,0,3,1,1,3,3,2,0,0,2,1,2,2,3,2,3,3,0,3,0,0,3,2,1,1,2,1,2,1,1,1,3,1,2,0,3
s: 1
t: 0.078

i: 18,3,3,0,1,2,3,3,2,2,1,2,0,1,1,2,1,3,0,2,2,0,1,3,3,3,1,3,3,2,3,3,2,0,3,3,3,3,1,1,0,3,2,1,2,2,3,2,3,3,3,3,2,1,2,1,0,0
s: 1
t: 0.028

i: 79,3,3,3,1,3,0,1,0,0,0,0,1,0,1,3,3,2,0,3,0,1,3,2,3,0,3,2,0,2,1,0,3,0,1,0,2,3,0,3,0,0,3,3,2,1,3,3,1,0,0,1,0,2,0,0,1,0
s: 1
t: 0.029

i: 101,0,3,2,1,0,0,3,3,3,3,3,3,0,2,3,3,2,1,0,3,2,0,0,1,3,1,2,1,0,3,2,3,1,3,1,1,0,3,0,2,0,0,3,2,1,2,1,2,1,3,0,1,3,3,2,0,3
s: 1
t: 0.029

i: 32,1,1,2,0,2,3,0,2,0,1,1,1,3,3,0,2,0,2,0,2,1,0,3,2,3,1,0,2,1,1,3,1,2,0,1,0,0,1,3,3,2,1,0,3,0,0,0,3,2,1,3,3,3,1,3,3,2
s: 1
t: 0.027

i: 98,3,1,3,2,0,0,0,3,2,0,2,1,3,2,3,3,2,0,1,0,0,3,3,0,0,3,1,0,3,1,2,0,0,1,3,0,2,3,3,0,0,1,3,0,2,3,0,1,2,1,0,0,2,3,3,1,0
s: 1
t: 0.028

i: 93,0,3,3,0,1,0,0,0,0,0,2,3,2,1,3,3,3,1,3,2,0,0,1,3,2,0,0,1,0,0,0,0,0,0,2,0,2,3,0,0,0,2,3,3,0,2,3,1,2,1,2,3,0,2,2,2,3
s: 1
t: 0.029

i: 64,3,0,0,0,0,0,0,1,3,0,0,1,0,2,3,3,2,3,1,0,2,1,1,3,2,3,1,1,1,2,1,3,3,0,3,0,0,2,0,3,1,0,3,0,1,2,1,1,2,3,3,0,3,0,1,2,3
s: 1
t: 0.032

i: 9,3,3,1,2,3,1,3,1,1,2,1,2,0,1,3,0,1,2,0,3,2,0,2,0,3,2,1,1,3,2,0,2,3,2,1,3,3,1,1,2,3,3,0,1,3,2,2,0,3,3,2,3,1,0,1,1,0
s: 1
t: 0.029

i: 80,3,2,3,0,0,0,1,3,0,0,3,2,1,1,3,3,3,0,1,2,3,2,2,2,1,2,2,3,2,0,3,3,3,3,2,3,1,3,0,1,0,0,3,1,3,3,0,1,1,1,1,1,0,1,2,3,0
s: 1
t: 0.032

i: 74,0,2,2,2,2,1,0,0,2,2,0,2,2,0,3,2,2,0,0,0,2,0,2,2,3,3,2,1,1,2,3,0,3,0,0,0,2,0,0,0,1,3,0,2,0,2,3,1,1,2,3,3,3,0,2,2,3
s: 1
t: 0.029

i: 103,3,1,1,0,2,3,0,3,0,0,3,3,3,2,3,3,2,2,1,0,3,0,0,3,3,0,0,2,3,0,1,2,0,1,2,0,2,3,0,0,0,0,3,3,0,1,0,3,0,1,1,3,2,1,1,1,2
s: 1
t: 0.029

i: 3,2,0,2,2,3,2,2,1,3,0,3,2,3,2,3,0,3,2,0,1,1,2,0,0,1,2,0,2,3,1,0,0,3,1,0,2,0,1,1,2,1,3,3,3,2,0,1,3,1,3,2,2,3,0,3,3,0
s: 1
t: 0.028

i: 12,0,2,0,2,2,2,3,2,3,0,1,3,1,1,0,0,2,0,0,2,0,2,2,0,0,2,0,3,2,0,2,2,1,3,0,2,0,1,2,3,1,3,1,3,2,1,0,3,2,2,0,2,3,0,3,2,0
s: 1
t: 0.029

i: 66,1,0,0,2,2,3,0,2,0,0,3,2,1,3,3,3,2,1,1,3,3,2,3,1,2,2,1,1,3,2,0,3,3,0,0,3,2,2,1,0,1,2,0,3,0,2,3,1,2,1,0,3,1,2,2,0,3
s: 1
t: 0.027

i: 69,3,0,2,2,1,0,1,1,1,1,0,2,2,1,3,3,3,0,1,0,1,3,3,3,0,3,2,1,3,3,1,1,2,2,1,3,1,2,3,0,3,2,3,3,2,3,2,3,2,2,0,0,3,3,2,3,2
s: 1
t: 0.029

i: 100,3,2,2,2,2,0,1,2,3,1,2,3,3,0,1,3,2,0,3,1,1,2,1,0,1,2,3,3,3,0,3,2,0,3,0,3,2,1,3,0,3,1,2,3,0,1,3,1,3,3,3,0,2,1,2,0,2
s: 1
t: 0.029

i: 24,1,0,3,2,0,0,1,3,1,0,0,2,2,1,3,2,0,3,0,1,2,2,1,2,0,2,0,1,3,3,2,1,2,0,2,1,1,3,3,2,3,1,1,3,3,2,1,2,2,3,0,1,0,1,0,2,1
s: 1
t: 0.028

i: 72,1,1,0,3,1,0,0,0,0,0,0,0,3,0,3,3,1,3,1,0,0,1,0,3,0,0,0,0,0,0,1,3,3,3,2,3,2,3,0,0,3,0,1,3,3,2,3,0,0,1,2,1,3,0,1,0,3
s: 1
t: 0.028

i: 16,2,1,1,0,0,3,1,0,0,3,1,0,0,2,0,0,1,3,3,2,0,0,2,2,2,3,2,2,3,0,3,1,0,2,1,1,0,0,1,0,2,1,1,3,2,0,1,0,3,1,1,3,3,1,2,3,3
s: 1
t: 0.028

i: 67,2,2,1,1,0,0,0,0,0,0,3,0,3,1,3,3,2,3,0,1,3,0,3,3,3,0,1,0,0,0,0,1,1,3,0,3,2,2,3,0,0,1,3,1,3,3,3,0,2,2,1,0,3,3,1,1,3
s: 1
t: 0.027

i: 42,3,2,1,3,2,0,0,0,2,2,0,2,2,0,0,1,3,0,3,0,3,2,1,2,1,3,1,0,3,0,1,2,0,3,0,3,2,0,0,1,2,3,3,2,0,2,0,1,3,2,1,1,2,1,3,2,0
s: 1
t: 0.029

i: 43,1,3,0,3,0,3,2,1,2,1,3,1,0,3,0,1,2,0,3,0,3,2,0,0,1,2,3,3,2,0,2,0,1,3,2,1,1,2,1,3,2,0,2,3,3,0,3,1,0,2,1,3,2,3,2,0,0
s: 1
t: 0.029

i: 59,3,3,2,3,1,0,3,0,0,3,1,2,0,1,3,3,2,3,0,0,0,1,1,0,0,0,3,3,2,0,0,0,0,2,0,3,3,3,0,2,2,3,3,3,0,1,0,0,2,3,1,3,0,1,0,1,1
s: 1
t: 0.028

i: 31,2,0,0,2,0,1,1,0,1,2,1,1,3,1,2,1,1,0,1,1,2,0,2,3,0,2,0,1,1,1,3,3,0,2,0,2,0,2,1,0,3,2,3,1,0,2,1,1,3,1,2,0,1,0,0,1,3
s: 1
t: 0.027

i: 17,3,0,3,3,2,2,1,3,3,2,1,3,1,0,0,2,1,0,3,2,0,0,1,3,1,0,0,2,2,1,3,2,0,3,0,1,2,2,1,2,0,2,0,1,3,3,2,1,2,0,2,1,1,3,3,2,3
s: 1
t: 0.029

i: 49,0,1,2,1,3,0,0,1,2,1,0,2,0,3,2,1,0,2,1,2,0,0,1,2,1,3,1,2,2,1,2,3,0,3,3,1,3,1,0,0,1,0,0,2,0,3,3,0,0,1,1,2,0,1,0,2,0
s: 1
t: 0.031

i: 7,3,3,0,1,3,2,3,2,0,0,1,0,3,3,0,3,3,1,2,3,1,3,1,1,2,1,2,0,1,3,0,1,2,0,3,2,0,2,0,3,2,1,1,3,2,0,2,3,2,1,3,3,1,1,2,3,3
s: 1
t: 0.029

i: 13,0,2,0,1,2,3,1,3,1,3,2,1,0,3,2,2,0,2,3,0,3,2,0,2,0,3,2,2,0,1,3,0,1,2,2,3,2,2,2,3,0,1,0,0,3,0,3,2,1,3,2,2,0,3,2,2,0
s: 1
t: 0.029

i: 56,2,1,0,0,0,3,0,0,3,1,0,0,3,2,3,2,2,0,1,3,3,3,3,1,3,2,1,1,2,3,2,0,3,3,0,3,0,2,0,1,0,1,3,3,3,3,2,3,3,0,1,2,1,2,3,3,3
s: 1
t: 0.028

i: 65,0,3,0,3,0,0,0,0,0,0,2,3,3,1,3,3,2,1,3,3,3,1,3,0,0,1,2,3,2,0,0,0,2,3,2,2,3,3,3,0,2,2,3,3,0,0,0,0,2,0,1,0,3,1,0,2,3
s: 1
t: 0.029

i: 77,1,3,2,3,3,2,3,3,1,0,2,3,3,3,3,3,2,0,2,3,3,2,3,2,3,0,3,0,0,1,1,1,1,3,1,0,3,3,1,3,2,0,3,1,1,1,0,2,1,3,3,0,3,0,1,2,2
s: 1
t: 0.029

i: 38,1,2,0,1,1,2,0,0,2,1,2,0,2,1,1,3,1,2,3,1,1,3,1,0,0,3,2,2,1,1,3,1,3,0,0,0,1,2,2,2,3,1,3,3,2,0,2,2,2,2,3,3,3,3,3,3,2
s: 1
t: 0.028

i: 25,0,0,1,3,1,0,0,2,2,1,3,2,0,3,0,1,2,2,1,2,0,2,0,1,3,3,2,1,2,0,2,1,1,3,3,2,3,1,1,3,3,2,1,2,2,3,0,1,0,1,0,2,1,0,2,1,2
s: 1
t: 0.029

i: 53,0,0,1,2,1,0,3,0,1,2,2,3,0,3,3,3,3,0,1,1,3,3,1,1,1,0,2,3,1,0,0,2,0,0,0,0,1,3,3,0,3,1,3,3,0,3,3,1,1,1,0,1,3,3,3,3,1
s: 1
t: 0.029

i: 4,3,0,3,2,0,1,1,2,0,0,1,2,0,2,3,1,0,0,3,1,0,2,0,1,1,2,1,3,3,3,2,0,1,3,1,3,2,2,3,0,3,3,0,1,3,2,3,2,0,0,1,0,3,3,0,3,3
s: 1
t: 0.027

i: 27,3,2,1,0,1,2,2,2,3,3,2,1,2,0,3,0,2,1,1,3,1,0,2,1,2,3,0,3,3,1,0,2,2,3,2,1,2,0,2,3,3,1,2,0,3,0,2,3,1,3,1,0,2,0,2,3,1
s: 1
t: 0.030

i: 26,0,2,2,0,2,2,0,0,1,3,0,1,2,1,0,0,2,2,3,3,2,2,0,0,1,0,3,1,2,2,0,2,0,2,0,3,2,1,1,0,2,1,1,0,2,1,2,1,0,1,1,3,2,1,0,1,2
s: 1
t: 0.029

i: 85,1,1,3,2,0,0,0,3,3,1,0,2,2,2,3,3,2,0,1,3,1,3,2,0,0,0,2,0,2,2,0,0,0,2,1,2,3,0,0,3,0,3,0,1,2,1,1,0,1,1,3,1,2,1,2,0,1
s: 1
t: 0.028

i: 89,0,0,2,1,0,0,0,2,0,0,0,3,2,1,3,3,2,0,1,3,1,3,2,3,0,2,1,2,2,2,0,0,2,2,1,2,3,0,3,3,0,3,2,1,0,1,0,1,1,2,1,1,2,1,2,1,1
s: 1
t: 0.029

i: 102,3,1,3,1,0,0,1,2,3,0,0,1,0,1,3,3,3,0,1,0,2,1,2,2,1,2,1,2,3,1,0,3,3,3,2,0,3,0,3,2,0,3,2,1,2,1,1,1,1,2,1,3,3,1,1,1,2
s: 1
t: 0.036

i: 54,3,2,1,3,0,3,1,1,3,2,0,1,0,2,3,3,2,3,1,0,1,2,1,3,2,0,3,3,2,2,3,2,3,1,2,3,3,0,1,0,0,3,1,3,0,0,1,2,1,0,3,1,2,1,1,0,0
s: 1
t: 0.054

i: 68,2,0,1,0,1,1,0,3,1,2,0,0,3,2,2,1,2,1,0,0,0,0,1,1,3,3,3,1,2,1,2,2,3,0,3,2,2,1,0,3,2,0,3,0,2,1,2,1,1,1,2,2,0,0,2,0,2
s: 1
t: 0.052

i: 105,3,1,0,2,0,0,0,3,0,3,3,0,3,2,2,3,2,0,3,2,0,0,1,3,2,3,3,3,3,3,3,3,0,3,1,1,0,2,3,0,3,0,0,3,3,3,2,3,3,2,2,1,0,3,0,0,3
s: 1
t: 0.039

i: 81,3,3,1,2,1,0,3,0,3,3,3,3,3,1,3,3,2,1,0,0,0,2,3,3,2,2,2,3,3,2,0,2,1,3,2,2,1,3,0,2,0,3,3,0,2,1,1,0,2,1,1,0,0,3,1,3,3
s: 1
t: 0.031

i: 88,3,3,3,0,3,0,3,3,3,3,3,1,2,1,3,3,2,3,1,0,2,2,1,1,2,2,0,0,3,0,0,1,3,1,1,1,3,0,3,0,0,3,2,1,2,1,1,0,1,1,0,1,3,2,0,1,0
s: 1
t: 0.032

i: 21,2,2,3,2,3,3,3,3,2,1,2,1,0,0,3,2,3,3,0,0,3,1,2,1,3,3,3,2,3,0,1,0,1,1,3,1,0,2,2,1,0,3,2,3,0,0,0,1,2,3,1,3,3,1,2,3,0
s: 1
t: 0.028

i: 6,0,0,1,2,0,2,3,1,0,0,3,1,0,2,0,1,1,2,1,3,3,3,2,0,1,3,1,3,2,2,3,0,3,3,0,1,3,2,3,2,0,0,1,0,3,3,0,3,3,1,2,3,1,3,1,1,2
s: 1
t: 0.030

i: 30,0,0,1,1,0,3,3,1,1,2,2,3,3,2,0,1,3,1,0,0,3,2,0,2,1,0,3,1,3,1,2,0,3,2,1,0,2,1,2,3,0,1,3,1,1,3,0,1,0,3,2,0,0,3,0,2,0
s: 1
t: 0.030

i: 90,0,3,2,1,0,3,3,3,3,3,1,1,2,1,3,3,2,3,1,3,3,1,1,3,2,0,2,1,1,2,0,1,3,1,1,1,3,0,3,0,0,3,2,1,2,1,1,3,1,1,0,3,1,2,0,1,0
s: 1
t: 0.030

i: 5,1,2,0,0,1,2,0,2,3,1,0,0,3,1,0,2,0,1,1,2,1,3,3,3,2,0,1,3,1,3,2,2,3,0,3,3,0,1,3,2,3,2,0,0,1,0,3,3,0,3,3,1,2,3,1,3,1
s: 1
t: 0.039

i: 36,3,2,0,0,2,3,2,1,3,3,0,2,1,3,3,1,0,0,2,2,3,1,0,1,2,2,0,3,0,1,2,0,1,1,2,0,0,2,1,2,0,2,1,1,3,1,2,3,1,1,3,1,0,0,3,2,2
s: 1
t: 0.032

i: 41,1,0,0,3,2,2,1,1,3,1,3,0,0,0,1,2,2,2,3,1,3,3,2,0,2,2,2,2,3,3,3,3,3,3,2,1,3,2,0,0,0,2,2,0,2,2,0,0,1,3,0,3,0,3,2,1,2
s: 1
t: 0.033

i: 1,3,2,2,0,3,2,2,0,1,2,3,3,1,0,0,1,0,3,3,2,0,2,2,0,0,2,2,1,0,3,0,0,1,2,1,3,0,1,3,0,1,1,3,2,0,3,2,3,3,3,0,1,3,1,1,0,0
s: 1
t: 0.037

i: 46,3,2,2,1,2,3,1,3,0,3,1,2,2,3,2,0,0,1,1,3,1,1,2,2,3,0,3,1,0,0,1,2,1,3,2,2,0,0,2,2,3,2,0,1,2,1,3,0,0,1,2,1,0,2,0,3,2
s: 1
t: 0.033

i: 99,0,1,1,2,2,0,0,2,0,0,0,0,1,1,2,3,2,0,1,0,3,3,3,3,0,0,1,0,1,2,3,3,3,2,3,3,0,1,0,0,2,2,3,0,0,0,2,2,1,2,0,1,2,1,1,2,1
s: 1
t: 0.029

i: 61,0,0,3,3,2,3,2,0,3,2,3,2,3,0,3,1,2,0,0,2,3,2,3,2,3,3,2,1,2,2,0,2,3,0,2,0,3,2,3,3,0,2,0,0,3,0,1,3,0,0,1,0,0,0,1,3,1
s: 1
t: 0.028

i: 0,3,1,3,1,2,3,2,2,0,3,2,2,0,1,2,3,3,1,0,0,1,0,3,3,2,0,2,2,0,0,2,2,1,0,3,0,0,1,2,1,3,0,1,3,0,1,1,3,2,0,3,2,3,3,3,0,1
s: 1
t: 0.030

i: 28,0,3,0,2,3,1,3,1,0,2,0,2,3,1,3,3,2,0,1,1,3,0,1,3,0,1,2,1,1,0,2,1,0,3,3,3,3,2,2,1,2,2,3,2,3,0,0,2,1,3,0,0,1,1,0,3,3
s: 1
t: 0.030

i: 33,3,3,0,2,0,2,0,2,1,0,3,2,3,1,0,2,1,1,3,1,2,0,1,0,0,1,3,3,2,1,0,3,0,0,0,3,2,1,3,3,3,1,3,3,2,3,0,2,0,1,2,3,2,1,1,1,3
s: 1
t: 0.030

i: 22,0,2,2,1,0,3,2,3,0,0,0,1,2,3,1,3,3,1,2,3,0,2,1,2,1,0,3,1,0,2,3,2,1,3,3,3,1,3,3,0,1,3,2,3,2,0,2,3,0,1,2,1,0,1,1,0,2
s: 1
t: 0.030

i: 96,0,0,0,3,3,0,0,0,0,3,3,3,3,0,3,3,2,0,1,3,3,0,2,2,3,1,0,1,3,0,0,0,3,0,1,3,3,3,0,0,1,1,0,0,3,0,3,0,2,2,1,0,3,0,2,1,2
s: 1
t: 0.028

i: 2,0,3,1,1,1,3,0,0,3,2,3,1,3,0,1,3,3,1,1,2,2,3,1,0,0,3,1,1,0,3,1,3,0,1,2,3,3,0,0,1,1,2,0,2,2,3,2,2,1,3,0,3,2,3,2,3,0
s: 1
t: 0.029

i: 15,3,0,0,1,0,3,3,0,0,3,0,0,0,3,0,0,2,2,0,2,2,1,3,1,3,0,0,3,2,2,1,0,1,3,1,0,3,3,0,2,1,1,0,0,3,1,0,0,3,1,0,0,2,0,0,1,3
s: 1
t: 0.030

i: 39,1,3,1,2,3,1,1,3,1,0,0,3,2,2,1,1,3,1,3,0,0,0,1,2,2,2,3,1,3,3,2,0,2,2,2,2,3,3,3,3,3,3,2,1,3,2,0,0,0,2,2,0,2,2,0,0,1
s: 1
t: 0.029

i: 78,2,0,3,1,2,1,0,1,2,0,3,1,3,2,3,0,3,0,1,3,3,0,3,3,3,2,0,2,3,0,0,0,3,3,0,0,1,1,1,0,1,2,0,3,1,1,1,0,2,1,1,0,3,3,1,3,3
s: 1
t: 0.029

i: 57,2,3,0,1,3,0,2,0,2,0,0,1,3,0,2,3,2,1,0,3,3,0,2,1,3,3,0,3,3,3,3,3,3,3,2,3,3,0,3,1,0,3,2,1,3,0,0,1,1,0,1,1,1,2,2,1,2
s: 1
t: 0.028

i: 104,0,1,0,2,3,3,0,3,1,1,0,1,3,0,3,3,1,1,3,2,3,2,2,0,3,0,0,1,1,0,3,2,3,2,3,0,3,3,0,2,0,2,3,3,0,2,0,0,0,0,1,0,1,2,0,2,2
s: 1
t: 0.029

i: 52,3,1,3,1,0,0,1,0,0,2,0,3,3,0,0,1,1,2,0,1,0,2,0,3,3,1,0,0,3,1,3,1,2,3,2,2,0,3,2,2,0,1,2,3,3,1,0,0,1,0,3,3,2,0,2,2,0
s: 1
t: 0.029

i: 97,0,0,0,1,0,0,3,3,3,1,0,2,0,0,3,0,2,0,1,0,0,0,0,0,1,3,1,3,2,0,2,3,2,3,0,0,3,0,0,3,2,3,0,2,1,1,3,1,2,3,2,3,1,3,3,2,1
s: 1
t: 0.029

i: 91,3,0,1,3,0,2,1,0,0,3,0,1,2,1,3,3,2,1,2,3,3,1,2,2,3,2,2,3,3,0,0,2,3,0,3,2,3,0,3,0,0,3,2,1,2,1,2,2,2,1,3,3,2,3,1,2,3
s: 1
t: 0.028

i: 60,1,0,2,0,0,0,1,2,3,3,3,3,0,3,3,1,2,0,0,1,0,3,1,2,0,3,1,3,1,2,3,1,3,3,2,3,2,3,3,0,2,0,0,3,3,1,3,0,0,1,0,3,0,1,2,2,3
s: 1
t: 0.029

i: 20,3,2,3,3,2,0,3,3,3,3,1,1,0,3,2,1,2,2,3,2,3,3,3,3,2,1,2,1,0,0,3,2,3,3,0,0,3,1,2,1,3,3,3,2,3,0,1,0,1,1,3,1,0,2,2,1,0
s: 1
t: 0.029

i: 94,3,1,2,3,3,2,3,0,3,0,3,3,3,1,3,3,2,0,1,0,1,1,3,3,3,3,1,2,2,1,0,3,1,2,1,1,1,3,0,0,0,0,3,3,1,2,2,1,2,3,1,1,3,1,0,3,0
s: 1
t: 0.029

i: 44,0,3,0,3,2,0,0,1,2,3,3,2,0,2,0,1,3,2,1,1,2,1,3,2,0,2,3,3,0,3,1,0,2,1,3,2,3,2,0,0,1,2,0,1,0,3,3,1,3,2,2,1,2,3,1,3,0
s: 1
t: 0.029

i: 73,0,3,2,1,2,1,0,0,1,2,1,2,2,2,2,3,2,0,1,0,0,2,2,2,1,2,1,2,1,0,0,0,1,1,1,3,1,3,0,3,0,1,3,2,1,2,1,2,1,1,2,0,0,2,1,3,2
s: 1
t: 0.028

i: 37,0,0,2,3,2,1,3,3,0,2,1,3,3,1,0,0,2,2,3,1,0,1,2,2,0,3,0,1,2,0,1,1,2,0,0,2,1,2,0,2,1,1,3,1,2,3,1,1,3,1,0,0,3,2,2,1,1
s: 1
t: 0.029

i: 70,3,1,2,0,3,0,0,3,3,0,0,1,3,0,3,3,2,0,1,2,0,0,0,0,2,1,3,2,0,0,0,0,1,1,0,1,3,0,2,0,0,3,2,1,2,1,1,3,1,1,2,3,2,2,3,0,2
s: 1
t: 0.030

i: 86,2,0,3,1,0,0,0,0,0,0,0,3,0,1,3,3,2,3,2,1,0,0,0,0,0,0,3,3,2,2,2,0,3,1,1,1,3,0,3,0,0,3,2,1,2,1,1,3,1,1,2,3,3,2,0,2,0
s: 1
t: 0.029

i: 34,2,0,2,0,2,1,0,3,2,3,1,0,2,1,1,3,1,2,0,1,0,0,1,3,3,2,1,0,3,0,0,0,3,2,1,3,3,3,1,3,3,2,3,0,2,0,1,2,3,2,1,1,1,3,0,1,2
s: 1
t: 0.029

i: 50,2,3,0,3,3,1,3,1,0,0,1,0,0,2,0,3,3,0,0,1,1,2,0,1,0,2,0,3,3,1,0,0,3,1,3,1,2,3,2,2,0,3,2,2,0,1,2,3,3,1,0,0,1,0,3,3,2
s: 1
t: 0.030

i: 14,1,3,0,1,2,2,3,2,2,2,3,0,1,0,0,3,0,3,2,1,3,2,2,0,3,2,2,0,2,0,3,2,1,2,3,3,1,0,1,3,3,1,3,2,2,3,1,3,0,1,3,2,0,1,3,1,2
s: 1
t: 0.029

i: 76,0,0,0,0,0,1,2,3,1,0,3,1,2,1,3,3,2,1,0,3,3,0,2,0,0,0,2,2,3,3,3,1,3,2,2,1,1,2,0,1,1,3,3,0,3,0,0,1,1,0,3,3,0,0,3,3,0
s: 1
t: 0.030

i: 82,1,2,0,1,3,3,0,0,3,0,3,0,1,3,2,1,2,0,1,0,2,2,0,1,2,3,1,1,2,3,3,1,3,2,3,2,3,0,0,0,3,1,2,1,0,0,3,2,0,0,0,3,2,2,3,3,3
s: 1
t: 0.029

i: 45,1,0,2,1,2,2,1,0,2,1,0,1,2,3,3,3,1,1,0,1,2,1,2,2,3,2,0,2,0,2,1,1,3,1,0,2,2,0,3,3,1,0,3,2,3,1,2,0,3,2,3,1,3,3,1,1,2
s: 1
t: 0.029

i: 23,1,2,3,0,2,1,2,1,0,3,1,0,2,3,2,1,3,3,3,1,3,3,0,1,3,2,3,2,0,2,3,0,1,2,1,0,1,1,0,2,1,2,1,1,0,2,0,2,2,0,1,2,0,1,2,0,1
s: 1
t: 0.030

i: 10,1,2,1,2,0,1,3,0,1,2,0,3,2,0,2,0,3,2,1,1,3,2,0,2,3,2,1,3,3,1,1,2,3,3,0,1,3,2,2,0,3,3,2,3,1,0,1,1,0,0,2,2,1,3,3,1,1
s: 1
t: 0.028

i: 83,3,3,3,3,0,0,0,3,3,3,1,1,3,1,3,3,2,3,1,0,2,2,1,1,2,2,0,0,3,0,0,1,3,1,1,1,3,0,3,0,0,3,2,1,2,1,1,0,1,1,0,1,3,2,0,1,0
s: 1
t: 0.030

i: 19,1,2,1,3,0,2,2,0,1,3,3,3,1,3,3,2,3,3,2,0,3,3,3,3,1,1,0,3,2,1,2,2,3,2,3,3,3,3,2,1,2,1,0,0,3,2,3,3,0,0,3,1,2,1,3,3,3
s: 1
t: 0.030

i: 58,2,1,1,3,3,1,3,1,1,0,0,0,0,1,2,3,2,3,3,3,3,3,3,2,3,3,2,3,3,0,0,3,3,1,2,2,3,2,3,0,2,0,1,3,3,2,3,0,0,0,1,1,3,0,0,0,3
s: 1
t: 0.029

i: 87,1,3,2,1,0,0,3,3,3,3,3,1,3,0,3,3,2,1,2,2,1,1,3,2,1,2,2,0,2,0,0,1,3,1,1,1,3,0,3,0,0,3,2,1,2,1,1,3,1,1,0,3,1,2,0,1,0
s: 1
t: 0.030

i: 84,2,1,0,0,0,0,0,3,0,0,0,3,2,1,3,3,2,0,1,3,1,3,2,3,0,2,1,2,2,2,0,0,2,2,1,2,3,0,3,3,0,3,2,1,0,1,0,1,1,1,1,2,1,2,1,1,2
s: 1
t: 0.028

i: 11,3,0,2,0,2,2,2,3,2,3,0,1,3,1,1,0,0,2,0,0,2,0,2,2,0,0,2,0,3,2,0,2,2,1,3,0,2,0,1,2,3,1,3,1,3,2,1,0,3,2,2,0,2,3,0,3,2
s: 1
t: 0.030

i: 75,1,0,2,2,2,2,2,3,2,2,0,2,2,0,3,3,3,0,0,2,1,1,0,3,1,3,1,1,3,2,0,3,2,0,1,2,1,0,3,0,2,3,1,0,2,1,1,1,0,3,1,0,3,2,0,0,3
s: 1
t: 0.030

i: 48,2,1,2,2,1,0,2,1,0,1,2,3,3,3,1,1,0,1,2,1,2,2,3,2,0,2,0,2,1,1,3,1,0,2,2,0,3,3,1,0,3,2,3,1,2,0,3,2,3,1,3,3,1,1,2,2,3
s: 1
t: 0.029

i: 63,1,0,1,3,0,0,3,3,3,0,3,3,1,1,0,3,2,3,1,0,1,0,1,3,3,3,3,1,2,1,0,3,1,3,3,3,2,3,3,0,3,2,1,3,0,3,2,2,3,3,0,3,3,3,1,0,3
s: 1
t: 0.029

i: 95,1,1,3,3,2,0,0,0,0,0,2,0,2,2,3,3,2,0,1,2,1,3,2,1,0,0,2,2,1,3,1,3,0,3,0,1,2,1,0,3,0,0,3,2,1,2,1,1,1,1,2,1,0,0,1,2,1
s: 1
t: 0.028

i: 55,3,3,0,2,1,2,2,0,3,1,1,3,0,1,1,3,2,0,1,2,1,3,3,3,3,3,0,3,1,2,1,0,0,1,3,1,3,1,3,0,1,3,2,3,3,3,1,3,1,1,0,3,0,1,1,1,2
s: 1
t: 0.029

i: 29,3,3,2,0,1,1,3,0,1,3,0,1,2,1,1,0,2,1,0,3,3,3,3,2,2,1,2,2,3,2,3,0,0,2,1,3,0,0,1,1,0,3,3,1,1,2,2,3,3,2,0,1,3,1,0,0,3
s: 1
t: 0.029

i: 71,3,2,3,2,1,0,2,3,3,3,0,3,2,2,3,3,1,1,0,0,0,0,3,1,2,1,1,3,3,3,3,2,1,3,2,3,0,3,0,3,0,1,3,1,0,1,0,2,1,0,3,0,0,1,3,2,3
s: 1
t: 0.029

i: 62,1,0,3,1,1,3,1,2,1,0,1,1,0,2,3,1,2,0,1,2,0,1,2,2,3,3,3,0,1,2,1,3,3,3,0,1,2,3,0,3,0,2,3,2,2,1,2,0,1,0,0,3,3,3,3,3,3
s: 1
t: 0.030

max time: 0.08
min time: 0.03
avg time: 0.03

