i: 44.0,1.0,85.0,0.0,44.0,14.0,41.0,41.0,0.0
s: 3
t: 1.246

i: 55.0,0.0,95.0,0.0,44.0,-17.0,40.0,51.0,12.0
s: 6
t: 1.366

i: 55.0,0.0,77.0,0.0,-18.0,-16.0,21.0,95.0,74.0
s: 4
t: 1.280

i: 43.0,0.0,84.0,-1.0,42.0,-4.0,41.0,43.0,2.0
s: 3
t: 2.518

i: 47.0,-1.0,88.0,-2.0,46.0,0.0,40.0,41.0,0.0
s: 5
t: 4.504

i: 55.0,0.0,99.0,0.0,46.0,0.0,43.0,52.0,8.0
s: 6
t: 0.728

i: 37.0,0.0,77.0,-3.0,36.0,-5.0,40.0,41.0,0.0
s: 5
t: 2.718

i: 56.0,0.0,96.0,0.0,42.0,12.0,40.0,55.0,14.0
s: 6
t: 0.684

i: 81.0,-5.0,86.0,0.0,-40.0,0.0,5.0,127.0,122.0
s: 4
t: 4.522

i: 45.0,-3.0,85.0,1.0,44.0,0.0,40.0,41.0,2.0
s: 3
t: 2.583

i: 48.0,0.0,81.0,3.0,46.0,0.0,33.0,34.0,2.0
s: 3
t: 1.492

i: 56.0,5.0,95.0,0.0,52.0,0.0,40.0,44.0,4.0
s: 4
t: 0.487

i: 37.0,-1.0,96.0,-6.0,20.0,2.0,59.0,75.0,16.0
s: 3
t: 0.843

i: 44.0,0.0,86.0,0.0,44.0,15.0,43.0,42.0,0.0
s: 3
t: 0.529

i: 37.0,0.0,80.0,0.0,20.0,-15.0,43.0,59.0,16.0
s: 3
t: 0.781

i: 53.0,0.0,77.0,-2.0,54.0,3.0,25.0,23.0,0.0
s: 3
t: 1.233

i: 60.0,0.0,109.0,3.0,60.0,0.0,49.0,49.0,0.0
s: 5
t: 3.652

i: 42.0,0.0,77.0,-2.0,42.0,0.0,34.0,35.0,2.0
s: 3
t: 0.378

i: 45.0,0.0,90.0,0.0,44.0,-5.0,45.0,46.0,2.0
s: 3
t: 0.351

i: 37.0,0.0,79.0,0.0,28.0,5.0,43.0,51.0,8.0
s: 3
t: 0.248

i: 49.0,0.0,83.0,0.0,46.0,-16.0,34.0,36.0,2.0
s: 3
t: 0.504

i: 37.0,-1.0,106.0,-4.0,36.0,-6.0,69.0,69.0,0.0
s: 5
t: 0.895

i: 55.0,5.0,86.0,0.0,54.0,0.0,30.0,32.0,2.0
s: 3
t: 1.340

i: 37.0,0.0,76.0,-1.0,24.0,-2.0,39.0,52.0,14.0
s: 3
t: 0.301

i: 56.0,0.0,98.0,2.0,52.0,0.0,42.0,46.0,4.0
s: 4
t: 0.437

i: 55.0,-2.0,77.0,0.0,26.0,0.0,22.0,52.0,30.0
s: 4
t: 0.805

i: 58.0,4.0,91.0,3.0,56.0,0.0,33.0,34.0,2.0
s: 3
t: 0.283

i: 53.0,4.0,79.0,0.0,52.0,-6.0,26.0,27.0,2.0
s: 3
t: 1.556

i: 37.0,-4.0,106.0,0.0,36.0,31.0,68.0,69.0,2.0
s: 3
t: 0.342

i: 37.0,0.0,79.0,0.0,34.0,-20.0,43.0,46.0,2.0
s: 3
t: 0.210

i: 37.0,1.0,74.0,-1.0,34.0,0.0,37.0,41.0,4.0
s: 3
t: 0.294

i: 37.0,0.0,79.0,0.0,34.0,4.0,43.0,46.0,2.0
s: 3
t: 0.240

i: 37.0,0.0,93.0,0.0,12.0,7.0,55.0,80.0,24.0
s: 3
t: 0.299

i: 47.0,3.0,88.0,1.0,46.0,0.0,42.0,42.0,0.0
s: 5
t: 0.952

i: 39.0,0.0,81.0,-7.0,38.0,0.0,42.0,42.0,0.0
s: 3
t: 0.227

i: 37.0,-4.0,108.0,-7.0,26.0,0.0,71.0,82.0,12.0
s: 3
t: 0.319

i: 43.0,0.0,83.0,1.0,42.0,-12.0,40.0,42.0,2.0
s: 3
t: 0.315

i: 37.0,-1.0,80.0,-1.0,34.0,297.0,43.0,46.0,2.0
s: 3
t: 1.029

i: 82.0,0.0,86.0,-1.0,-12.0,-19.0,3.0,99.0,96.0
s: 4
t: 1.301

i: 51.0,0.0,84.0,0.0,52.0,14.0,33.0,32.0,0.0
s: 3
t: 0.692

i: 43.0,0.0,108.0,-7.0,42.0,0.0,65.0,67.0,2.0
s: 3
t: 0.267

i: 85.0,0.0,89.0,0.0,6.0,26.0,4.0,84.0,80.0
s: 4
t: 1.481

i: 37.0,0.0,80.0,0.0,-2.0,-3.0,43.0,83.0,40.0
s: 3
t: 0.306

i: 37.0,0.0,76.0,0.0,34.0,-10.0,39.0,43.0,4.0
s: 3
t: 0.406

i: 37.0,0.0,76.0,-1.0,36.0,21.0,38.0,39.0,2.0
s: 3
t: 0.413

i: 56.0,3.0,98.0,0.0,44.0,-9.0,42.0,54.0,12.0
s: 6
t: 0.480

i: 37.0,-1.0,106.0,-3.0,28.0,-6.0,69.0,78.0,8.0
s: 3
t: 0.442

i: 37.0,0.0,92.0,-1.0,26.0,13.0,55.0,66.0,12.0
s: 3
t: 0.242

i: 51.0,0.0,87.0,0.0,52.0,0.0,36.0,35.0,0.0
s: 6
t: 1.770

i: 55.0,0.0,83.0,0.0,-30.0,-12.0,27.0,114.0,86.0
s: 5
t: 0.701

i: 37.0,0.0,108.0,19.0,26.0,-1.0,71.0,82.0,12.0
s: 3
t: 0.253

i: 55.0,0.0,78.0,-2.0,6.0,-6.0,23.0,73.0,50.0
s: 5
t: 0.616

i: 37.0,0.0,97.0,6.0,34.0,0.0,60.0,64.0,4.0
s: 3
t: 0.224

i: 49.0,0.0,88.0,8.0,50.0,0.0,39.0,39.0,0.0
s: 5
t: 0.425

i: 37.0,0.0,79.0,-4.0,24.0,0.0,42.0,55.0,14.0
s: 3
t: 0.217

i: 44.0,1.0,90.0,-7.0,44.0,11.0,46.0,46.0,0.0
s: 3
t: 0.492

i: 52.0,0.0,88.0,0.0,52.0,0.0,35.0,36.0,0.0
s: 6
t: 0.566

i: 56.0,0.0,95.0,-5.0,38.0,-26.0,40.0,57.0,18.0
s: 6
t: 0.476

i: 41.0,0.0,79.0,2.0,38.0,-1.0,39.0,41.0,2.0
s: 3
t: 0.581

i: 41.0,0.0,85.0,0.0,38.0,-9.0,44.0,46.0,2.0
s: 3
t: 0.277

i: 56.0,3.0,76.0,0.0,-18.0,-6.0,20.0,94.0,74.0
s: 4
t: 1.034

i: 40.0,-1.0,75.0,0.0,38.0,0.0,35.0,36.0,2.0
s: 3
t: 1.135

i: 55.0,0.0,83.0,0.0,56.0,29.0,28.0,26.0,0.0
s: 3
t: 0.510

i: 46.0,0.0,90.0,0.0,46.0,2.0,44.0,43.0,0.0
s: 5
t: 0.746

i: 56.0,5.0,97.0,0.0,54.0,0.0,40.0,42.0,2.0
s: 3
t: 0.390

i: 104.0,0.0,106.0,1.0,70.0,0.0,1.0,36.0,34.0
s: 4
t: 1.878

i: 37.0,0.0,77.0,0.0,12.0,17.0,40.0,64.0,24.0
s: 3
t: 0.266

i: 37.0,0.0,103.0,-1.0,24.0,0.0,66.0,80.0,14.0
s: 3
t: 0.230

i: 55.0,0.0,95.0,0.0,44.0,14.0,40.0,51.0,12.0
s: 6
t: 0.556

i: 56.0,0.0,78.0,0.0,8.0,0.0,22.0,70.0,48.0
s: 5
t: 0.353

i: 37.0,0.0,78.0,0.0,8.0,-3.0,42.0,70.0,28.0
s: 3
t: 0.340

i: 44.0,0.0,81.0,-3.0,44.0,0.0,37.0,37.0,0.0
s: 5
t: 0.803

i: 85.0,-3.0,89.0,0.0,8.0,0.0,4.0,81.0,78.0
s: 4
t: 0.531

i: 37.0,0.0,75.0,0.0,36.0,-11.0,37.0,39.0,2.0
s: 3
t: 0.220

i: 49.0,5.0,78.0,0.0,46.0,0.0,29.0,32.0,2.0
s: 3
t: 0.271

i: 45.0,0.0,79.0,0.0,46.0,25.0,34.0,33.0,0.0
s: 3
t: 0.387

i: 37.0,0.0,84.0,0.0,24.0,-5.0,47.0,61.0,14.0
s: 3
t: 0.272

i: 51.0,0.0,83.0,1.0,52.0,5.0,31.0,31.0,0.0
s: 3
t: 0.246

i: 45.0,0.0,80.0,0.0,44.0,-1.0,35.0,36.0,0.0
s: 3
t: 0.248

i: 44.0,0.0,81.0,0.0,42.0,-7.0,38.0,40.0,2.0
s: 3
t: 0.209

i: 56.0,0.0,95.0,0.0,50.0,12.0,40.0,46.0,6.0
s: 4
t: 0.368

i: 49.0,0.0,78.0,0.0,50.0,23.0,29.0,29.0,0.0
s: 3
t: 0.220

i: 45.0,-1.0,81.0,-3.0,46.0,17.0,36.0,35.0,0.0
s: 3
t: 0.403

i: 37.0,0.0,104.0,0.0,20.0,22.0,67.0,84.0,16.0
s: 3
t: 0.216

i: 37.0,0.0,95.0,3.0,10.0,0.0,58.0,84.0,26.0
s: 3
t: 0.196

i: 51.0,1.0,87.0,0.0,52.0,8.0,36.0,35.0,0.0
s: 3
t: 0.307

i: 55.0,0.0,84.0,0.0,56.0,25.0,29.0,28.0,0.0
s: 3
t: 0.298

i: 48.0,5.0,95.0,0.0,46.0,0.0,47.0,49.0,2.0
s: 3
t: 0.380

i: 108.0,0.0,109.0,0.0,72.0,8.0,1.0,36.0,36.0
s: 4
t: 1.203

i: 55.0,0.0,83.0,-2.0,54.0,0.0,28.0,29.0,0.0
s: 3
t: 0.227

i: 50.0,2.0,84.0,0.0,50.0,0.0,34.0,35.0,2.0
s: 3
t: 0.278

i: 40.0,0.0,87.0,-1.0,38.0,-1.0,47.0,48.0,2.0
s: 3
t: 0.215

i: 37.0,0.0,90.0,130.0,6.0,0.0,53.0,85.0,32.0
s: 3
t: 0.235

i: 102.0,0.0,103.0,2.0,70.0,-6.0,1.0,33.0,32.0
s: 4
t: 0.821

i: 56.0,0.0,79.0,0.0,54.0,-14.0,23.0,24.0,2.0
s: 4
t: 0.996

i: 105.0,0.0,106.0,-5.0,70.0,0.0,1.0,36.0,36.0
s: 4
t: 0.508

i: 37.0,-4.0,79.0,0.0,20.0,0.0,42.0,58.0,16.0
s: 3
t: 0.225

i: 37.0,-1.0,76.0,-2.0,28.0,-6.0,39.0,47.0,8.0
s: 3
t: 0.253

i: 37.0,-1.0,79.0,-3.0,20.0,-7.0,43.0,59.0,16.0
s: 3
t: 0.241

i: 55.0,0.0,82.0,0.0,-18.0,23.0,26.0,100.0,74.0
s: 5
t: 0.628

i: 39.0,0.0,80.0,1.0,38.0,0.0,41.0,41.0,0.0
s: 5
t: 0.399

i: 55.0,0.0,96.0,0.0,44.0,24.0,41.0,52.0,12.0
s: 6
t: 0.485

i: 47.0,0.0,86.0,3.0,46.0,0.0,39.0,39.0,0.0
s: 5
t: 0.526

i: 45.0,-49.0,77.0,0.0,-2.0,0.0,32.0,79.0,48.0
s: 3
t: 1.949

i: 37.0,0.0,97.0,0.0,26.0,-30.0,60.0,71.0,12.0
s: 3
t: 0.268

i: 55.0,-2.0,97.0,0.0,42.0,0.0,42.0,56.0,14.0
s: 6
t: 0.422

i: 45.0,-1.0,83.0,0.0,44.0,-17.0,38.0,39.0,2.0
s: 3
t: 0.340

i: 48.0,-1.0,82.0,0.0,46.0,-9.0,34.0,35.0,2.0
s: 3
t: 0.281

i: 45.0,0.0,74.0,-7.0,44.0,0.0,29.0,30.0,2.0
s: 3
t: 0.389

i: 53.0,-1.0,77.0,5.0,52.0,-16.0,25.0,26.0,2.0
s: 3
t: 1.040

i: 45.0,0.0,85.0,0.0,44.0,-5.0,40.0,41.0,2.0
s: 3
t: 0.278

i: 37.0,0.0,76.0,0.0,34.0,24.0,40.0,43.0,2.0
s: 3
t: 0.257

i: 55.0,0.0,83.0,2.0,54.0,0.0,28.0,29.0,0.0
s: 3
t: 0.330

i: 66.0,-2.0,109.0,0.0,64.0,0.0,44.0,45.0,0.0
s: 5
t: 1.094

i: 55.0,0.0,77.0,3.0,-24.0,0.0,22.0,103.0,82.0
s: 5
t: 0.671

i: 50.0,0.0,77.0,0.0,50.0,0.0,26.0,28.0,2.0
s: 3
t: 0.321

i: 47.0,-3.0,79.0,3.0,46.0,0.0,32.0,32.0,0.0
s: 3
t: 0.261

i: 104.0,-3.0,105.0,0.0,72.0,8.0,1.0,33.0,32.0
s: 3
t: 0.985

i: 43.0,0.0,81.0,6.0,42.0,-1.0,37.0,39.0,2.0
s: 3
t: 0.331

i: 45.0,0.0,81.0,-1.0,44.0,-2.0,37.0,37.0,0.0
s: 5
t: 0.454

i: 56.0,0.0,81.0,0.0,0.0,6.0,25.0,81.0,56.0
s: 5
t: 0.738

i: 36.0,-3.0,83.0,0.0,36.0,0.0,47.0,47.0,0.0
s: 5
t: 0.397

i: 78.0,-3.0,83.0,0.0,-46.0,0.0,4.0,129.0,124.0
s: 4
t: 0.583

i: 49.0,1.0,79.0,1.0,50.0,23.0,30.0,30.0,0.0
s: 3
t: 0.381

i: 45.0,-5.0,76.0,0.0,44.0,0.0,32.0,32.0,0.0
s: 3
t: 0.325

i: 51.0,2.0,77.0,0.0,50.0,0.0,26.0,28.0,2.0
s: 3
t: 0.336

i: 45.0,-1.0,78.0,0.0,44.0,0.0,34.0,34.0,0.0
s: 3
t: 0.417

i: 38.0,5.0,81.0,0.0,38.0,9.0,43.0,42.0,0.0
s: 3
t: 0.486

i: 56.0,0.0,98.0,0.0,44.0,6.0,42.0,54.0,12.0
s: 6
t: 0.586

i: 54.0,-5.0,83.0,0.0,54.0,0.0,28.0,28.0,0.0
s: 3
t: 0.328

i: 37.0,0.0,95.0,0.0,16.0,1.0,58.0,80.0,22.0
s: 3
t: 0.309

i: 38.0,1.0,96.0,0.0,38.0,10.0,58.0,57.0,0.0
s: 3
t: 0.385

i: 56.0,0.0,96.0,-1.0,54.0,0.0,40.0,42.0,2.0
s: 3
t: 0.284

i: 44.0,0.0,88.0,6.0,42.0,-25.0,44.0,46.0,2.0
s: 3
t: 0.269

i: 49.0,1.0,77.0,0.0,50.0,3.0,28.0,28.0,0.0
s: 3
t: 0.215

i: 53.0,4.0,87.0,0.0,54.0,1.0,34.0,33.0,0.0
s: 6
t: 0.536

i: 76.0,0.0,81.0,-3.0,-42.0,-13.0,5.0,125.0,120.0
s: 4
t: 0.482

i: 37.0,0.0,79.0,0.0,10.0,-10.0,43.0,69.0,26.0
s: 3
t: 0.320

i: 44.0,-5.0,87.0,0.0,44.0,0.0,43.0,43.0,0.0
s: 5
t: 0.604

i: 46.0,-1.0,90.0,-3.0,46.0,-5.0,43.0,43.0,0.0
s: 5
t: 0.365

i: 105.0,1.0,107.0,2.0,72.0,1.0,1.0,35.0,34.0
s: 4
t: 0.476

i: 48.0,-3.0,88.0,0.0,46.0,-4.0,39.0,41.0,2.0
s: 3
t: 0.302

i: 37.0,5.0,77.0,-1.0,-22.0,2.0,41.0,101.0,60.0
s: 3
t: 0.542

i: 103.0,-2.0,104.0,0.0,70.0,0.0,1.0,35.0,34.0
s: 3
t: 0.611

i: 48.0,-1.0,85.0,0.0,46.0,-7.0,37.0,39.0,2.0
s: 3
t: 0.273

i: 43.0,1.0,88.0,-1.0,42.0,0.0,45.0,47.0,2.0
s: 3
t: 0.258

i: 37.0,-1.0,94.0,0.0,8.0,-9.0,57.0,86.0,30.0
s: 3
t: 0.246

i: 41.0,0.0,83.0,-2.0,42.0,27.0,41.0,41.0,0.0
s: 3
t: 0.355

i: 55.0,-1.0,93.0,0.0,54.0,0.0,38.0,39.0,0.0
s: 5
t: 0.593

i: 37.0,0.0,79.0,0.0,8.0,3.0,42.0,71.0,28.0
s: 3
t: 0.266

i: 37.0,0.0,106.0,-7.0,28.0,0.0,69.0,78.0,8.0
s: 3
t: 0.241

i: 41.0,-1.0,100.0,0.0,38.0,-20.0,59.0,61.0,2.0
s: 3
t: 0.273

i: 37.0,0.0,105.0,0.0,24.0,10.0,68.0,82.0,14.0
s: 3
t: 0.277

i: 37.0,0.0,82.0,0.0,36.0,-12.0,45.0,46.0,2.0
s: 3
t: 0.225

i: 37.0,0.0,76.0,0.0,24.0,-21.0,40.0,53.0,14.0
s: 3
t: 0.233

i: 56.0,1.0,83.0,1.0,56.0,0.0,26.0,26.0,0.0
s: 3
t: 0.384

i: 49.0,0.0,77.0,0.0,46.0,-11.0,28.0,30.0,2.0
s: 3
t: 0.271

i: 44.0,2.0,76.0,0.0,44.0,0.0,32.0,32.0,0.0
s: 3
t: 0.251

i: 41.0,0.0,100.0,0.0,38.0,-6.0,59.0,61.0,2.0
s: 3
t: 0.363

i: 52.0,2.0,82.0,0.0,52.0,0.0,30.0,30.0,0.0
s: 3
t: 0.242

i: 81.0,0.0,84.0,-3.0,-14.0,0.0,3.0,99.0,96.0
s: 4
t: 0.502

i: 56.0,0.0,81.0,0.0,54.0,-26.0,25.0,27.0,2.0
s: 3
t: 0.288

i: 37.0,5.0,79.0,0.0,28.0,1.0,42.0,51.0,8.0
s: 3
t: 0.444

i: 56.0,0.0,97.0,3.0,52.0,0.0,41.0,45.0,4.0
s: 4
t: 0.793

i: 44.0,0.0,84.0,0.0,44.0,10.0,40.0,40.0,0.0
s: 3
t: 0.308

i: 37.0,0.0,76.0,0.0,24.0,-10.0,40.0,53.0,14.0
s: 3
t: 0.261

i: 41.0,4.0,77.0,0.0,38.0,-17.0,36.0,38.0,2.0
s: 3
t: 0.265

i: 44.0,0.0,86.0,0.0,42.0,-9.0,43.0,45.0,2.0
s: 3
t: 0.273

i: 56.0,1.0,96.0,2.0,46.0,0.0,40.0,50.0,10.0
s: 6
t: 0.465

i: 37.0,0.0,76.0,0.0,30.0,-5.0,40.0,45.0,6.0
s: 3
t: 0.289

i: 45.0,4.0,88.0,0.0,44.0,0.0,42.0,44.0,2.0
s: 3
t: 0.270

i: 41.0,0.0,81.0,1.0,38.0,-7.0,40.0,42.0,2.0
s: 3
t: 0.250

i: 42.0,0.0,82.0,0.0,42.0,0.0,40.0,41.0,0.0
s: 5
t: 0.622

i: 37.0,0.0,104.0,0.0,18.0,16.0,66.0,86.0,20.0
s: 3
t: 0.258

i: 46.0,0.0,79.0,0.0,46.0,16.0,33.0,32.0,0.0
s: 3
t: 0.427

i: 42.0,-1.0,87.0,-3.0,42.0,-5.0,45.0,46.0,0.0
s: 5
t: 0.286

i: 55.0,0.0,95.0,0.0,36.0,6.0,40.0,59.0,20.0
s: 6
t: 0.507

i: 55.0,0.0,82.0,0.0,54.0,0.0,26.0,28.0,2.0
s: 3
t: 0.339

i: 46.0,0.0,76.0,0.0,46.0,14.0,30.0,30.0,0.0
s: 3
t: 0.335

i: 55.0,0.0,79.0,2.0,12.0,0.0,23.0,66.0,42.0
s: 5
t: 0.572

i: 46.0,1.0,83.0,0.0,44.0,-12.0,37.0,39.0,2.0
s: 3
t: 0.285

i: 41.0,0.0,83.0,0.0,42.0,29.0,42.0,41.0,0.0
s: 3
t: 0.296

i: 106.0,0.0,108.0,1.0,70.0,0.0,2.0,38.0,36.0
s: 4
t: 1.120

i: 53.0,4.0,80.0,0.0,52.0,0.0,27.0,28.0,2.0
s: 3
t: 0.298

i: 49.0,0.0,95.0,-3.0,50.0,4.0,46.0,46.0,0.0
s: 5
t: 0.318

i: 48.0,2.0,109.0,-7.0,46.0,0.0,60.0,62.0,2.0
s: 3
t: 0.277

i: 47.0,0.0,86.0,-6.0,46.0,0.0,39.0,40.0,0.0
s: 5
t: 0.615

i: 44.0,-1.0,88.0,0.0,42.0,-28.0,44.0,46.0,2.0
s: 3
t: 0.347

i: 37.0,-107.0,77.0,0.0,20.0,0.0,40.0,56.0,16.0
s: 4
t: 0.974

i: 37.0,0.0,106.0,0.0,24.0,0.0,69.0,82.0,14.0
s: 3
t: 0.270

i: 51.0,-5.0,81.0,0.0,50.0,-12.0,30.0,32.0,2.0
s: 3
t: 0.431

i: 51.0,0.0,83.0,0.0,52.0,12.0,31.0,31.0,0.0
s: 3
t: 0.246

i: 41.0,0.0,88.0,0.0,42.0,0.0,47.0,46.0,0.0
s: 5
t: 0.355

i: 55.0,0.0,76.0,0.0,-14.0,25.0,21.0,92.0,70.0
s: 4
t: 0.746

i: 44.0,2.0,79.0,0.0,44.0,8.0,35.0,35.0,0.0
s: 3
t: 0.269

i: 55.0,0.0,96.0,0.0,50.0,25.0,41.0,47.0,6.0
s: 6
t: 0.351

i: 48.0,0.0,83.0,0.0,50.0,26.0,35.0,34.0,0.0
s: 3
t: 0.225

i: 43.0,0.0,76.0,5.0,42.0,-4.0,33.0,35.0,2.0
s: 3
t: 0.473

i: 56.0,1.0,99.0,0.0,50.0,2.0,42.0,49.0,8.0
s: 6
t: 0.359

i: 56.0,0.0,80.0,-3.0,6.0,7.0,24.0,75.0,50.0
s: 5
t: 0.513

max time: 4.52
min time: 0.20
avg time: 0.58

