i: 1,1,1,0,1,0,1,1,1
s: 1
t: 0.020

i: 1,0,1,0,0,0,0,1,0
s: 1
t: 0.011

i: 1,1,1,1,0,1,1,0,1
s: 1
t: 0.011

i: 1,0,0,0,0,1,1,0,0
s: 1
t: 0.011

i: 0,1,0,0,0,0,1,1,0
s: 1
t: 0.017

i: 1,0,1,1,1,1,0,0,0
s: 1
t: 0.012

i: 1,1,0,0,0,1,1,0,1
s: 1
t: 0.011

i: 0,1,1,1,1,0,0,0,1
s: 1
t: 0.018

i: 0,1,0,1,1,1,0,1,0
s: 1
t: 0.011

i: 1,1,1,1,1,1,0,1,0
s: 1
t: 0.012

i: 1,0,1,0,1,1,0,1,1
s: 1
t: 0.011

i: 1,1,1,1,1,0,0,1,0
s: 1
t: 0.011

i: 1,1,0,1,1,1,0,1,1
s: 1
t: 0.012

i: 1,1,1,1,1,1,0,0,0
s: 1
t: 0.011

i: 0,1,0,1,0,1,1,0,1
s: 1
t: 0.012

i: 1,1,1,0,1,0,0,1,1
s: 1
t: 0.012

i: 0,1,0,0,1,1,0,1,1
s: 1
t: 0.011

i: 1,1,1,0,1,1,1,1,1
s: 1
t: 0.012

i: 1,0,1,0,1,0,1,0,0
s: 1
t: 0.011

i: 0,0,1,1,1,0,0,1,0
s: 1
t: 0.011

i: 0,1,0,0,0,0,1,0,1
s: 1
t: 0.010

i: 0,0,1,1,1,0,0,1,1
s: 1
t: 0.010

i: 0,0,1,1,0,1,0,1,1
s: 1
t: 0.010

i: 1,1,1,0,1,0,0,0,0
s: 1
t: 0.011

i: 0,1,0,1,0,0,1,1,1
s: 1
t: 0.010

i: 0,0,1,0,1,0,0,1,0
s: 1
t: 0.011

i: 1,0,0,0,0,0,1,0,0
s: 1
t: 0.011

i: 1,1,0,0,0,1,1,1,0
s: 1
t: 0.011

i: 1,1,0,0,1,0,1,1,0
s: 1
t: 0.013

i: 1,0,0,1,0,0,0,1,0
s: 1
t: 0.011

i: 1,1,1,0,0,0,0,0,0
s: 1
t: 0.011

i: 0,0,1,1,0,0,1,0,1
s: 1
t: 0.010

i: 0,0,0,0,1,1,0,0,0
s: 1
t: 0.011

i: 1,0,1,1,1,0,1,1,0
s: 1
t: 0.011

i: 0,1,1,1,0,1,0,0,0
s: 1
t: 0.011

i: 0,1,0,1,1,0,1,1,1
s: 1
t: 0.011

i: 0,0,0,0,1,0,0,0,0
s: 1
t: 0.010

i: 0,1,0,1,0,1,0,0,1
s: 1
t: 0.011

i: 1,1,1,0,0,1,0,1,0
s: 1
t: 0.012

i: 0,0,1,0,0,0,0,1,1
s: 1
t: 0.011

i: 1,1,0,1,1,0,0,1,0
s: 1
t: 0.011

i: 0,1,1,0,0,0,0,0,1
s: 1
t: 0.010

i: 1,0,0,0,0,0,0,0,0
s: 1
t: 0.012

i: 0,0,0,0,1,0,0,0,1
s: 1
t: 0.010

i: 1,1,0,0,0,0,1,0,1
s: 1
t: 0.011

i: 1,0,0,0,1,0,0,0,0
s: 1
t: 0.011

i: 1,0,1,1,1,0,0,0,0
s: 1
t: 0.011

i: 0,1,0,0,0,1,1,0,0
s: 1
t: 0.011

i: 0,1,0,0,0,0,1,1,1
s: 1
t: 0.010

i: 0,0,0,0,0,0,0,0,0
s: 1
t: 0.010

i: 1,1,0,1,1,0,0,1,1
s: 1
t: 0.011

i: 1,0,1,1,1,1,0,0,1
s: 1
t: 0.011

i: 1,1,1,1,1,1,1,0,1
s: 1
t: 0.012

i: 0,0,1,1,1,1,0,1,1
s: 1
t: 0.010

i: 0,0,1,0,1,1,0,1,0
s: 1
t: 0.010

i: 1,1,0,1,1,1,0,0,0
s: 1
t: 0.011

i: 1,1,1,1,0,0,1,1,0
s: 1
t: 0.011

i: 1,0,0,0,1,0,1,0,1
s: 1
t: 0.012

i: 1,0,1,0,1,1,1,1,1
s: 1
t: 0.011

i: 0,0,1,0,0,1,0,1,1
s: 1
t: 0.011

i: 1,0,1,0,0,0,1,0,1
s: 1
t: 0.011

i: 1,1,0,1,0,1,0,1,0
s: 1
t: 0.011

i: 0,0,1,1,1,0,1,1,1
s: 1
t: 0.010

i: 0,1,0,0,0,1,0,0,0
s: 1
t: 0.010

i: 1,1,1,0,1,1,1,1,0
s: 1
t: 0.011

i: 1,0,1,0,1,0,0,0,1
s: 1
t: 0.011

i: 1,1,1,0,1,1,1,0,1
s: 1
t: 0.011

i: 1,0,1,1,1,0,1,1,1
s: 1
t: 0.012

i: 0,0,0,0,0,1,1,0,1
s: 1
t: 0.011

i: 1,1,1,1,1,0,0,1,1
s: 1
t: 0.011

i: 0,1,0,1,0,0,0,1,1
s: 1
t: 0.010

i: 0,0,1,1,0,0,0,0,0
s: 1
t: 0.010

i: 1,1,0,1,0,1,1,0,0
s: 1
t: 0.013

i: 1,0,1,1,0,0,0,0,1
s: 1
t: 0.012

i: 1,1,0,1,1,0,1,1,0
s: 1
t: 0.012

i: 1,1,0,0,0,1,0,0,1
s: 1
t: 0.012

i: 1,0,0,0,1,1,0,1,0
s: 1
t: 0.012

i: 1,0,1,1,0,0,0,1,0
s: 1
t: 0.014

i: 0,1,1,0,0,0,0,1,1
s: 1
t: 0.010

i: 0,0,1,1,0,1,1,1,0
s: 1
t: 0.010

i: 0,1,1,1,0,0,1,1,0
s: 1
t: 0.010

i: 1,1,0,1,0,0,1,0,1
s: 1
t: 0.011

i: 0,0,0,1,0,0,0,1,0
s: 1
t: 0.010

i: 1,0,1,1,0,1,0,0,1
s: 1
t: 0.011

i: 0,0,0,0,1,1,1,0,1
s: 1
t: 0.011

i: 0,1,0,1,1,1,0,0,0
s: 1
t: 0.010

i: 0,0,0,1,1,1,0,0,0
s: 1
t: 0.010

i: 1,0,0,1,1,1,0,1,0
s: 1
t: 0.012

i: 1,1,1,0,1,1,0,1,0
s: 1
t: 0.011

i: 0,1,0,1,1,0,0,0,1
s: 1
t: 0.010

i: 1,1,0,0,0,0,0,0,1
s: 1
t: 0.011

i: 1,1,1,1,0,0,0,0,1
s: 1
t: 0.012

i: 0,0,0,1,0,1,1,1,0
s: 1
t: 0.010

i: 0,1,1,1,0,1,0,0,1
s: 1
t: 0.011

i: 0,1,1,1,1,0,0,1,1
s: 1
t: 0.018

i: 1,0,1,0,1,0,0,1,0
s: 1
t: 0.012

i: 1,1,0,0,1,1,1,0,1
s: 1
t: 0.011

i: 0,1,1,0,1,1,1,0,1
s: 1
t: 0.019

i: 1,0,0,1,0,1,0,0,1
s: 1
t: 0.015

i: 1,0,1,0,0,1,0,1,0
s: 1
t: 0.016

i: 1,0,0,1,0,0,0,0,1
s: 1
t: 0.013

i: 0,1,1,0,0,1,0,0,1
s: 1
t: 0.010

i: 1,0,1,1,0,0,1,0,0
s: 1
t: 0.019

i: 0,1,0,1,0,1,0,1,1
s: 1
t: 0.011

i: 1,1,0,0,0,0,1,1,1
s: 1
t: 0.011

i: 0,0,1,1,1,0,0,0,0
s: 1
t: 0.010

i: 0,0,0,0,0,0,1,1,0
s: 1
t: 0.011

i: 1,1,0,0,1,1,0,1,1
s: 1
t: 0.011

i: 0,0,1,1,1,1,0,1,0
s: 1
t: 0.014

i: 1,1,0,1,0,0,0,0,1
s: 1
t: 0.015

i: 0,0,0,0,0,1,0,1,0
s: 1
t: 0.011

i: 0,0,0,1,0,0,1,0,1
s: 1
t: 0.010

i: 0,0,0,1,1,0,0,0,0
s: 1
t: 0.013

i: 0,0,1,0,1,0,1,1,1
s: 1
t: 0.011

i: 0,0,1,0,1,0,1,1,0
s: 1
t: 0.011

i: 0,0,1,1,1,1,1,1,1
s: 1
t: 0.010

i: 1,1,0,1,1,1,1,1,0
s: 1
t: 0.011

i: 0,0,1,0,1,0,1,0,1
s: 1
t: 0.011

i: 1,1,0,1,1,0,1,0,1
s: 1
t: 0.012

i: 0,1,0,0,1,1,1,0,0
s: 1
t: 0.010

i: 0,1,1,0,0,1,1,1,1
s: 1
t: 0.010

i: 1,0,0,1,1,1,1,0,0
s: 1
t: 0.012

i: 1,0,1,0,0,1,1,1,1
s: 1
t: 0.011

i: 1,0,1,0,0,0,1,1,0
s: 1
t: 0.012

i: 0,1,0,1,1,0,1,0,1
s: 1
t: 0.010

i: 0,1,0,1,0,1,1,0,0
s: 1
t: 0.010

i: 0,0,1,0,1,0,0,1,1
s: 1
t: 0.011

i: 1,0,1,1,1,1,0,1,0
s: 1
t: 0.012

i: 0,1,0,1,1,0,1,1,0
s: 1
t: 0.011

i: 0,1,0,1,1,1,0,1,1
s: 1
t: 0.010

i: 1,1,0,1,0,0,0,0,0
s: 1
t: 0.012

i: 1,0,0,0,1,1,1,0,1
s: 1
t: 0.011

i: 1,0,1,1,0,1,1,0,0
s: 1
t: 0.012

i: 1,1,1,1,0,1,1,0,0
s: 1
t: 0.012

i: 0,1,0,0,1,0,0,1,1
s: 1
t: 0.011

i: 0,1,0,1,0,0,0,1,0
s: 1
t: 0.010

i: 0,0,0,0,1,1,1,0,0
s: 1
t: 0.011

i: 0,0,1,0,1,1,1,1,1
s: 1
t: 0.011

i: 0,0,1,0,0,0,1,1,0
s: 1
t: 0.011

i: 0,1,0,0,1,0,1,1,1
s: 1
t: 0.010

i: 1,1,1,0,0,1,1,0,1
s: 1
t: 0.011

i: 1,1,1,1,1,1,1,1,0
s: 1
t: 0.012

i: 0,1,1,1,1,0,1,0,1
s: 1
t: 0.010

i: 1,1,1,1,1,0,1,0,0
s: 1
t: 0.012

i: 0,1,1,0,1,0,0,1,1
s: 1
t: 0.011

i: 1,1,0,1,1,0,0,0,0
s: 1
t: 0.012

i: 1,0,1,1,1,1,0,1,1
s: 1
t: 0.012

i: 1,1,1,1,0,0,1,0,0
s: 1
t: 0.012

i: 1,1,1,1,0,1,1,1,0
s: 1
t: 0.012

i: 1,0,0,0,0,1,0,0,1
s: 1
t: 0.011

i: 1,0,0,1,1,1,0,0,1
s: 1
t: 0.012

i: 1,1,0,0,0,1,1,1,1
s: 1
t: 0.012

i: 1,0,0,0,1,1,0,1,1
s: 1
t: 0.011

i: 0,1,1,1,1,1,0,0,1
s: 1
t: 0.011

i: 0,1,1,0,1,1,0,1,1
s: 1
t: 0.011

i: 1,1,1,1,1,1,0,0,1
s: 1
t: 0.012

i: 1,0,1,1,1,0,1,0,1
s: 1
t: 0.012

i: 1,0,1,1,0,0,0,0,0
s: 1
t: 0.012

i: 1,0,0,1,1,0,1,0,1
s: 1
t: 0.012

i: 1,1,1,0,0,0,1,1,0
s: 1
t: 0.012

i: 1,0,0,1,1,1,0,0,0
s: 1
t: 0.012

i: 0,0,0,1,0,1,0,0,0
s: 1
t: 0.010

i: 0,1,0,0,1,0,0,1,0
s: 1
t: 0.011

i: 1,1,1,0,1,1,0,0,0
s: 1
t: 0.011

i: 0,0,1,1,0,0,1,0,0
s: 1
t: 0.011

i: 1,0,1,1,0,0,1,1,0
s: 1
t: 0.017

i: 1,1,0,1,1,0,1,1,1
s: 1
t: 0.012

i: 0,1,1,1,0,0,1,0,1
s: 1
t: 0.010

i: 1,0,1,1,1,1,1,0,0
s: 1
t: 0.012

i: 0,1,1,0,1,0,0,0,0
s: 1
t: 0.011

i: 1,1,0,0,0,0,0,0,0
s: 1
t: 0.011

i: 1,1,0,1,1,1,1,1,1
s: 1
t: 0.012

i: 1,0,0,1,0,0,0,1,1
s: 1
t: 0.012

i: 1,0,0,0,0,1,1,0,1
s: 1
t: 0.012

i: 1,1,1,0,0,0,0,1,0
s: 1
t: 0.012

i: 1,1,1,0,1,1,0,1,1
s: 1
t: 0.011

i: 0,0,0,1,1,0,0,1,0
s: 1
t: 0.010

i: 0,0,1,1,0,0,0,1,0
s: 1
t: 0.010

i: 1,1,1,1,1,1,0,1,1
s: 1
t: 0.012

i: 0,1,0,0,1,0,0,0,0
s: 1
t: 0.011

i: 0,0,0,0,0,0,1,1,1
s: 1
t: 0.011

i: 0,0,0,1,1,1,1,0,1
s: 1
t: 0.010

i: 1,1,0,0,0,1,0,1,1
s: 1
t: 0.012

i: 0,0,0,1,0,0,1,0,0
s: 1
t: 0.010

i: 1,0,0,0,1,1,1,1,1
s: 1
t: 0.012

i: 1,1,0,0,1,0,1,1,1
s: 1
t: 0.012

i: 1,1,0,0,0,1,1,0,0
s: 1
t: 0.011

i: 1,0,0,1,0,0,1,1,1
s: 1
t: 0.012

i: 1,0,1,0,1,1,0,0,1
s: 1
t: 0.012

i: 1,1,0,1,0,0,0,1,1
s: 1
t: 0.012

i: 0,1,0,0,1,0,1,0,1
s: 1
t: 0.011

i: 0,0,1,0,0,0,0,0,0
s: 1
t: 0.011

i: 0,1,1,1,0,0,0,0,0
s: 1
t: 0.010

i: 0,1,0,1,0,0,1,0,0
s: 1
t: 0.010

i: 0,0,0,0,0,1,1,1,0
s: 1
t: 0.011

i: 0,0,0,0,0,0,1,0,1
s: 1
t: 0.011

i: 0,1,0,0,0,0,0,1,1
s: 1
t: 0.011

i: 0,1,1,1,1,0,0,0,0
s: 1
t: 0.010

i: 1,0,0,0,1,0,1,0,0
s: 1
t: 0.012

i: 1,0,1,0,0,1,1,0,0
s: 1
t: 0.012

max time: 0.02
min time: 0.01
avg time: 0.01

