i: 0,9,1,-3.983,3.695,0.096,-0.333,-1.01,0.16899999999999998,-0.108,1.6740000000000002,0.262,-0.231
s: 6
t: 10.295

i: 1,2,1,-1.28,0.7979999999999999,-1.6469999999999998,0.968,-0.418,1.609,-0.031,1.224,-0.374,0.044
s: 7
t: 31.451

i: 1,1,1,-3.03,1.185,0.314,-0.121,-0.591,0.965,0.353,-0.13699999999999998,-0.221,0.075
s: 7
t: 44.300

i: 0,7,1,-1.928,1.578,-0.997,0.672,-1.287,0.381,0.249,0.006,-0.16699999999999998,-0.637
s: 5
t: 94.721

i: 0,14,0,-4.0939999999999985,2.499,-0.149,1.017,0.6829999999999999,0.536,-1.023,-0.127,-1.142,-0.421
s: 8
t: 39.698

i: 0,13,1,-2.4530000000000003,-0.32,-1.368,1.04,0.174,1.985,0.158,0.59,-1.318,-0.5870000000000001
s: 6
t: 53.310

i: 0,6,1,-2.971,0.463,-0.195,0.32299999999999995,-0.625,0.941,-0.327,0.78,0.552,0.436
s: 9
t: 16.372

i: 0,12,0,-3.2060000000000004,1.899,-0.933,0.733,0.261,0.565,-0.225,-0.339,-0.677,0.765
s: 8
t: 71.065

i: 1,4,0,-3.012,1.628,-0.8340000000000001,0.975,-0.299,0.926,0.174,0.836,-0.239,-1.144
s: 8
t: 94.579

i: 0,12,0,-4.689,1.015,1.3119999999999998,1.802,0.313,-0.405,-0.6629999999999999,0.106,-0.325,0.838
s: 5
t: 48.671

i: 1,4,0,-2.4930000000000003,1.382,-0.929,0.465,-0.369,0.002,0.187,-0.696,-0.31,0.348
s: 9
t: 34.036

i: 0,9,1,-4.103,3.812,0.255,-0.103,-0.994,0.097,-0.345,2.039,0.02,-0.43
s: 6
t: 18.414

i: 1,4,0,-3.124,2.733,-0.857,-0.334,-0.312,0.5870000000000001,0.8490000000000001,0.475,-0.174,-0.899
s: 7
t: 147.139

i: 0,7,1,-2.5380000000000003,2.351,-1.029,0.146,-0.922,0.201,-0.058,0.835,-0.7120000000000001,-0.07400000000000001
s: 8
t: 14.988

i: 0,6,1,-1.768,1.769,-1.142,-0.7390000000000001,-0.086,0.12,-0.23,0.217,-0.009000000000000001,-0.279
s: 6
t: 54.228

i: 1,3,0,-4.544,3.0460000000000003,1.028,-0.016,0.447,0.884,-0.094,0.885,-0.459,-1.099
s: 7
t: 122.662

i: 1,3,0,-4.216,3.638,0.192,-0.023,-1.231,-0.32,0.128,1.03,0.061,-0.179
s: 6
t: 10.998

i: 1,0,1,-4.238,2.437,0.036000000000000004,1.158,-2.127,0.5539999999999999,0.12,0.823,0.565,-0.293
s: 6
t: 45.305

i: 0,14,0,-3.027,2.903,-0.799,-0.452,-0.503,1.044,0.679,0.483,-0.7759999999999999,-0.062
s: 7
t: 102.112

i: 0,14,0,-3.095,2.8510000000000004,-0.816,-0.396,-0.603,1.09,0.5670000000000001,0.743,-0.677,0.052000000000000005
s: 7
t: 70.755

i: 1,5,1,-2.5540000000000003,1.5319999999999998,0.812,0.3670000000000001,-1.208,-0.35200000000000004,-0.252,0.894,0.05,0.084
s: 8
t: 59.097

i: 0,6,1,-1.89,0.207,-1.161,0.027000000000000003,-0.047,1.581,0.277,1.129,0.366,-0.25
s: 5
t: 464.066

i: 0,9,1,-2.395,1.929,-1.496,0.3720000000000001,0.065,0.009000000000000001,0.149,0.813,-0.484,-0.672
s: 8
t: 27.314

i: 1,1,1,-4.16,3.329,0.275,0.394,-1.287,0.693,0.483,0.121,0.28600000000000003,0.153
s: 7
t: 32.649

i: 1,1,1,-3.065,3.139,-0.461,-0.221,-0.759,-0.045,0.068,0.274,0.999,-0.331
s: 7
t: 117.326

i: 1,10,0,-3.494,1.207,-0.607,0.242,-0.43,0.131,0.236,0.545,-0.593,0.6779999999999999
s: 8
t: 34.333

i: 0,13,1,-2.904,0.458,-0.6559999999999999,0.8320000000000001,0.61,0.805,0.568,0.041,-0.114,-0.615
s: 5
t: 101.165

i: 1,5,1,-2.704,0.917,0.267,0.314,-0.7559999999999999,0.818,-0.114,0.6729999999999999,0.261,0.056
s: 9
t: 40.492

i: 1,2,1,-2.679,1.731,-0.09,2.003,-1.009,0.038,-0.8220000000000001,1.232,0.128,0.72
s: 9
t: 24.248

i: 1,0,1,-2.826,2.003,-0.738,0.8009999999999999,-1.669,0.939,0.245,-0.257,0.256,-0.458
s: 9
t: 16.363

i: 1,2,1,-1.215,-0.28800000000000003,-2.423,0.8340000000000001,-0.379,2.266,0.503,1.337,-1.36,-0.682
s: 7
t: 47.015

i: 0,9,1,-2.7030000000000003,2.066,0.205,-0.63,-0.345,1.229,0.403,-0.032,0.247,-0.696
s: 9
t: 26.774

i: 1,2,1,-3.33,1.529,-0.552,2.023,-0.845,0.016,0.049,0.512,0.396,0.386
s: 8
t: 34.134

i: 0,12,0,-4.756,1.197,1.431,1.54,0.262,-0.277,-0.741,0.075,-0.26,0.8759999999999999
s: 6
t: 19.212

i: 0,12,0,-4.711,1.166,1.244,1.746,0.311,-0.305,-0.691,-0.13699999999999998,-0.28800000000000003,1.023
s: 5
t: 49.834

i: 1,8,0,-2.93,2.014,-0.7,0.206,-0.08800000000000001,0.153,0.142,-0.031,-1.4369999999999998,0.615
s: 8
t: 13.239

i: 1,1,1,-3.84,3.745,0.121,-0.6559999999999999,-1.0659999999999998,0.329,0.7340000000000001,0.875,-0.295,0.418
s: 6
t: 34.511

i: 1,5,1,-2.089,1.695,-0.528,-0.232,0.385,-0.13699999999999998,0.033,0.071,0.033,-0.7440000000000001
s: 8
t: 21.648

i: 1,1,1,-1.912,1.554,-1.455,-0.017,-0.118,0.27,-0.037000000000000005,0.163,-0.027000000000000003,-0.474
s: 6
t: 41.371

i: 1,10,0,-3.887,3.172,-0.7390000000000001,-0.69,-0.5479999999999999,0.33,0.569,0.98,-1.609,0.28300000000000003
s: 7
t: 55.455

i: 0,7,1,-3.019,0.058,-1.265,1.497,0.171,1.997,0.17800000000000002,0.847,-1.16,-0.5479999999999999
s: 5
t: 82.178

i: 0,13,1,-2.391,-0.34700000000000003,-1.474,0.843,0.08900000000000001,2.021,0.417,0.502,-0.86,-0.978
s: 6
t: 29.503

i: 0,14,0,-2.904,2.741,-1.123,0.014,0.071,0.654,0.212,-0.454,-0.815,0.752
s: 8
t: 27.637

i: 1,4,0,-3.006,1.4069999999999998,-0.875,0.945,-0.495,0.721,0.212,0.75,-0.037000000000000005,-1.054
s: 8
t: 25.933

i: 1,10,0,-4.902,4.49,-0.564,-0.536,-0.16399999999999998,-0.298,0.8420000000000001,-0.158,-0.906,0.358
s: 7
t: 134.598

i: 0,11,0,-2.708,2.56,-0.439,0.324,-0.348,0.429,0.091,-0.037000000000000005,-0.434,0.344
s: 8
t: 41.535

i: 1,10,0,-4.169,1.7990000000000002,-0.621,0.025,0.706,0.362,-0.343,-0.049,-0.339,0.22
s: 8
t: 20.677

i: 0,7,1,-2.029,0.698,-1.482,0.813,-0.6809999999999999,0.422,0.016,0.7509999999999999,-0.3,-0.237
s: 6
t: 109.329

i: 1,5,1,-1.656,-0.496,-1.719,0.363,-0.002,1.6369999999999998,0.535,1.319,-0.012,-0.49
s: 7
t: 24.193

i: 0,7,1,-2.785,2.792,-1.924,0.225,-0.985,1.0759999999999998,0.07,-0.071,-0.257,-0.135
s: 7
t: 50.860

i: 0,13,1,-3.285,1.547,-0.897,0.917,0.127,0.402,-0.011,0.502,-0.557,-0.715
s: 8
t: 43.331

i: 1,4,0,-2.846,2.43,-0.78,-0.153,-0.905,0.24,0.746,0.14,-0.114,-0.746
s: 6
t: 87.841

i: 1,1,1,-4.676,2.537,0.075,0.73,-0.933,1.493,0.049,0.076,0.254,0.276
s: 7
t: 103.071

i: 0,6,1,-2.696,1.26,0.436,0.657,-1.161,0.805,0.062,0.575,0.182,-0.334
s: 9
t: 30.790

i: 1,8,0,-4.687,0.406,0.889,1.464,1.618,1.021,-0.121,-0.398,-0.307,0.293
s: 5
t: 34.975

i: 0,13,1,-3.339,3.011,-1.264,-0.343,-0.119,0.498,0.589,0.078,0.221,-0.8220000000000001
s: 7
t: 176.331

i: 0,14,0,-3.05,3.055,-1.598,-0.12,0.14400000000000002,0.757,0.119,-0.397,-0.396,0.477
s: 9
t: 20.932

i: 1,8,0,-3.025,2.7110000000000003,-0.147,-0.034,-1.34,0.049,0.364,1.099,-1.02,-0.652
s: 7
t: 166.547

i: 0,9,1,-4.047,2.6260000000000003,-0.597,0.823,-0.266,0.048,0.049,0.882,0.359,-0.203
s: 9
t: 42.118

i: 1,0,1,-4.074,2.281,0.152,1.556,-1.6130000000000002,-0.047,0.222,0.252,0.775,0.125
s: 7
t: 62.208

i: 1,1,1,-4.473,0.373,0.858,0.919,0.778,1.272,0.653,-0.21600000000000005,-0.8909999999999999,-0.627
s: 6
t: 63.998

i: 0,7,1,-3.871,1.694,-0.606,1.4280000000000002,0.044,0.8440000000000001,-0.013,0.126,-1.218,-0.5529999999999999
s: 7
t: 164.663

i: 0,7,1,-4.074,4.187,-0.555,0.052000000000000005,-1.6030000000000002,0.73,-0.061,0.981,0.249,-0.25
s: 6
t: 15.532

i: 0,7,1,-2.521,2.283,-0.954,0.232,-0.918,0.253,-0.094,0.833,-0.7040000000000001,-0.092
s: 8
t: 40.120

i: 0,7,1,-4.047,3.899,-0.423,0.147,-1.273,0.203,0.317,0.531,0.584,-0.11
s: 6
t: 36.261

i: 0,9,1,-2.667,1.132,-1.054,0.232,0.537,0.35200000000000004,0.163,0.55,-0.688,-0.295
s: 7
t: 82.252

i: 1,0,1,-3.593,0.29,-0.782,1.707,-0.175,1.662,-0.13699999999999998,0.493,-0.4920000000000001,-0.926
s: 5
t: 110.693

i: 0,6,1,-1.784,-1.074,-1.661,1.324,0.289,1.3030000000000002,0.924,1.307,-0.34600000000000003,-0.521
s: 5
t: 69.717

i: 1,4,0,-3.354,2.85,-0.887,0.01,-0.551,0.293,0.901,0.32,-0.302,-1.023
s: 7
t: 96.554

i: 1,2,1,-3.813,3.705,-0.157,1.561,-1.503,-0.366,-0.581,1.412,0.29,-0.099
s: 5
t: 23.444

i: 1,8,0,-2.922,2.6210000000000004,0.214,0.122,-1.477,-0.173,0.045,1.38,-0.635,-0.757
s: 9
t: 40.445

i: 1,2,1,-1.077,0.511,-2.006,0.305,-0.584,1.962,0.08900000000000001,1.406,-0.669,-0.027000000000000003
s: 7
t: 73.414

i: 1,2,1,-1.4169999999999998,-0.319,-2.254,1.072,-0.221,2.268,0.43,0.923,-1.486,-0.698
s: 5
t: 6.814

i: 1,1,1,-3.092,3.014,-0.307,-0.016,-0.956,0.195,-0.227,0.3670000000000001,0.958,-0.092
s: 7
t: 162.241

i: 0,9,1,-2.303,1.954,-1.493,0.305,0.047,0.056,0.026,0.902,-0.522,-0.645
s: 7
t: 40.239

i: 0,12,0,-3.847,4.268,-1.521,-0.465,-0.23,1.067,-0.02,0.005,-0.5770000000000001,-0.509
s: 9
t: 13.644

i: 1,1,1,-1.952,1.469,-1.375,0.105,-0.154,0.17,-0.047,0.336,-0.098,-0.41
s: 6
t: 18.016

i: 0,7,1,-4.049,4.039,-0.5579999999999999,0.064,-1.676,1.024,0.047,1.024,-0.091,-0.28300000000000003
s: 6
t: 17.022

i: 1,5,1,-2.9330000000000003,0.7170000000000001,0.8290000000000001,1.508,-0.517,0.069,-1.163,0.021,0.866,1.0659999999999998
s: 6
t: 221.186

i: 1,1,1,-4.88,3.064,0.06,0.434,-0.575,0.897,0.25,0.085,0.093,0.445
s: 4
t: 221.572

i: 1,1,1,-1.954,1.595,-1.5930000000000002,0.37,-0.136,0.022,0.034,0.321,-0.19,-0.491
s: 6
t: 7.717

i: 1,1,1,-4.275,0.162,0.728,0.662,0.94,1.269,0.711,0.073,-0.8270000000000001,-0.655
s: 7
t: 22.329

i: 0,7,1,-1.948,1.536,-1.012,0.537,-1.229,0.183,0.46,-0.002,-0.17800000000000002,-0.5760000000000001
s: 5
t: 48.284

i: 1,4,0,-2.9730000000000003,1.304,-0.8490000000000001,0.984,-0.508,0.59,0.248,0.728,0.073,-1.107
s: 9
t: 45.955

i: 0,13,1,-4.019,3.52,-1.058,-0.2,-0.545,1.348,0.35100000000000003,0.82,-0.868,-0.434
s: 8
t: 31.453

i: 0,14,0,-2.634,2.076,-1.32,0.833,-0.547,0.287,-0.173,-0.203,-0.001,0.802
s: 8
t: 28.197

i: 0,11,0,-2.489,2.379,-0.523,-0.158,-0.17800000000000002,0.406,0.198,0.059,-0.589,-0.256
s: 8
t: 76.695

i: 1,5,1,-2.608,0.8390000000000001,0.203,0.305,-0.851,0.78,-0.14300000000000002,0.607,0.344,0.106
s: 9
t: 38.631

i: 1,5,1,-3.299,1.73,0.187,0.121,-1.251,0.7959999999999999,-0.366,1.091,0.493,0.436
s: 8
t: 37.655

i: 0,7,1,-2.937,2.1830000000000003,-1.291,0.355,-0.3720000000000001,0.57,0.045,0.452,-0.705,-0.263
s: 8
t: 32.141

i: 0,13,1,-4.039,3.689,-1.007,-0.139,-0.542,0.5870000000000001,0.535,0.465,0.194,0.168
s: 7
t: 26.813

i: 0,7,1,-3.152,3.176,-1.5730000000000002,-0.204,-0.485,0.723,0.308,0.652,-0.872,-0.586
s: 6
t: 249.967

i: 1,1,1,-3.941,3.353,0.486,-0.506,-1.12,0.101,0.297,0.711,-0.078,0.648
s: 7
t: 21.903

i: 0,12,0,-4.001,2.2840000000000003,-0.365,2.106,1.006,-0.028,-0.825,-0.39,-0.898,0.099
s: 7
t: 140.033

i: 0,12,0,-4.08,2.242,-0.28,1.876,0.72,-0.292,-0.537,-0.54,-0.6629999999999999,0.238
s: 8
t: 90.511

i: 0,12,0,-3.483,2.628,-0.383,0.838,0.2,0.102,-0.162,-0.547,-0.7909999999999999,1.018
s: 8
t: 38.331

i: 0,11,0,-2.247,3.42,-0.887,-0.823,-0.297,0.774,0.185,-0.242,-0.79,0.046
s: 7
t: 33.347

i: 0,14,0,-3.4610000000000003,0.04,0.5529999999999999,1.854,0.386,0.568,-1.003,-0.638,-1.04,1.051
s: 4
t: 44.464

i: 1,5,1,-2.834,0.654,0.733,1.4340000000000002,-0.716,-0.028,-0.841,0.239,0.92,0.885
s: 8
t: 35.846

i: 0,13,1,-2.957,0.596,-0.7559999999999999,0.89,0.58,0.836,0.5429999999999999,0.036000000000000004,-0.232,-0.579
s: 6
t: 52.913

i: 1,2,1,-1.332,0.848,-1.665,0.97,-0.463,1.5219999999999998,-0.159,1.101,-0.541,-0.05
s: 7
t: 74.145

i: 0,6,1,-1.093,-0.922,-2.091,0.8440000000000001,0.009000000000000001,1.247,0.8909999999999999,1.453,-0.08900000000000001,-0.4
s: 6
t: 15.021

i: 1,4,0,-2.497,1.692,-0.607,0.02,-0.71,0.612,0.093,0.272,-0.06,-0.507
s: 7
t: 81.570

i: 0,11,0,-4.283,2.829,0.29600000000000004,0.086,-0.544,0.501,-0.317,0.995,-0.34,-1.113
s: 7
t: 107.258

i: 1,1,1,-2.441,1.415,0.386,-0.335,-0.187,-0.079,0.0,-0.175,0.792,-0.026
s: 7
t: 112.004

i: 0,9,1,-2.444,2.529,-0.487,-0.8140000000000001,-0.151,1.285,0.077,-0.064,0.287,-0.638
s: 8
t: 67.177

i: 1,2,1,-0.941,0.539,-2.02,0.314,-0.679,1.897,0.028,1.504,-0.632,0.111
s: 7
t: 44.631

i: 1,3,0,-1.5659999999999998,0.93,-0.181,-0.155,-0.16399999999999998,-0.277,0.14400000000000002,-0.047,-0.6940000000000001,0.282
s: 6
t: 73.975

i: 0,13,1,-2.729,1.595,-0.15,0.16699999999999998,0.015,0.377,0.083,-0.038,0.166,-0.672
s: 10
t: 7.036

i: 1,2,1,-1.501,0.847,-1.619,0.92,-0.488,1.616,-0.161,1.127,-0.613,-0.051
s: 7
t: 39.801

i: 1,10,0,-3.597,2.146,-1.492,-0.142,-0.297,0.815,0.87,-0.49,-0.471,0.41
s: 8
t: 66.206

i: 1,8,0,-2.715,2.325,0.701,0.239,-1.426,-0.218,-0.317,1.516,-0.162,-0.703
s: 7
t: 137.402

i: 0,14,0,-3.239,3.083,-1.4269999999999998,-0.202,-0.282,1.421,0.5760000000000001,0.068,-0.914,0.147
s: 7
t: 54.577

i: 0,12,0,-3.985,2.192,-0.426,2.1630000000000003,1.114,0.016,-0.846,-0.468,-0.858,0.037000000000000005
s: 8
t: 99.077

i: 1,10,0,-4.4689999999999985,4.348,-1.74,-0.8859999999999999,0.447,0.883,0.374,0.5770000000000001,-0.908,-0.08900000000000001
s: 7
t: 43.332

i: 1,8,0,-1.985,2.161,-0.601,0.424,-0.295,-0.489,0.208,-0.21600000000000005,-0.562,0.079
s: 9
t: 14.341

i: 1,5,1,-3.145,0.863,0.416,0.6990000000000001,-1.378,0.892,0.02,0.89,0.221,0.8340000000000001
s: 9
t: 42.837

i: 0,7,1,-2.9730000000000003,0.036000000000000004,-1.273,1.519,0.195,1.98,0.131,0.8320000000000001,-1.157,-0.547
s: 5
t: 22.121

i: 1,1,1,-2.441,0.191,-0.8140000000000001,0.255,0.411,1.636,0.395,0.7609999999999999,-0.005,-0.564
s: 6
t: 63.601

i: 1,4,0,-4.172,3.188,-0.375,1.028,-1.41,0.008,0.513,0.635,0.802,-0.28
s: 6
t: 55.215

i: 1,5,1,-4.394,1.162,0.157,0.608,-0.409,1.352,-0.243,0.758,0.447,0.096
s: 6
t: 104.923

i: 1,10,0,-5.124,2.319,1.413,1.804,-0.277,-0.33,-0.746,0.221,0.06,0.46
s: 7
t: 50.605

i: 1,3,0,-2.9760000000000004,1.033,-0.222,-0.099,0.081,0.052000000000000005,0.479,0.517,-1.105,-0.125
s: 9
t: 12.321

i: 1,4,0,-3.426,0.584,-0.469,1.776,0.5660000000000001,1.686,0.07,0.081,-1.483,-0.141
s: 7
t: 51.259

i: 1,0,1,-3.559,2.126,-0.445,1.053,-1.765,0.349,0.546,0.321,0.443,-0.118
s: 7
t: 106.746

i: 0,14,0,-3.369,1.784,-0.603,1.3030000000000002,0.006999999999999999,-0.044,-0.459,-0.012,-0.591,1.047
s: 8
t: 20.442

i: 1,10,0,-4.149,1.129,-0.008,1.215,0.39,-0.474,-0.4,-0.343,-0.344,0.8859999999999999
s: 8
t: 39.654

i: 1,3,0,-2.7110000000000003,0.971,-0.023,0.053,0.101,-0.14800000000000002,0.382,0.476,-1.05,-0.256
s: 8
t: 56.566

i: 1,5,1,-1.814,0.923,-0.931,0.12,0.425,0.5539999999999999,0.237,0.426,-0.184,-0.727
s: 7
t: 79.666

i: 0,9,1,-2.482,1.896,-1.289,0.112,0.285,0.096,0.022,0.8320000000000001,-0.333,-0.764
s: 10
t: 6.530

i: 0,12,0,-2.964,2.8110000000000004,-1.317,0.324,-0.7809999999999999,1.369,0.127,-0.368,-0.677,0.493
s: 7
t: 47.927

i: 0,11,0,-2.879,2.662,-0.5720000000000001,0.425,-0.248,0.213,0.17600000000000002,-0.281,-0.404,0.605
s: 8
t: 36.675

i: 0,6,1,-2.6710000000000003,3.155,-0.514,0.133,-0.964,0.234,-0.071,1.192,0.254,-0.471
s: 6
t: 144.188

i: 1,5,1,-3.6010000000000004,0.742,-0.238,0.332,-0.561,1.275,-0.014,0.8440000000000001,0.5579999999999999,0.659
s: 7
t: 65.753

i: 1,0,1,-2.946,1.649,-1.167,0.7879999999999999,-0.909,1.3,-0.562,0.902,-0.07,-0.8420000000000001
s: 8
t: 51.157

i: 1,2,1,-3.545,1.926,-0.512,1.732,-1.109,1.006,0.021,0.82,0.731,-0.639
s: 7
t: 47.938

i: 1,5,1,-1.495,0.117,-1.134,-0.249,-0.37,1.286,0.348,0.8540000000000001,0.313,-0.376
s: 8
t: 67.219

i: 0,14,0,-3.32,1.5530000000000002,-0.586,1.6880000000000002,-0.262,0.392,-0.478,-0.461,-0.522,0.929
s: 7
t: 27.209

i: 1,10,0,-3.0010000000000003,2.263,-1.178,-0.116,-0.922,0.536,1.286,-0.506,-0.5660000000000001,-0.102
s: 6
t: 93.883

i: 0,12,0,-3.857,2.133,-0.58,0.996,0.502,0.65,-0.28300000000000003,-0.468,-0.983,0.613
s: 7
t: 124.407

i: 1,8,0,-3.096,0.103,-0.452,0.879,1.067,0.4970000000000001,-0.29600000000000004,-0.067,-0.973,0.711
s: 6
t: 38.988

i: 1,0,1,-2.302,0.85,-1.646,0.455,-0.488,1.491,-0.617,0.8190000000000001,-0.887,-0.08
s: 7
t: 44.213

i: 1,4,0,-4.0760000000000005,3.3360000000000003,-0.688,0.677,-1.472,0.461,0.682,0.7240000000000001,0.7170000000000001,-0.409
s: 7
t: 34.109

i: 0,7,1,-3.055,0.08800000000000001,-1.217,1.5619999999999998,0.18600000000000005,2.059,0.054000000000000006,0.639,-1.121,-0.757
s: 6
t: 97.739

i: 1,8,0,-1.885,2.214,-0.6729999999999999,0.147,-0.14800000000000002,-0.4,0.252,-0.098,-0.8740000000000001,0.245
s: 6
t: 29.972

i: 1,4,0,-2.859,2.255,-0.6759999999999999,0.098,-1.086,0.041,0.732,0.305,-0.141,-0.636
s: 7
t: 51.445

i: 1,4,0,-3.775,2.188,-1.017,0.687,-0.464,1.189,-0.157,1.673,-0.024,-1.144
s: 9
t: 44.910

i: 0,12,0,-3.917,1.925,0.267,1.361,0.453,-0.19,-0.242,-0.633,-0.62,1.039
s: 6
t: 146.292

i: 0,13,1,-2.378,1.568,-0.243,0.407,-0.428,0.229,-0.293,0.297,0.3720000000000001,-0.512
s: 8
t: 79.849

i: 0,9,1,-3.337,-0.34700000000000003,-0.79,2.129,-0.058,2.079,0.295,0.246,-0.687,-1.241
s: 4
t: 31.860

i: 1,0,1,-2.852,1.914,-0.755,0.825,-1.588,0.855,0.217,-0.246,0.238,-0.365
s: 8
t: 29.125

i: 0,11,0,-3.303,0.7020000000000001,-0.209,1.6269999999999998,0.818,0.287,-0.541,-0.198,-0.7170000000000001,0.768
s: 6
t: 68.916

i: 0,6,1,-3.366,1.952,-0.898,0.258,0.282,0.835,0.29,0.6809999999999999,0.431,-0.461
s: 8
t: 50.124

i: 1,4,0,-2.612,1.403,-0.87,0.47,-0.448,0.172,-0.06,-0.6559999999999999,-0.334,0.087
s: 8
t: 25.304

i: 1,3,0,-3.682,3.672,0.041,-0.508,-0.905,0.028,0.4920000000000001,0.654,-0.722,-0.318
s: 7
t: 38.515

i: 1,4,0,-3.404,0.506,-0.591,1.6269999999999998,0.66,1.456,0.068,0.381,-1.494,-0.453
s: 7
t: 128.824

i: 0,6,1,-3.108,0.926,-0.389,0.249,-0.461,0.816,-0.226,0.818,0.387,0.303
s: 7
t: 66.515

i: 0,12,0,-3.055,1.4,-0.6859999999999999,0.964,-1.29,0.545,0.337,-0.299,-0.173,0.69
s: 9
t: 32.688

i: 1,1,1,-2.922,1.516,-0.002,-0.353,-0.464,1.1840000000000002,0.383,-0.175,-0.34600000000000003,-0.033
s: 9
t: 21.706

i: 1,3,0,-2.837,0.528,0.241,1.629,0.23,-0.545,-0.643,-0.231,-0.18600000000000005,0.45
s: 8
t: 64.722

i: 0,9,1,-3.894,0.117,-0.407,1.973,0.043,1.891,0.411,-0.095,-0.436,-1.015
s: 5
t: 43.718

i: 0,12,0,-3.797,4.314,-1.596,-0.476,0.044,0.903,0.129,-0.141,-0.6459999999999999,-0.318
s: 7
t: 67.286

i: 1,10,0,-4.4030000000000005,1.409,0.551,1.496,0.6729999999999999,-0.616,-0.787,-0.382,-0.696,1.139
s: 8
t: 78.296

i: 1,5,1,-3.2460000000000004,0.7120000000000001,0.39,0.82,-1.352,1.074,0.197,0.857,-0.056,0.485
s: 9
t: 12.442

i: 0,7,1,-2.55,2.391,-1.137,0.09,-0.948,0.217,0.051,0.723,-0.5579999999999999,-0.204
s: 8
t: 28.034

i: 1,5,1,-2.559,2.3,0.408,-0.001,-1.077,0.125,-0.254,0.975,0.07,-0.47
s: 7
t: 78.268

i: 1,10,0,-3.85,2.28,-1.055,-0.335,-0.16399999999999998,0.41,0.913,-0.391,-0.338,0.26
s: 7
t: 67.550

i: 0,13,1,-4.0280000000000005,0.982,-0.648,1.4780000000000002,-0.048,2.108,-0.146,0.467,-0.654,-0.193
s: 9
t: 12.274

i: 1,3,0,-2.923,0.919,-0.231,-0.307,0.075,0.265,0.403,0.691,-1.012,-0.157
s: 9
t: 21.277

i: 1,2,1,-1.012,0.516,-2.041,0.32,-0.634,1.969,0.041,1.414,-0.687,0.047
s: 7
t: 17.519

i: 1,2,1,-1.804,1.556,-0.8029999999999999,1.388,-0.989,0.7509999999999999,-0.029,0.963,-0.228,0.297
s: 8
t: 18.716

i: 0,11,0,-2.818,3.685,-1.413,-0.5579999999999999,0.025,0.871,0.688,-0.14400000000000002,-0.93,0.282
s: 7
t: 63.562

i: 1,8,0,-2.563,2.829,-0.28300000000000003,-0.368,-1.5930000000000002,0.408,0.121,0.933,-0.946,-0.35600000000000004
s: 6
t: 95.484

i: 0,11,0,-3.818,3.159,-0.298,-0.058,-0.348,0.194,0.593,0.211,0.531,-0.014
s: 9
t: 18.367

i: 0,11,0,-2.305,3.625,-1.203,-0.665,-0.29600000000000004,0.775,0.197,-0.282,-0.8420000000000001,0.188
s: 9
t: 26.443

i: 0,14,0,-3.451,2.257,-0.845,0.4320000000000001,0.486,0.266,-0.215,0.006,-1.082,0.759
s: 9
t: 17.178

i: 0,9,1,-2.54,2.925,-0.377,-0.745,-0.562,0.981,0.303,0.539,0.127,-0.959
s: 8
t: 22.515

i: 1,1,1,-3.054,3.104,-0.513,-0.085,-0.952,0.299,-0.269,0.459,0.892,-0.308
s: 8
t: 76.068

i: 1,8,0,-2.282,0.6729999999999999,-0.7979999999999999,1.286,0.308,0.01,-0.411,-0.61,-0.266,0.584
s: 7
t: 22.379

i: 0,7,1,-3.239,2.9160000000000004,-1.406,-0.455,-0.454,1.219,0.078,0.383,-0.7759999999999999,-0.413
s: 7
t: 111.515

i: 0,6,1,-3.958,4.132,-0.07400000000000001,-0.19,-1.1840000000000002,-0.11,-0.679,1.198,0.442,0.563
s: 6
t: 16.388

i: 1,3,0,-1.577,0.907,-0.29100000000000004,0.006999999999999999,-0.256,-0.233,0.187,-0.052000000000000005,-0.627,0.238
s: 6
t: 26.472

i: 0,13,1,-2.289,1.106,-0.816,0.228,0.867,0.616,0.338,0.298,-0.843,-0.8320000000000001
s: 6
t: 154.800

i: 1,3,0,-3.958,3.922,0.15,-0.265,-1.2009999999999998,-0.249,0.202,1.163,-0.049,-0.039
s: 6
t: 17.750

i: 1,3,0,-4.222,3.886,0.016,-0.14400000000000002,-1.132,-0.053,0.519,1.024,0.075,-0.226
s: 6
t: 21.544

i: 1,10,0,-4.58,4.1160000000000005,-0.753,-0.8490000000000001,0.516,0.498,0.117,0.181,-1.256,-0.119
s: 9
t: 9.656

i: 0,7,1,-3.173,3.1660000000000004,-1.501,-0.37,-0.4370000000000001,0.974,0.179,0.556,-0.794,-0.5489999999999999
s: 6
t: 348.401

i: 0,7,1,-3.735,2.096,-0.818,0.463,-0.221,1.144,0.023,0.224,-0.745,-0.325
s: 7
t: 91.641

i: 1,5,1,-3.193,2.026,0.83,0.813,-1.205,0.036000000000000004,-0.95,0.7859999999999999,1.045,0.21
s: 7
t: 195.519

i: 0,12,0,-3.194,1.589,-0.774,0.8140000000000001,-1.087,0.618,0.218,-0.45,-0.003,0.526
s: 8
t: 36.742

i: 0,7,1,-2.914,2.541,-1.567,0.067,-1.051,1.207,0.006,0.289,-0.325,-0.343
s: 7
t: 61.510

i: 0,14,0,-2.643,2.021,-1.265,0.759,-0.442,0.159,-0.032,-0.145,-0.16399999999999998,0.86
s: 8
t: 14.471

i: 0,12,0,-4.013,2.101,0.295,1.2919999999999998,0.45,-0.024,-0.565,-0.588,-0.343,0.695
s: 9
t: 18.798

i: 1,10,0,-5.105,1.968,1.14,1.719,-0.443,-0.4320000000000001,-0.969,-0.173,0.551,0.17600000000000002
s: 7
t: 33.244

i: 1,0,1,-3.869,1.86,-1.646,1.612,0.044,1.531,-0.493,0.862,-0.106,-1.001
s: 9
t: 37.371

i: 1,2,1,-2.562,1.361,-0.94,1.3330000000000002,-1.047,1.208,-0.316,1.055,0.354,-0.77
s: 8
t: 86.939

i: 0,14,0,-3.642,3.582,-1.031,-0.7609999999999999,0.046,1.255,0.841,0.512,-0.259,-0.447
s: 7
t: 22.364

i: 1,2,1,-4.386,2.271,-0.157,1.536,-0.614,0.23,0.57,-0.117,1.074,0.397
s: 8
t: 29.217

i: 1,2,1,-1.384,-0.321,-2.266,0.937,-0.289,2.29,0.463,1.096,-1.436,-0.701
s: 7
t: 32.177

i: 1,8,0,-4.415,3.737,-1.3130000000000002,-0.815,0.168,0.59,0.975,0.42,-0.825,-0.748
s: 7
t: 42.146

max time: 464.07
min time: 6.53
avg time: 60.50

