i: 0,0,1,0,0,1,1,0,0,0,0,0,6,0,0,0
s: 4
t: 0.621

i: 0,0,1,0,0,1,1,1,1,0,0,1,0,1,0,1
s: 6
t: 0.886

i: 0,0,0,0,0,1,1,1,1,0,1,0,0,1,0,0
s: 7
t: 0.513

i: 0,1,1,0,0,0,1,0,1,1,0,0,2,1,0,1
s: 3
t: 0.860

i: 0,0,1,0,0,1,1,1,1,1,1,0,4,0,0,0
s: 7
t: 0.918

i: 0,0,1,0,0,1,1,1,1,0,0,1,0,1,0,0
s: 6
t: 0.670

i: 0,0,1,0,0,0,0,0,0,1,0,0,6,0,0,0
s: 6
t: 2.074

i: 1,0,0,1,0,0,1,1,1,1,0,0,4,0,0,1
s: 3
t: 1.896

i: 0,0,1,0,0,1,0,1,1,0,0,1,0,1,0,0
s: 6
t: 0.635

i: 1,0,0,1,0,1,1,1,1,1,0,1,0,0,0,1
s: 2
t: 0.410

i: 0,1,1,0,1,1,0,0,1,1,0,0,2,1,0,0
s: 3
t: 1.233

i: 0,0,1,0,0,0,0,0,1,1,0,0,4,1,0,1
s: 8
t: 1.611

i: 0,1,1,0,1,0,0,0,1,1,0,0,2,1,0,1
s: 3
t: 0.243

i: 0,0,1,0,0,1,0,1,1,0,0,1,0,1,1,0
s: 6
t: 0.685

i: 1,0,0,1,0,0,1,1,1,1,0,0,4,1,0,0
s: 3
t: 0.518

i: 0,1,1,0,0,1,1,0,1,1,0,0,2,1,0,1
s: 3
t: 0.225

i: 1,0,0,1,0,1,1,1,1,1,0,0,4,1,0,1
s: 3
t: 0.520

i: 0,1,1,0,0,0,1,0,1,1,0,0,2,1,0,0
s: 3
t: 0.273

i: 1,0,0,1,0,0,0,1,1,1,0,0,4,1,1,0
s: 3
t: 0.430

i: 1,0,0,1,0,0,0,1,1,1,0,0,4,1,0,1
s: 3
t: 0.447

i: 1,0,0,1,0,0,0,1,1,1,0,0,2,0,0,1
s: 2
t: 0.283

i: 0,0,0,1,0,1,1,1,1,1,0,1,0,1,0,1
s: 3
t: 0.353

i: 1,0,1,0,1,0,0,0,0,1,1,0,6,0,1,0
s: 6
t: 1.316

i: 1,0,1,0,1,0,0,0,0,1,0,0,6,0,0,0
s: 6
t: 1.128

i: 1,0,0,1,0,0,0,1,1,1,0,0,4,1,1,1
s: 3
t: 0.353

i: 0,0,1,0,0,1,1,0,0,0,0,0,5,0,0,0
s: 6
t: 0.435

i: 0,0,1,0,0,1,1,1,1,0,1,1,0,1,0,1
s: 6
t: 0.697

i: 1,0,0,1,0,0,0,1,1,1,0,0,2,1,0,1
s: 3
t: 0.390

i: 0,0,1,0,0,0,1,1,1,1,1,0,0,1,0,0
s: 8
t: 1.031

i: 1,0,1,0,1,0,0,0,0,1,1,0,6,0,0,0
s: 6
t: 1.274

i: 0,0,1,0,0,1,1,1,1,1,0,0,4,0,0,0
s: 7
t: 1.412

i: 1,0,0,1,0,0,0,1,1,1,0,0,4,1,0,0
s: 3
t: 0.301

i: 1,0,0,1,0,0,0,1,1,1,0,0,2,1,0,0
s: 2
t: 0.327

i: 0,0,1,0,0,0,1,0,0,0,0,0,0,0,0,0
s: 5
t: 0.453

i: 0,1,1,0,1,0,1,0,1,1,0,0,2,1,0,0
s: 3
t: 0.232

i: 0,1,1,0,1,1,1,0,1,1,0,0,2,1,0,0
s: 3
t: 0.204

i: 0,1,1,0,1,0,0,0,1,1,0,0,2,1,1,0
s: 3
t: 0.225

i: 1,0,0,1,0,0,0,1,1,1,0,0,4,0,1,0
s: 2
t: 0.257

i: 1,0,0,1,0,1,1,1,1,1,0,1,2,1,0,1
s: 3
t: 0.327

i: 0,0,1,0,0,1,1,0,0,0,0,0,4,0,0,0
s: 6
t: 0.392

i: 1,0,0,1,0,0,1,1,1,1,0,0,4,1,0,1
s: 3
t: 0.332

i: 0,0,0,0,0,0,1,0,0,1,1,0,8,1,0,0
s: 4
t: 0.528

i: 0,0,1,0,1,0,1,0,0,1,0,0,6,0,0,0
s: 4
t: 0.408

i: 0,0,1,0,1,0,0,0,0,1,0,0,6,0,0,0
s: 6
t: 0.887

i: 0,0,1,0,0,1,0,1,1,1,0,0,4,0,0,0
s: 7
t: 1.011

i: 1,0,1,1,0,1,1,0,1,1,0,0,4,1,0,1
s: 3
t: 0.387

i: 0,1,1,0,1,1,0,0,1,1,0,0,2,1,0,1
s: 3
t: 0.242

i: 0,0,1,0,0,0,1,1,1,1,0,0,0,1,0,0
s: 8
t: 0.920

i: 0,1,1,0,0,0,0,0,1,1,0,0,2,1,0,1
s: 3
t: 0.244

i: 0,0,1,0,0,1,1,1,1,1,0,0,4,1,0,0
s: 8
t: 1.092

i: 1,0,0,1,0,0,1,1,1,1,0,0,2,0,1,1
s: 2
t: 0.361

i: 0,1,1,0,1,0,1,0,1,1,0,0,2,1,0,1
s: 3
t: 0.242

i: 0,0,1,0,0,1,1,0,0,0,1,0,0,0,0,0
s: 5
t: 0.331

i: 1,0,0,1,1,0,0,1,1,1,0,0,2,1,0,0
s: 2
t: 0.308

i: 0,0,1,0,0,0,1,1,1,1,0,0,4,1,0,0
s: 8
t: 1.412

i: 0,1,1,0,1,0,0,0,1,1,0,0,2,1,0,0
s: 3
t: 0.226

i: 0,0,1,0,0,1,1,0,0,0,0,0,8,0,0,1
s: 4
t: 0.322

i: 0,0,1,0,0,0,0,0,0,1,0,0,0,0,0,0
s: 6
t: 0.759

i: 1,0,0,1,0,0,1,1,1,1,0,0,4,1,1,1
s: 3
t: 0.315

max time: 2.07
min time: 0.20
avg time: 0.63

