i: 5.047,2.7377,0,0,0,0,3,50.0,0,5,0,-2.685,3.634,1.06,10.530999999999999,12,1.078,1.104,0,0,0,1.2109999999999999,3,0,0,0,2.454,-0.001,0,32.533,1.75,0,0,0,1,3.906,3.321,0,8.796,2,0
s: 3
t: 8.283

i: 4.732,2.2384,0,0,0,0,0,30.0,0,0,0,0.0,2.92,0.0,9.728,0,0.981,1.1540000000000001,0,0,0,1.156,3,0,0,0,2.303,-0.021,0,0.0,0.5,0,0,6,0,3.3689999999999998,1.625,2,7.49,0,0
s: 3
t: 5.943

i: 4.6419999999999995,3.0494,0,0,2,0,2,40.0,1,0,2,0.0,3.08,1.187,9.631,0,0.976,1.129,0,0,0,1.275,1,0,0,0,2.2,-0.024,0,0.0,1.4869999999999999,0,1,2,1,3.634,1.9809999999999999,1,8.001,0,0
s: 3
t: 8.720

i: 5.327999999999999,5.8726,7,0,0,0,0,25.7,6,4,0,0.0,4.34,2.088,10.677999999999999,9,1.056,1.137,0,0,0,1.225,0,0,1,0,2.34,0.0,0,12.579,2.5069999999999997,0,0,0,0,4.428999999999999,2.799,0,9.905,0,6
s: 2
t: 6.326

i: 4.896,3.4023,0,0,0,0,3,40.9,0,3,0,0.0,3.404,1.2990000000000002,10.027000000000001,6,1.018,1.123,0,0,0,1.219,1,0,0,0,2.301,0.004,0,10.378,1.541,0,2,0,0,3.7439999999999998,2.583,0,8.369,0,0
s: 5
t: 9.587

i: 5.006,2.3877,1,0,0,0,2,46.9,1,1,0,0.0,3.8280000000000003,1.202,10.306,4,0.991,1.109,0,0,0,1.295,2,0,0,0,2.334,0.0,0,0.0,2.1630000000000003,0,0,0,0,3.696,2.075,0,8.888,0,1
s: 2
t: 7.863

i: 4.461,3.5378,0,0,0,0,0,25.0,3,2,0,0.0,2.988,1.891,9.202,0,0.998,1.159,0,0,0,1.101,0,0,0,0,2.053,0.044000000000000004,0,0.0,2.244,0,0,3,2,3.155,2.611,1,7.315,0,0
s: 3
t: 6.906

i: 4.522,2.3963,0,0,3,0,1,36.0,1,0,2,0.0,3.253,1.8869999999999998,9.535,0,0.98,1.14,0,0,0,1.2309999999999999,1,0,0,0,2.157,-0.006999999999999999,0,0.0,3.141,0,0,3,3,3.555,2.061,2,8.005,0,0
s: 3
t: 5.176

i: 4.768,2.8080000000000003,1,0,2,0,0,33.3,1,1,3,1.18,3.423,1.455,9.921,2,1.0070000000000001,1.133,0,0,0,1.278,1,0,0,0,2.262,-0.008,0,10.844000000000001,1.945,0,0,3,2,3.904,2.515,2,8.644,0,0
s: 2
t: 6.502

i: 4.0,2.5101,0,0,0,0,0,25.0,2,1,0,0.0,2.199,0.8109999999999999,8.318,0,0.988,1.156,0,0,0,1.1179999999999999,0,0,0,0,1.732,-0.552,0,0.0,1.0,0,0,0,1,2.97,2.833,0,6.539,0,0
s: 5
t: 9.517

i: 5.431,2.8955,0,0,0,2,0,32.1,4,1,1,0.374,3.233,0.8320000000000001,10.681,2,0.982,1.1440000000000001,0,0,0,1.232,1,0,0,0,2.394,-0.006999999999999999,0,11.254000000000001,1.055,2,0,6,1,3.573,2.242,1,8.088,0,0
s: 2
t: 5.866

i: 5.995,2.3808,8,0,0,3,0,41.7,0,0,0,0.39399999999999996,4.378,0.752,11.527999999999999,0,1.074,1.102,0,0,0,1.3730000000000002,6,0,1,0,2.805,0.0,0,0.0,1.0759999999999998,4,0,0,0,4.407,2.6,0,9.952,0,8
s: 2
t: 6.802

i: 5.013999999999999,2.3207,0,0,0,0,4,56.5,0,0,0,0.0,3.508,0.0,10.384,0,0.975,1.09,0,0,0,1.355,6,0,0,0,2.469,-0.001,0,0.0,1.305,0,0,0,0,3.866,1.859,0,8.609,0,0
s: 2
t: 7.545

i: 4.444,3.1402,0,0,0,0,0,29.6,3,1,0,0.0,2.946,1.891,9.202,2,0.973,1.146,0,0,0,1.16,0,0,0,0,2.042,0.038,0,0.0,2.602,0,0,0,1,3.096,2.093,0,7.197,0,0
s: 4
t: 9.313

i: 4.963,2.8471,0,0,1,0,2,50.0,0,2,3,-0.995,3.5389999999999997,0.985,10.277000000000001,2,1.02,1.1079999999999999,0,0,0,1.2770000000000001,3,0,0,0,2.359,0.001,0,10.582,1.7619999999999998,0,0,4,1,3.8989999999999996,2.667,1,8.702,0,0
s: 21
t: 27.915

i: 4.923,3.3133,0,0,0,0,2,43.8,0,3,0,-1.113,3.261,1.185,9.911,7,1.04,1.117,0,0,0,1.207,1,0,0,0,2.267,0.015,0,10.262,1.5630000000000002,0,1,0,2,3.741,3.2,0,8.302999999999999,0,0
s: 4
t: 8.477

i: 3.7319999999999998,2.3391,0,0,0,0,0,30.0,2,0,0,0.0,2.511,1.585,8.16,0,0.9590000000000001,1.145,0,0,0,1.196,0,0,0,0,1.8019999999999998,-0.18100000000000002,0,0.0,2.488,0,0,0,0,2.846,1.6669999999999998,0,6.557,0,0
s: 5
t: 8.775

i: 4.901,2.5104,2,0,1,0,5,48.0,0,3,2,0.0,4.0280000000000005,0.946,10.600999999999999,8,1.051,1.107,0,1,0,1.295,2,0,1,0,2.329,0.0,0,20.982,3.43,0,5,2,0,4.016,2.781,1,9.395,0,2
s: 2
t: 6.846

i: 5.388999999999999,2.7726,1,0,3,0,2,41.7,0,3,3,0.14400000000000002,3.772,1.506,10.698,9,1.0290000000000001,1.113,0,0,0,1.278,3,0,0,0,2.504,0.0,0,23.066,2.22,0,1,2,0,4.757,2.728,1,9.613999999999999,0,0
s: 2
t: 6.363

i: 3.8789999999999996,2.6274,0,0,0,0,0,29.6,2,1,0,0.0,2.938,2.281,8.743,1,0.973,1.146,0,0,0,1.161,0,0,0,0,1.902,0.039,0,0.0,3.685,0,0,0,1,2.9360000000000004,2.056,0,7.087000000000001,0,0
s: 4
t: 8.576

i: 5.646,4.8224,3,0,0,2,0,25.0,2,0,0,0.0,3.543,0.8109999999999999,10.505,0,1.27,1.262,0,0,2,1.119,0,0,0,0,2.303,-0.099,0,0.0,1.411,0,0,0,0,4.196000000000001,4.854,0,9.044,0,6
s: 2
t: 6.153

i: 5.656000000000001,2.6715,2,0,0,1,4,45.7,1,3,0,-0.741,4.1160000000000005,1.33,10.978,9,1.02,1.11,0,0,0,1.2790000000000001,2,0,1,0,2.481,0.0,0,12.298,2.211,0,2,0,1,3.944,2.562,0,9.362,0,2
s: 2
t: 5.929

i: 4.9510000000000005,2.7402,0,0,0,0,2,38.7,2,3,0,-0.46399999999999997,3.59,2.0709999999999997,10.241,9,1.002,1.127,0,0,0,1.2229999999999999,1,0,0,0,2.29,-0.001,0,11.465,3.7439999999999998,0,1,0,1,3.7430000000000003,2.522,0,8.502,1,0
s: 3
t: 9.595

i: 4.842,2.9844,0,0,0,0,2,41.7,2,2,0,-0.87,3.39,1.258,10.136000000000001,4,0.998,1.121,0,0,0,1.238,1,0,0,0,2.278,0.004,0,10.482000000000001,2.113,0,0,0,1,3.718,2.611,0,8.382,0,0
s: 5
t: 9.145

i: 3.0,1.9184,2,0,0,0,0,20.0,1,0,0,0.0,3.572,0.9179999999999999,6.593999999999999,0,1.064,1.123,0,0,0,1.439,0,1,0,0,1.4140000000000001,0.8029999999999999,0,0.0,1.3330000000000002,0,0,0,0,6.87,2.787,0,11.578,0,2
s: 2
t: 7.618

i: 4.821000000000001,2.5866,0,0,0,0,0,33.3,2,2,0,-0.135,3.2319999999999998,1.455,9.927999999999999,4,0.99,1.139,0,0,0,1.189,1,0,0,0,2.249,-0.006999999999999999,0,10.635,2.209,1,0,0,0,3.4339999999999997,2.258,0,7.93,0,0
s: 3
t: 9.518

i: 4.4910000000000005,3.6384,0,0,2,0,0,28.6,3,1,2,0.0,3.2310000000000003,2.23,9.449,0,0.976,1.151,0,0,0,1.166,0,0,0,0,2.093,-0.006999999999999999,0,0.0,2.764,0,0,3,1,3.167,2.0,1,7.528,0,0
s: 3
t: 6.899

i: 4.412,3.3381,0,0,4,0,0,32.2,2,2,2,0.253,4.479,4.297,10.675,4,0.971,1.1420000000000001,0,0,0,1.198,0,0,0,0,2.086,0.0,0,24.053,15.507,0,0,4,2,3.3739999999999997,1.841,2,8.904,0,0
s: 3
t: 5.761

i: 4.414,3.2274,0,0,0,0,0,45.5,0,2,0,0.0,2.935,1.203,9.209,1,1.038,1.114,0,0,0,1.296,1,0,0,0,2.1519999999999997,-0.085,0,9.774,1.496,0,0,0,0,3.67,2.8810000000000002,0,8.002,0,0
s: 6
t: 14.045

i: 4.399,3.3815,1,0,0,0,0,32.6,2,4,0,-0.214,4.632,4.4910000000000005,10.776,8,0.9740000000000001,1.138,0,0,0,1.206,0,0,0,0,2.08,0.0,0,23.914,17.537,0,0,0,0,3.6460000000000004,1.855,0,9.204,0,0
s: 3
t: 8.112

i: 5.2589999999999995,4.7145,1,0,0,0,0,23.1,3,4,0,0.0,3.375,1.868,10.091000000000001,9,1.014,1.149,0,0,0,1.165,0,0,0,0,2.2359999999999998,0.015,0,11.347000000000001,1.8359999999999999,0,0,0,0,4.415,2.6189999999999998,0,9.008,0,0
s: 2
t: 4.430

i: 5.337999999999999,2.2854,1,0,0,0,9,42.9,6,4,0,0.0,4.322,0.662,11.258,15,0.9940000000000001,1.114,0,0,0,1.311,3,0,0,0,2.407,0.0,0,13.722999999999999,2.977,0,3,0,0,4.4430000000000005,2.1830000000000003,0,9.741,0,0
s: 2
t: 6.341

i: 5.021,3.5325,0,0,0,0,4,38.9,0,5,0,-1.291,3.45,1.124,10.277000000000001,10,1.072,1.127,0,0,0,1.147,1,0,0,0,2.343,0.005,0,10.312999999999999,1.6230000000000002,0,3,0,4,3.8339999999999996,3.611,0,8.537,0,0
s: 6
t: 10.955

i: 5.406000000000001,2.1252,1,0,7,0,5,43.9,0,4,10,0.0,4.279,0.777,11.11,10,1.024,1.1159999999999999,0,1,0,1.28,3,0,0,1,2.428,0.0,0,47.783,3.924,0,5,9,2,4.711,2.702,3,9.916,0,0
s: 2
t: 6.317

i: 5.187,2.1504,0,0,0,0,0,43.5,1,3,0,0.6659999999999999,3.5069999999999997,0.773,10.68,8,1.0170000000000001,1.1179999999999999,0,0,0,1.256,6,0,0,0,2.597,-0.001,0,22.622,1.14,4,0,0,0,3.799,2.5639999999999996,0,8.551,0,0
s: 3
t: 6.488

i: 3.6180000000000003,3.2048,1,0,0,0,0,44.4,0,0,0,0.0,2.8160000000000003,0.0,8.412,0,0.983,1.083,0,0,0,1.476,1,0,0,0,2.0,-0.214,0,0.0,0.579,0,0,0,0,4.034,1.9669999999999999,0,8.415,0,0
s: 2
t: 7.762

i: 5.164,3.7343,4,0,0,1,0,27.3,2,0,0,0.0,3.525,1.379,9.874,0,1.075,1.131,0,0,0,1.305,0,0,1,0,2.136,0.138,0,0.0,1.496,0,0,0,0,4.099,2.9560000000000004,0,9.051,0,4
s: 2
t: 5.160

i: 4.385,3.9908,0,0,0,0,0,32.4,0,7,0,-1.569,3.819,3.09,9.999,10,1.034,1.141,0,0,0,1.135,0,0,0,0,2.061,0.0,0,21.678,6.8839999999999995,0,0,0,0,3.432,2.833,0,8.562000000000001,0,0
s: 3
t: 8.164

i: 4.499,3.0314,0,0,0,0,1,50.0,0,1,0,0.0,3.0269999999999997,1.125,9.311,2,0.998,1.104,0,0,0,1.291,1,0,0,0,2.136,0.045,0,10.006,1.4809999999999999,0,0,0,0,3.592,2.583,0,7.979,0,0
s: 4
t: 8.538

i: 5.236000000000001,3.8407,5,0,0,0,6,46.2,0,1,0,0.0,5.0169999999999995,0.799,10.434000000000001,2,1.0859999999999999,1.051,0,0,0,1.5419999999999998,1,1,0,0,2.414,0.004,1,0.0,0.873,0,6,0,1,6.982,2.479,0,13.184000000000001,0,5
s: 2
t: 5.771

i: 4.912,3.2478,0,0,0,0,3,42.9,3,0,0,0.0,3.075,0.8809999999999999,9.863,0,0.9670000000000001,1.119,0,0,0,1.32,1,0,0,0,2.2640000000000002,-0.023,0,0.0,0.95,0,0,0,0,3.714,1.889,0,8.09,0,0
s: 2
t: 7.299

i: 4.0,3.2163,0,0,0,0,0,25.0,1,2,0,-0.833,2.334,0.8109999999999999,8.318,0,1.053,1.156,0,0,0,1.0759999999999998,0,0,0,0,1.732,-0.687,0,9.0,1.0,0,0,0,1,3.304,4.167,0,7.178,0,0
s: 3
t: 9.278

i: 5.377000000000001,3.3527,0,0,0,1,3,37.9,3,2,0,0.0,3.437,1.23,10.559000000000001,5,0.99,1.129,0,0,0,1.23,1,0,0,0,2.375,-0.002,0,0.0,1.8090000000000002,0,2,0,1,3.7739999999999996,2.2880000000000003,0,8.414,0,0
s: 2
t: 4.927

i: 5.414,2.419,1,2,11,1,7,42.5,4,1,12,0.0,4.093999999999999,0.917,11.157,3,1.001,1.124,0,0,0,1.3030000000000002,4,0,1,1,2.489,0.0,0,0.0,2.907,0,3,10,1,4.065,2.229,3,9.38,0,1
s: 2
t: 6.906

i: 5.313,3.3759,1,0,2,0,2,35.0,1,2,2,0.0,3.484,1.16,10.388,4,1.018,1.125,0,0,0,1.27,1,0,0,0,2.311,-0.008,0,21.444000000000003,1.8330000000000002,0,1,1,2,4.725,2.932,1,9.496,0,0
s: 2
t: 5.498

i: 5.315,3.0581,0,0,0,1,2,40.7,3,2,0,-0.875,3.4610000000000003,1.23,10.548,4,0.9940000000000001,1.123,0,0,0,1.2429999999999999,1,0,0,0,2.334,-0.002,0,10.562000000000001,2.215,0,0,0,1,3.7430000000000003,2.5580000000000003,0,8.485,0,0
s: 3
t: 7.509

i: 4.5169999999999995,2.6422,0,0,2,0,1,40.0,1,0,1,0.0,3.073,1.409,9.391,0,0.976,1.129,0,0,0,1.266,1,0,0,0,2.149,-0.024,0,0.0,2.036,0,0,1,2,3.553,2.074,1,7.8839999999999995,0,0
s: 6
t: 11.509

i: 4.802,3.0226,0,0,1,0,2,50.0,0,0,2,0.0,3.174,0.0,9.805,0,0.985,1.109,0,0,0,1.359,3,0,0,1,2.323,0.013000000000000001,0,0.0,0.95,0,0,3,1,3.8680000000000003,1.9809999999999999,1,8.357000000000001,0,0
s: 2
t: 8.686

i: 4.965,3.6579,1,0,1,0,3,40.0,0,3,2,0.0,3.528,1.16,10.099,6,1.078,1.127,0,1,0,1.237,1,0,1,0,2.305,-0.008,0,20.322,1.5530000000000002,0,3,2,1,3.972,3.3739999999999997,1,8.899,0,1
s: 2
t: 6.695

i: 4.593,2.8754,0,0,1,0,1,42.1,1,1,2,-0.036000000000000004,3.222,1.4609999999999999,9.665,1,0.998,1.125,0,0,0,1.264,1,0,0,0,2.175,0.013999999999999999,0,10.502,2.298,0,1,3,1,3.5989999999999998,2.483,1,8.187000000000001,0,0
s: 3
t: 7.099

i: 5.306,2.2373,0,0,11,0,4,36.2,3,6,11,-1.722,4.217,1.577,11.222000000000001,9,1.031,1.14,0,0,0,1.1909999999999998,6,0,0,0,2.5269999999999997,0.0,0,23.86,3.1719999999999997,0,2,10,5,3.9419999999999997,2.846,4,9.248,0,0
s: 2
t: 6.230

i: 3.9189999999999996,3.2139,0,0,0,0,0,25.9,1,4,0,0.0,3.201,2.55,9.002,0,1.014,1.1540000000000001,0,0,0,1.091,0,0,0,0,1.932,0.015,0,0.0,4.489,0,0,0,1,3.069,2.5,0,7.529,0,0
s: 4
t: 9.474

i: 4.5169999999999995,2.898,0,0,0,0,1,42.1,1,1,0,0.0,3.0860000000000003,1.409,9.391,2,0.987,1.12,0,0,0,1.252,1,0,0,0,2.149,-0.025,0,0.0,2.036,0,1,0,0,3.574,2.074,0,7.928,0,0
s: 4
t: 7.869

i: 4.842,3.2355,0,0,0,0,0,41.2,0,4,2,-2.3,3.4589999999999996,1.258,10.136000000000001,6,1.069,1.127,0,0,0,1.18,1,0,0,0,2.278,0.005,0,20.566999999999997,2.113,0,0,3,2,3.7710000000000004,3.472,1,8.551,0,0
s: 3
t: 8.433

i: 5.006,3.7647,0,0,3,0,3,33.3,0,4,6,0.0,3.583,1.23,10.309000000000001,8,1.083,1.153,0,2,0,1.194,1,0,0,0,2.338,-0.003,0,41.056999999999995,1.8730000000000002,0,3,6,2,3.938,3.615,3,8.92,0,0
s: 2
t: 6.096

i: 5.072,2.4738,0,0,0,0,4,50.0,0,3,0,-0.266,3.72,0.703,10.481,9,1.015,1.104,0,0,0,1.2670000000000001,2,0,0,0,2.363,0.0,0,11.937000000000001,2.7230000000000003,0,2,0,2,3.827,2.708,0,8.802999999999999,0,0
s: 2
t: 6.401

i: 4.3469999999999995,3.1269,0,0,0,0,0,33.3,1,2,0,-0.076,3.8089999999999997,3.3089999999999997,9.933,3,0.975,1.138,0,0,0,1.202,0,0,0,0,2.019,0.0,0,10.914000000000001,8.395,0,0,0,0,3.358,1.96,0,8.298,0,0
s: 4
t: 8.104

i: 4.3469999999999995,3.1896,0,0,0,0,0,33.3,1,2,0,-0.312,3.3710000000000004,2.565,9.488999999999999,4,0.985,1.139,0,0,0,1.195,0,0,0,0,2.015,0.004,0,10.607000000000001,4.993,0,0,0,0,3.423,2.282,0,7.952000000000001,0,0
s: 3
t: 8.616

i: 4.377,2.8894,1,0,0,0,0,28.6,2,1,0,0.0,4.312,2.246,9.253,2,0.968,1.129,0,0,0,1.45,0,0,0,0,2.029,-0.02,0,11.241,3.3160000000000003,0,0,0,0,10.355,2.055,0,14.025,0,0
s: 2
t: 7.042

i: 4.912,3.4781,2,0,0,0,3,46.2,0,1,0,0.0,3.4619999999999997,0.8809999999999999,9.863,2,1.048,1.103,0,0,0,1.317,1,0,1,0,2.2640000000000002,-0.026000000000000002,0,0.0,0.95,0,3,0,1,4.032,2.802,0,8.872,0,2
s: 2
t: 7.614

i: 4.883,2.8874,0,0,2,0,3,40.0,3,2,4,-0.38299999999999995,3.6069999999999998,1.831,10.332,3,0.998,1.127,0,0,0,1.264,1,0,0,0,2.2969999999999997,-0.001,0,22.051,3.2880000000000003,0,1,3,1,3.7260000000000004,2.556,1,8.63,0,0
s: 2
t: 7.310

i: 3.0,2.5124,0,0,0,0,0,33.3,1,0,0,0.0,2.081,0.9179999999999999,6.593999999999999,0,0.998,1.1520000000000001,0,0,0,1.3030000000000002,0,0,0,0,1.4140000000000001,0.917,0,0.0,1.3330000000000002,0,0,1,0,3.201,3.5,1,6.984,0,0
s: 5
t: 9.692

i: 4.77,3.1445,0,0,0,0,2,43.8,0,3,0,-0.986,3.261,1.185,9.882,6,1.04,1.117,0,0,0,1.207,1,0,0,0,2.2359999999999998,0.015,0,10.231,1.74,0,1,0,2,3.7119999999999997,3.2,0,8.3,0,0
s: 4
t: 8.620

i: 4.931,2.9714,0,0,3,0,3,41.2,0,2,6,0.0,3.5069999999999997,1.028,10.238999999999999,4,1.05,1.137,0,1,0,1.273,3,0,0,1,2.375,-0.002,0,20.668000000000003,1.723,0,1,6,1,3.966,2.875,3,8.841000000000001,0,0
s: 2
t: 5.695

i: 4.803999999999999,1.7705,0,0,6,0,2,50.0,0,4,6,-0.22399999999999998,4.203,0.465,10.828,12,1.02,1.1079999999999999,0,0,0,1.2690000000000001,3,0,0,0,2.283,0.0,0,23.61,6.12,0,0,6,0,3.741,2.5,2,9.265,0,0
s: 2
t: 5.110

i: 3.6180000000000003,2.2995,2,0,0,0,0,27.3,2,0,0,0.0,4.081,1.5219999999999998,7.853,0,0.9990000000000001,1.122,0,0,0,1.43,0,1,0,0,1.732,0.319,0,0.0,2.094,0,0,0,0,6.872999999999999,2.0,0,12.253,0,2
s: 2
t: 6.462

i: 5.103,2.7331,0,0,0,0,2,55.6,0,2,0,-0.185,3.46,0.73,10.265,6,1.0170000000000001,1.092,0,0,0,1.294,3,0,0,0,2.3930000000000002,-0.002,0,22.384,1.026,0,0,0,0,3.843,2.722,0,8.577,0,0
s: 3
t: 8.187

i: 4.596,3.2643,0,0,0,0,2,42.9,0,2,0,0.0,3.025,0.875,9.54,4,1.022,1.119,0,0,0,1.2229999999999999,1,0,0,0,2.175,0.047,0,0.0,1.069,0,2,0,2,3.6510000000000002,2.917,0,8.003,0,0
s: 4
t: 8.328

i: 5.511,2.6317,1,0,0,0,4,44.4,0,4,0,0.0,3.884,0.732,10.806,12,1.03,1.105,0,0,0,1.275,2,0,0,0,2.42,0.0,0,24.186,2.7310000000000003,0,4,0,2,4.737,2.917,0,9.671,0,0
s: 2
t: 5.851

i: 5.494,2.7618,0,0,0,2,5,42.6,6,1,0,0.0,3.9139999999999997,1.061,11.182,4,0.975,1.119,0,0,0,1.288,2,0,0,0,2.483,0.0,0,0.0,2.176,0,1,0,1,3.888,2.04,0,8.961,0,0
s: 2
t: 7.153

i: 4.947,4.3619,2,0,0,0,0,28.6,0,4,0,-2.4090000000000003,4.298,1.371,9.956,4,1.101,1.126,0,0,0,1.246,0,1,0,0,2.214,-0.027999999999999997,0,20.21,2.2319999999999998,0,0,0,2,6.9110000000000005,3.75,0,12.27,0,2
s: 2
t: 8.433

i: 4.732,3.015,0,0,0,0,1,47.1,1,1,0,0.121,3.127,1.187,9.642000000000001,2,0.992,1.11,0,0,0,1.286,1,0,0,0,2.194,-0.025,0,10.645,1.659,0,0,0,0,3.6519999999999997,2.481,0,8.132,0,0
s: 4
t: 9.515

i: 5.192,4.4911,1,0,0,0,0,28.6,4,4,0,0.0,3.904,2.7969999999999997,10.588,10,0.986,1.143,0,0,0,1.181,0,0,0,0,2.242,0.0,0,11.913,5.313,0,0,0,1,4.433,2.213,0,9.217,0,0
s: 2
t: 7.304

i: 5.994,2.4353,7,0,0,3,0,45.5,0,0,0,0.425,4.296,0.768,11.48,0,1.071,1.095,0,0,0,1.3840000000000001,6,0,1,0,2.799,0.0,0,0.0,0.955,4,0,0,0,4.407,2.58,0,9.865,0,7
s: 2
t: 6.130

i: 4.372,3.3652,0,0,0,0,0,33.3,1,2,0,-0.177,3.139,2.246,9.253,3,0.993,1.139,0,0,0,1.186,0,0,0,0,2.024,-0.025,0,10.624,3.412,0,0,0,0,3.3939999999999997,2.517,0,7.787999999999999,0,0
s: 4
t: 8.268

i: 4.783,3.2726,0,0,2,0,2,38.9,0,1,2,0.0,3.105,1.187,9.668,2,0.998,1.1320000000000001,0,0,0,1.23,1,0,0,0,2.222,-0.025,0,0.0,1.358,0,2,2,2,3.6660000000000004,2.315,1,8.046,0,0
s: 2
t: 7.907

i: 5.096,2.7457,6,0,0,0,8,52.2,0,1,0,0.0,5.261,0.7490000000000001,10.806,4,1.0490000000000002,1.058,0,0,0,1.5130000000000001,2,1,0,0,2.396,0.0,1,0.0,3.141,0,8,0,0,6.954,2.175,0,13.369000000000002,0,6
s: 2
t: 7.838

i: 4.77,3.1187,0,0,1,0,2,41.2,0,2,2,-0.9309999999999999,3.2489999999999997,1.185,9.882,4,1.024,1.127,0,0,0,1.219,1,0,0,0,2.2359999999999998,0.015,0,10.270999999999999,1.74,0,1,2,3,3.707,3.0,1,8.288,0,0
s: 5
t: 9.668

i: 6.294,7.4499,0,0,0,9,0,30.6,2,1,0,0.0,4.487,1.805,12.164000000000001,1,1.255,1.3330000000000002,0,0,0,0.9059999999999999,0,0,0,0,2.676,0.0,0,0.0,4.437,0,0,0,1,3.97,5.627999999999999,0,9.463,0,20
s: 2
t: 6.975

i: 5.072,3.1939,0,0,0,0,2,43.8,0,4,0,-1.165,3.8080000000000003,2.123,10.379000000000001,12,1.015,1.117,0,0,0,1.235,1,0,0,0,2.351,0.0,0,23.409000000000002,3.342,0,0,0,0,3.795,2.7039999999999997,0,8.776,2,0
s: 3
t: 9.123

i: 4.6160000000000005,2.8239,0,0,1,0,2,39.1,2,0,2,0.0,3.168,1.4609999999999999,9.69,0,0.9740000000000001,1.13,0,0,0,1.27,1,0,0,0,2.2030000000000003,0.013000000000000001,0,0.0,2.063,0,1,3,1,3.63,1.933,1,8.047,0,0
s: 3
t: 7.561

i: 2.0,1.1349,0,1,0,0,0,0.0,0,0,0,0.0,1.544,0.0,4.1739999999999995,0,1.015,1.235,1,0,0,0.863,0,0,0,0,1.0,-1.099,0,0.0,1.0,0,0,0,4,2.267,4.0,2,4.917,0,0
s: 2
t: 5.368

i: 4.644,3.9848,0,0,0,0,0,36.8,1,2,0,0.048,3.09,1.837,9.467,6,1.004,1.131,0,0,0,1.2229999999999999,0,0,0,0,2.084,0.048,0,10.532,2.7319999999999998,0,0,0,0,3.529,2.815,0,7.957999999999999,0,0
s: 4
t: 8.285

i: 5.184,3.9866,1,0,0,0,0,25.0,2,4,0,0.0,3.503,2.47,10.126,8,1.004,1.147,0,0,0,1.158,0,0,0,0,2.194,0.004,0,11.075,3.798,0,0,0,1,4.4319999999999995,2.6,0,9.066,0,0
s: 2
t: 5.921

i: 5.295,3.5985,5,0,0,0,4,35.7,0,4,0,-0.016,4.2330000000000005,1.8459999999999999,10.866,11,1.063,1.1159999999999999,0,0,0,1.297,1,0,1,0,2.394,0.0,0,11.888,3.082,0,3,0,0,4.4319999999999995,2.7939999999999996,0,9.894,0,4
s: 2
t: 6.325

i: 3.932,3.2848,0,0,0,0,0,40.0,1,0,0,0.0,3.303,2.585,9.11,0,0.965,1.125,0,0,0,1.304,0,0,0,0,1.942,-0.006999999999999999,0,0.0,4.891,0,0,0,0,3.2439999999999998,1.9580000000000002,0,7.937,0,0
s: 3
t: 8.166

i: 5.027,3.5931,4,0,0,0,4,50.0,0,0,0,0.0,3.764,0.861,10.084,0,1.079,1.085,0,0,0,1.3980000000000001,1,0,1,0,2.318,0.013999999999999999,0,0.0,0.9840000000000001,0,4,0,0,4.211,2.7110000000000003,0,9.329,0,4
s: 2
t: 7.924

i: 5.276,3.4588,2,0,1,0,3,31.0,1,5,3,0.0,3.931,1.693,10.742,12,1.038,1.127,0,1,0,1.273,1,0,0,0,2.3569999999999998,0.0,0,21.265,3.0210000000000004,0,2,2,0,4.702,2.822,1,9.707,0,0
s: 2
t: 7.556

i: 4.872,3.4872,0,0,2,0,3,47.4,1,2,5,0.0,3.533,1.604,10.05,2,1.033,1.1179999999999999,0,0,0,1.275,1,0,0,0,2.294,-0.002,0,19.925,2.2230000000000003,0,2,4,0,3.783,2.923,2,8.667,0,0
s: 2
t: 5.276

i: 5.109,2.4912,4,0,2,0,8,44.8,0,0,4,0.0,4.178,0.7490000000000001,10.817,0,1.028,1.113,0,0,0,1.3359999999999999,2,0,1,0,2.398,0.0,0,0.0,3.174,0,6,4,4,4.124,2.488,2,9.615,0,4
s: 2
t: 6.727

i: 5.102,4.3332,0,0,0,1,0,28.6,4,3,0,-0.426,3.054,1.436,10.05,4,1.014,1.149,0,0,0,1.138,0,0,0,0,2.136,0.047,0,10.142999999999999,2.695,0,0,0,0,3.446,2.7689999999999997,0,7.893,0,0
s: 3
t: 7.416

i: 4.596,3.0777,0,0,0,0,2,44.4,2,0,0,0.0,2.97,0.875,9.54,0,0.968,1.115,0,0,0,1.328,1,0,0,0,2.175,0.040999999999999995,0,0.0,1.069,0,0,0,0,3.6260000000000003,1.9169999999999998,0,7.939,0,0
s: 2
t: 7.251

i: 5.26,2.4916,5,0,0,0,6,37.5,1,2,0,-0.41600000000000004,4.387,2.929,10.814,5,1.013,1.124,0,0,0,1.281,1,0,1,0,2.438,0.0,0,11.972999999999999,6.971,0,6,0,0,4.295,2.3890000000000002,0,9.725,0,5
s: 2
t: 5.574

i: 5.312,2.3744,1,0,0,0,2,38.5,2,4,0,0.0,4.151,1.7730000000000001,10.862,15,0.993,1.123,0,0,0,1.258,2,0,0,0,2.351,0.0,0,13.18,3.7489999999999997,0,2,0,0,4.4319999999999995,2.1790000000000003,0,9.497,0,0
s: 2
t: 6.196

i: 4.644,3.7043,0,0,0,0,0,33.3,2,2,0,0.185,3.1460000000000004,1.922,9.536,6,0.993,1.139,0,0,0,1.197,0,0,0,0,2.089,-0.025,0,10.696,3.237,0,0,0,0,3.525,2.533,0,7.912999999999999,0,0
s: 4
t: 8.863

i: 4.869,1.767,0,1,9,0,5,44.4,0,4,14,-0.391,4.435,1.073,11.072000000000001,9,1.016,1.123,0,1,0,1.261,3,0,0,0,2.314,0.0,0,33.54,6.465,0,4,13,0,3.8480000000000003,2.576,5,9.537,1,0
s: 2
t: 5.747

i: 4.982,2.3549,0,0,2,0,0,40.0,0,2,2,-0.18600000000000003,3.3289999999999997,0.762,10.226,6,1.015,1.129,0,0,0,1.216,3,0,0,0,2.424,0.004,0,22.105999999999998,1.0270000000000001,2,0,2,1,3.673,2.682,1,8.272,0,0
s: 3
t: 7.273

i: 5.006,3.7359,0,0,2,0,3,36.8,1,4,5,0.0,3.576,1.23,10.309000000000001,8,1.067,1.14,0,2,0,1.216,1,0,0,0,2.338,-0.002,0,41.299,1.8730000000000002,0,2,4,0,3.9360000000000004,3.4619999999999997,2,8.914,0,0
s: 2
t: 6.860

i: 5.386,2.1526,0,0,0,0,6,60.0,0,2,0,-0.132,3.9730000000000003,0.5479999999999999,10.964,8,1.002,1.083,0,0,0,1.3359999999999999,10,0,0,0,2.548,0.0,0,25.26,1.599,0,0,0,0,4.029,2.367,0,9.184,0,0
s: 2
t: 6.278

i: 4.461,3.6265,0,0,8,0,0,25.7,0,0,0,0.0,3.242,2.117,9.797,0,0.975,1.161,0,0,0,1.182,0,0,0,0,2.084,-0.006999999999999999,0,0.0,3.798,0,0,4,0,3.216,1.8330000000000002,3,7.767,0,0
s: 3
t: 5.593

i: 4.17,3.1822,2,0,0,0,0,20.0,0,0,0,0.532,2.9589999999999996,0.971,8.597000000000001,0,1.002,1.117,0,0,0,1.4080000000000001,0,0,0,0,1.848,0.387,0,0.0,1.5419999999999998,0,0,0,1,4.016,2.611,1,8.452,0,0
s: 2
t: 6.241

i: 4.803,1.403,0,0,6,0,4,42.2,0,2,10,-0.069,4.1339999999999995,0.47700000000000004,10.907,6,1.003,1.127,0,0,0,1.215,4,0,0,0,2.356,0.0,0,23.374000000000002,5.207000000000001,0,2,4,2,3.7289999999999996,2.26,4,9.22,0,0
s: 2
t: 5.806

i: 5.715,2.0229,0,0,4,1,7,43.3,0,2,6,-0.299,4.337,0.971,11.472000000000001,9,0.991,1.122,0,0,0,1.275,5,0,0,0,2.617,0.0,0,13.095999999999998,2.313,1,3,6,0,3.97,2.099,3,9.415,1,0
s: 2
t: 6.812

i: 4.414,3.4137,0,0,0,0,0,33.3,2,2,0,-0.125,2.847,1.379,9.222000000000001,2,1.013,1.139,0,0,0,1.209,0,0,0,0,2.0,0.14400000000000002,0,20.067,2.133,0,0,0,0,3.426,3.262,0,7.757999999999999,0,0
s: 3
t: 7.449

i: 4.263,3.1913,1,0,0,0,0,28.6,0,4,0,-1.68,3.41,2.187,9.533,4,1.038,1.135,0,0,0,1.159,0,0,0,0,2.0,0.015,0,19.933,4.143,0,0,0,2,3.6430000000000002,3.3789999999999996,0,8.478,0,0
s: 8
t: 17.592

i: 4.732,3.3893,0,0,0,0,2,50.0,0,0,0,0.0,3.072,0.875,9.579,0,1.056,1.16,0,0,0,1.196,1,0,0,0,2.194,0.049,0,0.0,0.8540000000000001,0,2,0,0,3.698,3.417,0,8.071,0,2
s: 2
t: 8.762

i: 3.975,2.9106,0,0,1,0,0,33.3,1,0,1,0.0,3.74,3.322,9.707,0,0.965,1.14,0,0,0,1.228,0,0,0,0,1.9780000000000002,0.0,0,0.0,8.122,0,0,1,0,3.24,1.8,1,8.146,0,0
s: 4
t: 9.095

i: 4.923,3.303,1,0,0,0,2,46.7,0,2,0,-0.995,3.4130000000000003,1.185,9.911,4,1.042,1.107,0,0,0,1.268,1,0,1,0,2.267,0.015,0,10.337,1.5630000000000002,0,1,0,1,3.9330000000000003,3.011,0,8.671,0,1
s: 2
t: 8.460

i: 4.694,3.6460000000000004,0,0,0,0,0,30.0,2,2,0,-0.6709999999999999,2.917,1.406,9.425,4,0.998,1.146,0,0,0,1.14,0,0,0,0,2.101,-0.077,0,10.162,1.631,0,0,0,1,3.417,2.875,0,7.595,0,0
s: 3
t: 9.509

i: 4.0,2.2857,0,0,0,0,0,40.0,0,0,0,0.0,2.9139999999999997,0.0,8.908,0,0.965,1.125,0,0,0,1.295,1,0,0,0,2.0,0.039,0,0.0,0.8540000000000001,0,0,0,0,3.233,1.75,0,7.482,0,0
s: 3
t: 9.071

i: 3.7319999999999998,2.3761,0,0,1,0,0,26.3,2,0,1,0.0,2.532,1.585,8.16,0,0.9690000000000001,1.157,0,0,0,1.1520000000000001,0,0,0,0,1.8019999999999998,-0.195,0,0.0,2.488,0,0,1,2,2.858,2.0,1,6.599,0,0
s: 5
t: 8.578

i: 5.164,3.2947,1,0,0,0,0,23.1,0,3,0,0.0,3.108,0.917,9.968,4,1.055,1.138,0,0,0,1.188,1,0,0,0,2.256,-0.081,0,20.417,0.9390000000000001,0,0,0,0,4.681,3.2739999999999996,0,9.289,0,0
s: 5
t: 9.802

i: 4.17,3.3821,0,0,0,0,0,40.0,1,0,2,0.56,2.559,0.971,8.597000000000001,0,0.987,1.133,0,0,0,1.3319999999999999,0,0,0,0,1.848,0.401,0,0.0,1.5419999999999998,0,0,1,0,3.452,3.033,1,7.564,0,0
s: 10
t: 20.766

i: 4.774,2.8791,0,0,0,0,1,45.0,1,1,0,0.209,3.2110000000000003,1.4609999999999999,9.724,3,0.987,1.114,0,0,0,1.264,1,0,0,0,2.214,0.013999999999999999,0,11.013,1.964,0,0,0,0,3.6519999999999997,2.383,0,8.162,0,0
s: 4
t: 7.986

i: 4.961,2.4328,2,0,0,0,6,48.1,0,2,0,0.0,3.947,0.732,10.578,6,1.022,1.104,0,0,0,1.305,2,0,1,0,2.349,0.0,0,0.0,3.0010000000000003,0,4,0,2,3.9389999999999996,2.572,0,9.249,0,2
s: 2
t: 7.431

i: 4.876,3.9788,0,0,0,0,0,22.7,2,5,0,0.0,3.16,1.761,9.801,6,1.043,1.161,0,0,0,1.008,0,0,0,0,2.189,-0.027000000000000003,0,0.0,2.313,0,0,0,5,3.341,3.7,0,7.66,0,0
s: 4
t: 8.758

i: 4.499,2.3906,0,0,0,0,0,28.6,1,1,0,0.0,2.889,1.125,9.311,0,0.987,1.1520000000000001,0,0,0,1.131,1,0,0,0,2.136,0.040999999999999995,0,0.0,1.4809999999999999,0,0,3,0,3.2289999999999996,1.875,1,7.32,0,0
s: 3
t: 6.777

i: 4.3469999999999995,3.4478,0,0,1,0,0,30.8,1,2,2,-0.193,3.233,2.3,9.338,4,0.998,1.147,0,0,0,1.169,0,0,0,0,2.011,0.013999999999999999,0,10.535,4.098,0,0,1,1,3.405,2.515,1,7.864,0,0
s: 3
t: 8.805

i: 4.17,3.2439,1,0,0,0,0,25.0,1,2,0,-0.98,2.842,0.971,8.597000000000001,0,1.093,1.149,0,0,0,1.11,0,0,0,0,1.848,0.442,0,9.236,1.5419999999999998,0,0,0,1,3.6439999999999997,4.056,0,8.039,0,1
s: 5
t: 12.830

i: 4.861000000000001,2.4143,0,0,0,0,2,45.5,0,0,0,0.0,3.1860000000000004,0.0,9.863,0,0.968,1.113,0,0,0,1.3,3,0,0,0,2.303,-0.006999999999999999,0,0.0,1.047,0,0,0,0,3.657,1.733,0,8.068999999999999,0,0
s: 2
t: 6.825

i: 4.0,2.2975,0,0,0,0,0,26.7,0,1,0,0.0,2.6260000000000003,0.0,8.623,0,0.998,1.158,0,0,0,1.095,1,0,0,0,2.0,0.128,0,0.0,0.667,0,0,2,1,3.093,2.0,1,6.9510000000000005,0,0
s: 4
t: 9.203

i: 5.003,3.0607,0,0,1,0,3,50.0,0,1,3,0.0,3.367,0.629,10.084,2,1.004,1.109,0,0,0,1.295,3,0,0,0,2.351,0.004,0,0.0,1.075,0,1,3,1,3.895,2.364,1,8.515,0,0
s: 2
t: 7.351

i: 4.882,3.2197,0,0,2,0,2,39.1,0,2,2,-0.89,3.3989999999999996,1.258,10.136000000000001,4,1.008,1.13,0,0,0,1.2209999999999999,1,0,0,0,2.2880000000000003,0.004,0,10.557,2.011,0,1,2,1,3.733,2.667,1,8.408999999999999,0,0
s: 3
t: 7.840

i: 4.977,1.8975,0,0,0,0,0,31.6,1,6,0,-0.336,4.19,3.866,10.735,9,0.991,1.1420000000000001,0,0,0,1.157,1,0,0,0,2.3609999999999998,0.0,0,11.755999999999998,10.593,0,0,0,3,3.497,2.267,0,8.727,0,0
s: 5
t: 9.527

i: 4.499,3.1749,0,0,1,0,0,50.0,0,0,4,0.0,3.0589999999999997,1.125,9.311,0,1.0070000000000001,1.1179999999999999,0,0,0,1.315,1,0,0,0,2.136,0.047,0,0.0,1.4809999999999999,0,0,3,0,3.653,2.6460000000000004,2,8.126,0,0
s: 2
t: 5.660

i: 4.446000000000001,3.6985,0,0,0,0,0,30.0,0,4,0,-0.7959999999999999,3.1919999999999997,1.922,9.523,6,1.036,1.146,0,0,0,1.1159999999999999,0,0,0,0,2.061,-0.027999999999999997,0,20.804000000000002,3.1319999999999997,0,0,0,0,3.431,3.133,0,8.008,0,0
s: 5
t: 10.822

i: 5.352,2.412,1,0,0,0,5,58.3,0,2,0,-0.321,3.898,0.682,10.784,8,1.021,1.084,0,0,0,1.327,6,0,1,0,2.5180000000000002,0.0,0,24.433000000000003,1.3219999999999998,0,1,0,0,4.041,2.575,0,9.177,0,1
s: 2
t: 5.656

i: 4.868,2.343,0,0,0,0,3,50.0,1,0,0,0.0,3.542,0.816,10.187000000000001,0,0.971,1.104,0,0,0,1.3219999999999998,2,0,0,0,2.307,-0.001,0,0.0,2.434,0,0,0,0,3.738,1.893,0,8.539,0,0
s: 2
t: 6.422

i: 3.9019999999999997,3.1373,2,0,0,0,0,27.3,2,2,0,0.0,3.437,2.322,8.881,0,1.022,1.146,0,0,0,1.168,0,0,0,0,1.919,-0.026000000000000002,0,0.0,4.086,0,0,0,0,3.553,2.4219999999999997,0,8.497,0,2
s: 2
t: 8.916

i: 5.051,3.532,0,0,2,0,0,30.0,2,6,2,-0.794,4.2139999999999995,3.5460000000000003,10.717,9,0.991,1.146,0,0,0,1.141,0,0,0,0,2.291,0.0,0,11.784,10.985999999999999,0,0,2,6,3.5189999999999997,2.435,1,8.71,0,0
s: 3
t: 8.688

i: 4.303,3.4665,0,0,0,0,0,21.4,0,1,2,-0.157,2.66,1.459,8.815,2,1.013,1.175,0,0,0,1.081,0,0,0,0,1.932,-0.251,0,9.958,1.745,0,0,0,2,3.346,2.944,2,7.353,0,0
s: 3
t: 6.868

i: 4.802,2.3043,3,0,1,0,2,45.0,0,0,4,0.0,3.86,1.632,10.181000000000001,0,1.01,1.079,0,0,0,1.4380000000000002,3,0,0,0,2.38,-0.001,0,0.0,3.108,0,0,2,0,4.346,2.25,2,9.455,0,0
s: 2
t: 5.653

i: 4.732,3.2158,1,0,0,0,2,46.7,1,0,0,0.0,3.1919999999999997,0.875,9.579,0,0.991,1.107,0,0,0,1.349,1,0,1,0,2.194,0.043,0,0.0,0.8540000000000001,0,1,0,0,3.8989999999999996,2.181,0,8.457,0,1
s: 2
t: 8.618

i: 4.303,2.9558,0,0,0,0,0,25.0,2,2,0,0.0,2.608,1.459,8.815,2,1.005,1.156,0,0,0,1.056,0,0,0,0,1.932,-0.22899999999999998,0,0.0,1.745,0,0,0,2,3.083,3.056,0,6.914,0,0
s: 6
t: 11.201

i: 5.131,2.5259,0,0,0,0,3,50.0,0,3,0,-0.688,3.8289999999999997,1.126,10.558,9,1.0090000000000001,1.104,0,0,0,1.2690000000000001,2,0,0,0,2.384,0.0,0,23.875,2.895,0,0,0,0,3.833,2.546,0,8.899,1,0
s: 3
t: 5.727

i: 4.8069999999999995,3.2576,0,0,2,0,3,36.8,1,0,5,0.0,3.0989999999999998,0.8809999999999999,9.833,0,0.986,1.14,0,0,0,1.254,1,0,0,0,2.246,-0.025,0,0.0,1.06,0,2,4,4,3.7089999999999996,2.333,2,8.111,0,0
s: 2
t: 5.378

i: 4.6419999999999995,3.1871,0,0,1,0,2,38.9,0,1,2,0.0,3.105,1.187,9.631,2,0.998,1.1320000000000001,0,0,0,1.2309999999999999,1,0,0,0,2.2,-0.025,0,0.0,1.4869999999999999,0,2,2,2,3.648,2.315,1,8.042,0,0
s: 2
t: 6.237

i: 4.562,3.1061,1,0,0,0,2,46.7,1,0,0,0.0,3.1919999999999997,0.875,9.54,0,0.991,1.107,0,0,0,1.3459999999999999,1,0,1,0,2.17,0.043,0,0.0,1.14,0,1,0,0,3.8689999999999998,2.181,0,8.454,0,1
s: 2
t: 6.891

i: 4.985,2.5536,0,0,3,0,3,50.0,0,0,3,0.0,3.49,0.569,10.158,0,0.98,1.107,0,0,0,1.3130000000000002,2,0,0,0,2.327,0.001,0,0.0,2.096,0,1,2,2,3.765,2.077,1,8.527999999999999,0,0
s: 2
t: 7.552

i: 5.814,2.4328,0,0,0,2,0,34.5,3,1,0,0.0,3.227,0.845,10.925999999999998,4,0.975,1.136,0,0,0,1.2229999999999999,3,0,0,0,2.62,0.003,0,0.0,0.8109999999999999,1,0,0,1,3.693,1.97,0,8.05,0,0
s: 56
t: 65.987

i: 4.97,3.5669999999999997,3,0,0,0,4,46.2,0,1,0,0.0,3.66,0.861,10.06,2,1.073,1.099,0,0,0,1.334,1,0,1,0,2.307,0.015,0,0.0,0.9620000000000001,0,4,0,1,4.106,2.9,0,9.154,0,3
s: 2
t: 7.033

i: 4.414,3.1682,0,0,0,0,0,31.6,3,1,0,0.287,2.7680000000000002,1.379,9.222000000000001,1,0.98,1.1420000000000001,0,0,0,1.224,0,0,0,0,2.0,0.126,0,10.254000000000001,2.133,0,0,0,0,3.325,2.5,0,7.473,0,0
s: 3
t: 8.194

i: 4.607,3.0008,1,0,0,0,2,41.2,0,1,0,0.0,3.2560000000000002,1.187,9.631,2,0.996,1.105,0,0,0,1.3019999999999998,1,0,0,0,2.194,-0.025,0,0.0,1.544,0,2,0,1,3.865,2.352,0,8.506,0,0
s: 2
t: 6.969

i: 5.522,3.7026,0,0,0,3,4,36.7,9,1,0,0.0,3.7689999999999997,1.131,11.277999999999999,4,0.971,1.131,0,0,0,1.265,1,0,0,0,2.491,0.0,0,0.0,1.6480000000000001,0,1,0,1,3.8760000000000003,2.022,0,8.78,0,0
s: 2
t: 5.951

i: 4.562,3.6148,0,0,0,0,0,25.0,1,3,0,-1.185,2.71,0.9179999999999999,9.184,2,1.053,1.156,0,0,0,1.0659999999999998,0,0,0,0,2.0,-0.265,0,9.449,1.521,0,0,0,2,3.424,4.0,0,7.507000000000001,0,0
s: 4
t: 10.178

i: 5.27,5.6107,1,0,0,0,0,27.7,6,3,6,2.593,3.885,2.388,10.649000000000001,6,0.993,1.145,0,0,0,1.235,0,0,0,0,2.2840000000000003,0.0,0,0.0,3.036,0,0,6,0,4.075,2.185,3,9.047,0,0
s: 2
t: 7.036

i: 3.4139999999999997,2.2062,2,0,0,0,0,25.0,2,0,0,0.0,2.889,1.0,7.4079999999999995,0,1.037,1.1420000000000001,0,0,0,1.28,0,0,0,0,1.618,-0.57,0,0.0,1.7069999999999999,0,0,0,0,3.676,2.806,0,8.243,0,2
s: 2
t: 9.053

i: 4.534,4.002,0,0,0,0,0,32.4,4,4,0,-0.28,4.039,3.181,10.485,10,0.983,1.141,0,0,0,1.18,0,0,0,0,2.14,0.0,0,23.596,8.016,0,0,0,0,3.408,2.154,0,8.619,0,0
s: 3
t: 8.880

i: 5.029,3.701,2,0,1,0,3,42.9,0,2,2,0.0,3.647,1.16,10.122,4,1.084,1.117,0,1,0,1.297,1,0,1,0,2.318,-0.008,0,20.473,1.5719999999999998,0,3,2,0,4.106,3.202,1,9.12,0,2
s: 2
t: 8.045

i: 4.992,2.5599,2,0,2,0,6,46.2,0,0,4,0.0,3.8960000000000004,0.75,10.568,0,1.01,1.114,0,0,0,1.3230000000000002,2,0,1,0,2.3680000000000003,0.0,0,0.0,2.478,0,4,4,4,3.989,2.3890000000000002,2,9.228,0,2
s: 2
t: 5.799

i: 5.331,4.3397,1,0,0,0,0,24.3,4,3,1,0.0,3.511,1.95,10.236,9,0.9890000000000001,1.146,0,0,0,1.225,0,0,0,0,2.292,-0.002,0,0.0,2.105,0,0,1,2,4.023,2.157,1,8.583,0,0
s: 2
t: 6.002

i: 4.0,3.0897,1,0,0,0,0,20.0,0,1,0,0.0,2.615,0.8109999999999999,8.318,0,1.005,1.138,0,0,0,1.288,0,0,0,0,1.732,-0.557,0,9.556000000000001,1.0,0,0,0,0,4.218,3.056,0,8.637,0,0
s: 3
t: 7.377

i: 5.4079999999999995,2.3533,0,0,6,0,6,43.5,4,2,6,-0.20199999999999999,4.087,1.2890000000000001,11.084000000000001,8,0.993,1.121,0,0,0,1.276,6,0,0,0,2.553,0.0,0,26.148000000000003,1.71,0,2,8,2,3.991,2.292,2,9.158,0,0
s: 2
t: 7.104

i: 4.965,3.6001,0,0,1,0,3,38.9,1,3,3,0.0,3.375,1.16,10.099,6,1.041,1.1320000000000001,0,1,0,1.218,1,0,0,0,2.305,-0.008,0,20.537,1.5530000000000002,0,2,2,1,3.88,3.182,1,8.601,0,0
s: 2
t: 7.626

i: 4.236000000000001,3.0679,0,0,1,0,0,32.8,1,1,1,-0.156,3.929,3.554,10.042,1,0.97,1.141,0,0,0,1.209,0,0,0,0,1.995,0.0,0,10.599,9.701,0,0,1,2,3.3089999999999997,1.903,1,8.382,0,0
s: 3
t: 7.382

i: 4.499,3.0701,0,0,1,0,0,46.7,0,0,1,0.0,3.013,1.125,9.311,0,0.9840000000000001,1.1159999999999999,0,0,0,1.2990000000000002,1,0,0,0,2.136,0.045,0,0.0,1.4809999999999999,0,0,2,0,3.5989999999999998,2.208,1,7.9639999999999995,0,0
s: 2
t: 7.576

i: 5.361000000000001,1.89,0,0,2,1,0,28.9,2,4,2,0.0,3.764,1.591,10.690999999999999,16,1.003,1.151,0,0,0,1.1320000000000001,2,0,0,0,2.407,0.0,0,0.0,3.261,0,0,2,4,3.495,2.154,2,8.325,0,0
s: 2
t: 4.726

i: 4.236000000000001,3.4286,0,0,0,0,0,28.6,2,4,0,-0.275,3.313,2.522,9.383,1,1.014,1.149,0,0,0,1.119,0,0,0,0,1.98,-0.008,0,10.276,4.746,0,0,0,0,3.3510000000000004,2.556,0,7.904,0,0
s: 3
t: 9.378

i: 5.489,1.8973,0,0,0,9,16,37.8,24,12,0,-2.385,5.292999999999999,0.927,12.609000000000002,40,0.988,1.129,0,0,0,1.236,4,0,0,0,2.467,0.0,0,56.39,5.365,0,4,0,4,3.897,2.266,0,10.292,0,0
s: 2
t: 5.760

i: 4.783,3.2813,1,0,2,0,2,53.8,0,0,2,0.0,3.333,1.187,9.668,0,1.015,1.0979999999999999,0,0,0,1.3630000000000002,1,0,1,0,2.222,-0.026000000000000002,0,0.0,1.358,0,1,1,0,3.925,2.66,1,8.631,0,1
s: 2
t: 8.577

i: 4.752,3.995,0,0,0,0,0,31.0,4,6,0,-0.307,3.987,3.022,10.465,10,1.0,1.143,0,0,0,1.149,0,0,0,0,2.161,0.0,0,23.23,8.486,0,0,0,0,3.451,2.375,0,8.618,0,0
s: 3
t: 8.440

i: 5.5120000000000005,2.2581,0,0,0,1,4,40.4,4,4,0,0.0,4.013,1.555,10.927,4,0.998,1.124,0,0,0,1.227,2,0,0,0,2.426,0.0,0,0.0,4.053999999999999,0,2,0,2,3.787,2.301,0,8.93,0,0
s: 2
t: 5.797

i: 5.697,2.6497,0,0,6,1,1,41.4,1,3,6,-1.903,3.7680000000000002,0.972,10.864,10,1.021,1.128,0,0,0,1.235,2,0,0,0,2.511,0.0,0,35.007,1.861,0,0,2,2,3.82,2.7889999999999997,2,8.806000000000001,0,0
s: 2
t: 6.192

i: 5.035,2.2675,0,0,0,0,2,50.0,0,2,0,-0.271,3.7030000000000003,0.625,10.385,6,0.998,1.104,0,0,0,1.2770000000000001,2,0,0,0,2.3280000000000003,0.0,0,11.895,3.0980000000000003,0,0,0,1,3.73,2.458,0,8.718,0,0
s: 3
t: 7.768

i: 5.092,2.0631,0,0,3,0,5,51.5,0,2,4,-0.32,3.945,0.5479999999999999,10.725,6,1.002,1.103,0,0,0,1.304,4,0,0,0,2.412,0.0,0,12.207,3.4610000000000003,0,2,3,2,3.924,2.375,1,9.072000000000001,0,0
s: 2
t: 7.316

i: 3.6180000000000003,2.3247,2,0,0,0,0,27.3,2,0,0,0.0,3.679,1.5219999999999998,7.853,0,1.008,1.131,0,0,0,1.338,0,1,1,0,1.732,0.336,0,0.0,2.094,0,0,0,0,6.8660000000000005,2.272,0,11.578,0,2
s: 2
t: 6.616

i: 4.7330000000000005,1.7208,1,0,0,0,2,37.9,1,3,0,0.0,4.248,2.513,10.593,11,0.981,1.125,0,0,0,1.261,2,0,0,0,2.259,0.0,0,0.0,7.746,0,2,0,0,3.9989999999999997,1.893,0,9.225,0,0
s: 2
t: 8.711

i: 4.17,2.7612,2,0,0,0,0,27.3,2,0,0,0.0,3.002,0.971,8.597000000000001,0,1.0170000000000001,1.141,0,0,0,1.28,0,0,1,0,1.848,0.354,0,0.0,1.5419999999999998,0,0,0,0,3.755,2.611,0,8.35,0,2
s: 2
t: 6.287

i: 5.385,3.7456,2,0,2,0,4,33.3,1,3,2,0.0,3.745,1.084,10.644,6,1.048,1.126,0,0,0,1.258,1,0,1,0,2.396,-0.002,0,21.468000000000004,1.693,0,3,2,3,4.742,3.207,1,9.697000000000001,0,1
s: 2
t: 6.426

i: 5.5089999999999995,2.1816,3,0,0,0,2,48.0,0,0,0,0.0,3.897,0.648,10.62,0,0.9890000000000001,1.084,0,0,0,1.449,2,0,1,0,2.404,0.0,0,0.0,2.451,0,2,0,0,4.592,2.15,0,9.532,0,2
s: 2
t: 6.128

i: 4.414,3.135,0,0,0,0,1,46.2,0,1,0,0.0,2.884,0.802,9.183,2,0.998,1.112,0,0,0,1.264,1,0,0,0,2.101,-0.08,0,0.0,0.975,0,1,0,1,3.5660000000000003,2.524,0,7.811,0,0
s: 4
t: 9.661

i: 4.691,3.8787,0,0,0,0,0,25.0,0,4,1,-2.498,3.125,1.436,9.666,4,1.0659999999999998,1.161,0,0,0,1.078,0,0,0,0,2.117,0.052000000000000005,0,19.617,2.428,0,0,2,4,3.483,4.019,1,8.015,0,0
s: 13
t: 20.688

i: 4.303,3.6845,1,0,0,0,0,15.4,0,3,0,0.0,2.917,1.459,8.815,4,1.038,1.155,0,0,0,1.172,0,0,0,0,1.932,-0.264,0,9.921,1.745,0,0,0,0,4.19,3.154,0,8.634,0,0
s: 3
t: 6.978

i: 4.77,3.031,0,0,0,0,2,45.0,2,1,0,0.125,3.217,1.185,9.882,2,0.987,1.114,0,0,0,1.294,1,0,0,0,2.2359999999999998,0.013999999999999999,0,10.757,1.74,0,0,0,0,3.695,2.4,0,8.251,0,0
s: 4
t: 7.905

i: 4.17,3.6206,0,0,0,0,0,28.6,0,3,0,-1.426,2.612,0.971,8.597000000000001,0,1.124,1.149,0,0,0,1.095,0,0,0,0,1.848,0.48100000000000004,0,17.905,1.5419999999999998,0,0,0,1,3.427,4.7330000000000005,0,7.521,0,0
s: 3
t: 7.687

i: 4.593,2.3348,0,0,0,0,0,29.6,2,1,2,0.0,3.0980000000000003,1.4609999999999999,9.665,0,0.981,1.149,0,0,0,1.17,1,0,0,0,2.175,0.012,0,0.0,2.298,0,0,3,0,3.265,1.8330000000000002,1,7.58,0,0
s: 3
t: 7.838

i: 4.651,2.6738,0,0,2,0,1,41.7,1,2,3,-0.396,3.4819999999999998,1.911,9.988999999999999,3,1.0070000000000001,1.125,0,0,0,1.256,1,0,0,0,2.202,-0.002,0,21.674,3.267,0,1,3,1,3.611,2.6919999999999997,1,8.461,0,0
s: 15
t: 20.902

i: 4.527,3.7942,0,0,0,0,0,32.5,4,4,0,-0.11699999999999999,4.14,3.427,10.56,10,0.981,1.14,0,0,0,1.1840000000000002,0,0,0,0,2.13,0.0,0,23.699,9.594,0,0,0,0,3.3930000000000002,2.086,0,8.693,0,0
s: 4
t: 9.331

i: 5.313,3.4571,1,0,0,0,2,35.3,0,4,0,0.0,3.509,1.16,10.388,8,1.061,1.1179999999999999,0,0,0,1.219,1,0,0,0,2.311,-0.008,0,20.836,1.8330000000000002,0,2,0,2,4.735,3.477,0,9.513,0,0
s: 2
t: 7.954

i: 4.0,3.0,0,0,0,0,0,50.0,0,0,0,0.0,2.72,0.0,8.623,0,0.971,1.104,0,0,0,1.3159999999999998,1,0,0,0,2.0,0.13,0,0.0,0.667,0,0,0,0,3.452,2.0,0,7.5729999999999995,0,0
s: 16
t: 23.060

i: 4.971,2.3195,2,0,0,0,3,52.0,0,0,0,0.0,3.8369999999999997,0.648,10.338,0,0.998,1.095,0,0,0,1.3519999999999999,2,0,1,0,2.322,0.0,0,0.0,2.758,0,1,0,0,3.926,2.17,0,9.118,0,2
s: 2
t: 8.779

i: 4.788,2.7203,0,0,2,0,1,40.9,0,3,2,-1.4240000000000002,3.4989999999999997,1.911,10.014,3,1.028,1.127,0,0,0,1.2009999999999998,1,0,0,0,2.23,-0.002,0,21.295,3.219,0,0,2,2,3.6639999999999997,3.0,1,8.485,0,0
s: 6
t: 14.274

i: 3.9019999999999997,2.906,0,0,4,0,0,21.4,2,0,0,0.0,3.063,2.322,8.881,0,0.985,1.175,0,0,0,1.104,0,0,0,0,1.919,-0.024,0,0.0,4.086,0,0,6,6,2.995,2.2,4,7.275,0,0
s: 5
t: 10.219

i: 3.7319999999999998,2.3783,1,0,0,0,0,29.4,2,0,0,0.0,3.605,1.585,8.16,0,0.972,1.137,0,0,0,1.297,0,1,0,0,1.8019999999999998,-0.187,1,0.0,2.488,0,0,0,0,6.8660000000000005,1.7919999999999998,0,11.564,0,1
s: 2
t: 7.232

i: 4.882,3.3902,0,0,0,0,0,41.2,0,4,1,-2.476,3.4589999999999996,1.258,10.136000000000001,4,1.069,1.127,0,0,0,1.179,1,0,0,0,2.2880000000000003,0.005,0,20.641,2.011,0,0,4,2,3.785,3.472,1,8.552999999999999,0,0
s: 3
t: 6.566

i: 4.414,2.1712,1,0,0,0,0,33.3,0,0,0,0.0,2.995,0.802,9.183,0,0.9790000000000001,1.135,0,0,0,1.23,1,0,1,0,2.101,-0.064,0,0.0,0.975,0,0,0,0,3.658,1.849,0,7.9879999999999995,0,1
s: 2
t: 9.275

i: 4.876,2.8477,0,0,2,0,0,30.0,2,2,3,-0.608,3.21,1.193,10.052999999999999,4,1.02,1.1540000000000001,0,0,0,1.1740000000000002,1,0,0,0,2.336,0.013999999999999999,0,21.357,1.5859999999999999,0,0,3,2,3.6310000000000002,2.9,2,8.126,0,0
s: 3
t: 5.791

i: 5.665,2.2521,1,0,0,1,3,54.3,0,0,0,0.0,4.0,0.43200000000000005,10.89,0,0.983,1.093,0,0,0,1.345,3,0,1,0,2.49,0.0,0,0.0,1.839,0,0,0,0,4.0,2.0180000000000002,0,9.166,0,1
s: 2
t: 6.369

i: 5.072,2.524,0,0,0,0,2,36.4,2,4,0,-0.888,4.154,3.02,10.632,12,0.986,1.1320000000000001,0,0,0,1.212,1,0,0,0,2.351,0.0,0,24.704,6.968,0,0,0,0,3.7939999999999996,2.167,0,8.904,2,0
s: 3
t: 6.963

i: 5.313,2.5728,0,0,0,1,0,34.5,3,1,0,1.4769999999999999,3.215,1.16,10.388,2,0.975,1.136,0,0,0,1.2109999999999999,1,0,0,0,2.311,-0.006999999999999999,0,0.0,1.8330000000000002,1,0,0,1,3.478,2.068,0,7.975,0,0
s: 8
t: 11.860

i: 4.414,3.201,0,0,0,0,0,38.5,0,0,3,0.0,2.883,0.802,9.183,0,0.998,1.141,0,0,0,1.252,1,0,0,0,2.101,-0.081,0,0.0,0.975,0,1,4,2,3.5789999999999997,2.381,2,7.834,0,0
s: 2
t: 7.151

i: 5.247999999999999,4.2601,3,0,0,0,0,20.8,0,3,0,-0.08,3.68,1.8880000000000001,10.249,5,1.021,1.133,0,0,0,1.287,0,0,0,0,2.229,-0.008,0,10.819,3.06,0,0,1,1,4.819,2.6639999999999997,1,9.618,0,0
s: 2
t: 7.485

i: 4.499,3.0645,0,0,2,0,1,53.8,0,0,2,0.0,3.0469999999999997,1.125,9.311,0,0.99,1.102,0,0,0,1.337,1,0,0,0,2.136,0.046,0,0.0,1.4809999999999999,0,0,1,0,3.636,2.521,1,8.094,0,0
s: 8
t: 10.638

i: 4.346,3.6387,0,0,0,0,0,31.6,0,3,0,-0.41,3.074,1.975,9.16,3,1.021,1.1420000000000001,0,0,0,1.153,0,0,0,0,2.0,0.05,0,10.290999999999999,3.165,0,0,0,0,3.424,2.852,0,7.785,0,0
s: 3
t: 8.786

i: 4.675,4.5744,0,0,0,0,0,27.3,0,6,0,-3.785,3.49,1.776,10.007,0,1.073,1.155,0,0,0,1.099,0,0,0,0,2.175,0.005,0,30.436,2.211,0,0,3,3,3.488,3.885,1,8.405,0,0
s: 3
t: 7.728

i: 4.928,1.7361,0,0,0,0,2,45.0,0,0,0,0.0,3.753,0.0,10.505999999999998,0,0.968,1.114,0,0,0,1.29,3,0,0,0,2.3480000000000003,0.0,0,0.0,3.091,2,0,0,0,3.685,1.722,0,8.6,0,0
s: 3
t: 7.762

i: 4.849,3.0066,0,0,1,0,2,39.3,2,1,2,0.0,3.4419999999999997,1.546,10.067,2,0.986,1.129,0,0,0,1.246,1,0,0,0,2.278,-0.002,0,10.413,2.303,0,1,4,0,3.682,2.256,1,8.33,0,0
s: 3
t: 6.927

i: 4.963,2.736,0,0,0,0,3,52.4,0,2,0,-0.884,3.532,0.985,10.277000000000001,4,1.0090000000000001,1.099,0,0,0,1.296,3,0,0,0,2.359,0.001,0,10.645,1.7619999999999998,0,0,0,1,3.8810000000000002,2.59,0,8.68,0,0
s: 11
t: 17.204

i: 3.802,2.7308,0,0,0,0,0,22.2,2,2,0,0.0,2.753,1.95,8.394,0,1.01,1.166,0,0,0,1.058,0,0,0,0,1.848,0.141,0,0.0,2.885,0,0,2,3,2.955,2.929,1,6.944,0,0
s: 12
t: 23.516

i: 5.375,3.6618,1,0,1,0,3,33.3,1,3,2,0.0,3.5639999999999996,1.124,10.524000000000001,6,1.033,1.129,0,0,0,1.235,1,0,0,0,2.3680000000000003,0.004,0,21.363000000000003,1.671,0,2,2,3,4.74,3.16,1,9.542,0,0
s: 2
t: 6.427

max time: 65.99
min time: 4.43
avg time: 8.47

