i: 0.41,0.51,0.48,0.5,0.53,0.75,0.78
s: 2
t: 0.885

i: 0.76,0.71,0.48,0.5,0.5,0.71,0.75
s: 9
t: 1.715

i: 0.81,0.44,0.48,0.5,0.42,0.67,0.68
s: 13
t: 1.910

i: 0.12,0.67,0.48,0.5,0.74,0.58,0.63
s: 5
t: 1.999

i: 0.65,0.51,0.48,0.5,0.66,0.54,0.33
s: 5
t: 1.957

i: 0.44,0.28,0.48,0.5,0.43,0.27,0.37
s: 2
t: 0.788

i: 0.5,0.37,0.48,0.5,0.66,0.64,0.69
s: 6
t: 1.847

i: 0.47,0.55,0.48,0.5,0.58,0.71,0.75
s: 15
t: 2.415

i: 0.22,0.43,0.48,0.5,0.48,0.16,0.28
s: 2
t: 0.830

i: 0.39,0.32,0.48,0.5,0.46,0.24,0.35
s: 2
t: 0.820

i: 0.39,0.31,0.48,0.5,0.38,0.34,0.43
s: 2
t: 0.902

i: 0.39,0.41,0.48,0.5,0.52,0.72,0.75
s: 2
t: 0.862

i: 0.35,0.48,0.48,0.5,0.56,0.4,0.48
s: 2
t: 0.883

i: 0.34,0.67,0.48,0.5,0.52,0.76,0.79
s: 2
t: 0.718

i: 0.37,0.47,0.48,0.5,0.39,0.76,0.79
s: 2
t: 0.894

i: 0.35,0.51,0.48,0.5,0.61,0.71,0.74
s: 7
t: 1.957

i: 0.38,0.3,0.48,0.5,0.43,0.29,0.39
s: 2
t: 0.919

i: 0.3,0.37,0.48,0.5,0.59,0.41,0.49
s: 3
t: 1.033

i: 0.52,0.54,0.48,0.5,0.62,0.76,0.79
s: 4
t: 1.004

i: 0.63,0.47,0.48,0.5,0.51,0.82,0.84
s: 3
t: 0.928

i: 0.6,0.61,0.48,0.5,0.54,0.67,0.71
s: 7
t: 1.863

i: 0.63,0.65,0.48,0.5,0.39,0.44,0.35
s: 7
t: 1.873

i: 0.73,0.84,0.48,0.5,0.86,0.58,0.29
s: 15
t: 2.444

i: 0.6,0.46,0.48,0.5,0.45,0.81,0.83
s: 3
t: 0.980

i: 0.63,0.54,0.48,0.5,0.65,0.79,0.81
s: 5
t: 1.061

i: 0.64,0.76,0.48,0.5,0.45,0.35,0.38
s: 9
t: 1.829

i: 0.29,0.39,0.48,0.5,0.52,0.4,0.48
s: 5
t: 1.800

i: 0.66,0.71,0.48,0.5,0.41,0.5,0.35
s: 4
t: 1.473

i: 0.51,0.49,0.48,0.5,0.53,0.14,0.26
s: 2
t: 0.858

i: 0.41,0.43,0.48,0.5,0.5,0.24,0.25
s: 2
t: 0.893

i: 0.64,0.84,0.48,0.5,0.37,0.45,0.4
s: 6
t: 2.259

i: 0.37,0.52,0.48,0.5,0.42,0.42,0.36
s: 2
t: 0.860

i: 0.38,0.26,0.48,0.5,0.54,0.16,0.28
s: 2
t: 0.868

i: 0.34,0.28,0.48,0.5,0.41,0.35,0.44
s: 2
t: 0.967

i: 0.34,0.51,0.48,0.5,0.44,0.37,0.46
s: 2
t: 0.924

i: 0.89,0.55,0.48,0.5,0.51,0.72,0.76
s: 3
t: 1.628

i: 0.61,0.66,0.48,0.5,0.46,0.87,0.88
s: 5
t: 1.188

i: 0.16,0.43,0.48,0.5,0.54,0.27,0.37
s: 2
t: 0.898

i: 0.57,0.59,0.48,0.5,0.39,0.47,0.33
s: 5
t: 1.839

i: 0.44,0.52,0.48,0.5,0.43,0.47,0.54
s: 9
t: 2.072

i: 0.23,0.32,0.48,0.5,0.55,0.25,0.35
s: 2
t: 0.758

i: 0.31,0.5,0.48,0.5,0.57,0.84,0.85
s: 2
t: 0.830

i: 0.72,0.42,0.48,0.5,0.65,0.77,0.79
s: 6
t: 2.470

i: 0.42,0.24,0.48,0.5,0.57,0.27,0.37
s: 2
t: 0.883

i: 0.71,0.57,0.48,0.5,0.48,0.35,0.32
s: 5
t: 1.422

i: 0.79,0.54,0.48,0.5,0.5,0.66,0.68
s: 8
t: 2.055

i: 0.24,0.35,0.48,0.5,0.31,0.19,0.31
s: 2
t: 0.910

i: 0.34,0.46,0.48,0.5,0.52,0.35,0.44
s: 3
t: 1.075

i: 0.3,0.44,0.48,0.5,0.49,0.22,0.33
s: 2
t: 0.887

i: 0.73,0.26,0.48,0.5,0.57,0.75,0.78
s: 3
t: 1.447

i: 0.32,0.39,0.48,0.5,0.53,0.28,0.38
s: 4
t: 1.845

i: 0.81,0.52,0.48,0.5,0.57,0.78,0.8
s: 9
t: 1.881

i: 0.12,0.43,0.48,0.5,0.63,0.7,0.74
s: 3
t: 1.085

i: 0.44,0.35,0.48,0.5,0.55,0.55,0.61
s: 4
t: 1.229

i: 0.36,0.45,0.48,0.5,0.38,0.79,0.17
s: 2
t: 0.724

i: 0.64,0.57,0.48,0.5,0.7,0.33,0.26
s: 4
t: 1.950

i: 0.43,0.4,0.48,0.5,0.58,0.75,0.78
s: 2
t: 0.901

i: 0.44,0.42,0.48,0.5,0.42,0.25,0.2
s: 2
t: 0.882

i: 0.5,0.51,0.48,0.5,0.27,0.23,0.34
s: 2
t: 0.957

i: 0.84,0.54,0.48,0.5,0.75,0.92,0.7
s: 3
t: 2.145

i: 0.68,0.63,0.48,0.5,0.73,0.4,0.3
s: 13
t: 1.998

i: 0.69,0.59,0.48,0.5,0.77,0.39,0.21
s: 11
t: 2.461

i: 0.32,0.33,0.48,0.5,0.6,0.06,0.2
s: 2
t: 0.839

i: 0.4,0.29,0.48,0.5,0.42,0.35,0.44
s: 3
t: 0.952

i: 0.36,0.42,0.48,0.5,0.53,0.32,0.41
s: 2
t: 0.847

i: 0.44,0.56,0.48,0.5,0.5,0.46,0.54
s: 9
t: 1.816

i: 0.66,0.53,0.48,0.5,0.59,0.66,0.66
s: 15
t: 2.006

i: 0.31,0.47,0.48,0.5,0.29,0.28,0.39
s: 2
t: 0.844

i: 0.25,0.26,0.48,0.5,0.39,0.32,0.42
s: 2
t: 0.839

i: 0.3,0.51,0.48,0.5,0.42,0.61,0.34
s: 5
t: 1.554

i: 0.61,0.6,0.48,0.5,0.44,0.39,0.38
s: 14
t: 2.532

i: 0.45,0.4,0.48,0.5,0.61,0.74,0.77
s: 2
t: 0.906

i: 0.64,0.46,0.48,0.5,0.48,0.73,0.76
s: 8
t: 2.326

i: 0.68,0.76,0.48,0.5,0.84,0.45,0.27
s: 15
t: 1.921

i: 0.65,0.47,0.48,0.5,0.59,0.3,0.4
s: 2
t: 0.878

i: 0.69,0.43,0.48,0.5,0.59,0.74,0.77
s: 9
t: 2.205

i: 0.49,0.43,0.48,0.5,0.49,0.3,0.4
s: 2
t: 0.954

i: 0.56,0.51,0.48,0.5,0.34,0.37,0.46
s: 8
t: 1.874

i: 0.23,0.48,0.48,0.5,0.59,0.88,0.89
s: 2
t: 0.863

i: 0.36,0.41,0.48,0.5,0.48,0.47,0.54
s: 4
t: 1.246

i: 0.17,0.38,0.48,0.5,0.45,0.42,0.5
s: 2
t: 0.892

i: 0.79,0.36,0.48,0.5,0.46,0.82,0.7
s: 9
t: 2.290

i: 0.47,0.28,0.48,0.5,0.56,0.2,0.25
s: 2
t: 0.793

i: 0.26,0.4,0.48,0.5,0.36,0.26,0.37
s: 2
t: 0.903

i: 0.67,0.37,0.48,0.5,0.54,0.64,0.68
s: 9
t: 1.873

i: 0.42,0.4,0.48,0.5,0.56,0.18,0.3
s: 2
t: 0.873

i: 0.29,0.28,0.48,0.5,0.44,0.23,0.34
s: 2
t: 0.881

i: 0.7,0.61,0.48,0.5,0.56,0.52,0.43
s: 7
t: 1.508

i: 0.5,0.57,0.48,0.5,0.71,0.61,0.66
s: 6
t: 2.043

i: 0.62,0.83,0.48,0.5,0.46,0.36,0.4
s: 13
t: 2.595

i: 0.3,0.45,0.48,0.5,0.36,0.21,0.32
s: 2
t: 0.880

i: 0.11,0.5,0.48,0.5,0.58,0.72,0.68
s: 2
t: 0.897

i: 0.31,0.36,0.48,0.5,0.58,0.94,0.94
s: 2
t: 0.803

i: 0.1,0.49,0.48,0.5,0.41,0.67,0.21
s: 4
t: 1.789

i: 0.71,0.86,0.48,0.5,0.4,0.54,0.32
s: 4
t: 1.522

i: 0.6,0.5,1.0,0.5,0.54,0.77,0.8
s: 4
t: 1.059

i: 0.28,0.38,0.48,0.5,0.5,0.33,0.42
s: 2
t: 0.914

i: 0.51,0.54,0.48,0.5,0.41,0.34,0.43
s: 6
t: 1.260

i: 0.31,0.44,0.48,0.5,0.5,0.79,0.82
s: 2
t: 0.812

i: 0.67,0.84,0.48,0.5,0.74,0.54,0.37
s: 6
t: 2.556

i: 0.74,0.47,0.48,0.5,0.5,0.57,0.42
s: 7
t: 2.236

i: 0.51,0.4,0.48,0.5,0.57,0.62,0.67
s: 6
t: 2.174

i: 0.54,0.47,0.48,0.5,0.28,0.33,0.42
s: 2
t: 0.803

i: 0.68,0.51,0.48,0.5,0.71,0.75,0.78
s: 12
t: 1.582

i: 0.23,0.4,0.48,0.5,0.39,0.28,0.38
s: 2
t: 0.885

i: 0.44,0.34,0.48,0.5,0.3,0.33,0.43
s: 2
t: 0.841

i: 0.41,0.43,0.48,0.5,0.45,0.31,0.41
s: 2
t: 0.847

i: 0.58,0.6,0.48,0.5,0.59,0.73,0.76
s: 5
t: 1.052

i: 0.74,0.7,0.48,0.5,0.66,0.65,0.69
s: 9
t: 1.688

i: 0.42,0.35,0.48,0.5,0.58,0.15,0.27
s: 2
t: 0.846

i: 0.52,0.81,0.48,0.5,0.72,0.38,0.38
s: 6
t: 2.228

i: 0.35,0.34,0.48,0.5,0.46,0.3,0.27
s: 2
t: 0.923

i: 0.69,0.66,0.48,0.5,0.41,0.5,0.25
s: 4
t: 1.583

i: 0.66,0.74,0.48,0.5,0.31,0.38,0.43
s: 5
t: 1.434

i: 0.4,0.41,0.48,0.5,0.55,0.22,0.33
s: 2
t: 0.888

i: 0.76,0.41,0.48,0.5,0.5,0.59,0.62
s: 7
t: 2.012

i: 0.29,0.28,0.48,0.5,0.5,0.42,0.5
s: 2
t: 0.937

i: 0.27,0.3,0.48,0.5,0.71,0.28,0.39
s: 2
t: 0.844

i: 0.48,0.41,0.48,0.5,0.51,0.9,0.88
s: 2
t: 0.854

i: 0.07,0.4,0.48,0.5,0.54,0.35,0.44
s: 2
t: 0.834

i: 0.52,0.36,0.48,0.5,0.41,0.28,0.38
s: 2
t: 0.820

i: 0.59,0.56,0.48,0.5,0.55,0.8,0.82
s: 4
t: 0.958

i: 0.49,0.42,0.48,0.5,0.53,0.79,0.81
s: 2
t: 0.912

i: 0.33,0.47,0.48,0.5,0.53,0.18,0.29
s: 2
t: 0.893

i: 0.2,0.44,0.48,0.5,0.46,0.51,0.57
s: 4
t: 1.244

i: 0.64,0.78,0.48,0.5,0.5,0.36,0.38
s: 9
t: 2.149

i: 0.0,0.51,0.48,0.5,0.35,0.67,0.44
s: 7
t: 1.997

i: 0.51,0.46,0.48,0.5,0.58,0.31,0.41
s: 2
t: 0.919

i: 0.25,0.51,0.48,0.5,0.37,0.42,0.5
s: 2
t: 0.984

i: 0.33,0.45,0.48,0.5,0.52,0.32,0.41
s: 2
t: 0.848

i: 0.71,0.4,0.48,0.5,0.71,0.7,0.74
s: 5
t: 1.947

i: 0.7,0.64,0.48,0.5,0.47,0.51,0.47
s: 4
t: 1.417

i: 0.4,0.45,0.48,0.5,0.38,0.22,0.0
s: 2
t: 0.924

i: 0.58,0.34,0.48,0.5,0.56,0.87,0.81
s: 3
t: 0.991

i: 0.72,0.46,0.48,0.5,0.51,0.66,0.7
s: 11
t: 1.840

i: 0.53,0.42,0.48,0.5,0.16,0.29,0.39
s: 2
t: 0.828

i: 0.6,0.76,1.0,0.5,0.77,0.59,0.52
s: 7
t: 2.304

i: 0.69,0.8,0.48,0.5,0.46,0.57,0.26
s: 6
t: 1.780

i: 0.79,0.41,0.48,0.5,0.66,0.81,0.83
s: 9
t: 1.991

i: 0.74,0.49,0.48,0.5,0.42,0.54,0.36
s: 6
t: 1.811

i: 0.67,0.81,0.48,0.5,0.25,0.42,0.25
s: 4
t: 1.432

i: 0.73,0.78,0.48,0.5,0.58,0.51,0.31
s: 6
t: 2.338

i: 0.56,0.4,0.48,0.5,0.49,0.37,0.46
s: 4
t: 1.139

i: 0.7,0.4,0.48,0.5,0.56,0.86,0.83
s: 4
t: 1.063

i: 0.61,0.75,0.48,0.5,0.51,0.33,0.33
s: 4
t: 2.252

i: 0.66,0.48,0.48,0.5,0.54,0.7,0.74
s: 9
t: 2.136

i: 0.51,0.5,0.48,0.5,0.46,0.32,0.35
s: 2
t: 0.869

i: 0.17,0.39,0.48,0.5,0.53,0.3,0.39
s: 2
t: 0.858

i: 0.23,0.34,0.48,0.5,0.43,0.26,0.37
s: 2
t: 0.929

i: 0.57,0.38,0.48,0.5,0.06,0.49,0.33
s: 3
t: 2.353

i: 0.74,0.82,0.48,0.5,0.49,0.49,0.41
s: 4
t: 1.397

i: 0.33,0.37,0.48,0.5,0.46,0.65,0.69
s: 9
t: 1.743

i: 0.33,0.56,0.48,0.5,0.33,0.78,0.8
s: 2
t: 0.898

i: 0.88,0.42,0.48,0.5,0.52,0.73,0.75
s: 9
t: 1.973

i: 0.24,0.57,0.48,0.5,0.63,0.34,0.43
s: 2
t: 0.947

i: 0.77,0.55,0.48,0.5,0.51,0.78,0.74
s: 9
t: 2.215

i: 0.75,0.76,0.48,0.5,0.83,0.57,0.3
s: 6
t: 2.295

i: 0.43,0.59,0.48,0.5,0.52,0.49,0.56
s: 5
t: 2.062

i: 0.29,0.37,0.48,0.5,0.48,0.44,0.52
s: 2
t: 0.971

i: 0.64,0.66,0.48,0.5,0.41,0.39,0.2
s: 9
t: 2.068

i: 0.37,0.5,0.48,0.5,0.42,0.36,0.45
s: 2
t: 0.884

i: 0.46,0.59,0.48,0.5,0.36,0.76,0.23
s: 2
t: 0.933

i: 0.25,0.37,0.48,0.5,0.43,0.26,0.36
s: 2
t: 0.906

i: 0.74,0.56,0.48,0.5,0.47,0.68,0.3
s: 5
t: 1.497

i: 0.76,0.73,0.48,0.5,0.44,0.39,0.39
s: 4
t: 1.472

i: 0.87,0.49,0.48,0.5,0.61,0.76,0.79
s: 3
t: 2.068

i: 0.62,0.42,0.48,0.5,0.58,0.79,0.81
s: 14
t: 2.478

i: 0.4,0.46,0.48,0.5,0.42,0.35,0.44
s: 2
t: 0.987

i: 0.5,0.49,0.48,0.5,0.49,0.46,0.53
s: 7
t: 2.005

i: 0.38,0.46,0.48,0.5,0.48,0.22,0.29
s: 2
t: 0.916

i: 0.28,0.33,0.48,0.5,0.45,0.22,0.33
s: 2
t: 0.882

i: 0.59,0.29,0.48,0.5,0.64,0.75,0.77
s: 9
t: 2.186

i: 0.44,0.35,0.48,0.5,0.44,0.52,0.59
s: 5
t: 2.098

i: 0.63,0.83,0.48,0.5,0.4,0.39,0.19
s: 9
t: 2.450

i: 0.3,0.16,0.48,0.5,0.56,0.11,0.23
s: 2
t: 0.903

i: 0.69,0.67,0.48,0.5,0.3,0.39,0.24
s: 4
t: 1.598

i: 0.2,0.46,0.48,0.5,0.57,0.78,0.81
s: 2
t: 0.751

i: 0.4,0.5,0.48,0.5,0.45,0.39,0.47
s: 2
t: 0.957

i: 0.84,0.49,0.48,0.5,0.55,0.78,0.74
s: 8
t: 2.114

i: 0.47,0.46,0.48,0.5,0.62,0.74,0.77
s: 9
t: 2.196

i: 0.52,0.57,0.48,0.5,0.42,0.47,0.54
s: 7
t: 2.117

i: 0.86,0.55,0.48,0.5,0.63,0.81,0.83
s: 7
t: 1.988

i: 0.54,0.57,0.48,0.5,0.56,0.81,0.83
s: 4
t: 0.959

i: 0.69,0.39,0.48,0.5,0.57,0.76,0.79
s: 10
t: 1.843

i: 0.67,0.39,0.48,0.5,0.36,0.38,0.46
s: 9
t: 1.750

i: 0.35,0.37,0.48,0.5,0.3,0.34,0.43
s: 2
t: 0.936

i: 0.21,0.51,0.48,0.5,0.5,0.32,0.41
s: 2
t: 0.846

i: 0.36,0.56,0.48,0.5,0.43,0.45,0.53
s: 2
t: 0.844

i: 0.67,0.81,0.48,0.5,0.54,0.49,0.23
s: 5
t: 1.507

i: 0.68,0.78,0.48,0.5,0.43,0.44,0.42
s: 6
t: 1.724

i: 0.36,0.39,0.48,0.5,0.48,0.22,0.23
s: 2
t: 0.910

i: 0.73,0.36,0.48,0.5,0.53,0.91,0.92
s: 3
t: 1.533

i: 0.63,0.51,0.48,0.5,0.64,0.72,0.76
s: 3
t: 2.261

i: 0.62,0.78,0.48,0.5,0.47,0.49,0.54
s: 9
t: 1.990

i: 0.63,0.75,0.48,0.5,0.64,0.73,0.66
s: 4
t: 1.120

i: 0.63,1.0,0.48,0.5,0.35,0.51,0.49
s: 9
t: 2.352

i: 0.24,0.43,0.48,0.5,0.54,0.52,0.59
s: 9
t: 1.992

i: 0.54,0.49,0.48,0.5,0.4,0.87,0.88
s: 3
t: 0.929

i: 0.72,0.86,0.48,0.5,0.17,0.55,0.21
s: 4
t: 1.588

i: 0.7,0.71,0.48,0.5,0.42,0.84,0.85
s: 6
t: 1.329

max time: 2.59
min time: 0.72
avg time: 1.41

