i: 0,67,44,83,93,100,100,92,83,70,68,46,66,23,73,0
s: 7
t: 12.050

i: 0,82,36,100,77,84,78,43,73,3,50,0,48,26,100,32
s: 9
t: 13.890

i: 54,83,11,68,44,32,30,0,0,27,49,59,100,90,21,100
s: 6
t: 4.551

i: 9,95,3,60,65,67,66,8,11,0,0,61,32,91,100,100
s: 7
t: 18.612

i: 7,94,17,51,94,47,66,0,9,3,0,56,18,97,100,100
s: 8
t: 19.299

i: 100,52,40,48,0,71,26,100,78,91,88,57,73,22,33,0
s: 6
t: 7.894

i: 21,98,97,100,60,98,7,71,26,50,100,37,78,8,0,0
s: 25
t: 25.614

i: 87,75,29,75,0,89,55,100,100,84,90,54,63,26,31,0
s: 4
t: 6.847

i: 23,58,66,77,100,100,95,87,81,59,71,30,52,3,0,0
s: 8
t: 15.732

i: 0,68,47,82,89,100,100,90,81,67,58,45,34,22,13,0
s: 10
t: 18.281

i: 23,78,51,100,100,78,70,40,40,0,78,2,37,37,0,74
s: 7
t: 4.630

i: 0,62,20,90,58,100,58,71,37,41,23,9,58,0,100,4
s: 8
t: 17.324

i: 100,100,78,91,45,70,18,47,0,22,21,0,64,11,16,15
s: 4
t: 8.152

i: 100,94,53,80,68,39,68,0,0,0,17,36,62,69,88,100
s: 6
t: 6.685

i: 0,86,41,100,84,92,52,66,64,48,100,25,63,6,16,0
s: 29
t: 48.349

i: 100,85,49,66,0,69,37,99,89,100,77,58,40,24,12,0
s: 6
t: 9.919

i: 48,84,55,58,85,83,34,100,67,65,100,28,59,0,0,0
s: 8
t: 9.219

i: 19,92,58,100,100,100,94,79,73,55,69,25,40,5,0,0
s: 12
t: 18.582

i: 32,84,79,64,85,100,35,78,74,68,100,37,82,0,0,0
s: 9
t: 15.533

i: 100,100,63,79,35,57,12,34,4,9,44,0,60,21,0,20
s: 4
t: 8.433

i: 0,70,60,69,82,100,3,83,48,70,100,78,76,39,64,0
s: 10
t: 11.177

i: 49,90,33,88,74,100,69,55,39,18,0,3,49,3,100,0
s: 10
t: 12.111

i: 15,90,59,100,71,74,50,55,99,42,100,13,53,0,0,10
s: 9
t: 16.157

i: 82,100,40,81,6,52,0,18,51,0,100,16,58,35,8,20
s: 5
t: 7.715

i: 38,97,21,61,38,16,4,0,0,45,11,88,55,100,100,99
s: 4
t: 8.046

i: 45,100,30,79,0,47,8,41,68,38,100,52,96,35,91,0
s: 5
t: 7.928

i: 0,92,52,100,81,74,53,40,25,6,12,0,5,30,100,38
s: 4
t: 8.122

i: 0,68,40,78,76,100,88,91,88,68,88,45,88,22,100,0
s: 6
t: 9.173

i: 9,67,32,100,58,79,43,42,17,8,0,0,49,12,100,1
s: 7
t: 11.955

i: 100,100,61,87,70,65,93,92,89,64,74,28,41,6,0,0
s: 4
t: 6.944

i: 0,87,56,98,100,100,84,80,67,60,56,40,51,20,44,0
s: 36
t: 51.355

i: 63,85,100,88,61,100,80,78,99,58,98,15,49,0,0,15
s: 4
t: 6.151

i: 27,97,71,100,77,79,67,60,100,40,87,12,45,1,0,0
s: 11
t: 17.126

i: 31,91,1,62,0,20,37,0,80,15,100,52,86,91,44,100
s: 5
t: 8.036

i: 54,89,100,100,71,91,42,64,63,50,83,27,49,2,0,0
s: 15
t: 21.906

i: 64,86,79,100,100,87,73,63,93,41,83,13,43,0,0,5
s: 10
t: 18.533

i: 87,73,57,100,12,87,0,41,27,4,73,0,100,38,94,67
s: 43
t: 29.943

i: 100,100,50,98,16,67,0,30,26,0,80,8,81,34,29,24
s: 4
t: 8.001

i: 89,81,49,100,0,84,39,68,100,75,94,54,84,24,51,0
s: 4
t: 6.047

i: 81,100,59,98,21,65,0,29,33,0,100,10,86,37,20,25
s: 5
t: 7.579

i: 0,89,39,98,87,100,85,63,77,23,72,0,53,35,100,41
s: 5
t: 8.802

i: 41,67,100,96,9,100,0,66,88,79,96,74,62,37,42,0
s: 10
t: 15.167

i: 0,30,46,60,59,100,21,81,67,50,100,16,38,0,7,28
s: 29
t: 33.932

i: 0,82,38,100,79,84,46,56,60,38,100,18,56,0,12,6
s: 11
t: 21.662

i: 84,67,57,100,0,88,16,52,75,65,100,72,92,28,97,0
s: 4
t: 6.710

i: 31,93,12,78,71,36,31,0,21,33,100,65,69,100,0,78
s: 5
t: 4.859

i: 52,80,30,66,96,70,65,100,28,62,100,69,80,20,0,0
s: 10
t: 15.933

i: 39,96,57,59,100,94,34,100,61,66,78,66,71,15,0,0
s: 10
t: 10.310

i: 79,75,41,100,3,75,54,59,79,61,100,20,54,0,0,14
s: 7
t: 9.466

i: 36,100,18,76,0,52,13,33,60,34,100,39,93,24,86,0
s: 8
t: 12.948

i: 0,94,46,100,68,80,59,60,93,41,100,15,62,0,14,2
s: 10
t: 19.809

i: 7,81,0,58,14,8,67,0,100,42,91,94,39,100,16,55
s: 4
t: 7.020

i: 0,60,42,80,90,100,100,97,84,72,68,47,55,22,45,0
s: 7
t: 12.548

i: 100,100,53,81,19,56,0,26,20,0,78,0,96,24,47,37
s: 5
t: 7.871

i: 77,87,87,57,100,19,13,0,28,35,83,69,94,100,0,79
s: 6
t: 5.019

i: 53,67,80,44,67,7,0,0,35,36,83,68,100,100,25,80
s: 6
t: 4.860

i: 0,74,35,100,100,96,94,63,52,35,0,11,5,0,77,6
s: 10
t: 13.081

i: 100,93,48,100,27,69,30,33,16,0,0,26,41,51,100,58
s: 6
t: 6.895

i: 64,100,36,67,0,37,30,32,91,37,100,54,80,36,70,0
s: 11
t: 15.782

i: 11,71,16,100,53,79,44,41,9,14,0,6,50,3,100,0
s: 9
t: 14.671

i: 70,98,100,100,49,96,25,62,63,53,78,24,39,0,0,5
s: 13
t: 27.318

i: 87,100,36,71,85,35,52,0,0,13,51,49,100,85,44,97
s: 6
t: 6.127

i: 48,52,100,77,45,100,4,70,63,53,81,53,62,12,0,0
s: 15
t: 20.965

i: 77,100,30,79,0,40,11,0,64,8,100,42,98,85,46,95
s: 5
t: 7.827

i: 1,90,42,100,76,89,59,61,100,44,100,18,55,2,0,0
s: 9
t: 20.459

i: 65,100,33,80,12,57,0,35,6,12,52,0,100,13,58,19
s: 20
t: 35.646

i: 62,100,22,78,0,44,2,6,48,0,88,24,100,60,63,80
s: 5
t: 7.953

i: 21,66,50,100,82,73,66,32,24,7,0,21,50,12,100,0
s: 7
t: 10.872

i: 100,100,12,94,0,72,85,83,94,85,81,56,65,27,62,0
s: 5
t: 7.267

i: 76,87,38,100,45,64,51,23,15,0,0,25,51,42,100,62
s: 6
t: 6.211

i: 5,39,0,61,55,84,100,100,73,75,55,50,45,25,59,0
s: 6
t: 9.223

i: 100,100,52,92,20,65,0,36,12,6,71,0,90,24,34,25
s: 4
t: 8.378

i: 57,60,61,61,100,100,37,99,62,78,93,52,67,2,0,0
s: 9
t: 10.633

i: 0,70,14,97,66,100,100,79,66,55,94,27,90,0,41,2
s: 28
t: 41.066

i: 29,100,20,62,100,96,15,96,14,51,25,0,90,47,0,44
s: 13
t: 15.676

i: 82,100,0,89,51,60,100,28,43,0,3,26,36,63,43,97
s: 4
t: 4.045

i: 27,69,56,100,64,87,58,47,37,12,0,0,50,2,100,5
s: 28
t: 19.728

i: 19,100,55,99,58,67,30,39,0,15,21,0,60,1,100,0
s: 7
t: 14.399

i: 100,100,58,86,23,57,1,24,30,0,90,13,64,40,0,42
s: 5
t: 8.175

i: 16,68,31,100,76,82,70,40,28,13,0,4,55,3,100,0
s: 8
t: 17.350

i: 98,100,51,77,21,49,7,18,49,0,100,16,42,23,0,1
s: 4
t: 7.378

i: 36,63,52,100,52,48,29,6,0,0,30,15,65,3,100,1
s: 12
t: 18.088

i: 100,100,70,87,50,73,33,58,23,43,10,29,0,15,0,0
s: 29
t: 33.444

i: 0,85,60,100,100,74,85,36,67,0,35,6,16,35,96,42
s: 4
t: 8.028

i: 0,69,60,82,100,100,90,79,81,58,69,37,67,16,69,0
s: 7
t: 13.604

i: 43,78,68,40,55,1,0,0,18,37,65,65,100,99,45,100
s: 13
t: 9.551

i: 0,100,58,94,73,68,54,34,34,0,19,1,40,21,100,19
s: 12
t: 20.457

i: 24,64,52,93,67,100,57,48,39,0,0,0,50,1,100,2
s: 9
t: 11.917

i: 26,91,70,100,86,75,49,52,11,29,0,3,49,0,100,3
s: 7
t: 12.880

i: 0,78,21,100,54,97,68,72,60,43,48,16,66,0,100,6
s: 11
t: 12.120

i: 51,76,0,73,11,95,60,100,97,83,100,55,91,27,83,0
s: 8
t: 15.219

i: 11,100,8,63,44,36,37,0,0,21,1,59,46,84,100,91
s: 9
t: 25.392

i: 26,100,2,69,0,37,52,29,100,34,65,60,50,34,48,0
s: 10
t: 17.112

i: 19,86,35,72,95,94,0,100,60,78,100,52,67,26,26,0
s: 9
t: 10.826

i: 0,95,70,100,100,77,69,41,38,4,0,0,10,22,92,26
s: 9
t: 18.978

i: 92,100,19,98,45,60,98,90,100,74,100,26,42,0,0,31
s: 6
t: 9.338

i: 85,100,37,79,13,47,14,14,67,0,100,26,51,40,0,21
s: 5
t: 7.960

i: 7,60,100,79,76,100,24,71,80,36,84,0,0,14,47,50
s: 24
t: 25.297

i: 21,83,20,100,0,49,18,1,82,0,100,49,66,93,3,89
s: 5
t: 7.502

i: 80,70,57,100,15,73,0,30,34,0,83,15,100,56,75,88
s: 4
t: 7.379

i: 0,81,44,100,100,86,79,45,49,5,29,0,26,34,90,32
s: 8
t: 13.277

i: 14,71,29,100,66,76,50,35,11,7,0,15,50,8,100,0
s: 6
t: 7.731

i: 64,100,38,98,0,75,23,61,85,46,100,48,69,24,43,0
s: 5
t: 7.089

i: 7,86,44,100,54,70,30,39,0,13,14,4,57,2,100,0
s: 8
t: 15.762

i: 95,100,51,76,22,51,11,24,27,0,100,13,78,36,0,40
s: 4
t: 8.064

i: 100,100,58,100,21,85,21,62,58,56,64,23,36,0,0,7
s: 12
t: 23.613

i: 0,94,48,98,96,100,98,68,84,32,68,0,52,30,100,30
s: 5
t: 9.019

i: 2,64,31,33,47,3,0,0,3,39,8,74,54,89,100,100
s: 4
t: 7.688

i: 3,57,83,70,100,100,6,85,20,52,71,20,0,0,37,32
s: 24
t: 30.595

i: 81,87,37,100,9,73,74,74,78,71,100,32,68,3,0,0
s: 4
t: 5.650

max time: 51.36
min time: 4.05
avg time: 13.92

