i: 40,1,1,3,1,0,0,3,2,2,1,1,3,1,3,0,0,0,1,2,2,2,3,1,3,3,2,0,2,2,2,2,3,3,3,3,3,3,2,1,3,2,0,0,0,2,2,0,2,2,0,0,1,3,0,3,0,3
s: 1
t: 2.071

i: 51,3,0,3,3,1,3,1,0,0,1,0,0,2,0,3,3,0,0,1,1,2,0,1,0,2,0,3,3,1,0,0,3,1,3,1,2,3,2,2,0,3,2,2,0,1,2,3,3,1,0,0,1,0,3,3,2,0
s: 1
t: 2.795

i: 35,1,0,3,2,3,1,0,2,1,1,3,1,2,0,1,0,0,1,3,3,2,1,0,3,0,0,0,3,2,1,3,3,3,1,3,3,2,3,0,2,0,1,2,3,2,1,1,1,3,0,1,2,1,2,1,3,3
s: 1
t: 2.154

i: 47,1,2,3,1,3,0,3,1,2,2,3,2,0,0,1,1,3,1,1,2,2,3,0,3,1,0,0,1,2,1,3,2,2,0,0,2,2,3,2,0,1,2,1,3,0,0,1,2,1,0,2,0,3,2,1,0,2
s: 1
t: 2.097

i: 8,3,0,3,3,1,2,3,1,3,1,1,2,1,2,0,1,3,0,1,2,0,3,2,0,2,0,3,2,1,1,3,2,0,2,3,2,1,3,3,1,1,2,3,3,0,1,3,2,2,0,3,3,2,3,1,0,1
s: 1
t: 1.957

i: 92,1,1,2,3,3,3,0,3,3,3,3,3,3,1,3,0,1,1,1,0,3,0,3,1,1,3,3,2,0,0,2,1,2,2,3,2,3,3,0,3,0,0,3,2,1,1,2,1,2,1,1,1,3,1,2,0,3
s: 1
t: 2.034

i: 18,3,3,0,1,2,3,3,2,2,1,2,0,1,1,2,1,3,0,2,2,0,1,3,3,3,1,3,3,2,3,3,2,0,3,3,3,3,1,1,0,3,2,1,2,2,3,2,3,3,3,3,2,1,2,1,0,0
s: 1
t: 2.392

i: 79,3,3,3,1,3,0,1,0,0,0,0,1,0,1,3,3,2,0,3,0,1,3,2,3,0,3,2,0,2,1,0,3,0,1,0,2,3,0,3,0,0,3,3,2,1,3,3,1,0,0,1,0,2,0,0,1,0
s: 1
t: 3.019

i: 101,0,3,2,1,0,0,3,3,3,3,3,3,0,2,3,3,2,1,0,3,2,0,0,1,3,1,2,1,0,3,2,3,1,3,1,1,0,3,0,2,0,0,3,2,1,2,1,2,1,3,0,1,3,3,2,0,3
s: 1
t: 2.873

i: 32,1,1,2,0,2,3,0,2,0,1,1,1,3,3,0,2,0,2,0,2,1,0,3,2,3,1,0,2,1,1,3,1,2,0,1,0,0,1,3,3,2,1,0,3,0,0,0,3,2,1,3,3,3,1,3,3,2
s: 1
t: 2.905

i: 98,3,1,3,2,0,0,0,3,2,0,2,1,3,2,3,3,2,0,1,0,0,3,3,0,0,3,1,0,3,1,2,0,0,1,3,0,2,3,3,0,0,1,3,0,2,3,0,1,2,1,0,0,2,3,3,1,0
s: 1
t: 2.122

i: 93,0,3,3,0,1,0,0,0,0,0,2,3,2,1,3,3,3,1,3,2,0,0,1,3,2,0,0,1,0,0,0,0,0,0,2,0,2,3,0,0,0,2,3,3,0,2,3,1,2,1,2,3,0,2,2,2,3
s: 1
t: 2.694

i: 64,3,0,0,0,0,0,0,1,3,0,0,1,0,2,3,3,2,3,1,0,2,1,1,3,2,3,1,1,1,2,1,3,3,0,3,0,0,2,0,3,1,0,3,0,1,2,1,1,2,3,3,0,3,0,1,2,3
s: 1
t: 2.125

i: 9,3,3,1,2,3,1,3,1,1,2,1,2,0,1,3,0,1,2,0,3,2,0,2,0,3,2,1,1,3,2,0,2,3,2,1,3,3,1,1,2,3,3,0,1,3,2,2,0,3,3,2,3,1,0,1,1,0
s: 1
t: 2.023

i: 80,3,2,3,0,0,0,1,3,0,0,3,2,1,1,3,3,3,0,1,2,3,2,2,2,1,2,2,3,2,0,3,3,3,3,2,3,1,3,0,1,0,0,3,1,3,3,0,1,1,1,1,1,0,1,2,3,0
s: 1
t: 2.092

i: 74,0,2,2,2,2,1,0,0,2,2,0,2,2,0,3,2,2,0,0,0,2,0,2,2,3,3,2,1,1,2,3,0,3,0,0,0,2,0,0,0,1,3,0,2,0,2,3,1,1,2,3,3,3,0,2,2,3
s: 1
t: 2.751

i: 103,3,1,1,0,2,3,0,3,0,0,3,3,3,2,3,3,2,2,1,0,3,0,0,3,3,0,0,2,3,0,1,2,0,1,2,0,2,3,0,0,0,0,3,3,0,1,0,3,0,1,1,3,2,1,1,1,2
s: 1
t: 3.159

i: 3,2,0,2,2,3,2,2,1,3,0,3,2,3,2,3,0,3,2,0,1,1,2,0,0,1,2,0,2,3,1,0,0,3,1,0,2,0,1,1,2,1,3,3,3,2,0,1,3,1,3,2,2,3,0,3,3,0
s: 1
t: 2.384

i: 12,0,2,0,2,2,2,3,2,3,0,1,3,1,1,0,0,2,0,0,2,0,2,2,0,0,2,0,3,2,0,2,2,1,3,0,2,0,1,2,3,1,3,1,3,2,1,0,3,2,2,0,2,3,0,3,2,0
s: 1
t: 2.031

i: 66,1,0,0,2,2,3,0,2,0,0,3,2,1,3,3,3,2,1,1,3,3,2,3,1,2,2,1,1,3,2,0,3,3,0,0,3,2,2,1,0,1,2,0,3,0,2,3,1,2,1,0,3,1,2,2,0,3
s: 1
t: 2.711

i: 69,3,0,2,2,1,0,1,1,1,1,0,2,2,1,3,3,3,0,1,0,1,3,3,3,0,3,2,1,3,3,1,1,2,2,1,3,1,2,3,0,3,2,3,3,2,3,2,3,2,2,0,0,3,3,2,3,2
s: 1
t: 2.828

i: 100,3,2,2,2,2,0,1,2,3,1,2,3,3,0,1,3,2,0,3,1,1,2,1,0,1,2,3,3,3,0,3,2,0,3,0,3,2,1,3,0,3,1,2,3,0,1,3,1,3,3,3,0,2,1,2,0,2
s: 1
t: 2.759

i: 24,1,0,3,2,0,0,1,3,1,0,0,2,2,1,3,2,0,3,0,1,2,2,1,2,0,2,0,1,3,3,2,1,2,0,2,1,1,3,3,2,3,1,1,3,3,2,1,2,2,3,0,1,0,1,0,2,1
s: 1
t: 2.298

i: 72,1,1,0,3,1,0,0,0,0,0,0,0,3,0,3,3,1,3,1,0,0,1,0,3,0,0,0,0,0,0,1,3,3,3,2,3,2,3,0,0,3,0,1,3,3,2,3,0,0,1,2,1,3,0,1,0,3
s: 1
t: 2.078

i: 16,2,1,1,0,0,3,1,0,0,3,1,0,0,2,0,0,1,3,3,2,0,0,2,2,2,3,2,2,3,0,3,1,0,2,1,1,0,0,1,0,2,1,1,3,2,0,1,0,3,1,1,3,3,1,2,3,3
s: 1
t: 2.075

i: 67,2,2,1,1,0,0,0,0,0,0,3,0,3,1,3,3,2,3,0,1,3,0,3,3,3,0,1,0,0,0,0,1,1,3,0,3,2,2,3,0,0,1,3,1,3,3,3,0,2,2,1,0,3,3,1,1,3
s: 1
t: 2.096

i: 42,3,2,1,3,2,0,0,0,2,2,0,2,2,0,0,1,3,0,3,0,3,2,1,2,1,3,1,0,3,0,1,2,0,3,0,3,2,0,0,1,2,3,3,2,0,2,0,1,3,2,1,1,2,1,3,2,0
s: 1
t: 2.969

i: 43,1,3,0,3,0,3,2,1,2,1,3,1,0,3,0,1,2,0,3,0,3,2,0,0,1,2,3,3,2,0,2,0,1,3,2,1,1,2,1,3,2,0,2,3,3,0,3,1,0,2,1,3,2,3,2,0,0
s: 1
t: 2.613

i: 59,3,3,2,3,1,0,3,0,0,3,1,2,0,1,3,3,2,3,0,0,0,1,1,0,0,0,3,3,2,0,0,0,0,2,0,3,3,3,0,2,2,3,3,3,0,1,0,0,2,3,1,3,0,1,0,1,1
s: 1
t: 2.838

i: 31,2,0,0,2,0,1,1,0,1,2,1,1,3,1,2,1,1,0,1,1,2,0,2,3,0,2,0,1,1,1,3,3,0,2,0,2,0,2,1,0,3,2,3,1,0,2,1,1,3,1,2,0,1,0,0,1,3
s: 1
t: 2.037

i: 17,3,0,3,3,2,2,1,3,3,2,1,3,1,0,0,2,1,0,3,2,0,0,1,3,1,0,0,2,2,1,3,2,0,3,0,1,2,2,1,2,0,2,0,1,3,3,2,1,2,0,2,1,1,3,3,2,3
s: 1
t: 2.074

i: 49,0,1,2,1,3,0,0,1,2,1,0,2,0,3,2,1,0,2,1,2,0,0,1,2,1,3,1,2,2,1,2,3,0,3,3,1,3,1,0,0,1,0,0,2,0,3,3,0,0,1,1,2,0,1,0,2,0
s: 1
t: 2.133

i: 7,3,3,0,1,3,2,3,2,0,0,1,0,3,3,0,3,3,1,2,3,1,3,1,1,2,1,2,0,1,3,0,1,2,0,3,2,0,2,0,3,2,1,1,3,2,0,2,3,2,1,3,3,1,1,2,3,3
s: 1
t: 2.354

i: 13,0,2,0,1,2,3,1,3,1,3,2,1,0,3,2,2,0,2,3,0,3,2,0,2,0,3,2,2,0,1,3,0,1,2,2,3,2,2,2,3,0,1,0,0,3,0,3,2,1,3,2,2,0,3,2,2,0
s: 1
t: 2.297

i: 56,2,1,0,0,0,3,0,0,3,1,0,0,3,2,3,2,2,0,1,3,3,3,3,1,3,2,1,1,2,3,2,0,3,3,0,3,0,2,0,1,0,1,3,3,3,3,2,3,3,0,1,2,1,2,3,3,3
s: 1
t: 2.882

i: 65,0,3,0,3,0,0,0,0,0,0,2,3,3,1,3,3,2,1,3,3,3,1,3,0,0,1,2,3,2,0,0,0,2,3,2,2,3,3,3,0,2,2,3,3,0,0,0,0,2,0,1,0,3,1,0,2,3
s: 1
t: 2.088

i: 77,1,3,2,3,3,2,3,3,1,0,2,3,3,3,3,3,2,0,2,3,3,2,3,2,3,0,3,0,0,1,1,1,1,3,1,0,3,3,1,3,2,0,3,1,1,1,0,2,1,3,3,0,3,0,1,2,2
s: 1
t: 2.069

i: 38,1,2,0,1,1,2,0,0,2,1,2,0,2,1,1,3,1,2,3,1,1,3,1,0,0,3,2,2,1,1,3,1,3,0,0,0,1,2,2,2,3,1,3,3,2,0,2,2,2,2,3,3,3,3,3,3,2
s: 1
t: 2.832

i: 25,0,0,1,3,1,0,0,2,2,1,3,2,0,3,0,1,2,2,1,2,0,2,0,1,3,3,2,1,2,0,2,1,1,3,3,2,3,1,1,3,3,2,1,2,2,3,0,1,0,1,0,2,1,0,2,1,2
s: 1
t: 2.023

i: 53,0,0,1,2,1,0,3,0,1,2,2,3,0,3,3,3,3,0,1,1,3,3,1,1,1,0,2,3,1,0,0,2,0,0,0,0,1,3,3,0,3,1,3,3,0,3,3,1,1,1,0,1,3,3,3,3,1
s: 1
t: 3.149

i: 4,3,0,3,2,0,1,1,2,0,0,1,2,0,2,3,1,0,0,3,1,0,2,0,1,1,2,1,3,3,3,2,0,1,3,1,3,2,2,3,0,3,3,0,1,3,2,3,2,0,0,1,0,3,3,0,3,3
s: 1
t: 2.382

i: 27,3,2,1,0,1,2,2,2,3,3,2,1,2,0,3,0,2,1,1,3,1,0,2,1,2,3,0,3,3,1,0,2,2,3,2,1,2,0,2,3,3,1,2,0,3,0,2,3,1,3,1,0,2,0,2,3,1
s: 1
t: 2.619

i: 26,0,2,2,0,2,2,0,0,1,3,0,1,2,1,0,0,2,2,3,3,2,2,0,0,1,0,3,1,2,2,0,2,0,2,0,3,2,1,1,0,2,1,1,0,2,1,2,1,0,1,1,3,2,1,0,1,2
s: 1
t: 2.047

i: 85,1,1,3,2,0,0,0,3,3,1,0,2,2,2,3,3,2,0,1,3,1,3,2,0,0,0,2,0,2,2,0,0,0,2,1,2,3,0,0,3,0,3,0,1,2,1,1,0,1,1,3,1,2,1,2,0,1
s: 1
t: 3.020

i: 89,0,0,2,1,0,0,0,2,0,0,0,3,2,1,3,3,2,0,1,3,1,3,2,3,0,2,1,2,2,2,0,0,2,2,1,2,3,0,3,3,0,3,2,1,0,1,0,1,1,2,1,1,2,1,2,1,1
s: 1
t: 2.098

i: 102,3,1,3,1,0,0,1,2,3,0,0,1,0,1,3,3,3,0,1,0,2,1,2,2,1,2,1,2,3,1,0,3,3,3,2,0,3,0,3,2,0,3,2,1,2,1,1,1,1,2,1,3,3,1,1,1,2
s: 1
t: 2.146

i: 54,3,2,1,3,0,3,1,1,3,2,0,1,0,2,3,3,2,3,1,0,1,2,1,3,2,0,3,3,2,2,3,2,3,1,2,3,3,0,1,0,0,3,1,3,0,0,1,2,1,0,3,1,2,1,1,0,0
s: 1
t: 2.990

i: 68,2,0,1,0,1,1,0,3,1,2,0,0,3,2,2,1,2,1,0,0,0,0,1,1,3,3,3,1,2,1,2,2,3,0,3,2,2,1,0,3,2,0,3,0,2,1,2,1,1,1,2,2,0,0,2,0,2
s: 1
t: 2.141

i: 105,3,1,0,2,0,0,0,3,0,3,3,0,3,2,2,3,2,0,3,2,0,0,1,3,2,3,3,3,3,3,3,3,0,3,1,1,0,2,3,0,3,0,0,3,3,3,2,3,3,2,2,1,0,3,0,0,3
s: 1
t: 2.067

i: 81,3,3,1,2,1,0,3,0,3,3,3,3,3,1,3,3,2,1,0,0,0,2,3,3,2,2,2,3,3,2,0,2,1,3,2,2,1,3,0,2,0,3,3,0,2,1,1,0,2,1,1,0,0,3,1,3,3
s: 1
t: 2.917

i: 88,3,3,3,0,3,0,3,3,3,3,3,1,2,1,3,3,2,3,1,0,2,2,1,1,2,2,0,0,3,0,0,1,3,1,1,1,3,0,3,0,0,3,2,1,2,1,1,0,1,1,0,1,3,2,0,1,0
s: 1
t: 2.961

i: 21,2,2,3,2,3,3,3,3,2,1,2,1,0,0,3,2,3,3,0,0,3,1,2,1,3,3,3,2,3,0,1,0,1,1,3,1,0,2,2,1,0,3,2,3,0,0,0,1,2,3,1,3,3,1,2,3,0
s: 1
t: 2.025

i: 6,0,0,1,2,0,2,3,1,0,0,3,1,0,2,0,1,1,2,1,3,3,3,2,0,1,3,1,3,2,2,3,0,3,3,0,1,3,2,3,2,0,0,1,0,3,3,0,3,3,1,2,3,1,3,1,1,2
s: 1
t: 1.946

i: 30,0,0,1,1,0,3,3,1,1,2,2,3,3,2,0,1,3,1,0,0,3,2,0,2,1,0,3,1,3,1,2,0,3,2,1,0,2,1,2,3,0,1,3,1,1,3,0,1,0,3,2,0,0,3,0,2,0
s: 1
t: 2.767

i: 90,0,3,2,1,0,3,3,3,3,3,1,1,2,1,3,3,2,3,1,3,3,1,1,3,2,0,2,1,1,2,0,1,3,1,1,1,3,0,3,0,0,3,2,1,2,1,1,3,1,1,0,3,1,2,0,1,0
s: 1
t: 3.024

i: 5,1,2,0,0,1,2,0,2,3,1,0,0,3,1,0,2,0,1,1,2,1,3,3,3,2,0,1,3,1,3,2,2,3,0,3,3,0,1,3,2,3,2,0,0,1,0,3,3,0,3,3,1,2,3,1,3,1
s: 1
t: 2.031

i: 36,3,2,0,0,2,3,2,1,3,3,0,2,1,3,3,1,0,0,2,2,3,1,0,1,2,2,0,3,0,1,2,0,1,1,2,0,0,2,1,2,0,2,1,1,3,1,2,3,1,1,3,1,0,0,3,2,2
s: 1
t: 2.084

i: 41,1,0,0,3,2,2,1,1,3,1,3,0,0,0,1,2,2,2,3,1,3,3,2,0,2,2,2,2,3,3,3,3,3,3,2,1,3,2,0,0,0,2,2,0,2,2,0,0,1,3,0,3,0,3,2,1,2
s: 1
t: 2.072

i: 1,3,2,2,0,3,2,2,0,1,2,3,3,1,0,0,1,0,3,3,2,0,2,2,0,0,2,2,1,0,3,0,0,1,2,1,3,0,1,3,0,1,1,3,2,0,3,2,3,3,3,0,1,3,1,1,0,0
s: 1
t: 2.048

i: 46,3,2,2,1,2,3,1,3,0,3,1,2,2,3,2,0,0,1,1,3,1,1,2,2,3,0,3,1,0,0,1,2,1,3,2,2,0,0,2,2,3,2,0,1,2,1,3,0,0,1,2,1,0,2,0,3,2
s: 1
t: 2.704

i: 99,0,1,1,2,2,0,0,2,0,0,0,0,1,1,2,3,2,0,1,0,3,3,3,3,0,0,1,0,1,2,3,3,3,2,3,3,0,1,0,0,2,2,3,0,0,0,2,2,1,2,0,1,2,1,1,2,1
s: 1
t: 2.924

i: 61,0,0,3,3,2,3,2,0,3,2,3,2,3,0,3,1,2,0,0,2,3,2,3,2,3,3,2,1,2,2,0,2,3,0,2,0,3,2,3,3,0,2,0,0,3,0,1,3,0,0,1,0,0,0,1,3,1
s: 1
t: 2.750

i: 0,3,1,3,1,2,3,2,2,0,3,2,2,0,1,2,3,3,1,0,0,1,0,3,3,2,0,2,2,0,0,2,2,1,0,3,0,0,1,2,1,3,0,1,3,0,1,1,3,2,0,3,2,3,3,3,0,1
s: 1
t: 2.408

i: 28,0,3,0,2,3,1,3,1,0,2,0,2,3,1,3,3,2,0,1,1,3,0,1,3,0,1,2,1,1,0,2,1,0,3,3,3,3,2,2,1,2,2,3,2,3,0,0,2,1,3,0,0,1,1,0,3,3
s: 1
t: 2.822

i: 33,3,3,0,2,0,2,0,2,1,0,3,2,3,1,0,2,1,1,3,1,2,0,1,0,0,1,3,3,2,1,0,3,0,0,0,3,2,1,3,3,3,1,3,3,2,3,0,2,0,1,2,3,2,1,1,1,3
s: 1
t: 2.094

i: 22,0,2,2,1,0,3,2,3,0,0,0,1,2,3,1,3,3,1,2,3,0,2,1,2,1,0,3,1,0,2,3,2,1,3,3,3,1,3,3,0,1,3,2,3,2,0,2,3,0,1,2,1,0,1,1,0,2
s: 1
t: 2.090

i: 96,0,0,0,3,3,0,0,0,0,3,3,3,3,0,3,3,2,0,1,3,3,0,2,2,3,1,0,1,3,0,0,0,3,0,1,3,3,3,0,0,1,1,0,0,3,0,3,0,2,2,1,0,3,0,2,1,2
s: 1
t: 2.086

i: 2,0,3,1,1,1,3,0,0,3,2,3,1,3,0,1,3,3,1,1,2,2,3,1,0,0,3,1,1,0,3,1,3,0,1,2,3,3,0,0,1,1,2,0,2,2,3,2,2,1,3,0,3,2,3,2,3,0
s: 1
t: 2.344

i: 15,3,0,0,1,0,3,3,0,0,3,0,0,0,3,0,0,2,2,0,2,2,1,3,1,3,0,0,3,2,2,1,0,1,3,1,0,3,3,0,2,1,1,0,0,3,1,0,0,3,1,0,0,2,0,0,1,3
s: 1
t: 2.370

i: 39,1,3,1,2,3,1,1,3,1,0,0,3,2,2,1,1,3,1,3,0,0,0,1,2,2,2,3,1,3,3,2,0,2,2,2,2,3,3,3,3,3,3,2,1,3,2,0,0,0,2,2,0,2,2,0,0,1
s: 1
t: 2.687

i: 78,2,0,3,1,2,1,0,1,2,0,3,1,3,2,3,0,3,0,1,3,3,0,3,3,3,2,0,2,3,0,0,0,3,3,0,0,1,1,1,0,1,2,0,3,1,1,1,0,2,1,1,0,3,3,1,3,3
s: 1
t: 2.921

i: 57,2,3,0,1,3,0,2,0,2,0,0,1,3,0,2,3,2,1,0,3,3,0,2,1,3,3,0,3,3,3,3,3,3,3,2,3,3,0,3,1,0,3,2,1,3,0,0,1,1,0,1,1,1,2,2,1,2
s: 1
t: 3.196

i: 104,0,1,0,2,3,3,0,3,1,1,0,1,3,0,3,3,1,1,3,2,3,2,2,0,3,0,0,1,1,0,3,2,3,2,3,0,3,3,0,2,0,2,3,3,0,2,0,0,0,0,1,0,1,2,0,2,2
s: 1
t: 2.049

i: 52,3,1,3,1,0,0,1,0,0,2,0,3,3,0,0,1,1,2,0,1,0,2,0,3,3,1,0,0,3,1,3,1,2,3,2,2,0,3,2,2,0,1,2,3,3,1,0,0,1,0,3,3,2,0,2,2,0
s: 1
t: 2.897

i: 97,0,0,0,1,0,0,3,3,3,1,0,2,0,0,3,0,2,0,1,0,0,0,0,0,1,3,1,3,2,0,2,3,2,3,0,0,3,0,0,3,2,3,0,2,1,1,3,1,2,3,2,3,1,3,3,2,1
s: 1
t: 2.086

i: 91,3,0,1,3,0,2,1,0,0,3,0,1,2,1,3,3,2,1,2,3,3,1,2,2,3,2,2,3,3,0,0,2,3,0,3,2,3,0,3,0,0,3,2,1,2,1,2,2,2,1,3,3,2,3,1,2,3
s: 1
t: 2.022

i: 60,1,0,2,0,0,0,1,2,3,3,3,3,0,3,3,1,2,0,0,1,0,3,1,2,0,3,1,3,1,2,3,1,3,3,2,3,2,3,3,0,2,0,0,3,3,1,3,0,0,1,0,3,0,1,2,2,3
s: 1
t: 2.098

i: 20,3,2,3,3,2,0,3,3,3,3,1,1,0,3,2,1,2,2,3,2,3,3,3,3,2,1,2,1,0,0,3,2,3,3,0,0,3,1,2,1,3,3,3,2,3,0,1,0,1,1,3,1,0,2,2,1,0
s: 1
t: 1.968

i: 94,3,1,2,3,3,2,3,0,3,0,3,3,3,1,3,3,2,0,1,0,1,1,3,3,3,3,1,2,2,1,0,3,1,2,1,1,1,3,0,0,0,0,3,3,1,2,2,1,2,3,1,1,3,1,0,3,0
s: 1
t: 2.130

i: 44,0,3,0,3,2,0,0,1,2,3,3,2,0,2,0,1,3,2,1,1,2,1,3,2,0,2,3,3,0,3,1,0,2,1,3,2,3,2,0,0,1,2,0,1,0,3,3,1,3,2,2,1,2,3,1,3,0
s: 1
t: 2.093

i: 73,0,3,2,1,2,1,0,0,1,2,1,2,2,2,2,3,2,0,1,0,0,2,2,2,1,2,1,2,1,0,0,0,1,1,1,3,1,3,0,3,0,1,3,2,1,2,1,2,1,1,2,0,0,2,1,3,2
s: 1
t: 2.765

i: 37,0,0,2,3,2,1,3,3,0,2,1,3,3,1,0,0,2,2,3,1,0,1,2,2,0,3,0,1,2,0,1,1,2,0,0,2,1,2,0,2,1,1,3,1,2,3,1,1,3,1,0,0,3,2,2,1,1
s: 1
t: 2.947

i: 70,3,1,2,0,3,0,0,3,3,0,0,1,3,0,3,3,2,0,1,2,0,0,0,0,2,1,3,2,0,0,0,0,1,1,0,1,3,0,2,0,0,3,2,1,2,1,1,3,1,1,2,3,2,2,3,0,2
s: 1
t: 2.069

i: 86,2,0,3,1,0,0,0,0,0,0,0,3,0,1,3,3,2,3,2,1,0,0,0,0,0,0,3,3,2,2,2,0,3,1,1,1,3,0,3,0,0,3,2,1,2,1,1,3,1,1,2,3,3,2,0,2,0
s: 1
t: 2.816

i: 34,2,0,2,0,2,1,0,3,2,3,1,0,2,1,1,3,1,2,0,1,0,0,1,3,3,2,1,0,3,0,0,0,3,2,1,3,3,3,1,3,3,2,3,0,2,0,1,2,3,2,1,1,1,3,0,1,2
s: 1
t: 2.070

i: 50,2,3,0,3,3,1,3,1,0,0,1,0,0,2,0,3,3,0,0,1,1,2,0,1,0,2,0,3,3,1,0,0,3,1,3,1,2,3,2,2,0,3,2,2,0,1,2,3,3,1,0,0,1,0,3,3,2
s: 1
t: 2.602

i: 14,1,3,0,1,2,2,3,2,2,2,3,0,1,0,0,3,0,3,2,1,3,2,2,0,3,2,2,0,2,0,3,2,1,2,3,3,1,0,1,3,3,1,3,2,2,3,1,3,0,1,3,2,0,1,3,1,2
s: 1
t: 2.059

i: 76,0,0,0,0,0,1,2,3,1,0,3,1,2,1,3,3,2,1,0,3,3,0,2,0,0,0,2,2,3,3,3,1,3,2,2,1,1,2,0,1,1,3,3,0,3,0,0,1,1,0,3,3,0,0,3,3,0
s: 1
t: 2.822

i: 82,1,2,0,1,3,3,0,0,3,0,3,0,1,3,2,1,2,0,1,0,2,2,0,1,2,3,1,1,2,3,3,1,3,2,3,2,3,0,0,0,3,1,2,1,0,0,3,2,0,0,0,3,2,2,3,3,3
s: 1
t: 2.015

i: 45,1,0,2,1,2,2,1,0,2,1,0,1,2,3,3,3,1,1,0,1,2,1,2,2,3,2,0,2,0,2,1,1,3,1,0,2,2,0,3,3,1,0,3,2,3,1,2,0,3,2,3,1,3,3,1,1,2
s: 1
t: 2.101

i: 23,1,2,3,0,2,1,2,1,0,3,1,0,2,3,2,1,3,3,3,1,3,3,0,1,3,2,3,2,0,2,3,0,1,2,1,0,1,1,0,2,1,2,1,1,0,2,0,2,2,0,1,2,0,1,2,0,1
s: 1
t: 2.421

i: 10,1,2,1,2,0,1,3,0,1,2,0,3,2,0,2,0,3,2,1,1,3,2,0,2,3,2,1,3,3,1,1,2,3,3,0,1,3,2,2,0,3,3,2,3,1,0,1,1,0,0,2,2,1,3,3,1,1
s: 1
t: 1.962

i: 83,3,3,3,3,0,0,0,3,3,3,1,1,3,1,3,3,2,3,1,0,2,2,1,1,2,2,0,0,3,0,0,1,3,1,1,1,3,0,3,0,0,3,2,1,2,1,1,0,1,1,0,1,3,2,0,1,0
s: 1
t: 2.075

i: 19,1,2,1,3,0,2,2,0,1,3,3,3,1,3,3,2,3,3,2,0,3,3,3,3,1,1,0,3,2,1,2,2,3,2,3,3,3,3,2,1,2,1,0,0,3,2,3,3,0,0,3,1,2,1,3,3,3
s: 1
t: 2.004

i: 58,2,1,1,3,3,1,3,1,1,0,0,0,0,1,2,3,2,3,3,3,3,3,3,2,3,3,2,3,3,0,0,3,3,1,2,2,3,2,3,0,2,0,1,3,3,2,3,0,0,0,1,1,3,0,0,0,3
s: 1
t: 2.737

i: 87,1,3,2,1,0,0,3,3,3,3,3,1,3,0,3,3,2,1,2,2,1,1,3,2,1,2,2,0,2,0,0,1,3,1,1,1,3,0,3,0,0,3,2,1,2,1,1,3,1,1,0,3,1,2,0,1,0
s: 1
t: 2.886

i: 84,2,1,0,0,0,0,0,3,0,0,0,3,2,1,3,3,2,0,1,3,1,3,2,3,0,2,1,2,2,2,0,0,2,2,1,2,3,0,3,3,0,3,2,1,0,1,0,1,1,1,1,2,1,2,1,1,2
s: 1
t: 2.924

i: 11,3,0,2,0,2,2,2,3,2,3,0,1,3,1,1,0,0,2,0,0,2,0,2,2,0,0,2,0,3,2,0,2,2,1,3,0,2,0,1,2,3,1,3,1,3,2,1,0,3,2,2,0,2,3,0,3,2
s: 1
t: 2.368

i: 75,1,0,2,2,2,2,2,3,2,2,0,2,2,0,3,3,3,0,0,2,1,1,0,3,1,3,1,1,3,2,0,3,2,0,1,2,1,0,3,0,2,3,1,0,2,1,1,1,0,3,1,0,3,2,0,0,3
s: 1
t: 2.109

i: 48,2,1,2,2,1,0,2,1,0,1,2,3,3,3,1,1,0,1,2,1,2,2,3,2,0,2,0,2,1,1,3,1,0,2,2,0,3,3,1,0,3,2,3,1,2,0,3,2,3,1,3,3,1,1,2,2,3
s: 1
t: 1.938

i: 63,1,0,1,3,0,0,3,3,3,0,3,3,1,1,0,3,2,3,1,0,1,0,1,3,3,3,3,1,2,1,0,3,1,3,3,3,2,3,3,0,3,2,1,3,0,3,2,2,3,3,0,3,3,3,1,0,3
s: 1
t: 2.922

i: 95,1,1,3,3,2,0,0,0,0,0,2,0,2,2,3,3,2,0,1,2,1,3,2,1,0,0,2,2,1,3,1,3,0,3,0,1,2,1,0,3,0,0,3,2,1,2,1,1,1,1,2,1,0,0,1,2,1
s: 1
t: 2.046

i: 55,3,3,0,2,1,2,2,0,3,1,1,3,0,1,1,3,2,0,1,2,1,3,3,3,3,3,0,3,1,2,1,0,0,1,3,1,3,1,3,0,1,3,2,3,3,3,1,3,1,1,0,3,0,1,1,1,2
s: 1
t: 1.989

i: 29,3,3,2,0,1,1,3,0,1,3,0,1,2,1,1,0,2,1,0,3,3,3,3,2,2,1,2,2,3,2,3,0,0,2,1,3,0,0,1,1,0,3,3,1,1,2,2,3,3,2,0,1,3,1,0,0,3
s: 1
t: 2.987

i: 71,3,2,3,2,1,0,2,3,3,3,0,3,2,2,3,3,1,1,0,0,0,0,3,1,2,1,1,3,3,3,3,2,1,3,2,3,0,3,0,3,0,1,3,1,0,1,0,2,1,0,3,0,0,1,3,2,3
s: 1
t: 2.925

i: 62,1,0,3,1,1,3,1,2,1,0,1,1,0,2,3,1,2,0,1,2,0,1,2,2,3,3,3,0,1,2,1,3,3,3,0,1,2,3,0,3,0,2,3,2,2,1,2,0,1,0,0,3,3,3,3,3,3
s: 1
t: 2.877

max time: 3.20
min time: 1.94
avg time: 2.42

