i: 44.0,1.0,85.0,0.0,44.0,14.0,41.0,41.0,0.0
s: 2
t: 3.226

i: 55.0,0.0,95.0,0.0,44.0,-17.0,40.0,51.0,12.0
s: 4
t: 8.897

i: 55.0,0.0,77.0,0.0,-18.0,-16.0,21.0,95.0,74.0
s: 4
t: 38.008

i: 43.0,0.0,84.0,-1.0,42.0,-4.0,41.0,43.0,2.0
s: 2
t: 2.331

i: 47.0,-1.0,88.0,-2.0,46.0,0.0,40.0,41.0,0.0
s: 2
t: 2.737

i: 55.0,0.0,99.0,0.0,46.0,0.0,43.0,52.0,8.0
s: 4
t: 8.863

i: 37.0,0.0,77.0,-3.0,36.0,-5.0,40.0,41.0,0.0
s: 1
t: 3.149

i: 56.0,0.0,96.0,0.0,42.0,12.0,40.0,55.0,14.0
s: 3
t: 5.375

i: 81.0,-5.0,86.0,0.0,-40.0,0.0,5.0,127.0,122.0
s: 18
t: 42.137

i: 45.0,-3.0,85.0,1.0,44.0,0.0,40.0,41.0,2.0
s: 2
t: 3.240

i: 48.0,0.0,81.0,3.0,46.0,0.0,33.0,34.0,2.0
s: 2
t: 2.473

i: 56.0,5.0,95.0,0.0,52.0,0.0,40.0,44.0,4.0
s: 3
t: 5.197

i: 37.0,-1.0,96.0,-6.0,20.0,2.0,59.0,75.0,16.0
s: 2
t: 3.413

i: 44.0,0.0,86.0,0.0,44.0,15.0,43.0,42.0,0.0
s: 2
t: 2.774

i: 37.0,0.0,80.0,0.0,20.0,-15.0,43.0,59.0,16.0
s: 2
t: 2.299

i: 53.0,0.0,77.0,-2.0,54.0,3.0,25.0,23.0,0.0
s: 2
t: 2.621

i: 60.0,0.0,109.0,3.0,60.0,0.0,49.0,49.0,0.0
s: 2
t: 2.484

i: 42.0,0.0,77.0,-2.0,42.0,0.0,34.0,35.0,2.0
s: 2
t: 2.275

i: 45.0,0.0,90.0,0.0,44.0,-5.0,45.0,46.0,2.0
s: 2
t: 2.572

i: 37.0,0.0,79.0,0.0,28.0,5.0,43.0,51.0,8.0
s: 2
t: 2.350

i: 49.0,0.0,83.0,0.0,46.0,-16.0,34.0,36.0,2.0
s: 2
t: 2.361

i: 37.0,-1.0,106.0,-4.0,36.0,-6.0,69.0,69.0,0.0
s: 1
t: 2.760

i: 55.0,5.0,86.0,0.0,54.0,0.0,30.0,32.0,2.0
s: 2
t: 3.539

i: 37.0,0.0,76.0,-1.0,24.0,-2.0,39.0,52.0,14.0
s: 2
t: 2.224

i: 56.0,0.0,98.0,2.0,52.0,0.0,42.0,46.0,4.0
s: 3
t: 5.334

i: 55.0,-2.0,77.0,0.0,26.0,0.0,22.0,52.0,30.0
s: 4
t: 36.535

i: 58.0,4.0,91.0,3.0,56.0,0.0,33.0,34.0,2.0
s: 2
t: 2.114

i: 53.0,4.0,79.0,0.0,52.0,-6.0,26.0,27.0,2.0
s: 2
t: 2.248

i: 37.0,-4.0,106.0,0.0,36.0,31.0,68.0,69.0,2.0
s: 1
t: 2.350

i: 37.0,0.0,79.0,0.0,34.0,-20.0,43.0,46.0,2.0
s: 2
t: 2.704

i: 37.0,1.0,74.0,-1.0,34.0,0.0,37.0,41.0,4.0
s: 2
t: 3.030

i: 37.0,0.0,79.0,0.0,34.0,4.0,43.0,46.0,2.0
s: 1
t: 3.676

i: 37.0,0.0,93.0,0.0,12.0,7.0,55.0,80.0,24.0
s: 2
t: 2.370

i: 47.0,3.0,88.0,1.0,46.0,0.0,42.0,42.0,0.0
s: 1
t: 2.081

i: 39.0,0.0,81.0,-7.0,38.0,0.0,42.0,42.0,0.0
s: 1
t: 3.944

i: 37.0,-4.0,108.0,-7.0,26.0,0.0,71.0,82.0,12.0
s: 2
t: 4.207

i: 43.0,0.0,83.0,1.0,42.0,-12.0,40.0,42.0,2.0
s: 2
t: 2.336

i: 37.0,-1.0,80.0,-1.0,34.0,297.0,43.0,46.0,2.0
s: 2
t: 3.859

i: 82.0,0.0,86.0,-1.0,-12.0,-19.0,3.0,99.0,96.0
s: 14
t: 48.697

i: 51.0,0.0,84.0,0.0,52.0,14.0,33.0,32.0,0.0
s: 2
t: 2.540

i: 43.0,0.0,108.0,-7.0,42.0,0.0,65.0,67.0,2.0
s: 1
t: 2.074

i: 85.0,0.0,89.0,0.0,6.0,26.0,4.0,84.0,80.0
s: 15
t: 50.756

i: 37.0,0.0,80.0,0.0,-2.0,-3.0,43.0,83.0,40.0
s: 1
t: 2.138

i: 37.0,0.0,76.0,0.0,34.0,-10.0,39.0,43.0,4.0
s: 2
t: 3.166

i: 37.0,0.0,76.0,-1.0,36.0,21.0,38.0,39.0,2.0
s: 2
t: 2.534

i: 56.0,3.0,98.0,0.0,44.0,-9.0,42.0,54.0,12.0
s: 3
t: 5.667

i: 37.0,-1.0,106.0,-3.0,28.0,-6.0,69.0,78.0,8.0
s: 2
t: 2.852

i: 37.0,0.0,92.0,-1.0,26.0,13.0,55.0,66.0,12.0
s: 1
t: 3.066

i: 51.0,0.0,87.0,0.0,52.0,0.0,36.0,35.0,0.0
s: 2
t: 2.634

i: 55.0,0.0,83.0,0.0,-30.0,-12.0,27.0,114.0,86.0
s: 11
t: 27.014

i: 37.0,0.0,108.0,19.0,26.0,-1.0,71.0,82.0,12.0
s: 2
t: 2.033

i: 55.0,0.0,78.0,-2.0,6.0,-6.0,23.0,73.0,50.0
s: 11
t: 35.018

i: 37.0,0.0,97.0,6.0,34.0,0.0,60.0,64.0,4.0
s: 2
t: 2.559

i: 49.0,0.0,88.0,8.0,50.0,0.0,39.0,39.0,0.0
s: 1
t: 0.905

i: 37.0,0.0,79.0,-4.0,24.0,0.0,42.0,55.0,14.0
s: 2
t: 2.242

i: 44.0,1.0,90.0,-7.0,44.0,11.0,46.0,46.0,0.0
s: 1
t: 2.828

i: 52.0,0.0,88.0,0.0,52.0,0.0,35.0,36.0,0.0
s: 1
t: 3.317

i: 56.0,0.0,95.0,-5.0,38.0,-26.0,40.0,57.0,18.0
s: 3
t: 4.452

i: 41.0,0.0,79.0,2.0,38.0,-1.0,39.0,41.0,2.0
s: 2
t: 3.363

i: 41.0,0.0,85.0,0.0,38.0,-9.0,44.0,46.0,2.0
s: 2
t: 2.842

i: 56.0,3.0,76.0,0.0,-18.0,-6.0,20.0,94.0,74.0
s: 3
t: 5.040

i: 40.0,-1.0,75.0,0.0,38.0,0.0,35.0,36.0,2.0
s: 2
t: 3.747

i: 55.0,0.0,83.0,0.0,56.0,29.0,28.0,26.0,0.0
s: 2
t: 3.028

i: 46.0,0.0,90.0,0.0,46.0,2.0,44.0,43.0,0.0
s: 1
t: 2.515

i: 56.0,5.0,97.0,0.0,54.0,0.0,40.0,42.0,2.0
s: 2
t: 2.157

i: 104.0,0.0,106.0,1.0,70.0,0.0,1.0,36.0,34.0
s: 3
t: 29.519

i: 37.0,0.0,77.0,0.0,12.0,17.0,40.0,64.0,24.0
s: 2
t: 2.497

i: 37.0,0.0,103.0,-1.0,24.0,0.0,66.0,80.0,14.0
s: 2
t: 4.110

i: 55.0,0.0,95.0,0.0,44.0,14.0,40.0,51.0,12.0
s: 4
t: 8.341

i: 56.0,0.0,78.0,0.0,8.0,0.0,22.0,70.0,48.0
s: 3
t: 5.247

i: 37.0,0.0,78.0,0.0,8.0,-3.0,42.0,70.0,28.0
s: 2
t: 2.236

i: 44.0,0.0,81.0,-3.0,44.0,0.0,37.0,37.0,0.0
s: 2
t: 3.497

i: 85.0,-3.0,89.0,0.0,8.0,0.0,4.0,81.0,78.0
s: 15
t: 53.877

i: 37.0,0.0,75.0,0.0,36.0,-11.0,37.0,39.0,2.0
s: 2
t: 1.920

i: 49.0,5.0,78.0,0.0,46.0,0.0,29.0,32.0,2.0
s: 2
t: 1.592

i: 45.0,0.0,79.0,0.0,46.0,25.0,34.0,33.0,0.0
s: 2
t: 2.527

i: 37.0,0.0,84.0,0.0,24.0,-5.0,47.0,61.0,14.0
s: 2
t: 2.568

i: 51.0,0.0,83.0,1.0,52.0,5.0,31.0,31.0,0.0
s: 1
t: 2.571

i: 45.0,0.0,80.0,0.0,44.0,-1.0,35.0,36.0,0.0
s: 2
t: 4.085

i: 44.0,0.0,81.0,0.0,42.0,-7.0,38.0,40.0,2.0
s: 2
t: 2.408

i: 56.0,0.0,95.0,0.0,50.0,12.0,40.0,46.0,6.0
s: 3
t: 4.301

i: 49.0,0.0,78.0,0.0,50.0,23.0,29.0,29.0,0.0
s: 2
t: 4.167

i: 45.0,-1.0,81.0,-3.0,46.0,17.0,36.0,35.0,0.0
s: 1
t: 3.373

i: 37.0,0.0,104.0,0.0,20.0,22.0,67.0,84.0,16.0
s: 2
t: 2.185

i: 37.0,0.0,95.0,3.0,10.0,0.0,58.0,84.0,26.0
s: 2
t: 2.500

i: 51.0,1.0,87.0,0.0,52.0,8.0,36.0,35.0,0.0
s: 2
t: 2.181

i: 55.0,0.0,84.0,0.0,56.0,25.0,29.0,28.0,0.0
s: 1
t: 2.197

i: 48.0,5.0,95.0,0.0,46.0,0.0,47.0,49.0,2.0
s: 2
t: 2.311

i: 108.0,0.0,109.0,0.0,72.0,8.0,1.0,36.0,36.0
s: 10
t: 33.937

i: 55.0,0.0,83.0,-2.0,54.0,0.0,28.0,29.0,0.0
s: 1
t: 2.145

i: 50.0,2.0,84.0,0.0,50.0,0.0,34.0,35.0,2.0
s: 1
t: 1.948

i: 40.0,0.0,87.0,-1.0,38.0,-1.0,47.0,48.0,2.0
s: 2
t: 2.282

i: 37.0,0.0,90.0,130.0,6.0,0.0,53.0,85.0,32.0
s: 2
t: 2.733

i: 102.0,0.0,103.0,2.0,70.0,-6.0,1.0,33.0,32.0
s: 4
t: 44.773

i: 56.0,0.0,79.0,0.0,54.0,-14.0,23.0,24.0,2.0
s: 1
t: 1.841

i: 105.0,0.0,106.0,-5.0,70.0,0.0,1.0,36.0,36.0
s: 3
t: 34.511

i: 37.0,-4.0,79.0,0.0,20.0,0.0,42.0,58.0,16.0
s: 2
t: 2.252

i: 37.0,-1.0,76.0,-2.0,28.0,-6.0,39.0,47.0,8.0
s: 2
t: 2.758

i: 37.0,-1.0,79.0,-3.0,20.0,-7.0,43.0,59.0,16.0
s: 2
t: 2.737

i: 55.0,0.0,82.0,0.0,-18.0,23.0,26.0,100.0,74.0
s: 5
t: 40.962

i: 39.0,0.0,80.0,1.0,38.0,0.0,41.0,41.0,0.0
s: 2
t: 2.260

i: 55.0,0.0,96.0,0.0,44.0,24.0,41.0,52.0,12.0
s: 11
t: 43.088

i: 47.0,0.0,86.0,3.0,46.0,0.0,39.0,39.0,0.0
s: 1
t: 2.418

i: 45.0,-49.0,77.0,0.0,-2.0,0.0,32.0,79.0,48.0
s: 16
t: 18.042

i: 37.0,0.0,97.0,0.0,26.0,-30.0,60.0,71.0,12.0
s: 2
t: 3.721

i: 55.0,-2.0,97.0,0.0,42.0,0.0,42.0,56.0,14.0
s: 5
t: 39.948

i: 45.0,-1.0,83.0,0.0,44.0,-17.0,38.0,39.0,2.0
s: 2
t: 2.232

i: 48.0,-1.0,82.0,0.0,46.0,-9.0,34.0,35.0,2.0
s: 2
t: 2.124

i: 45.0,0.0,74.0,-7.0,44.0,0.0,29.0,30.0,2.0
s: 2
t: 3.383

i: 53.0,-1.0,77.0,5.0,52.0,-16.0,25.0,26.0,2.0
s: 2
t: 3.717

i: 45.0,0.0,85.0,0.0,44.0,-5.0,40.0,41.0,2.0
s: 2
t: 3.490

i: 37.0,0.0,76.0,0.0,34.0,24.0,40.0,43.0,2.0
s: 2
t: 2.445

i: 55.0,0.0,83.0,2.0,54.0,0.0,28.0,29.0,0.0
s: 2
t: 3.234

i: 66.0,-2.0,109.0,0.0,64.0,0.0,44.0,45.0,0.0
s: 2
t: 2.543

i: 55.0,0.0,77.0,3.0,-24.0,0.0,22.0,103.0,82.0
s: 6
t: 35.542

i: 50.0,0.0,77.0,0.0,50.0,0.0,26.0,28.0,2.0
s: 2
t: 2.604

i: 47.0,-3.0,79.0,3.0,46.0,0.0,32.0,32.0,0.0
s: 2
t: 2.296

i: 104.0,-3.0,105.0,0.0,72.0,8.0,1.0,33.0,32.0
s: 3
t: 31.737

i: 43.0,0.0,81.0,6.0,42.0,-1.0,37.0,39.0,2.0
s: 2
t: 2.322

i: 45.0,0.0,81.0,-1.0,44.0,-2.0,37.0,37.0,0.0
s: 2
t: 2.053

i: 56.0,0.0,81.0,0.0,0.0,6.0,25.0,81.0,56.0
s: 4
t: 4.751

i: 36.0,-3.0,83.0,0.0,36.0,0.0,47.0,47.0,0.0
s: 2
t: 3.452

i: 78.0,-3.0,83.0,0.0,-46.0,0.0,4.0,129.0,124.0
s: 6
t: 32.534

i: 49.0,1.0,79.0,1.0,50.0,23.0,30.0,30.0,0.0
s: 2
t: 3.473

i: 45.0,-5.0,76.0,0.0,44.0,0.0,32.0,32.0,0.0
s: 2
t: 2.649

i: 51.0,2.0,77.0,0.0,50.0,0.0,26.0,28.0,2.0
s: 2
t: 2.128

i: 45.0,-1.0,78.0,0.0,44.0,0.0,34.0,34.0,0.0
s: 1
t: 2.492

i: 38.0,5.0,81.0,0.0,38.0,9.0,43.0,42.0,0.0
s: 1
t: 2.894

i: 56.0,0.0,98.0,0.0,44.0,6.0,42.0,54.0,12.0
s: 3
t: 5.033

i: 54.0,-5.0,83.0,0.0,54.0,0.0,28.0,28.0,0.0
s: 1
t: 2.315

i: 37.0,0.0,95.0,0.0,16.0,1.0,58.0,80.0,22.0
s: 2
t: 2.336

i: 38.0,1.0,96.0,0.0,38.0,10.0,58.0,57.0,0.0
s: 1
t: 3.018

i: 56.0,0.0,96.0,-1.0,54.0,0.0,40.0,42.0,2.0
s: 2
t: 2.134

i: 44.0,0.0,88.0,6.0,42.0,-25.0,44.0,46.0,2.0
s: 2
t: 2.782

i: 49.0,1.0,77.0,0.0,50.0,3.0,28.0,28.0,0.0
s: 2
t: 4.289

i: 53.0,4.0,87.0,0.0,54.0,1.0,34.0,33.0,0.0
s: 2
t: 3.667

i: 76.0,0.0,81.0,-3.0,-42.0,-13.0,5.0,125.0,120.0
s: 7
t: 36.496

i: 37.0,0.0,79.0,0.0,10.0,-10.0,43.0,69.0,26.0
s: 1
t: 2.153

i: 44.0,-5.0,87.0,0.0,44.0,0.0,43.0,43.0,0.0
s: 1
t: 2.299

i: 46.0,-1.0,90.0,-3.0,46.0,-5.0,43.0,43.0,0.0
s: 1
t: 2.658

i: 105.0,1.0,107.0,2.0,72.0,1.0,1.0,35.0,34.0
s: 4
t: 51.482

i: 48.0,-3.0,88.0,0.0,46.0,-4.0,39.0,41.0,2.0
s: 1
t: 1.968

i: 37.0,5.0,77.0,-1.0,-22.0,2.0,41.0,101.0,60.0
s: 2
t: 2.259

i: 103.0,-2.0,104.0,0.0,70.0,0.0,1.0,35.0,34.0
s: 3
t: 36.390

i: 48.0,-1.0,85.0,0.0,46.0,-7.0,37.0,39.0,2.0
s: 2
t: 2.312

i: 43.0,1.0,88.0,-1.0,42.0,0.0,45.0,47.0,2.0
s: 2
t: 3.072

i: 37.0,-1.0,94.0,0.0,8.0,-9.0,57.0,86.0,30.0
s: 2
t: 2.242

i: 41.0,0.0,83.0,-2.0,42.0,27.0,41.0,41.0,0.0
s: 1
t: 2.334

i: 55.0,-1.0,93.0,0.0,54.0,0.0,38.0,39.0,0.0
s: 1
t: 3.008

i: 37.0,0.0,79.0,0.0,8.0,3.0,42.0,71.0,28.0
s: 2
t: 2.348

i: 37.0,0.0,106.0,-7.0,28.0,0.0,69.0,78.0,8.0
s: 1
t: 2.103

i: 41.0,-1.0,100.0,0.0,38.0,-20.0,59.0,61.0,2.0
s: 2
t: 2.788

i: 37.0,0.0,105.0,0.0,24.0,10.0,68.0,82.0,14.0
s: 2
t: 2.169

i: 37.0,0.0,82.0,0.0,36.0,-12.0,45.0,46.0,2.0
s: 2
t: 2.730

i: 37.0,0.0,76.0,0.0,24.0,-21.0,40.0,53.0,14.0
s: 2
t: 2.499

i: 56.0,1.0,83.0,1.0,56.0,0.0,26.0,26.0,0.0
s: 2
t: 3.183

i: 49.0,0.0,77.0,0.0,46.0,-11.0,28.0,30.0,2.0
s: 2
t: 2.840

i: 44.0,2.0,76.0,0.0,44.0,0.0,32.0,32.0,0.0
s: 1
t: 2.378

i: 41.0,0.0,100.0,0.0,38.0,-6.0,59.0,61.0,2.0
s: 1
t: 2.179

i: 52.0,2.0,82.0,0.0,52.0,0.0,30.0,30.0,0.0
s: 1
t: 3.768

i: 81.0,0.0,84.0,-3.0,-14.0,0.0,3.0,99.0,96.0
s: 10
t: 45.315

i: 56.0,0.0,81.0,0.0,54.0,-26.0,25.0,27.0,2.0
s: 2
t: 2.483

i: 37.0,5.0,79.0,0.0,28.0,1.0,42.0,51.0,8.0
s: 2
t: 2.453

i: 56.0,0.0,97.0,3.0,52.0,0.0,41.0,45.0,4.0
s: 3
t: 5.562

i: 44.0,0.0,84.0,0.0,44.0,10.0,40.0,40.0,0.0
s: 2
t: 4.084

i: 37.0,0.0,76.0,0.0,24.0,-10.0,40.0,53.0,14.0
s: 2
t: 2.723

i: 41.0,4.0,77.0,0.0,38.0,-17.0,36.0,38.0,2.0
s: 1
t: 1.899

i: 44.0,0.0,86.0,0.0,42.0,-9.0,43.0,45.0,2.0
s: 1
t: 2.588

i: 56.0,1.0,96.0,2.0,46.0,0.0,40.0,50.0,10.0
s: 3
t: 5.091

i: 37.0,0.0,76.0,0.0,30.0,-5.0,40.0,45.0,6.0
s: 2
t: 2.220

i: 45.0,4.0,88.0,0.0,44.0,0.0,42.0,44.0,2.0
s: 1
t: 2.111

i: 41.0,0.0,81.0,1.0,38.0,-7.0,40.0,42.0,2.0
s: 2
t: 2.860

i: 42.0,0.0,82.0,0.0,42.0,0.0,40.0,41.0,0.0
s: 1
t: 2.971

i: 37.0,0.0,104.0,0.0,18.0,16.0,66.0,86.0,20.0
s: 2
t: 3.352

i: 46.0,0.0,79.0,0.0,46.0,16.0,33.0,32.0,0.0
s: 1
t: 2.279

i: 42.0,-1.0,87.0,-3.0,42.0,-5.0,45.0,46.0,0.0
s: 1
t: 3.036

i: 55.0,0.0,95.0,0.0,36.0,6.0,40.0,59.0,20.0
s: 6
t: 41.730

i: 55.0,0.0,82.0,0.0,54.0,0.0,26.0,28.0,2.0
s: 2
t: 3.295

i: 46.0,0.0,76.0,0.0,46.0,14.0,30.0,30.0,0.0
s: 1
t: 3.746

i: 55.0,0.0,79.0,2.0,12.0,0.0,23.0,66.0,42.0
s: 7
t: 17.185

i: 46.0,1.0,83.0,0.0,44.0,-12.0,37.0,39.0,2.0
s: 2
t: 2.612

i: 41.0,0.0,83.0,0.0,42.0,29.0,42.0,41.0,0.0
s: 2
t: 2.754

i: 106.0,0.0,108.0,1.0,70.0,0.0,2.0,38.0,36.0
s: 4
t: 38.748

i: 53.0,4.0,80.0,0.0,52.0,0.0,27.0,28.0,2.0
s: 1
t: 1.912

i: 49.0,0.0,95.0,-3.0,50.0,4.0,46.0,46.0,0.0
s: 2
t: 3.667

i: 48.0,2.0,109.0,-7.0,46.0,0.0,60.0,62.0,2.0
s: 1
t: 1.945

i: 47.0,0.0,86.0,-6.0,46.0,0.0,39.0,40.0,0.0
s: 1
t: 1.766

i: 44.0,-1.0,88.0,0.0,42.0,-28.0,44.0,46.0,2.0
s: 1
t: 1.704

i: 37.0,-107.0,77.0,0.0,20.0,0.0,40.0,56.0,16.0
s: 12
t: 16.392

i: 37.0,0.0,106.0,0.0,24.0,0.0,69.0,82.0,14.0
s: 2
t: 2.720

i: 51.0,-5.0,81.0,0.0,50.0,-12.0,30.0,32.0,2.0
s: 2
t: 2.030

i: 51.0,0.0,83.0,0.0,52.0,12.0,31.0,31.0,0.0
s: 2
t: 3.162

i: 41.0,0.0,88.0,0.0,42.0,0.0,47.0,46.0,0.0
s: 1
t: 1.991

i: 55.0,0.0,76.0,0.0,-14.0,25.0,21.0,92.0,70.0
s: 6
t: 45.666

i: 44.0,2.0,79.0,0.0,44.0,8.0,35.0,35.0,0.0
s: 1
t: 2.302

i: 55.0,0.0,96.0,0.0,50.0,25.0,41.0,47.0,6.0
s: 5
t: 11.653

i: 48.0,0.0,83.0,0.0,50.0,26.0,35.0,34.0,0.0
s: 2
t: 3.518

i: 43.0,0.0,76.0,5.0,42.0,-4.0,33.0,35.0,2.0
s: 2
t: 4.228

i: 56.0,1.0,99.0,0.0,50.0,2.0,42.0,49.0,8.0
s: 3
t: 5.730

i: 56.0,0.0,80.0,-3.0,6.0,7.0,24.0,75.0,50.0
s: 4
t: 5.509

max time: 53.88
min time: 0.91
avg time: 7.85

