i: -1.025,-0.397,-0.373,-0.27699999999999997,-0.12300000000000001,-0.031,-0.449,-0.20800000000000002,-0.15,-0.36,-1.025,-0.43,-0.03,-0.518,-0.248,-0.374,-0.621,-0.27699999999999997,-0.262,-0.11800000000000001,-1.025,-0.524,-0.617,-0.34,-0.297,-0.18899999999999997,-0.5589999999999999,-0.4320000000000001,-0.335,-0.6709999999999999,-1.025,-0.49,-0.091,-0.507,-0.242,-0.35600000000000004,-0.648,-0.303,-0.292,-0.22699999999999998
s: 5
t: 17.380

i: -1.246,-0.669,-0.665,-0.45299999999999996,-0.336,-0.315,-0.6409999999999999,-0.465,-0.3720000000000001,-0.653,-1.246,-0.723,-0.514,-0.708,-0.504,-0.643,-0.838,-0.557,-0.532,-0.563,-1.246,-0.8959999999999999,-0.508,-0.726,-0.48200000000000004,-0.36,-0.893,-0.5660000000000001,-0.479,-0.504,-1.246,-0.7040000000000001,-0.505,-0.705,-0.516,-0.6679999999999999,-0.8540000000000001,-0.578,-0.5479999999999999,-0.5870000000000001
s: 3
t: 17.233

i: -1.209,-0.61,-0.564,-0.45,-0.29600000000000004,-0.21100000000000002,-0.693,-0.45,-0.355,-0.715,-1.209,-0.624,-0.473,-0.643,-0.469,-0.59,-0.821,-0.535,-0.504,-0.561,-1.209,-0.893,-0.893,-0.754,-0.655,-0.5429999999999999,-0.8809999999999999,-0.7240000000000001,-0.642,-0.883,-1.209,-0.8390000000000001,-0.696,-0.768,-0.63,-0.643,-0.9159999999999999,-0.703,-0.637,-0.7040000000000001
s: 3
t: 12.791

i: -1.24,-0.639,-0.5429999999999999,-0.505,-0.332,-0.272,-0.728,-0.47100000000000003,-0.39399999999999996,-0.7559999999999999,-1.24,-0.748,-0.516,-0.727,-0.507,-0.583,-0.922,-0.625,-0.5870000000000001,-0.698,-1.24,-1.044,-1.0290000000000001,-0.97,-0.8909999999999999,-0.825,-1.05,-0.9359999999999999,-0.893,-1.033,-1.24,-0.872,-0.708,-0.818,-0.654,-0.679,-0.972,-0.743,-0.6970000000000001,-0.7759999999999999
s: 4
t: 10.842

i: -1.135,-0.7090000000000001,-1.202,-0.495,-0.5760000000000001,-0.307,-0.65,-0.6779999999999999,-0.557,-1.129,-1.135,-0.79,-0.912,-0.7809999999999999,-0.7559999999999999,-0.833,-0.9540000000000001,-0.835,-0.8140000000000001,-1.0,-1.135,-0.996,-0.93,-0.9520000000000001,-0.851,-0.823,-1.0170000000000001,-0.897,-0.861,-0.9259999999999999,-1.135,-0.722,-0.848,-0.7340000000000001,-0.685,-0.828,-0.9179999999999999,-0.76,-0.753,-0.94
s: 11
t: 45.954

i: -1.307,-0.872,-1.216,-0.6659999999999999,-0.698,-0.457,-0.8540000000000001,-0.805,-0.643,-1.136,-1.307,-0.972,-1.032,-0.9390000000000001,-0.885,-0.929,-1.112,-0.972,-0.9390000000000001,-1.105,-1.307,-1.175,-1.1079999999999999,-1.1320000000000001,-1.042,-0.9990000000000001,-1.188,-1.0859999999999999,-1.054,-1.143,-1.307,-0.9179999999999999,-1.0270000000000001,-0.8759999999999999,-0.8390000000000001,-0.903,-1.056,-0.9229999999999999,-0.887,-1.093
s: 8
t: 21.805

i: -1.196,-0.41700000000000004,-0.46,-0.262,-0.091,-0.057999999999999996,-0.48200000000000004,-0.239,-0.188,-0.647,-1.196,-0.503,-0.318,-0.53,-0.317,-0.522,-0.647,-0.337,-0.348,-0.36,-1.196,-0.866,-0.8270000000000001,-0.7340000000000001,-0.622,-0.526,-0.845,-0.679,-0.621,-0.8320000000000001,-1.196,-0.76,-0.696,-0.7070000000000001,-0.583,-0.6629999999999999,-0.856,-0.638,-0.61,-0.711
s: 15
t: 36.628

i: -0.77,-0.331,-0.45399999999999996,-0.08199999999999999,-0.061,-0.024,-0.318,-0.226,-0.155,-0.4970000000000001,-0.77,-0.36,-0.14800000000000002,-0.42100000000000004,-0.289,-0.442,-0.5920000000000001,-0.35700000000000004,-0.377,-0.379,-0.77,-0.5379999999999999,-0.142,-0.284,-0.11199999999999999,0.035,-0.461,-0.179,-0.057,-0.062,-0.77,-0.402,-0.22,-0.423,-0.293,-0.4320000000000001,-0.522,-0.317,-0.28600000000000003,-0.258
s: 9
t: 71.340

i: -0.8290000000000001,-0.359,-0.5579999999999999,-0.10300000000000001,-0.122,-0.145,-0.55,-0.474,-0.332,-0.867,-0.8290000000000001,-0.397,-0.285,-0.46299999999999997,-0.327,-0.542,-0.7190000000000001,-0.48100000000000004,-0.47100000000000003,-0.636,-0.8290000000000001,-0.638,-0.391,-0.5489999999999999,-0.353,-0.235,-0.655,-0.428,-0.35700000000000004,-0.40299999999999997,-0.8290000000000001,-0.544,-0.542,-0.523,-0.524,-0.6509999999999999,-0.621,-0.541,-0.46399999999999997,-0.48
s: 3
t: 17.074

i: -0.852,-0.384,-0.271,-0.165,-0.2,0.001,-0.556,-0.373,-0.215,-0.408,-0.852,-0.366,-0.044000000000000004,-0.444,-0.295,-0.385,-0.603,-0.35700000000000004,-0.365,-0.21600000000000005,-0.852,-0.381,0.085,-0.185,0.004,0.102,-0.441,-0.045,0.031,0.10400000000000001,-0.852,-0.43799999999999994,-0.051,-0.485,-0.335,-0.452,-0.5579999999999999,-0.359,-0.36200000000000004,-0.18100000000000002
s: 5
t: 19.305

i: -0.9990000000000001,-0.304,-0.151,-0.022000000000000002,-0.034,0.006999999999999999,-0.21899999999999997,-0.083,0.005,-0.12,-0.9990000000000001,-0.41100000000000003,0.011000000000000001,-0.495,-0.26,-0.44,-0.514,-0.239,-0.261,-0.099,-0.9990000000000001,-0.7040000000000001,-0.4320000000000001,-0.563,-0.385,-0.27,-0.738,-0.46399999999999997,-0.369,-0.408,-0.9990000000000001,-0.379,-0.08199999999999999,-0.47600000000000003,-0.245,-0.48,-0.5710000000000001,-0.249,-0.261,-0.161
s: 3
t: 17.867

i: -0.853,-0.348,-0.355,-0.139,-0.045,0.079,-0.337,-0.105,-0.052000000000000005,-0.20800000000000002,-0.853,-0.433,-0.06,-0.488,-0.22399999999999998,-0.36200000000000004,-0.605,-0.259,-0.245,-0.134,-0.853,-0.58,-0.7140000000000001,-0.425,-0.447,-0.313,-0.5720000000000001,-0.516,-0.424,-0.679,-0.853,-0.49,-0.10800000000000001,-0.512,-0.276,-0.345,-0.65,-0.348,-0.299,-0.23600000000000002
s: 25
t: 92.062

i: -1.075,-0.506,-0.47200000000000003,-0.33399999999999996,-0.201,-0.124,-0.5429999999999999,-0.326,-0.22,-0.527,-1.075,-0.518,-0.255,-0.5489999999999999,-0.322,-0.512,-0.6629999999999999,-0.35600000000000004,-0.335,-0.331,-1.075,-0.652,-0.72,-0.442,-0.371,-0.23399999999999999,-0.653,-0.502,-0.337,-0.657,-1.075,-0.674,-0.35700000000000004,-0.6729999999999999,-0.4320000000000001,-0.486,-0.8290000000000001,-0.534,-0.466,-0.45399999999999996
s: 21
t: 89.905

i: -1.193,-0.379,-0.311,-0.272,-0.228,-0.24600000000000002,-0.3720000000000001,-0.24100000000000002,-0.195,-0.32299999999999995,-1.193,-0.28800000000000003,0.026000000000000002,-0.545,-0.223,-0.53,-0.363,-0.165,-0.12300000000000001,-0.025,-1.193,-0.623,-1.182,-0.41,-0.485,-0.237,-0.555,-0.625,-0.493,-1.087,-1.193,-0.48700000000000004,-0.581,-0.5479999999999999,-0.499,-0.682,-0.733,-0.537,-0.488,-0.638
s: 3
t: 12.202

i: -1.148,-0.6890000000000001,-0.7609999999999999,-0.529,-0.44,-0.306,-0.6859999999999999,-0.511,-0.42,-0.7559999999999999,-1.148,-0.746,-0.611,-0.691,-0.541,-0.579,-0.86,-0.63,-0.579,-0.6759999999999999,-1.148,-0.812,-0.895,-0.685,-0.611,-0.488,-0.851,-0.6990000000000001,-0.617,-0.932,-1.148,-0.6990000000000001,-0.494,-0.6709999999999999,-0.47600000000000003,-0.552,-0.857,-0.5870000000000001,-0.563,-0.657
s: 5
t: 21.902

i: -1.228,-0.578,-0.555,-0.375,-0.228,-0.135,-0.621,-0.389,-0.282,-0.7120000000000001,-1.228,-0.726,-0.4920000000000001,-0.674,-0.451,-0.535,-0.85,-0.55,-0.512,-0.611,-1.228,-0.977,-0.9309999999999999,-0.875,-0.772,-0.6809999999999999,-0.9690000000000001,-0.8270000000000001,-0.758,-0.914,-1.228,-0.7440000000000001,-0.691,-0.684,-0.583,-0.669,-0.83,-0.63,-0.5770000000000001,-0.672
s: 4
t: 12.317

i: -1.121,-0.473,-0.371,-0.368,-0.319,-0.374,-0.501,-0.321,-0.316,-0.375,-1.121,-0.349,-0.042,-0.599,-0.244,-0.556,-0.45399999999999996,-0.20800000000000002,-0.19399999999999998,-0.085,-1.121,-0.54,-1.246,-0.322,-0.47600000000000003,-0.183,-0.436,-0.583,-0.408,-1.088,-1.121,-0.529,-0.7509999999999999,-0.5770000000000001,-0.5820000000000001,-0.755,-0.748,-0.633,-0.591,-0.7759999999999999
s: 3
t: 13.955

i: -1.0490000000000002,-0.501,-0.447,-0.34700000000000003,-0.24,-0.149,-0.583,-0.364,-0.226,-0.491,-1.0490000000000002,-0.48,-0.19399999999999998,-0.531,-0.331,-0.506,-0.648,-0.381,-0.369,-0.306,-1.0490000000000002,-0.542,-0.639,-0.386,-0.31,-0.235,-0.57,-0.41600000000000004,-0.337,-0.705,-1.0490000000000002,-0.64,-0.345,-0.609,-0.40399999999999997,-0.45899999999999996,-0.752,-0.47200000000000003,-0.414,-0.428
s: 5
t: 17.595

i: -0.898,-0.358,-0.385,-0.193,-0.008,-0.107,-0.45299999999999996,-0.12,-0.11800000000000001,-0.506,-0.898,-0.43799999999999994,-0.196,-0.544,-0.301,-0.516,-0.711,-0.348,-0.365,-0.419,-0.898,-0.708,-0.47100000000000003,-0.521,-0.35600000000000004,-0.24100000000000002,-0.636,-0.431,-0.316,-0.408,-0.898,-0.551,-0.40299999999999997,-0.589,-0.381,-0.602,-0.6609999999999999,-0.402,-0.377,-0.39799999999999996
s: 4
t: 16.950

i: -1.0490000000000002,-0.584,-0.532,-0.326,-0.29,-0.111,-0.504,-0.33,-0.196,-0.47200000000000003,-1.0490000000000002,-0.687,-0.37,-0.653,-0.41600000000000004,-0.46,-0.8009999999999999,-0.499,-0.428,-0.43799999999999994,-1.0490000000000002,-0.6459999999999999,-0.585,-0.509,-0.3720000000000001,-0.312,-0.664,-0.456,-0.401,-0.632,-1.0490000000000002,-0.557,-0.18899999999999997,-0.6,-0.307,-0.44299999999999995,-0.7559999999999999,-0.376,-0.369,-0.321
s: 4
t: 18.829

i: -1.2409999999999999,-0.79,-0.8170000000000001,-0.647,-0.525,-0.415,-0.818,-0.613,-0.53,-0.85,-1.2409999999999999,-0.882,-0.721,-0.8190000000000001,-0.645,-0.6709999999999999,-0.991,-0.753,-0.7020000000000001,-0.816,-1.2409999999999999,-0.88,-0.915,-0.711,-0.5920000000000001,-0.462,-0.858,-0.691,-0.612,-0.9109999999999999,-1.2409999999999999,-0.73,-0.42,-0.675,-0.4320000000000001,-0.48200000000000004,-0.833,-0.517,-0.48200000000000004,-0.506
s: 11
t: 43.389

i: -1.2770000000000001,-0.726,-0.649,-0.557,-0.376,-0.294,-0.7659999999999999,-0.513,-0.43,-0.777,-1.2770000000000001,-0.7509999999999999,-0.573,-0.72,-0.525,-0.626,-0.8909999999999999,-0.608,-0.562,-0.6759999999999999,-1.2770000000000001,-0.993,-0.983,-0.866,-0.78,-0.6809999999999999,-0.981,-0.848,-0.772,-0.981,-1.2770000000000001,-0.917,-0.727,-0.855,-0.67,-0.664,-1.011,-0.762,-0.6990000000000001,-0.7829999999999999
s: 4
t: 11.929

i: -1.17,-0.574,-0.599,-0.285,-0.26899999999999996,-0.121,-0.515,-0.3720000000000001,-0.203,-0.48100000000000004,-1.17,-0.764,-0.455,-0.7190000000000001,-0.514,-0.545,-0.8490000000000001,-0.58,-0.529,-0.507,-1.17,-0.8,-0.804,-0.645,-0.562,-0.47100000000000003,-0.775,-0.625,-0.544,-0.794,-1.17,-0.5820000000000001,-0.368,-0.5770000000000001,-0.3720000000000001,-0.51,-0.7140000000000001,-0.433,-0.40299999999999997,-0.405
s: 10
t: 41.298

i: -1.161,-0.603,-0.5670000000000001,-0.36200000000000004,-0.268,-0.166,-0.5660000000000001,-0.345,-0.20600000000000002,-0.45299999999999996,-1.161,-0.708,-0.467,-0.665,-0.466,-0.532,-0.81,-0.539,-0.483,-0.524,-1.161,-0.7170000000000001,-0.578,-0.539,-0.373,-0.316,-0.675,-0.449,-0.375,-0.575,-1.161,-0.597,-0.258,-0.595,-0.33799999999999997,-0.45399999999999996,-0.752,-0.41100000000000003,-0.405,-0.389
s: 4
t: 18.599

i: -1.013,-0.513,-0.293,-0.26899999999999996,-0.16,-0.024,-0.46399999999999997,-0.237,-0.11800000000000001,-0.295,-1.013,-0.528,-0.047,-0.55,-0.245,-0.368,-0.624,-0.267,-0.273,-0.152,-1.013,-0.531,0.005,-0.20800000000000002,0.025,0.008,-0.44299999999999995,-0.085,-0.011000000000000001,0.022000000000000002,-1.013,-0.479,-0.038,-0.541,-0.263,-0.408,-0.61,-0.272,-0.282,-0.106
s: 4
t: 15.793

i: 0.065,0.033,-0.455,0.14800000000000002,-0.2,-0.172,0.079,-0.16399999999999998,-0.073,-0.21100000000000002,0.065,0.033,0.14,-0.226,-0.203,-0.467,-0.33799999999999997,-0.239,-0.316,-0.209,0.065,0.062,-0.5920000000000001,0.13699999999999998,-0.22399999999999998,-0.162,0.031,-0.22899999999999998,-0.195,-0.5670000000000001,0.065,0.006,0.265,-0.251,-0.081,-0.19699999999999998,-0.507,-0.242,-0.252,-0.214
s: 52
t: 140.211

i: -1.207,-0.725,-1.158,-0.544,-0.5539999999999999,-0.306,-0.703,-0.6579999999999999,-0.5429999999999999,-1.088,-1.207,-0.8,-0.883,-0.7709999999999999,-0.7090000000000001,-0.809,-0.932,-0.7759999999999999,-0.765,-0.937,-1.207,-1.021,-0.9329999999999999,-0.937,-0.8270000000000001,-0.797,-1.022,-0.8809999999999999,-0.8370000000000001,-0.955,-1.207,-0.782,-0.978,-0.763,-0.785,-0.872,-0.932,-0.85,-0.825,-1.028
s: 12
t: 43.502

i: -1.041,-0.4920000000000001,-0.33899999999999997,-0.233,-0.128,-0.08199999999999999,-0.434,-0.247,-0.14400000000000002,-0.28600000000000003,-1.041,-0.5920000000000001,-0.259,-0.583,-0.345,-0.45799999999999996,-0.72,-0.40299999999999997,-0.369,-0.344,-1.041,-0.679,-0.629,-0.563,-0.46799999999999997,-0.40299999999999997,-0.695,-0.526,-0.475,-0.667,-1.041,-0.504,-0.159,-0.529,-0.287,-0.419,-0.6940000000000001,-0.361,-0.34600000000000003,-0.318
s: 4
t: 19.491

i: -1.1059999999999999,-0.593,-0.489,-0.32,-0.201,-0.086,-0.52,-0.331,-0.19,-0.441,-1.1059999999999999,-0.675,-0.191,-0.649,-0.32799999999999996,-0.405,-0.7759999999999999,-0.389,-0.35200000000000004,-0.29,-1.1059999999999999,-0.728,-0.69,-0.5710000000000001,-0.48100000000000004,-0.387,-0.738,-0.564,-0.473,-0.698,-1.1059999999999999,-0.578,-0.308,-0.601,-0.371,-0.496,-0.7559999999999999,-0.46,-0.431,-0.446
s: 28
t: 113.012

i: -0.836,-0.43799999999999994,-0.37799999999999995,-0.185,-0.177,-0.133,-0.37,-0.233,-0.114,-0.28,-0.836,-0.414,-0.139,-0.493,-0.318,-0.446,-0.5670000000000001,-0.32,-0.273,-0.204,-0.836,-0.435,-0.5529999999999999,-0.231,-0.17600000000000002,-0.03,-0.405,-0.262,-0.172,-0.557,-0.836,-0.41600000000000004,0.052000000000000005,-0.42,-0.132,-0.188,-0.608,-0.252,-0.23,-0.16899999999999998
s: 77
t: 110.892

i: -1.28,-0.764,-1.1320000000000001,-0.5820000000000001,-0.591,-0.38299999999999995,-0.789,-0.737,-0.637,-1.203,-1.28,-0.882,-0.9390000000000001,-0.843,-0.7829999999999999,-0.868,-1.021,-0.8759999999999999,-0.865,-1.061,-1.28,-1.15,-1.091,-1.087,-1.01,-0.9620000000000001,-1.143,-1.053,-1.008,-1.08,-1.28,-0.863,-1.041,-0.8190000000000001,-0.828,-0.915,-0.9690000000000001,-0.8740000000000001,-0.838,-1.013
s: 7
t: 22.923

i: -1.138,-0.6709999999999999,-1.094,-0.546,-0.57,-0.37,-0.708,-0.634,-0.5579999999999999,-1.078,-1.138,-0.757,-0.85,-0.757,-0.711,-0.813,-0.945,-0.792,-0.7909999999999999,-0.972,-1.138,-0.9620000000000001,-0.882,-0.909,-0.8079999999999999,-0.7829999999999999,-0.993,-0.8640000000000001,-0.83,-0.924,-1.138,-0.762,-0.9570000000000001,-0.748,-0.782,-0.871,-0.909,-0.845,-0.831,-1.026
s: 38
t: 385.682

i: -1.301,-0.8859999999999999,-1.214,-0.696,-0.701,-0.467,-0.856,-0.804,-0.685,-1.178,-1.301,-0.975,-1.038,-0.934,-0.888,-0.9329999999999999,-1.093,-0.9690000000000001,-0.941,-1.102,-1.301,-1.1440000000000001,-1.065,-1.094,-1.0,-0.958,-1.168,-1.06,-1.026,-1.135,-1.301,-0.898,-1.006,-0.865,-0.831,-0.899,-1.0490000000000002,-0.92,-0.885,-1.0859999999999999
s: 60
t: 65.791

i: -1.173,-0.542,-0.41100000000000003,-0.359,-0.16699999999999998,-0.10800000000000001,-0.531,-0.242,-0.166,-0.42200000000000004,-1.173,-0.746,-0.57,-0.703,-0.535,-0.605,-0.875,-0.63,-0.606,-0.703,-1.173,-0.799,-0.845,-0.638,-0.545,-0.43,-0.828,-0.6629999999999999,-0.57,-0.8759999999999999,-1.173,-0.5589999999999999,-0.26899999999999996,-0.557,-0.324,-0.46299999999999997,-0.685,-0.368,-0.358,-0.34
s: 5
t: 22.350

i: -1.1420000000000001,-0.424,-0.228,-0.33899999999999997,-0.247,-0.22699999999999998,-0.509,-0.289,-0.222,-0.27699999999999997,-1.1420000000000001,-0.317,0.063,-0.617,-0.23199999999999998,-0.47700000000000004,-0.42100000000000004,-0.179,-0.138,0.065,-1.1420000000000001,-0.534,-1.151,-0.348,-0.467,-0.21899999999999997,-0.452,-0.57,-0.43799999999999994,-1.02,-1.1420000000000001,-0.534,-0.564,-0.532,-0.475,-0.643,-0.6940000000000001,-0.544,-0.44299999999999995,-0.585
s: 3
t: 13.418

i: -1.252,-0.40700000000000003,-0.15,-0.27899999999999997,-0.168,-0.218,-0.423,-0.18100000000000002,-0.154,-0.155,-1.252,-0.302,0.005,-0.609,-0.245,-0.517,-0.3670000000000001,-0.158,-0.149,0.06,-1.252,-0.67,-1.188,-0.48200000000000004,-0.5379999999999999,-0.253,-0.613,-0.657,-0.541,-1.1320000000000001,-1.252,-0.622,-0.674,-0.588,-0.5329999999999999,-0.698,-0.7440000000000001,-0.598,-0.491,-0.63
s: 3
t: 13.463

i: -1.254,-0.511,-0.289,-0.35200000000000004,-0.282,-0.27399999999999997,-0.485,-0.326,-0.27,-0.28600000000000003,-1.254,-0.33299999999999996,-0.057999999999999996,-0.5770000000000001,-0.268,-0.534,-0.433,-0.222,-0.16699999999999998,-0.039,-1.254,-0.598,-1.17,-0.39399999999999996,-0.45899999999999996,-0.19899999999999998,-0.5670000000000001,-0.615,-0.4920000000000001,-1.158,-1.254,-0.574,-0.757,-0.5720000000000001,-0.5760000000000001,-0.732,-0.757,-0.629,-0.552,-0.7290000000000001
s: 3
t: 13.113

i: -1.068,-0.371,-0.40700000000000003,-0.177,-0.077,0.006,-0.384,-0.233,-0.11800000000000001,-0.461,-1.068,-0.391,-0.06,-0.488,-0.21,-0.42,-0.529,-0.188,-0.205,-0.099,-1.068,-0.5820000000000001,-0.631,-0.34600000000000003,-0.258,-0.17800000000000002,-0.5720000000000001,-0.44299999999999995,-0.309,-0.6559999999999999,-1.068,-0.58,-0.243,-0.613,-0.39799999999999996,-0.507,-0.7390000000000001,-0.445,-0.408,-0.336
s: 4
t: 16.962

i: -0.826,-0.617,-0.7809999999999999,-0.568,-0.586,-0.5329999999999999,-0.675,-0.611,-0.5870000000000001,-0.7959999999999999,-0.826,-0.654,-0.6409999999999999,-0.6990000000000001,-0.63,-0.6920000000000001,-0.8759999999999999,-0.748,-0.746,-0.84,-0.826,-0.648,-0.8320000000000001,-0.56,-0.575,-0.528,-0.664,-0.615,-0.601,-0.8590000000000001,-0.826,-0.585,-0.4270000000000001,-0.5589999999999999,-0.409,-0.424,-0.7070000000000001,-0.517,-0.483,-0.581
s: 5
t: 21.090

i: -1.225,-0.536,-0.254,-0.39299999999999996,-0.284,-0.271,-0.535,-0.335,-0.252,-0.25,-1.225,-0.369,-0.096,-0.611,-0.273,-0.561,-0.47,-0.231,-0.17,-0.068,-1.225,-0.586,-1.194,-0.41200000000000003,-0.513,-0.265,-0.5539999999999999,-0.645,-0.524,-1.1640000000000001,-1.225,-0.563,-0.69,-0.5670000000000001,-0.537,-0.7,-0.732,-0.588,-0.509,-0.6709999999999999
s: 3
t: 15.949

i: -0.862,-0.363,-0.509,-0.192,-0.18100000000000002,-0.102,-0.435,-0.293,-0.161,-0.5,-0.862,-0.33399999999999996,-0.131,-0.444,-0.266,-0.46,-0.575,-0.317,-0.302,-0.253,-0.862,-0.405,-0.544,-0.289,-0.228,-0.129,-0.499,-0.326,-0.26,-0.621,-0.862,-0.44,-0.16399999999999998,-0.484,-0.268,-0.439,-0.648,-0.366,-0.373,-0.397
s: 47
t: 152.990

i: -1.1740000000000002,-0.436,-0.373,-0.207,-0.17800000000000002,-0.06,-0.39299999999999996,-0.292,-0.10800000000000001,-0.281,-1.1740000000000002,-0.445,-0.12300000000000001,-0.53,-0.32,-0.51,-0.517,-0.27399999999999997,-0.27399999999999997,-0.09699999999999999,-1.1740000000000002,-0.759,-0.774,-0.5770000000000001,-0.446,-0.34299999999999997,-0.7559999999999999,-0.5589999999999999,-0.485,-0.813,-1.1740000000000002,-0.615,-0.293,-0.607,-0.365,-0.495,-0.727,-0.43799999999999994,-0.386,-0.35
s: 12
t: 26.921

i: -0.54,-0.252,-0.33799999999999997,-0.064,-0.145,-0.038,-0.285,-0.258,-0.127,-0.389,-0.54,-0.379,-0.267,-0.447,-0.406,-0.514,-0.605,-0.511,-0.52,-0.551,-0.54,-0.32,-0.45399999999999996,-0.191,-0.214,-0.18600000000000005,-0.258,-0.237,-0.239,-0.474,-0.54,-0.249,-0.192,-0.312,-0.28600000000000003,-0.442,-0.473,-0.35700000000000004,-0.373,-0.384
s: 4
t: 19.151

i: -1.224,-0.812,-1.15,-0.621,-0.632,-0.46,-0.785,-0.7190000000000001,-0.637,-1.1340000000000001,-1.224,-0.8909999999999999,-0.983,-0.85,-0.809,-0.875,-1.008,-0.878,-0.863,-1.028,-1.224,-1.057,-0.965,-0.9940000000000001,-0.894,-0.851,-1.068,-0.943,-0.902,-1.0,-1.224,-0.836,-0.94,-0.802,-0.775,-0.872,-0.976,-0.858,-0.845,-1.033
s: 6
t: 13.518

i: -1.175,-0.948,-1.071,-0.867,-0.847,-0.795,-0.945,-0.865,-0.853,-1.097,-1.175,-0.833,-0.937,-0.8079999999999999,-0.7659999999999999,-0.812,-0.975,-0.8370000000000001,-0.8240000000000001,-1.0170000000000001,-1.175,-0.853,-1.122,-0.759,-0.767,-0.6809999999999999,-0.857,-0.7759999999999999,-0.7759999999999999,-1.162,-1.175,-0.84,-0.89,-0.823,-0.762,-0.826,-0.9890000000000001,-0.8370000000000001,-0.8290000000000001,-0.99
s: 7
t: 31.269

i: -1.084,-0.511,-0.326,-0.408,-0.29,-0.304,-0.496,-0.304,-0.282,-0.318,-1.084,-0.337,-0.09699999999999999,-0.602,-0.289,-0.528,-0.508,-0.254,-0.212,-0.13699999999999998,-1.084,-0.546,-1.288,-0.39299999999999996,-0.539,-0.23399999999999999,-0.493,-0.605,-0.489,-1.141,-1.084,-0.473,-0.626,-0.524,-0.494,-0.647,-0.728,-0.563,-0.47700000000000004,-0.6629999999999999
s: 3
t: 14.041

i: -1.023,-0.596,-1.139,-0.424,-0.562,-0.28800000000000003,-0.601,-0.6409999999999999,-0.484,-1.074,-1.023,-0.6579999999999999,-0.8009999999999999,-0.642,-0.642,-0.731,-0.816,-0.7140000000000001,-0.691,-0.857,-1.023,-0.858,-0.773,-0.78,-0.6940000000000001,-0.669,-0.853,-0.741,-0.7040000000000001,-0.7929999999999999,-1.023,-0.6859999999999999,-0.847,-0.6759999999999999,-0.6890000000000001,-0.8,-0.831,-0.7509999999999999,-0.7390000000000001,-0.9209999999999999
s: 14
t: 54.426

i: -0.977,-0.653,-0.569,-0.501,-0.373,-0.254,-0.6509999999999999,-0.445,-0.34299999999999997,-0.531,-0.977,-0.665,-0.535,-0.635,-0.517,-0.5489999999999999,-0.8,-0.602,-0.5479999999999999,-0.601,-0.977,-0.7340000000000001,-0.938,-0.551,-0.584,-0.40299999999999997,-0.684,-0.638,-0.516,-0.831,-0.977,-0.725,-0.6629999999999999,-0.69,-0.606,-0.654,-0.846,-0.7070000000000001,-0.6679999999999999,-0.762
s: 8
t: 45.397

i: -1.228,-0.608,-0.308,-0.319,-0.168,-0.069,-0.579,-0.294,-0.10800000000000001,-0.177,-1.228,-0.585,-0.142,-0.581,-0.282,-0.41600000000000004,-0.6459999999999999,-0.295,-0.273,-0.15,-1.228,-0.85,-0.9329999999999999,-0.6579999999999999,-0.5539999999999999,-0.39899999999999997,-0.789,-0.628,-0.515,-0.8420000000000001,-1.228,-0.669,-0.31,-0.662,-0.406,-0.523,-0.772,-0.46799999999999997,-0.433,-0.401
s: 10
t: 30.362

i: -0.934,-0.6990000000000001,-0.5489999999999999,-0.405,-0.35100000000000003,-0.159,-0.601,-0.40700000000000003,-0.254,-0.39399999999999996,-0.934,-0.68,-0.428,-0.632,-0.439,-0.46299999999999997,-0.773,-0.512,-0.45399999999999996,-0.428,-0.934,-0.713,-0.8190000000000001,-0.53,-0.514,-0.39399999999999996,-0.626,-0.56,-0.45299999999999996,-0.6509999999999999,-0.934,-0.635,-0.444,-0.5710000000000001,-0.41700000000000004,-0.46299999999999997,-0.762,-0.552,-0.515,-0.626
s: 7
t: 21.963

i: -1.27,-0.588,-0.616,-0.344,-0.247,-0.053,-0.599,-0.39,-0.19699999999999998,-0.5670000000000001,-1.27,-0.515,-0.34,-0.5579999999999999,-0.435,-0.5720000000000001,-0.618,-0.406,-0.34299999999999997,-0.244,-1.27,-0.594,-0.215,-0.28,-0.218,-0.08,-0.68,-0.307,-0.138,-0.239,-1.27,-0.52,-0.33,-0.542,-0.386,-0.54,-0.604,-0.3670000000000001,-0.32,-0.24600000000000002
s: 5
t: 18.375

i: -1.155,-0.573,-0.43,-0.461,-0.34600000000000003,-0.33899999999999997,-0.579,-0.371,-0.331,-0.441,-1.155,-0.4320000000000001,-0.162,-0.602,-0.3,-0.568,-0.531,-0.27899999999999997,-0.245,-0.192,-1.155,-0.564,-1.196,-0.359,-0.44299999999999995,-0.187,-0.474,-0.5539999999999999,-0.457,-1.107,-1.155,-0.545,-0.799,-0.573,-0.602,-0.767,-0.757,-0.652,-0.62,-0.828
s: 3
t: 14.529

i: -1.176,-0.79,-1.1840000000000002,-0.588,-0.633,-0.41100000000000003,-0.748,-0.7140000000000001,-0.596,-1.064,-1.176,-0.885,-0.97,-0.855,-0.826,-0.88,-1.011,-0.9,-0.887,-1.045,-1.176,-1.023,-0.977,-0.9790000000000001,-0.897,-0.872,-1.044,-0.935,-0.9079999999999999,-1.006,-1.176,-0.775,-0.914,-0.755,-0.727,-0.813,-0.9420000000000001,-0.804,-0.784,-0.997
s: 13
t: 60.202

i: -1.216,-0.364,-0.485,-0.115,-0.102,-0.040999999999999995,-0.391,-0.223,-0.09300000000000001,-0.4,-1.216,-0.505,-0.253,-0.556,-0.35700000000000004,-0.536,-0.624,-0.353,-0.324,-0.259,-1.216,-0.9329999999999999,-0.601,-0.769,-0.547,-0.42100000000000004,-0.9209999999999999,-0.6409999999999999,-0.534,-0.607,-1.216,-0.57,-0.26899999999999996,-0.5820000000000001,-0.3670000000000001,-0.519,-0.644,-0.3720000000000001,-0.341,-0.28300000000000003
s: 3
t: 16.634

i: -1.3130000000000002,-0.6709999999999999,-0.767,-0.4370000000000001,-0.29,-0.22399999999999998,-0.6609999999999999,-0.48700000000000004,-0.375,-0.758,-1.3130000000000002,-0.722,-0.61,-0.6970000000000001,-0.5329999999999999,-0.685,-0.8440000000000001,-0.585,-0.556,-0.632,-1.3130000000000002,-0.982,-0.813,-0.83,-0.65,-0.531,-1.0090000000000001,-0.759,-0.662,-0.8170000000000001,-1.3130000000000002,-0.7020000000000001,-0.6759999999999999,-0.6559999999999999,-0.55,-0.647,-0.823,-0.596,-0.5329999999999999,-0.627
s: 5
t: 20.087

i: -1.121,-0.601,-0.613,-0.42,-0.33299999999999996,-0.248,-0.591,-0.40399999999999997,-0.331,-0.643,-1.121,-0.721,-0.508,-0.682,-0.508,-0.552,-0.858,-0.606,-0.5870000000000001,-0.645,-1.121,-0.752,-0.915,-0.602,-0.5710000000000001,-0.461,-0.745,-0.634,-0.564,-0.902,-1.121,-0.569,-0.405,-0.562,-0.39799999999999996,-0.5660000000000001,-0.7170000000000001,-0.455,-0.456,-0.518
s: 5
t: 21.887

i: -1.295,-0.937,-0.802,-0.7390000000000001,-0.578,-0.46399999999999997,-0.94,-0.7070000000000001,-0.573,-0.815,-1.295,-0.943,-0.6579999999999999,-0.873,-0.63,-0.632,-1.051,-0.759,-0.693,-0.774,-1.295,-1.07,-0.9840000000000001,-0.96,-0.826,-0.757,-1.0759999999999998,-0.9129999999999999,-0.847,-1.014,-1.295,-1.003,-0.8220000000000001,-0.929,-0.759,-0.7440000000000001,-1.087,-0.865,-0.807,-0.924
s: 23
t: 73.069

i: -1.151,-0.628,-1.117,-0.44799999999999995,-0.535,-0.268,-0.6629999999999999,-0.642,-0.491,-1.091,-1.151,-0.733,-0.892,-0.708,-0.7,-0.799,-0.898,-0.775,-0.754,-0.955,-1.151,-0.986,-0.903,-0.9179999999999999,-0.8109999999999999,-0.753,-0.9890000000000001,-0.852,-0.804,-0.898,-1.151,-0.748,-0.9259999999999999,-0.6990000000000001,-0.7340000000000001,-0.8440000000000001,-0.851,-0.8009999999999999,-0.794,-0.98
s: 10
t: 33.888

i: -1.153,-0.385,-0.264,-0.305,-0.223,-0.27,-0.413,-0.22699999999999998,-0.20800000000000002,-0.276,-1.153,-0.294,0.004,-0.5670000000000001,-0.23,-0.53,-0.395,-0.171,-0.129,-0.039,-1.153,-0.5720000000000001,-1.2009999999999998,-0.379,-0.478,-0.222,-0.504,-0.594,-0.46399999999999997,-1.068,-1.153,-0.467,-0.631,-0.528,-0.525,-0.695,-0.716,-0.5660000000000001,-0.508,-0.6859999999999999
s: 3
t: 15.249

i: -1.087,-0.648,-1.097,-0.508,-0.5670000000000001,-0.3670000000000001,-0.674,-0.635,-0.5379999999999999,-1.056,-1.087,-0.73,-0.8240000000000001,-0.7190000000000001,-0.691,-0.7909999999999999,-0.9,-0.769,-0.764,-0.943,-1.087,-0.9079999999999999,-0.833,-0.845,-0.7490000000000001,-0.726,-0.9179999999999999,-0.7879999999999999,-0.75,-0.838,-1.087,-0.6970000000000001,-0.877,-0.7070000000000001,-0.71,-0.836,-0.877,-0.7809999999999999,-0.794,-0.996
s: 13
t: 507.886

i: -1.2009999999999998,-0.784,-1.189,-0.574,-0.6,-0.36200000000000004,-0.7120000000000001,-0.6779999999999999,-0.55,-1.008,-1.2009999999999998,-0.868,-0.9420000000000001,-0.8390000000000001,-0.797,-0.868,-1.001,-0.868,-0.8540000000000001,-1.013,-1.2009999999999998,-1.035,-0.961,-0.982,-0.88,-0.84,-1.048,-0.927,-0.895,-0.992,-1.2009999999999998,-0.773,-0.903,-0.741,-0.722,-0.8079999999999999,-0.941,-0.8079999999999999,-0.792,-1.014
s: 19
t: 91.314

i: -1.124,-0.397,-0.727,-0.209,-0.226,-0.087,-0.447,-0.35200000000000004,-0.166,-0.706,-1.124,-0.483,-0.376,-0.5760000000000001,-0.418,-0.604,-0.691,-0.439,-0.402,-0.415,-1.124,-0.8440000000000001,-0.521,-0.608,-0.363,-0.235,-0.7959999999999999,-0.485,-0.375,-0.522,-1.124,-0.584,-0.484,-0.583,-0.4270000000000001,-0.623,-0.648,-0.446,-0.39899999999999997,-0.408
s: 3
t: 16.620

i: -1.05,-0.457,-0.455,-0.248,-0.225,-0.085,-0.498,-0.316,-0.136,-0.444,-1.05,-0.633,-0.29100000000000004,-0.625,-0.387,-0.47,-0.779,-0.469,-0.441,-0.428,-1.05,-0.715,-0.732,-0.5770000000000001,-0.511,-0.455,-0.6890000000000001,-0.56,-0.512,-0.7290000000000001,-1.05,-0.555,-0.359,-0.574,-0.391,-0.542,-0.726,-0.47200000000000003,-0.45399999999999996,-0.504
s: 53
t: 148.878

i: -1.057,-0.58,-0.603,-0.43799999999999994,-0.337,-0.27699999999999997,-0.627,-0.45,-0.391,-0.674,-1.057,-0.648,-0.6,-0.599,-0.512,-0.5870000000000001,-0.7829999999999999,-0.612,-0.58,-0.708,-1.057,-0.823,-0.965,-0.6920000000000001,-0.6759999999999999,-0.539,-0.8240000000000001,-0.74,-0.655,-0.929,-1.057,-0.6759999999999999,-0.604,-0.624,-0.539,-0.589,-0.784,-0.626,-0.586,-0.6859999999999999
s: 60
t: 169.317

i: -0.968,-0.384,-0.349,-0.17600000000000002,-0.09300000000000001,-0.043,-0.426,-0.198,-0.09,-0.35,-0.968,-0.518,-0.265,-0.531,-0.332,-0.431,-0.6829999999999999,-0.414,-0.386,-0.381,-0.968,-0.552,-0.5579999999999999,-0.379,-0.311,-0.259,-0.527,-0.392,-0.309,-0.55,-0.968,-0.43799999999999994,-0.134,-0.48100000000000004,-0.261,-0.426,-0.595,-0.29,-0.321,-0.254
s: 32
t: 119.372

i: -1.1340000000000001,-0.626,-0.345,-0.418,-0.257,-0.125,-0.6459999999999999,-0.405,-0.264,-0.267,-1.1340000000000001,-0.565,-0.23199999999999998,-0.623,-0.33399999999999996,-0.557,-0.652,-0.33399999999999996,-0.336,-0.24100000000000002,-1.1340000000000001,-0.721,-0.8320000000000001,-0.478,-0.387,-0.284,-0.593,-0.491,-0.36200000000000004,-0.725,-1.1340000000000001,-0.688,-0.32299999999999995,-0.6920000000000001,-0.40399999999999997,-0.511,-0.765,-0.46,-0.389,-0.35700000000000004
s: 5
t: 12.282

i: -1.163,-0.529,-0.322,-0.268,-0.15,-0.027000000000000003,-0.522,-0.272,-0.096,-0.345,-1.163,-0.7070000000000001,-0.349,-0.669,-0.425,-0.494,-0.7979999999999999,-0.4920000000000001,-0.442,-0.40700000000000003,-1.163,-0.76,-0.695,-0.5920000000000001,-0.462,-0.35700000000000004,-0.71,-0.527,-0.441,-0.6709999999999999,-1.163,-0.628,-0.33399999999999996,-0.605,-0.408,-0.484,-0.7240000000000001,-0.45899999999999996,-0.42200000000000004,-0.37799999999999995
s: 28
t: 135.110

i: -0.853,-0.44799999999999995,-0.41100000000000003,-0.19899999999999998,-0.24,-0.142,-0.473,-0.377,-0.18600000000000005,-0.35700000000000004,-0.853,-0.425,0.08800000000000001,-0.5479999999999999,-0.262,-0.41100000000000003,-0.607,-0.26899999999999996,-0.28300000000000003,-0.08800000000000001,-0.853,-0.513,0.10400000000000001,-0.203,0.045,0.017,-0.40700000000000003,-0.019,-0.006999999999999999,0.10800000000000001,-0.853,-0.479,0.15,-0.514,-0.147,-0.239,-0.591,-0.21100000000000002,-0.182,0.012
s: 5
t: 17.746

i: -1.181,-0.502,-0.57,-0.327,-0.165,-0.11699999999999999,-0.579,-0.375,-0.313,-0.767,-1.181,-0.517,-0.47200000000000003,-0.54,-0.41100000000000003,-0.616,-0.6970000000000001,-0.449,-0.447,-0.513,-1.181,-0.857,-0.8290000000000001,-0.75,-0.639,-0.579,-0.877,-0.7,-0.653,-0.883,-1.181,-0.805,-0.725,-0.748,-0.653,-0.6890000000000001,-0.9079999999999999,-0.7190000000000001,-0.67,-0.7709999999999999
s: 5
t: 13.316

i: -1.151,-0.47,-0.4370000000000001,-0.359,-0.314,-0.34,-0.48100000000000004,-0.33799999999999997,-0.301,-0.434,-1.151,-0.327,-0.057999999999999996,-0.579,-0.247,-0.5489999999999999,-0.445,-0.218,-0.18,-0.109,-1.151,-0.519,-1.214,-0.322,-0.46799999999999997,-0.18600000000000005,-0.465,-0.5870000000000001,-0.434,-1.092,-1.151,-0.5,-0.6970000000000001,-0.557,-0.534,-0.725,-0.7440000000000001,-0.588,-0.5579999999999999,-0.742
s: 3
t: 14.009

i: -1.091,-0.478,-0.529,-0.20199999999999999,-0.23,-0.069,-0.49,-0.3670000000000001,-0.183,-0.603,-1.091,-0.5820000000000001,-0.207,-0.578,-0.35100000000000003,-0.45899999999999996,-0.7170000000000001,-0.386,-0.364,-0.336,-1.091,-0.597,-0.54,-0.40399999999999997,-0.32799999999999996,-0.204,-0.596,-0.391,-0.268,-0.536,-1.091,-0.516,-0.245,-0.526,-0.313,-0.465,-0.617,-0.337,-0.325,-0.26
s: 4
t: 20.889

i: -1.107,-0.408,-0.07400000000000001,-0.21,-0.022000000000000002,-0.012,-0.455,-0.14400000000000002,-0.05,0.054000000000000006,-1.107,-0.413,-0.07,-0.525,-0.27699999999999997,-0.501,-0.512,-0.203,-0.249,-0.035,-1.107,-0.652,-0.7240000000000001,-0.47700000000000004,-0.392,-0.33299999999999996,-0.6729999999999999,-0.505,-0.42100000000000004,-0.753,-1.107,-0.527,-0.121,-0.584,-0.27699999999999997,-0.446,-0.617,-0.299,-0.237,-0.16399999999999998
s: 6
t: 12.240

i: -1.112,-0.402,-0.209,-0.213,-0.037000000000000005,-0.038,-0.4270000000000001,-0.114,-0.035,-0.244,-1.112,-0.523,-0.19399999999999998,-0.585,-0.318,-0.475,-0.6890000000000001,-0.344,-0.318,-0.259,-1.112,-0.79,-0.5579999999999999,-0.648,-0.434,-0.314,-0.825,-0.539,-0.435,-0.596,-1.112,-0.535,-0.192,-0.5920000000000001,-0.318,-0.47200000000000003,-0.691,-0.34,-0.326,-0.242
s: 3
t: 16.949

i: -1.268,-0.762,-0.653,-0.573,-0.401,-0.281,-0.784,-0.5589999999999999,-0.4320000000000001,-0.711,-1.268,-0.8809999999999999,-0.6659999999999999,-0.8340000000000001,-0.64,-0.68,-1.0090000000000001,-0.748,-0.7040000000000001,-0.789,-1.268,-1.023,-0.982,-0.912,-0.799,-0.708,-1.01,-0.8540000000000001,-0.7929999999999999,-0.9590000000000001,-1.268,-0.8140000000000001,-0.601,-0.758,-0.555,-0.595,-0.92,-0.648,-0.5760000000000001,-0.6559999999999999
s: 4
t: 11.737

i: -0.8909999999999999,-0.313,-0.165,-0.025,0.006999999999999999,0.061,-0.248,-0.077,0.028999999999999998,-0.149,-0.8909999999999999,-0.308,0.134,-0.53,-0.256,-0.47600000000000003,-0.4320000000000001,-0.159,-0.21899999999999997,0.019,-0.8909999999999999,-0.44799999999999995,-0.094,-0.12,-0.084,-0.1,-0.33399999999999996,-0.109,0.004,-0.10400000000000001,-0.8909999999999999,-0.265,0.128,-0.44799999999999995,-0.221,-0.444,-0.353,-0.141,-0.149,0.062
s: 60
t: 70.342

i: -1.214,-0.536,-0.469,-0.301,-0.14400000000000002,-0.11699999999999999,-0.536,-0.258,-0.18100000000000002,-0.555,-1.214,-0.626,-0.365,-0.617,-0.413,-0.55,-0.7609999999999999,-0.465,-0.442,-0.462,-1.214,-0.8909999999999999,-0.608,-0.732,-0.504,-0.397,-0.92,-0.634,-0.546,-0.635,-1.214,-0.611,-0.396,-0.647,-0.42100000000000004,-0.628,-0.74,-0.45799999999999996,-0.446,-0.428
s: 3
t: 16.882

i: -0.973,-0.204,-0.479,-0.077,-0.084,-0.113,-0.441,-0.298,-0.20199999999999999,-0.657,-0.973,-0.345,-0.322,-0.423,-0.315,-0.568,-0.629,-0.39299999999999996,-0.40399999999999997,-0.49,-0.973,-0.732,-0.48200000000000004,-0.601,-0.39899999999999997,-0.268,-0.748,-0.496,-0.38,-0.491,-0.973,-0.552,-0.4320000000000001,-0.5329999999999999,-0.44799999999999995,-0.617,-0.585,-0.462,-0.423,-0.436
s: 3
t: 16.545

i: -0.9229999999999999,-0.57,-0.6809999999999999,-0.287,-0.303,-0.174,-0.507,-0.4370000000000001,-0.262,-0.608,-0.9229999999999999,-0.54,-0.341,-0.46,-0.325,-0.39,-0.629,-0.423,-0.35,-0.409,-0.9229999999999999,-0.606,-0.6920000000000001,-0.39899999999999997,-0.35200000000000004,-0.156,-0.6,-0.483,-0.33399999999999996,-0.69,-0.9229999999999999,-0.585,-0.46399999999999997,-0.539,-0.41600000000000004,-0.457,-0.728,-0.522,-0.48,-0.5760000000000001
s: 6
t: 22.140

i: -1.291,-0.8079999999999999,-1.192,-0.563,-0.586,-0.345,-0.742,-0.701,-0.5429999999999999,-1.042,-1.291,-0.934,-1.01,-0.873,-0.823,-0.8909999999999999,-1.024,-0.889,-0.855,-1.0170000000000001,-1.291,-1.171,-1.087,-1.133,-1.038,-0.9840000000000001,-1.188,-1.087,-1.046,-1.1159999999999999,-1.291,-0.853,-0.978,-0.81,-0.78,-0.86,-1.003,-0.868,-0.8390000000000001,-1.051
s: 60
t: 64.994

i: -1.157,-0.821,-0.7509999999999999,-0.609,-0.48200000000000004,-0.294,-0.787,-0.603,-0.45,-0.713,-1.157,-0.765,-0.508,-0.653,-0.449,-0.431,-0.8059999999999999,-0.546,-0.44,-0.483,-1.157,-0.8540000000000001,-0.9179999999999999,-0.633,-0.556,-0.358,-0.8170000000000001,-0.6890000000000001,-0.535,-0.861,-1.157,-0.857,-0.7040000000000001,-0.79,-0.629,-0.642,-0.9590000000000001,-0.743,-0.6920000000000001,-0.809
s: 4
t: 17.620

i: -1.053,-0.6509999999999999,-0.602,-0.414,-0.284,-0.07400000000000001,-0.632,-0.426,-0.272,-0.613,-1.053,-0.6709999999999999,-0.39399999999999996,-0.563,-0.324,-0.327,-0.722,-0.41700000000000004,-0.308,-0.368,-1.053,-0.777,-0.795,-0.56,-0.474,-0.28300000000000003,-0.687,-0.547,-0.397,-0.648,-1.053,-0.75,-0.586,-0.679,-0.508,-0.519,-0.84,-0.616,-0.56,-0.6609999999999999
s: 22
t: 97.895

i: -1.2429999999999999,-0.688,-0.375,-0.45799999999999996,-0.322,-0.152,-0.659,-0.376,-0.204,-0.215,-1.2429999999999999,-0.5820000000000001,-0.358,-0.597,-0.382,-0.551,-0.6559999999999999,-0.373,-0.34600000000000003,-0.28800000000000003,-1.2429999999999999,-0.716,-0.797,-0.503,-0.37799999999999995,-0.245,-0.6809999999999999,-0.469,-0.365,-0.755,-1.2429999999999999,-0.6509999999999999,-0.26899999999999996,-0.612,-0.311,-0.444,-0.716,-0.35200000000000004,-0.313,-0.304
s: 5
t: 12.931

i: -1.147,-0.595,-0.34,-0.395,-0.253,-0.111,-0.594,-0.32,-0.182,-0.207,-1.147,-0.484,-0.259,-0.568,-0.345,-0.5660000000000001,-0.609,-0.322,-0.337,-0.249,-1.147,-0.643,-0.75,-0.43799999999999994,-0.337,-0.24,-0.601,-0.429,-0.337,-0.703,-1.147,-0.5870000000000001,-0.24600000000000002,-0.606,-0.317,-0.483,-0.706,-0.35200000000000004,-0.33399999999999996,-0.315
s: 5
t: 11.866

i: -1.159,-0.804,-0.924,-0.655,-0.608,-0.501,-0.7879999999999999,-0.67,-0.594,-0.89,-1.159,-0.81,-0.8059999999999999,-0.7490000000000001,-0.6829999999999999,-0.727,-0.915,-0.765,-0.73,-0.875,-1.159,-0.8490000000000001,-0.965,-0.72,-0.6609999999999999,-0.52,-0.883,-0.755,-0.69,-1.035,-1.159,-0.768,-0.695,-0.7190000000000001,-0.597,-0.6579999999999999,-0.9009999999999999,-0.698,-0.657,-0.779
s: 8
t: 36.891

i: -0.986,-0.599,-0.6859999999999999,-0.39299999999999996,-0.386,-0.22899999999999998,-0.62,-0.46799999999999997,-0.28300000000000003,-0.604,-0.986,-0.598,-0.529,-0.574,-0.498,-0.5870000000000001,-0.747,-0.583,-0.522,-0.604,-0.986,-0.6759999999999999,-0.8,-0.51,-0.475,-0.336,-0.657,-0.563,-0.46799999999999997,-0.8009999999999999,-0.986,-0.6809999999999999,-0.408,-0.655,-0.45,-0.488,-0.8240000000000001,-0.578,-0.54,-0.5760000000000001
s: 5
t: 20.109

i: -1.218,-0.508,-0.28800000000000003,-0.355,-0.287,-0.28800000000000003,-0.489,-0.308,-0.27399999999999997,-0.28800000000000003,-1.218,-0.34700000000000003,-0.079,-0.5710000000000001,-0.295,-0.563,-0.426,-0.233,-0.18100000000000002,-0.07200000000000001,-1.218,-0.599,-1.186,-0.401,-0.4970000000000001,-0.23199999999999998,-0.584,-0.648,-0.499,-1.1520000000000001,-1.218,-0.585,-0.805,-0.594,-0.621,-0.774,-0.779,-0.6729999999999999,-0.617,-0.794
s: 3
t: 14.538

i: -1.264,-0.7390000000000001,-0.7,-0.522,-0.389,-0.259,-0.752,-0.552,-0.434,-0.812,-1.264,-0.7859999999999999,-0.521,-0.7290000000000001,-0.513,-0.5670000000000001,-0.912,-0.623,-0.58,-0.665,-1.264,-1.002,-0.983,-0.904,-0.7979999999999999,-0.706,-1.011,-0.863,-0.8029999999999999,-1.003,-1.264,-0.885,-0.735,-0.838,-0.674,-0.72,-1.013,-0.7759999999999999,-0.721,-0.828
s: 4
t: 12.365

i: -0.966,-0.397,-0.27399999999999997,-0.182,-0.046,0.039,-0.409,-0.162,-0.033,-0.26899999999999996,-0.966,-0.43,-0.111,-0.426,-0.223,-0.366,-0.5429999999999999,-0.24600000000000002,-0.222,-0.215,-0.966,-0.53,-0.5920000000000001,-0.34600000000000003,-0.264,-0.142,-0.54,-0.354,-0.24600000000000002,-0.584,-0.966,-0.517,-0.18100000000000002,-0.49,-0.23600000000000002,-0.311,-0.664,-0.332,-0.289,-0.3
s: 50
t: 80.164

i: -1.1440000000000001,-0.447,-0.354,-0.268,-0.138,-0.052000000000000005,-0.5670000000000001,-0.275,-0.134,-0.391,-1.1440000000000001,-0.466,-0.099,-0.515,-0.27699999999999997,-0.41100000000000003,-0.636,-0.294,-0.311,-0.165,-1.1440000000000001,-0.684,-0.738,-0.49,-0.397,-0.25,-0.6890000000000001,-0.53,-0.433,-0.7959999999999999,-1.1440000000000001,-0.6890000000000001,-0.324,-0.639,-0.405,-0.457,-0.764,-0.46399999999999997,-0.40700000000000003,-0.368
s: 17
t: 86.893

i: -1.102,-0.777,-0.764,-0.5710000000000001,-0.508,-0.34,-0.7709999999999999,-0.619,-0.467,-0.74,-1.102,-0.727,-0.45799999999999996,-0.68,-0.475,-0.505,-0.847,-0.5660000000000001,-0.4920000000000001,-0.515,-1.102,-0.774,-0.879,-0.584,-0.506,-0.33399999999999996,-0.773,-0.629,-0.508,-0.8759999999999999,-1.102,-0.807,-0.6970000000000001,-0.7440000000000001,-0.602,-0.612,-0.9179999999999999,-0.7090000000000001,-0.652,-0.78
s: 31
t: 78.914

i: -1.185,-0.536,-0.67,-0.387,-0.251,-0.109,-0.618,-0.44799999999999995,-0.354,-0.9470000000000001,-1.185,-0.562,-0.425,-0.602,-0.395,-0.5670000000000001,-0.748,-0.428,-0.41,-0.48200000000000004,-1.185,-0.9129999999999999,-0.922,-0.8140000000000001,-0.7240000000000001,-0.6709999999999999,-0.929,-0.7859999999999999,-0.741,-0.966,-1.185,-0.846,-0.78,-0.7809999999999999,-0.647,-0.662,-0.9490000000000001,-0.722,-0.653,-0.782
s: 4
t: 13.029

i: -1.092,-0.429,-0.442,-0.231,-0.11599999999999999,-0.046,-0.47200000000000003,-0.272,-0.16899999999999998,-0.53,-1.092,-0.41,-0.10400000000000001,-0.495,-0.239,-0.45799999999999996,-0.531,-0.21899999999999997,-0.22399999999999998,-0.114,-1.092,-0.579,-0.6409999999999999,-0.363,-0.272,-0.184,-0.539,-0.386,-0.29100000000000004,-0.625,-1.092,-0.57,-0.087,-0.556,-0.222,-0.32299999999999995,-0.688,-0.301,-0.266,-0.223
s: 13
t: 30.261

i: -1.236,-0.465,-0.524,-0.243,-0.158,-0.013000000000000001,-0.528,-0.308,-0.11599999999999999,-0.54,-1.236,-0.5670000000000001,-0.332,-0.597,-0.382,-0.547,-0.7290000000000001,-0.415,-0.395,-0.37,-1.236,-0.897,-0.63,-0.732,-0.47700000000000004,-0.3720000000000001,-0.956,-0.631,-0.531,-0.693,-1.236,-0.608,-0.376,-0.622,-0.41,-0.573,-0.7190000000000001,-0.43799999999999994,-0.41,-0.39799999999999996
s: 4
t: 18.139

i: -1.068,-0.539,-0.48100000000000004,-0.332,-0.27,-0.155,-0.522,-0.35700000000000004,-0.266,-0.494,-1.068,-0.624,-0.27,-0.611,-0.387,-0.456,-0.759,-0.466,-0.444,-0.42100000000000004,-1.068,-0.58,-0.599,-0.418,-0.305,-0.209,-0.578,-0.39299999999999996,-0.32799999999999996,-0.6509999999999999,-1.068,-0.524,-0.312,-0.536,-0.376,-0.536,-0.669,-0.423,-0.419,-0.424
s: 21
t: 100.513

i: -0.935,-0.34600000000000003,-0.262,-0.032,-0.037000000000000005,0.08199999999999999,-0.294,-0.125,0.018000000000000002,-0.205,-0.935,-0.353,0.07200000000000001,-0.509,-0.257,-0.469,-0.46,-0.172,-0.21899999999999997,-0.025,-0.935,-0.48,-0.036000000000000004,-0.128,-0.06,-0.079,-0.31,-0.09300000000000001,0.026000000000000002,-0.047,-0.935,-0.341,0.068,-0.505,-0.253,-0.47100000000000003,-0.449,-0.18600000000000005,-0.19699999999999998,0.002
s: 8
t: 19.727

i: -1.18,-0.507,-0.728,-0.319,-0.195,-0.11599999999999999,-0.557,-0.379,-0.233,-0.733,-1.18,-0.619,-0.483,-0.639,-0.447,-0.597,-0.7929999999999999,-0.502,-0.449,-0.4970000000000001,-1.18,-0.9179999999999999,-0.622,-0.777,-0.527,-0.441,-0.943,-0.634,-0.564,-0.6509999999999999,-1.18,-0.6859999999999999,-0.607,-0.691,-0.501,-0.642,-0.809,-0.547,-0.4920000000000001,-0.585
s: 5
t: 18.578

i: -1.242,-0.462,-0.414,-0.295,-0.18,-0.075,-0.551,-0.27,-0.157,-0.508,-1.242,-0.5429999999999999,-0.28,-0.585,-0.363,-0.502,-0.7340000000000001,-0.39799999999999996,-0.374,-0.33299999999999996,-1.242,-0.857,-0.54,-0.679,-0.42200000000000004,-0.32899999999999996,-0.9129999999999999,-0.5720000000000001,-0.466,-0.575,-1.242,-0.6,-0.36200000000000004,-0.608,-0.38799999999999996,-0.544,-0.706,-0.42100000000000004,-0.374,-0.34600000000000003
s: 3
t: 17.917

i: -1.35,-0.925,-0.8270000000000001,-0.6920000000000001,-0.546,-0.386,-0.9059999999999999,-0.6609999999999999,-0.5,-0.737,-1.35,-0.8959999999999999,-0.635,-0.777,-0.579,-0.597,-0.9359999999999999,-0.66,-0.594,-0.633,-1.35,-0.9990000000000001,-0.945,-0.787,-0.654,-0.48100000000000004,-0.9590000000000001,-0.7559999999999999,-0.613,-0.858,-1.35,-0.9690000000000001,-0.7490000000000001,-0.884,-0.693,-0.6890000000000001,-1.052,-0.797,-0.733,-0.83
s: 13
t: 41.997

i: -1.239,-0.879,-0.9059999999999999,-0.753,-0.636,-0.537,-0.882,-0.7040000000000001,-0.645,-0.93,-1.239,-0.9470000000000001,-0.9,-0.887,-0.789,-0.79,-1.035,-0.8759999999999999,-0.83,-0.9640000000000001,-1.239,-0.956,-1.0490000000000002,-0.82,-0.753,-0.632,-0.9359999999999999,-0.815,-0.74,-1.0070000000000001,-1.239,-0.802,-0.675,-0.742,-0.581,-0.621,-0.894,-0.654,-0.617,-0.726
s: 18
t: 102.198

i: -1.156,-0.71,-0.75,-0.528,-0.447,-0.35700000000000004,-0.703,-0.547,-0.441,-0.713,-1.156,-0.754,-0.575,-0.7020000000000001,-0.55,-0.634,-0.866,-0.637,-0.622,-0.7090000000000001,-1.156,-0.812,-0.91,-0.642,-0.5770000000000001,-0.414,-0.818,-0.675,-0.568,-0.8959999999999999,-1.156,-0.691,-0.496,-0.606,-0.433,-0.461,-0.779,-0.522,-0.44299999999999995,-0.529
s: 3
t: 22.244

i: -1.069,-0.359,-0.18100000000000002,-0.142,-0.022000000000000002,0.009000000000000001,-0.40399999999999997,-0.152,-0.019,-0.255,-1.069,-0.478,-0.152,-0.541,-0.303,-0.462,-0.637,-0.322,-0.293,-0.225,-1.069,-0.735,-0.556,-0.617,-0.4320000000000001,-0.313,-0.789,-0.531,-0.4320000000000001,-0.619,-1.069,-0.518,-0.182,-0.5820000000000001,-0.326,-0.45799999999999996,-0.7,-0.359,-0.344,-0.243
s: 3
t: 17.756

i: -1.305,-0.775,-0.617,-0.653,-0.436,-0.348,-0.867,-0.585,-0.504,-0.815,-1.305,-0.85,-0.606,-0.838,-0.598,-0.6509999999999999,-1.033,-0.718,-0.672,-0.769,-1.305,-1.046,-0.978,-0.965,-0.843,-0.769,-1.083,-0.924,-0.873,-1.044,-1.305,-0.976,-0.8190000000000001,-0.925,-0.76,-0.777,-1.072,-0.845,-0.7829999999999999,-0.8490000000000001
s: 4
t: 13.395

i: -1.18,-0.807,-1.173,-0.585,-0.615,-0.39,-0.733,-0.7090000000000001,-0.569,-1.016,-1.18,-0.865,-0.9590000000000001,-0.828,-0.8029999999999999,-0.848,-0.982,-0.868,-0.83,-0.977,-1.18,-1.051,-0.971,-0.987,-0.89,-0.821,-1.026,-0.9279999999999999,-0.887,-0.97,-1.18,-0.835,-0.955,-0.8079999999999999,-0.7879999999999999,-0.853,-0.988,-0.87,-0.851,-1.063
s: 9
t: 24.335

i: -0.764,-0.418,-0.32799999999999996,-0.184,-0.165,-0.09300000000000001,-0.36200000000000004,-0.218,-0.153,-0.353,-0.764,-0.435,-0.006,-0.509,-0.204,-0.35200000000000004,-0.643,-0.233,-0.231,-0.161,-0.764,-0.44799999999999995,-0.53,-0.249,-0.209,-0.151,-0.49,-0.369,-0.245,-0.583,-0.764,-0.401,-0.042,-0.478,-0.222,-0.376,-0.679,-0.34,-0.341,-0.3
s: 46
t: 76.806

i: -1.1079999999999999,-0.5489999999999999,-0.573,-0.395,-0.28300000000000003,-0.177,-0.629,-0.4370000000000001,-0.355,-0.731,-1.1079999999999999,-0.5379999999999999,-0.40299999999999997,-0.5429999999999999,-0.376,-0.508,-0.7120000000000001,-0.4320000000000001,-0.41100000000000003,-0.47700000000000004,-1.1079999999999999,-0.795,-0.7959999999999999,-0.662,-0.5529999999999999,-0.44799999999999995,-0.7859999999999999,-0.616,-0.5379999999999999,-0.799,-1.1079999999999999,-0.77,-0.7859999999999999,-0.7240000000000001,-0.6920000000000001,-0.71,-0.89,-0.767,-0.7240000000000001,-0.826
s: 5
t: 10.165

i: -1.037,-0.643,-0.754,-0.532,-0.431,-0.35600000000000004,-0.642,-0.46399999999999997,-0.426,-0.75,-1.037,-0.72,-0.621,-0.7120000000000001,-0.574,-0.654,-0.882,-0.672,-0.674,-0.8140000000000001,-1.037,-0.8009999999999999,-0.925,-0.7070000000000001,-0.68,-0.626,-0.7979999999999999,-0.7040000000000001,-0.6829999999999999,-0.922,-1.037,-0.625,-0.552,-0.645,-0.521,-0.628,-0.816,-0.604,-0.58,-0.6890000000000001
s: 60
t: 165.112

i: -1.073,-0.479,-0.45299999999999996,-0.29100000000000004,-0.217,-0.10300000000000001,-0.5,-0.292,-0.187,-0.42,-1.073,-0.45,-0.21100000000000002,-0.474,-0.276,-0.42200000000000004,-0.61,-0.326,-0.306,-0.266,-1.073,-0.5870000000000001,-0.607,-0.413,-0.294,-0.212,-0.627,-0.41100000000000003,-0.325,-0.657,-1.073,-0.5870000000000001,-0.282,-0.579,-0.34,-0.4320000000000001,-0.7609999999999999,-0.431,-0.401,-0.39299999999999996
s: 5
t: 17.163

i: -1.249,-0.588,-0.649,-0.441,-0.321,-0.19899999999999998,-0.6970000000000001,-0.5,-0.413,-0.867,-1.249,-0.655,-0.507,-0.632,-0.44799999999999995,-0.562,-0.8270000000000001,-0.54,-0.512,-0.603,-1.249,-0.903,-0.7979999999999999,-0.7709999999999999,-0.602,-0.51,-0.9129999999999999,-0.687,-0.624,-0.848,-1.249,-0.835,-0.762,-0.7609999999999999,-0.657,-0.708,-0.902,-0.7190000000000001,-0.6729999999999999,-0.7609999999999999
s: 4
t: 12.674

i: -1.228,-0.79,-1.218,-0.575,-0.665,-0.424,-0.775,-0.782,-0.631,-1.143,-1.228,-0.887,-0.988,-0.847,-0.8340000000000001,-0.9059999999999999,-1.014,-0.9159999999999999,-0.8959999999999999,-1.073,-1.228,-1.089,-1.021,-1.036,-0.941,-0.902,-1.087,-0.985,-0.953,-1.035,-1.228,-0.8270000000000001,-1.001,-0.784,-0.8109999999999999,-0.888,-0.966,-0.888,-0.863,-1.0590000000000002
s: 60
t: 46.816

i: -0.988,-0.325,-0.737,-0.24600000000000002,-0.287,-0.15,-0.532,-0.4270000000000001,-0.312,-1.004,-0.988,-0.419,-0.46299999999999997,-0.513,-0.462,-0.615,-0.737,-0.532,-0.508,-0.659,-0.988,-0.7959999999999999,-0.539,-0.649,-0.466,-0.36,-0.76,-0.546,-0.44,-0.489,-0.988,-0.653,-0.7070000000000001,-0.659,-0.602,-0.76,-0.7390000000000001,-0.626,-0.601,-0.672
s: 3
t: 17.274

i: -0.9740000000000001,-0.385,-0.034,-0.114,0.057999999999999996,0.033,-0.434,-0.055,0.057999999999999996,0.035,-0.9740000000000001,-0.284,0.293,-0.434,-0.11,-0.24100000000000002,-0.485,-0.09,-0.128,0.18600000000000005,-0.9740000000000001,-0.36200000000000004,0.14300000000000002,-0.1,0.073,0.017,-0.48200000000000004,-0.07200000000000001,-0.065,0.055999999999999994,-0.9740000000000001,-0.295,0.22899999999999998,-0.415,-0.13699999999999998,-0.342,-0.46299999999999997,-0.11900000000000001,-0.175,0.065
s: 60
t: 35.092

i: -1.006,-0.431,-0.425,-0.255,-0.17300000000000001,-0.075,-0.45799999999999996,-0.29100000000000004,-0.166,-0.392,-1.006,-0.496,-0.11199999999999999,-0.551,-0.303,-0.423,-0.662,-0.33299999999999996,-0.32299999999999995,-0.222,-1.006,-0.556,-0.688,-0.355,-0.322,-0.207,-0.537,-0.42100000000000004,-0.312,-0.628,-1.006,-0.53,-0.158,-0.568,-0.322,-0.44799999999999995,-0.6829999999999999,-0.369,-0.37799999999999995,-0.29600000000000004
s: 5
t: 19.032

i: -1.012,-0.379,-0.39,-0.218,-0.139,-0.044000000000000004,-0.457,-0.259,-0.17800000000000002,-0.379,-1.012,-0.424,-0.129,-0.489,-0.259,-0.441,-0.607,-0.28800000000000003,-0.282,-0.182,-1.012,-0.536,-0.625,-0.358,-0.28600000000000003,-0.20199999999999999,-0.584,-0.42200000000000004,-0.33,-0.6829999999999999,-1.012,-0.564,-0.233,-0.556,-0.335,-0.414,-0.71,-0.4270000000000001,-0.385,-0.355
s: 5
t: 17.633

i: -1.24,-0.38799999999999996,-0.18100000000000002,-0.228,-0.109,-0.047,-0.462,-0.231,-0.028999999999999998,-0.106,-1.24,-0.43,-0.161,-0.56,-0.313,-0.581,-0.52,-0.24100000000000002,-0.252,-0.10099999999999999,-1.24,-0.823,-0.877,-0.635,-0.544,-0.456,-0.795,-0.643,-0.557,-0.86,-1.24,-0.599,-0.226,-0.62,-0.314,-0.48200000000000004,-0.655,-0.341,-0.28800000000000003,-0.207
s: 4
t: 11.452

i: -1.2429999999999999,-0.667,-0.606,-0.45,-0.29600000000000004,-0.14400000000000002,-0.696,-0.449,-0.317,-0.6940000000000001,-1.2429999999999999,-0.77,-0.588,-0.6970000000000001,-0.527,-0.5579999999999999,-0.8759999999999999,-0.617,-0.556,-0.649,-1.2429999999999999,-0.987,-0.943,-0.877,-0.7509999999999999,-0.657,-0.975,-0.813,-0.745,-0.922,-1.2429999999999999,-0.7979999999999999,-0.5920000000000001,-0.728,-0.523,-0.56,-0.888,-0.609,-0.5539999999999999,-0.617
s: 4
t: 9.959

i: -1.208,-0.5920000000000001,-0.255,-0.402,-0.209,-0.071,-0.5920000000000001,-0.326,-0.21600000000000005,-0.23,-1.208,-0.5529999999999999,-0.263,-0.627,-0.3670000000000001,-0.607,-0.612,-0.33,-0.33299999999999996,-0.243,-1.208,-0.743,-0.823,-0.526,-0.361,-0.27,-0.687,-0.466,-0.369,-0.732,-1.208,-0.684,-0.335,-0.684,-0.366,-0.491,-0.775,-0.41600000000000004,-0.365,-0.349
s: 8
t: 31.502

i: -1.113,-0.527,-0.17,-0.33899999999999997,-0.114,-0.057999999999999996,-0.517,-0.209,-0.09699999999999999,-0.067,-1.113,-0.45399999999999996,-0.201,-0.555,-0.311,-0.52,-0.601,-0.299,-0.287,-0.20800000000000002,-1.113,-0.612,-0.7879999999999999,-0.36200000000000004,-0.26899999999999996,-0.134,-0.57,-0.41100000000000003,-0.304,-0.797,-1.113,-0.512,-0.10300000000000001,-0.57,-0.235,-0.41,-0.655,-0.253,-0.242,-0.17
s: 6
t: 12.931

i: -1.291,-0.4970000000000001,-0.14400000000000002,-0.304,-0.10400000000000001,-0.059000000000000004,-0.531,-0.184,-0.094,-0.091,-1.291,-0.484,-0.18100000000000002,-0.564,-0.325,-0.55,-0.532,-0.267,-0.26899999999999996,-0.11900000000000001,-1.291,-0.787,-0.907,-0.598,-0.508,-0.354,-0.7879999999999999,-0.614,-0.4970000000000001,-0.879,-1.291,-0.659,-0.26,-0.6509999999999999,-0.364,-0.47700000000000004,-0.745,-0.406,-0.35100000000000003,-0.285
s: 4
t: 12.072

i: -1.249,-0.8640000000000001,-1.251,-0.6409999999999999,-0.688,-0.45799999999999996,-0.7809999999999999,-0.769,-0.633,-1.084,-1.249,-0.9640000000000001,-1.055,-0.92,-0.897,-0.9520000000000001,-1.063,-0.9670000000000001,-0.946,-1.097,-1.249,-1.125,-1.071,-1.085,-1.012,-0.9740000000000001,-1.1340000000000001,-1.047,-1.021,-1.103,-1.249,-0.807,-0.965,-0.789,-0.767,-0.856,-0.987,-0.851,-0.83,-1.0490000000000002
s: 13
t: 54.546

i: 0.21,0.063,-0.262,0.302,0.10099999999999999,0.055999999999999994,0.19399999999999998,0.068,0.11599999999999999,-0.253,0.21,0.049,0.07,-0.242,-0.245,-0.532,-0.345,-0.292,-0.34,-0.359,0.21,0.166,-0.5,0.384,-0.023,0.063,0.297,-0.055,0.019,-0.342,0.21,0.20800000000000002,0.348,0.004,0.10400000000000001,-0.132,-0.235,-0.033,-0.099,-0.159
s: 42
t: 133.226

i: -1.161,-0.565,-0.525,-0.40299999999999997,-0.237,-0.16899999999999998,-0.6509999999999999,-0.41700000000000004,-0.345,-0.721,-1.161,-0.67,-0.441,-0.649,-0.4320000000000001,-0.531,-0.8370000000000001,-0.521,-0.501,-0.5870000000000001,-1.161,-0.905,-0.867,-0.792,-0.6809999999999999,-0.625,-0.8959999999999999,-0.746,-0.696,-0.8809999999999999,-1.161,-0.807,-0.6709999999999999,-0.7509999999999999,-0.626,-0.6579999999999999,-0.898,-0.6940000000000001,-0.632,-0.7090000000000001
s: 5
t: 11.959

i: -0.987,-0.527,-0.5529999999999999,-0.379,-0.278,-0.22,-0.569,-0.369,-0.27699999999999997,-0.551,-0.987,-0.602,-0.47600000000000003,-0.583,-0.447,-0.528,-0.767,-0.544,-0.528,-0.632,-0.987,-0.731,-0.8220000000000001,-0.609,-0.54,-0.41100000000000003,-0.732,-0.61,-0.546,-0.846,-0.987,-0.564,-0.35100000000000003,-0.48,-0.28300000000000003,-0.318,-0.649,-0.374,-0.32299999999999995,-0.419
s: 6
t: 20.698

i: -1.2690000000000001,-0.6629999999999999,-0.275,-0.461,-0.223,-0.128,-0.6809999999999999,-0.327,-0.19399999999999998,-0.212,-1.2690000000000001,-0.535,-0.26,-0.597,-0.364,-0.5379999999999999,-0.647,-0.348,-0.33,-0.235,-1.2690000000000001,-0.73,-0.8759999999999999,-0.484,-0.43,-0.258,-0.6759999999999999,-0.541,-0.397,-0.831,-1.2690000000000001,-0.675,-0.32299999999999995,-0.667,-0.39,-0.494,-0.77,-0.419,-0.38,-0.325
s: 4
t: 12.281

i: -0.966,-0.7070000000000001,-0.642,-0.584,-0.465,-0.366,-0.735,-0.561,-0.47700000000000004,-0.687,-0.966,-0.667,-0.39899999999999997,-0.652,-0.424,-0.441,-0.841,-0.57,-0.516,-0.591,-0.966,-0.7390000000000001,-0.804,-0.608,-0.555,-0.439,-0.742,-0.637,-0.555,-0.8029999999999999,-0.966,-0.7709999999999999,-0.598,-0.737,-0.602,-0.583,-0.898,-0.721,-0.6609999999999999,-0.748
s: 20
t: 93.384

i: -1.156,-0.9390000000000001,-1.078,-0.8740000000000001,-0.861,-0.8370000000000001,-0.9640000000000001,-0.8809999999999999,-0.879,-1.121,-1.156,-0.8490000000000001,-0.9790000000000001,-0.836,-0.831,-0.9209999999999999,-0.9990000000000001,-0.902,-0.9229999999999999,-1.114,-1.156,-0.875,-1.1059999999999999,-0.7859999999999999,-0.8009999999999999,-0.743,-0.878,-0.812,-0.813,-1.141,-1.156,-0.9059999999999999,-0.895,-0.8759999999999999,-0.8079999999999999,-0.8440000000000001,-1.018,-0.892,-0.884,-1.024
s: 15
t: 82.054

i: -1.197,-0.583,-0.389,-0.32799999999999996,-0.212,-0.106,-0.583,-0.337,-0.16699999999999998,-0.408,-1.197,-0.7020000000000001,-0.33399999999999996,-0.6609999999999999,-0.42200000000000004,-0.494,-0.7879999999999999,-0.475,-0.4370000000000001,-0.392,-1.197,-0.755,-0.721,-0.578,-0.465,-0.3670000000000001,-0.7120000000000001,-0.535,-0.44,-0.664,-1.197,-0.645,-0.406,-0.615,-0.43799999999999994,-0.539,-0.7440000000000001,-0.491,-0.444,-0.445
s: 19
t: 100.527

i: -1.065,-0.703,-0.9109999999999999,-0.604,-0.5870000000000001,-0.512,-0.743,-0.645,-0.624,-0.97,-1.065,-0.8029999999999999,-0.777,-0.774,-0.7090000000000001,-0.7609999999999999,-0.94,-0.807,-0.8059999999999999,-0.9540000000000001,-1.065,-0.8290000000000001,-1.011,-0.7240000000000001,-0.741,-0.659,-0.825,-0.763,-0.7240000000000001,-0.995,-1.065,-0.6759999999999999,-0.68,-0.638,-0.5720000000000001,-0.677,-0.794,-0.635,-0.621,-0.764
s: 8
t: 36.437

i: -0.861,-0.282,-0.414,-0.16,-0.12,-0.042,-0.353,-0.187,-0.091,-0.365,-0.861,-0.35600000000000004,-0.084,-0.465,-0.28,-0.45,-0.569,-0.298,-0.29600000000000004,-0.16899999999999998,-0.861,-0.402,-0.644,-0.268,-0.308,-0.242,-0.49,-0.415,-0.33799999999999997,-0.688,-0.861,-0.435,-0.07200000000000001,-0.469,-0.23800000000000002,-0.382,-0.607,-0.33299999999999996,-0.32899999999999996,-0.301
s: 5
t: 18.114

i: -1.153,-0.451,-0.54,-0.32799999999999996,-0.366,-0.401,-0.439,-0.42200000000000004,-0.33299999999999996,-0.539,-1.153,-0.266,-0.198,-0.524,-0.305,-0.662,-0.41700000000000004,-0.248,-0.203,-0.163,-1.153,-0.506,-1.075,-0.358,-0.439,-0.233,-0.5660000000000001,-0.602,-0.531,-1.2229999999999999,-1.153,-0.534,-0.84,-0.585,-0.638,-0.802,-0.78,-0.682,-0.643,-0.828
s: 3
t: 14.482

i: -1.214,-0.642,-0.601,-0.474,-0.295,-0.18600000000000005,-0.6459999999999999,-0.396,-0.318,-0.644,-1.214,-0.664,-0.366,-0.631,-0.38299999999999995,-0.447,-0.794,-0.466,-0.423,-0.43799999999999994,-1.214,-0.883,-0.87,-0.721,-0.603,-0.462,-0.8759999999999999,-0.696,-0.605,-0.86,-1.214,-0.742,-0.48100000000000004,-0.7140000000000001,-0.48200000000000004,-0.5479999999999999,-0.884,-0.5820000000000001,-0.542,-0.595
s: 11
t: 69.519

i: -1.232,-0.531,-0.259,-0.32799999999999996,-0.147,-0.105,-0.561,-0.266,-0.127,-0.111,-1.232,-0.514,-0.237,-0.586,-0.354,-0.5760000000000001,-0.608,-0.306,-0.319,-0.175,-1.232,-0.77,-0.8079999999999999,-0.56,-0.466,-0.364,-0.7509999999999999,-0.589,-0.466,-0.779,-1.232,-0.628,-0.225,-0.643,-0.32799999999999996,-0.46799999999999997,-0.711,-0.376,-0.311,-0.265
s: 5
t: 12.966

i: -1.148,-0.537,-0.489,-0.34600000000000003,-0.26,-0.172,-0.5710000000000001,-0.377,-0.261,-0.495,-1.148,-0.556,-0.331,-0.547,-0.361,-0.501,-0.6609999999999999,-0.389,-0.345,-0.313,-1.148,-0.68,-0.736,-0.493,-0.413,-0.257,-0.693,-0.529,-0.392,-0.723,-1.148,-0.6709999999999999,-0.395,-0.65,-0.419,-0.517,-0.805,-0.507,-0.47200000000000003,-0.485
s: 9
t: 20.657

i: 0.094,0.188,-0.08800000000000001,0.34700000000000003,0.106,0.175,0.172,0.03,0.071,-0.078,0.094,0.095,0.026000000000000002,-0.07400000000000001,-0.17300000000000001,-0.368,-0.259,-0.29600000000000004,-0.375,-0.414,0.094,0.13,-0.551,0.159,-0.174,-0.243,0.07400000000000001,-0.151,-0.242,-0.622,0.094,0.11599999999999999,-0.06,-0.087,-0.17600000000000002,-0.40399999999999997,-0.307,-0.28800000000000003,-0.324,-0.429
s: 55
t: 130.814

i: -1.162,-0.45899999999999996,-0.48200000000000004,-0.308,-0.146,-0.11199999999999999,-0.531,-0.308,-0.265,-0.6890000000000001,-1.162,-0.515,-0.258,-0.562,-0.318,-0.485,-0.677,-0.355,-0.364,-0.34600000000000003,-1.162,-0.818,-0.847,-0.685,-0.599,-0.493,-0.8079999999999999,-0.653,-0.5710000000000001,-0.8220000000000001,-1.162,-0.743,-0.643,-0.6940000000000001,-0.535,-0.621,-0.833,-0.601,-0.565,-0.659
s: 12
t: 28.056

i: -1.244,-0.8809999999999999,-0.8490000000000001,-0.68,-0.564,-0.37,-0.8490000000000001,-0.685,-0.525,-0.799,-1.244,-0.816,-0.632,-0.728,-0.551,-0.565,-0.8859999999999999,-0.6579999999999999,-0.5589999999999999,-0.628,-1.244,-0.9279999999999999,-0.932,-0.726,-0.621,-0.461,-0.885,-0.746,-0.617,-0.885,-1.244,-0.9129999999999999,-0.696,-0.8390000000000001,-0.626,-0.622,-1.0070000000000001,-0.754,-0.6890000000000001,-0.7959999999999999
s: 15
t: 50.755

i: -0.953,-0.51,-0.655,-0.226,-0.259,-0.066,-0.473,-0.44,-0.183,-0.5589999999999999,-0.953,-0.562,-0.281,-0.579,-0.41700000000000004,-0.528,-0.7,-0.478,-0.428,-0.402,-0.953,-0.612,-0.5920000000000001,-0.45399999999999996,-0.371,-0.29100000000000004,-0.574,-0.42200000000000004,-0.33899999999999997,-0.551,-0.953,-0.4920000000000001,-0.244,-0.529,-0.341,-0.47700000000000004,-0.6970000000000001,-0.413,-0.406,-0.42200000000000004
s: 48
t: 152.562

i: -1.237,-0.604,-0.66,-0.4270000000000001,-0.27699999999999997,-0.22,-0.625,-0.433,-0.37,-0.7909999999999999,-1.237,-0.73,-0.531,-0.6920000000000001,-0.484,-0.569,-0.865,-0.5710000000000001,-0.5379999999999999,-0.642,-1.237,-0.991,-0.9359999999999999,-0.882,-0.757,-0.6759999999999999,-0.9840000000000001,-0.83,-0.774,-0.946,-1.237,-0.7490000000000001,-0.629,-0.71,-0.5710000000000001,-0.6709999999999999,-0.8640000000000001,-0.625,-0.579,-0.691
s: 4
t: 11.524

i: -1.234,-0.536,-0.22,-0.377,-0.272,-0.23600000000000002,-0.52,-0.316,-0.24,-0.228,-1.234,-0.363,-0.066,-0.586,-0.299,-0.5429999999999999,-0.423,-0.237,-0.18,-0.028999999999999998,-1.234,-0.586,-1.149,-0.336,-0.45,-0.201,-0.53,-0.636,-0.45299999999999996,-1.081,-1.234,-0.5670000000000001,-0.6559999999999999,-0.5670000000000001,-0.523,-0.705,-0.725,-0.581,-0.493,-0.626
s: 3
t: 13.710

i: -1.1059999999999999,-0.765,-0.79,-0.68,-0.589,-0.575,-0.795,-0.638,-0.625,-0.851,-1.1059999999999999,-0.812,-0.8220000000000001,-0.792,-0.7340000000000001,-0.8109999999999999,-0.9590000000000001,-0.826,-0.83,-0.9940000000000001,-1.1059999999999999,-0.843,-1.0070000000000001,-0.737,-0.718,-0.601,-0.866,-0.767,-0.7070000000000001,-1.008,-1.1059999999999999,-0.758,-0.557,-0.727,-0.544,-0.5579999999999999,-0.9,-0.6659999999999999,-0.623,-0.706
s: 4
t: 19.754

i: -1.0859999999999999,-0.685,-0.772,-0.547,-0.431,-0.321,-0.688,-0.528,-0.48700000000000004,-0.8540000000000001,-1.0859999999999999,-0.73,-0.693,-0.7040000000000001,-0.594,-0.655,-0.879,-0.685,-0.6579999999999999,-0.805,-1.0859999999999999,-0.79,-0.99,-0.6759999999999999,-0.648,-0.508,-0.804,-0.6940000000000001,-0.6409999999999999,-1.004,-1.0859999999999999,-0.6659999999999999,-0.638,-0.622,-0.527,-0.619,-0.7909999999999999,-0.598,-0.575,-0.7090000000000001
s: 5
t: 23.179

i: -1.167,-0.61,-0.5429999999999999,-0.425,-0.273,-0.163,-0.642,-0.4370000000000001,-0.34700000000000003,-0.674,-1.167,-0.63,-0.3720000000000001,-0.618,-0.391,-0.48100000000000004,-0.787,-0.47100000000000003,-0.431,-0.467,-1.167,-0.831,-0.768,-0.7090000000000001,-0.568,-0.466,-0.8270000000000001,-0.623,-0.555,-0.769,-1.167,-0.8009999999999999,-0.6459999999999999,-0.738,-0.588,-0.5870000000000001,-0.904,-0.6809999999999999,-0.602,-0.684
s: 3
t: 12.186

i: -0.025,0.149,-0.153,0.266,0.133,0.156,0.14400000000000002,0.12300000000000001,0.205,-0.191,-0.025,0.066,0.15,-0.24600000000000002,-0.19699999999999998,-0.52,-0.281,-0.19699999999999998,-0.28,-0.233,-0.025,0.004,-0.519,0.192,-0.1,-0.008,0.054000000000000006,-0.153,-0.023,-0.33,-0.025,0.105,0.257,-0.057,0.03,-0.214,-0.251,-0.077,-0.146,-0.20600000000000002
s: 48
t: 92.344

i: -0.08900000000000001,-0.076,-0.423,0.055,-0.098,-0.085,-0.075,-0.16699999999999998,-0.107,-0.41600000000000004,-0.08900000000000001,-0.057,0.10099999999999999,-0.33799999999999997,-0.223,-0.504,-0.43799999999999994,-0.276,-0.321,-0.272,-0.08900000000000001,-0.05,-0.5,0.16699999999999998,-0.099,-0.006999999999999999,0.046,-0.157,-0.064,-0.358,-0.08900000000000001,-0.018000000000000002,0.204,-0.185,-0.063,-0.142,-0.37799999999999995,-0.196,-0.19,-0.098
s: 12
t: 169.947

i: -1.215,-0.452,-0.405,-0.32299999999999995,-0.307,-0.336,-0.444,-0.345,-0.27399999999999997,-0.382,-1.215,-0.342,-0.048,-0.591,-0.261,-0.562,-0.386,-0.191,-0.16899999999999998,-0.046,-1.215,-0.606,-1.19,-0.344,-0.447,-0.149,-0.504,-0.602,-0.418,-1.064,-1.215,-0.59,-0.755,-0.584,-0.568,-0.7340000000000001,-0.747,-0.634,-0.583,-0.76
s: 3
t: 13.676

i: -1.02,-0.59,-0.612,-0.223,-0.287,-0.134,-0.426,-0.392,-0.154,-0.46399999999999997,-1.02,-0.622,-0.294,-0.601,-0.406,-0.47100000000000003,-0.73,-0.456,-0.392,-0.366,-1.02,-0.6459999999999999,-0.593,-0.501,-0.40299999999999997,-0.292,-0.644,-0.462,-0.382,-0.636,-1.02,-0.466,-0.29100000000000004,-0.499,-0.341,-0.513,-0.674,-0.431,-0.413,-0.44
s: 4
t: 19.216

i: -0.929,-0.682,-0.7759999999999999,-0.639,-0.607,-0.557,-0.779,-0.6709999999999999,-0.6459999999999999,-0.879,-0.929,-0.715,-0.674,-0.745,-0.6509999999999999,-0.71,-0.929,-0.773,-0.767,-0.888,-0.929,-0.746,-0.888,-0.66,-0.655,-0.588,-0.763,-0.703,-0.667,-0.902,-0.929,-0.665,-0.513,-0.618,-0.46,-0.46299999999999997,-0.76,-0.557,-0.513,-0.61
s: 10
t: 38.822

i: -1.3119999999999998,-0.838,-1.17,-0.63,-0.64,-0.414,-0.831,-0.767,-0.636,-1.179,-1.3119999999999998,-0.92,-0.948,-0.878,-0.807,-0.867,-1.048,-0.887,-0.853,-1.016,-1.3119999999999998,-1.121,-1.008,-1.042,-0.9159999999999999,-0.86,-1.126,-0.9790000000000001,-0.927,-1.03,-1.3119999999999998,-0.872,-0.995,-0.823,-0.795,-0.878,-0.995,-0.862,-0.821,-1.008
s: 18
t: 71.167

i: -1.25,-0.546,-0.54,-0.405,-0.248,-0.18899999999999997,-0.65,-0.386,-0.319,-0.758,-1.25,-0.63,-0.44299999999999995,-0.607,-0.402,-0.527,-0.785,-0.46299999999999997,-0.45,-0.529,-1.25,-0.98,-0.9129999999999999,-0.878,-0.7509999999999999,-0.66,-0.978,-0.812,-0.746,-0.919,-1.25,-0.847,-0.759,-0.7709999999999999,-0.636,-0.654,-0.917,-0.706,-0.6559999999999999,-0.764
s: 4
t: 11.535

i: -1.228,-0.608,-0.308,-0.319,-0.168,-0.069,-0.579,-0.294,-0.10800000000000001,-0.177,-1.228,-0.585,-0.142,-0.581,-0.282,-0.41600000000000004,-0.6459999999999999,-0.295,-0.273,-0.15,-1.228,-0.85,-0.9329999999999999,-0.6579999999999999,-0.5539999999999999,-0.39899999999999997,-0.789,-0.628,-0.515,-0.8420000000000001,-1.228,-0.669,-0.31,-0.662,-0.406,-0.523,-0.772,-0.46799999999999997,-0.433,-0.401
s: 10
t: 32.698

i: -1.125,-0.48200000000000004,-0.38799999999999996,-0.39,-0.298,-0.358,-0.526,-0.31,-0.321,-0.39399999999999996,-1.125,-0.364,-0.092,-0.584,-0.275,-0.586,-0.45799999999999996,-0.235,-0.20800000000000002,-0.142,-1.125,-0.5429999999999999,-1.251,-0.321,-0.47,-0.17300000000000001,-0.43799999999999994,-0.594,-0.41200000000000003,-1.088,-1.125,-0.529,-0.745,-0.579,-0.583,-0.77,-0.754,-0.63,-0.603,-0.795
s: 3
t: 14.426

i: -1.192,-0.768,-1.1740000000000002,-0.6,-0.636,-0.395,-0.752,-0.72,-0.605,-1.114,-1.192,-0.863,-1.014,-0.831,-0.8320000000000001,-0.8959999999999999,-0.9940000000000001,-0.902,-0.88,-1.064,-1.192,-1.078,-1.041,-1.015,-0.9620000000000001,-0.912,-1.0490000000000002,-0.9840000000000001,-0.9420000000000001,-0.996,-1.192,-0.8220000000000001,-0.971,-0.8,-0.79,-0.8640000000000001,-0.968,-0.858,-0.8270000000000001,-1.023
s: 14
t: 64.780

i: -1.1520000000000001,-0.5429999999999999,-0.418,-0.32899999999999996,-0.215,-0.121,-0.557,-0.318,-0.18899999999999997,-0.41,-1.1520000000000001,-0.511,-0.158,-0.552,-0.299,-0.452,-0.65,-0.315,-0.294,-0.193,-1.1520000000000001,-0.631,-0.6459999999999999,-0.447,-0.33,-0.21100000000000002,-0.6729999999999999,-0.467,-0.33,-0.6829999999999999,-1.1520000000000001,-0.631,-0.18,-0.617,-0.326,-0.382,-0.7559999999999999,-0.392,-0.331,-0.24600000000000002
s: 5
t: 17.853

i: -1.155,-0.5870000000000001,-0.455,-0.304,-0.23,-0.105,-0.575,-0.358,-0.221,-0.414,-1.155,-0.7040000000000001,-0.361,-0.67,-0.429,-0.48700000000000004,-0.82,-0.502,-0.47600000000000003,-0.45299999999999996,-1.155,-0.737,-0.741,-0.5920000000000001,-0.4920000000000001,-0.4,-0.742,-0.5579999999999999,-0.47700000000000004,-0.746,-1.155,-0.59,-0.37799999999999995,-0.5820000000000001,-0.3720000000000001,-0.545,-0.7290000000000001,-0.435,-0.433,-0.48100000000000004
s: 26
t: 126.485

i: -0.677,-0.275,-0.267,-0.045,-0.021,-0.009000000000000001,-0.218,-0.125,-0.023,-0.262,-0.677,-0.28300000000000003,-0.005,-0.363,-0.187,-0.373,-0.47,-0.217,-0.225,-0.16399999999999998,-0.677,-0.348,-0.502,-0.187,-0.157,-0.087,-0.363,-0.23399999999999999,-0.18100000000000002,-0.5710000000000001,-0.677,-0.298,-0.042,-0.327,-0.156,-0.257,-0.5329999999999999,-0.265,-0.252,-0.272
s: 98
t: 32.621

i: -1.189,-0.8109999999999999,-0.97,-0.6729999999999999,-0.616,-0.505,-0.8059999999999999,-0.68,-0.634,-0.985,-1.189,-0.841,-0.797,-0.804,-0.701,-0.752,-0.982,-0.8009999999999999,-0.7909999999999999,-0.943,-1.189,-0.943,-1.099,-0.8290000000000001,-0.7979999999999999,-0.6729999999999999,-0.9620000000000001,-0.866,-0.795,-1.0590000000000002,-1.189,-0.7859999999999999,-0.775,-0.7759999999999999,-0.674,-0.775,-0.9570000000000001,-0.77,-0.7440000000000001,-0.888
s: 82
t: 39.671

i: -1.349,-0.917,-1.234,-0.73,-0.727,-0.4920000000000001,-0.897,-0.8240000000000001,-0.701,-1.188,-1.349,-1.014,-1.0959999999999999,-0.9670000000000001,-0.9329999999999999,-0.971,-1.123,-1.006,-0.9840000000000001,-1.158,-1.349,-1.2109999999999999,-1.139,-1.159,-1.075,-1.025,-1.213,-1.117,-1.078,-1.165,-1.349,-0.9329999999999999,-1.064,-0.884,-0.855,-0.9129999999999999,-1.054,-0.927,-0.89,-1.087
s: 60
t: 36.120

i: -0.978,-0.42200000000000004,-0.389,-0.24600000000000002,-0.151,-0.085,-0.516,-0.289,-0.127,-0.373,-0.978,-0.40299999999999997,-0.047,-0.474,-0.266,-0.426,-0.607,-0.289,-0.302,-0.18600000000000005,-0.978,-0.46799999999999997,-0.526,-0.319,-0.233,-0.18,-0.5429999999999999,-0.345,-0.257,-0.607,-0.978,-0.547,-0.16899999999999998,-0.539,-0.298,-0.40700000000000003,-0.6890000000000001,-0.395,-0.36,-0.34600000000000003
s: 41
t: 199.115

i: -1.1540000000000001,-0.41100000000000003,-0.5,-0.217,-0.08,0.027999999999999997,-0.483,-0.27,-0.157,-0.647,-1.1540000000000001,-0.45299999999999996,-0.25,-0.45,-0.23800000000000002,-0.441,-0.584,-0.265,-0.261,-0.28600000000000003,-1.1540000000000001,-0.8170000000000001,-0.773,-0.703,-0.5660000000000001,-0.494,-0.835,-0.64,-0.584,-0.813,-1.1540000000000001,-0.755,-0.643,-0.6990000000000001,-0.562,-0.5870000000000001,-0.8540000000000001,-0.642,-0.578,-0.654
s: 7
t: 17.556

i: -0.828,-0.539,-0.599,-0.35600000000000004,-0.32299999999999995,-0.237,-0.526,-0.42200000000000004,-0.306,-0.584,-0.828,-0.516,-0.45399999999999996,-0.461,-0.377,-0.46299999999999997,-0.631,-0.48700000000000004,-0.43799999999999994,-0.574,-0.828,-0.608,-0.732,-0.431,-0.435,-0.307,-0.5770000000000001,-0.512,-0.402,-0.721,-0.828,-0.64,-0.568,-0.602,-0.5379999999999999,-0.5760000000000001,-0.748,-0.639,-0.61,-0.7
s: 15
t: 73.844

i: -0.997,-0.435,-0.35100000000000003,-0.157,-0.11800000000000001,-0.004,-0.414,-0.245,-0.1,-0.4,-0.997,-0.512,-0.124,-0.524,-0.299,-0.40299999999999997,-0.66,-0.336,-0.322,-0.24,-0.997,-0.618,-0.608,-0.43799999999999994,-0.364,-0.248,-0.599,-0.46399999999999997,-0.377,-0.607,-0.997,-0.523,-0.273,-0.515,-0.298,-0.382,-0.662,-0.369,-0.309,-0.301
s: 47
t: 166.007

i: -1.071,-0.7509999999999999,-0.6829999999999999,-0.56,-0.485,-0.35700000000000004,-0.735,-0.555,-0.42,-0.6629999999999999,-1.071,-0.723,-0.49,-0.649,-0.467,-0.4920000000000001,-0.8240000000000001,-0.583,-0.532,-0.628,-1.071,-0.826,-0.857,-0.6859999999999999,-0.611,-0.4970000000000001,-0.815,-0.6859999999999999,-0.6,-0.8320000000000001,-1.071,-0.797,-0.62,-0.747,-0.5870000000000001,-0.6,-0.905,-0.696,-0.6659999999999999,-0.759
s: 6
t: 33.295

i: -1.094,-0.419,-0.364,-0.177,-0.10800000000000001,-0.055999999999999994,-0.42,-0.20600000000000002,-0.10800000000000001,-0.311,-1.094,-0.424,-0.078,-0.495,-0.252,-0.45299999999999996,-0.5710000000000001,-0.24600000000000002,-0.265,-0.14800000000000002,-1.094,-0.5379999999999999,-0.631,-0.35,-0.293,-0.188,-0.597,-0.423,-0.28800000000000003,-0.7040000000000001,-1.094,-0.519,-0.091,-0.545,-0.294,-0.40700000000000003,-0.644,-0.335,-0.308,-0.177
s: 6
t: 177.055

i: -1.117,-0.55,-0.248,-0.34,-0.207,-0.066,-0.612,-0.235,-0.11599999999999999,-0.22,-1.117,-0.478,0.11199999999999999,-0.537,-0.201,-0.293,-0.642,-0.237,-0.223,0.016,-1.117,-0.532,0.045,-0.264,-0.013000000000000001,-0.038,-0.527,-0.071,-0.044000000000000004,0.069,-1.117,-0.479,0.16,-0.54,-0.175,-0.3,-0.591,-0.149,-0.20800000000000002,0.053
s: 4
t: 16.820

i: -0.889,-0.503,-0.317,-0.18,-0.179,-0.084,-0.364,-0.25,-0.156,-0.307,-0.889,-0.415,-0.057999999999999996,-0.47200000000000003,-0.293,-0.48100000000000004,-0.536,-0.295,-0.32799999999999996,-0.188,-0.889,-0.355,0.003,-0.133,0.017,0.022000000000000002,-0.402,-0.068,0.008,-0.006999999999999999,-0.889,-0.337,0.005,-0.455,-0.266,-0.45799999999999996,-0.546,-0.26,-0.335,-0.165
s: 4
t: 17.971

i: -0.45799999999999996,-0.07400000000000001,-0.23399999999999999,0.19,0.048,0.055,-0.212,-0.087,0.015,-0.35200000000000004,-0.45799999999999996,-0.052000000000000005,0.18,-0.313,-0.163,-0.40700000000000003,-0.375,-0.133,-0.179,0.011000000000000001,-0.45799999999999996,-0.055999999999999994,0.251,0.038,0.026000000000000002,0.11699999999999999,-0.387,-0.064,-0.076,0.267,-0.45799999999999996,-0.095,0.11199999999999999,-0.345,-0.226,-0.52,-0.359,-0.182,-0.247,-0.059000000000000004
s: 7
t: 19.735

i: -1.224,-0.812,-1.15,-0.621,-0.632,-0.46,-0.785,-0.7190000000000001,-0.637,-1.1340000000000001,-1.224,-0.8909999999999999,-0.983,-0.85,-0.809,-0.875,-1.008,-0.878,-0.863,-1.028,-1.224,-1.057,-0.965,-0.9940000000000001,-0.894,-0.851,-1.068,-0.943,-0.902,-1.0,-1.224,-0.836,-0.94,-0.802,-0.775,-0.872,-0.976,-0.858,-0.845,-1.033
s: 11
t: 125.656

i: -1.183,-0.45399999999999996,-0.341,-0.20800000000000002,-0.105,-0.07400000000000001,-0.40700000000000003,-0.205,-0.1,-0.39299999999999996,-1.183,-0.5760000000000001,-0.299,-0.588,-0.384,-0.534,-0.6779999999999999,-0.40399999999999997,-0.3670000000000001,-0.33,-1.183,-0.8540000000000001,-0.643,-0.6970000000000001,-0.508,-0.396,-0.875,-0.629,-0.521,-0.698,-1.183,-0.5429999999999999,-0.249,-0.593,-0.353,-0.499,-0.6990000000000001,-0.381,-0.345,-0.255
s: 5
t: 16.544

i: -1.218,-0.965,-1.082,-0.8690000000000001,-0.828,-0.75,-0.961,-0.86,-0.8340000000000001,-1.105,-1.218,-0.838,-1.018,-0.797,-0.797,-0.866,-0.958,-0.838,-0.8340000000000001,-1.038,-1.218,-0.8959999999999999,-1.1,-0.797,-0.767,-0.6990000000000001,-0.898,-0.782,-0.774,-1.0979999999999999,-1.218,-0.9109999999999999,-0.8320000000000001,-0.877,-0.7609999999999999,-0.804,-1.03,-0.855,-0.8390000000000001,-0.9740000000000001
s: 5
t: 19.419

i: -1.17,-0.51,-0.41200000000000003,-0.316,-0.21600000000000005,-0.13699999999999998,-0.514,-0.303,-0.188,-0.408,-1.17,-0.483,-0.255,-0.526,-0.33,-0.5429999999999999,-0.63,-0.349,-0.354,-0.325,-1.17,-0.679,-0.7020000000000001,-0.503,-0.406,-0.32299999999999995,-0.7120000000000001,-0.498,-0.406,-0.721,-1.17,-0.66,-0.237,-0.639,-0.374,-0.42200000000000004,-0.802,-0.46399999999999997,-0.431,-0.371
s: 18
t: 84.507

i: -0.972,-0.627,-0.6459999999999999,-0.36,-0.359,-0.154,-0.653,-0.517,-0.295,-0.607,-0.972,-0.637,-0.38799999999999996,-0.594,-0.46299999999999997,-0.494,-0.769,-0.5479999999999999,-0.469,-0.44299999999999995,-0.972,-0.735,-0.897,-0.573,-0.584,-0.474,-0.7090000000000001,-0.65,-0.5660000000000001,-0.804,-0.972,-0.743,-0.578,-0.701,-0.563,-0.598,-0.8640000000000001,-0.6759999999999999,-0.639,-0.725
s: 10
t: 54.468

i: -1.155,-0.7170000000000001,-1.216,-0.5589999999999999,-0.644,-0.385,-0.7190000000000001,-0.7040000000000001,-0.586,-1.133,-1.155,-0.8190000000000001,-0.9670000000000001,-0.813,-0.8109999999999999,-0.875,-0.9940000000000001,-0.884,-0.8640000000000001,-1.053,-1.155,-1.024,-0.9420000000000001,-0.973,-0.8809999999999999,-0.8270000000000001,-1.03,-0.925,-0.879,-0.95,-1.155,-0.779,-0.955,-0.765,-0.7829999999999999,-0.888,-0.9390000000000001,-0.8590000000000001,-0.8590000000000001,-1.071
s: 46
t: 304.098

i: -1.012,-0.465,-0.41,-0.26899999999999996,-0.249,-0.17800000000000002,-0.46799999999999997,-0.298,-0.177,-0.406,-1.012,-0.5710000000000001,-0.221,-0.5760000000000001,-0.375,-0.442,-0.745,-0.462,-0.452,-0.405,-1.012,-0.594,-0.6579999999999999,-0.414,-0.35600000000000004,-0.25,-0.542,-0.41,-0.344,-0.62,-1.012,-0.47100000000000003,-0.28800000000000003,-0.53,-0.369,-0.5329999999999999,-0.622,-0.391,-0.39799999999999996,-0.37
s: 4
t: 21.762

i: -1.216,-0.387,-0.149,-0.23199999999999998,-0.07,-0.052000000000000005,-0.46,-0.158,-0.061,-0.10800000000000001,-1.216,-0.447,-0.115,-0.552,-0.29100000000000004,-0.498,-0.5489999999999999,-0.237,-0.243,-0.081,-1.216,-0.79,-0.8170000000000001,-0.595,-0.493,-0.385,-0.7609999999999999,-0.593,-0.485,-0.774,-1.216,-0.58,-0.155,-0.612,-0.28300000000000003,-0.47200000000000003,-0.653,-0.297,-0.275,-0.18899999999999997
s: 5
t: 12.487

i: -0.948,-0.653,-0.55,-0.428,-0.289,-0.141,-0.586,-0.382,-0.242,-0.465,-0.948,-0.609,-0.439,-0.561,-0.41,-0.475,-0.716,-0.48,-0.419,-0.47700000000000004,-0.948,-0.6859999999999999,-0.764,-0.524,-0.47200000000000003,-0.361,-0.664,-0.562,-0.47,-0.745,-0.948,-0.659,-0.514,-0.6409999999999999,-0.516,-0.5479999999999999,-0.836,-0.648,-0.608,-0.71
s: 10
t: 55.187

i: -1.13,-0.415,-0.332,-0.228,-0.11,-0.043,-0.494,-0.22699999999999998,-0.086,-0.336,-1.13,-0.434,-0.019,-0.49,-0.235,-0.389,-0.584,-0.23600000000000002,-0.257,-0.102,-1.13,-0.6459999999999999,-0.6859999999999999,-0.455,-0.342,-0.203,-0.652,-0.485,-0.39399999999999996,-0.764,-1.13,-0.634,-0.298,-0.605,-0.364,-0.46399999999999997,-0.733,-0.418,-0.379,-0.35100000000000003
s: 78
t: 211.111

i: -0.638,-0.46299999999999997,-0.551,-0.207,-0.226,-0.141,-0.358,-0.29600000000000004,-0.192,-0.42100000000000004,-0.638,-0.45299999999999996,-0.168,-0.541,-0.379,-0.461,-0.7040000000000001,-0.457,-0.4370000000000001,-0.428,-0.638,-0.425,-0.527,-0.33799999999999997,-0.342,-0.239,-0.474,-0.41600000000000004,-0.354,-0.636,-0.638,-0.315,-0.022000000000000002,-0.43799999999999994,-0.22899999999999998,-0.33,-0.6579999999999999,-0.34600000000000003,-0.32799999999999996,-0.284
s: 31
t: 118.254

i: -1.109,-0.6890000000000001,-1.1520000000000001,-0.499,-0.601,-0.374,-0.6829999999999999,-0.6920000000000001,-0.555,-1.083,-1.109,-0.7390000000000001,-0.897,-0.716,-0.736,-0.83,-0.89,-0.805,-0.7959999999999999,-0.985,-1.109,-0.9109999999999999,-0.802,-0.836,-0.7070000000000001,-0.674,-0.915,-0.752,-0.7120000000000001,-0.816,-1.109,-0.715,-0.877,-0.7,-0.705,-0.8270000000000001,-0.865,-0.773,-0.7659999999999999,-0.9640000000000001
s: 24
t: 178.198

i: -1.344,-0.81,-0.753,-0.655,-0.44799999999999995,-0.33,-0.855,-0.606,-0.511,-0.866,-1.344,-0.8420000000000001,-0.634,-0.8109999999999999,-0.5760000000000001,-0.655,-0.996,-0.68,-0.639,-0.7509999999999999,-1.344,-1.075,-0.981,-0.958,-0.7959999999999999,-0.7,-1.067,-0.879,-0.809,-1.004,-1.344,-0.985,-0.858,-0.9179999999999999,-0.763,-0.777,-1.071,-0.85,-0.7959999999999999,-0.9059999999999999
s: 4
t: 13.199

i: -1.265,-0.9129999999999999,-0.9229999999999999,-0.7909999999999999,-0.665,-0.5770000000000001,-0.9159999999999999,-0.732,-0.6759999999999999,-0.951,-1.265,-0.9940000000000001,-0.935,-0.9440000000000001,-0.841,-0.8390000000000001,-1.088,-0.93,-0.889,-1.015,-1.265,-1.006,-1.074,-0.9079999999999999,-0.848,-0.754,-1.01,-0.893,-0.8320000000000001,-1.056,-1.265,-0.846,-0.672,-0.79,-0.604,-0.625,-0.945,-0.688,-0.639,-0.733
s: 10
t: 36.901

i: -1.261,-0.66,-0.306,-0.373,-0.201,-0.146,-0.602,-0.258,-0.196,-0.261,-1.261,-0.47700000000000004,0.039,-0.5539999999999999,-0.273,-0.431,-0.532,-0.19399999999999998,-0.239,0.019,-1.261,-0.515,-0.085,-0.159,-0.106,-0.079,-0.52,-0.165,-0.12300000000000001,-0.091,-1.261,-0.45899999999999996,0.033,-0.501,-0.248,-0.415,-0.536,-0.20600000000000002,-0.22699999999999998,-0.016
s: 4
t: 15.396

i: -1.285,-0.907,-0.8059999999999999,-0.733,-0.5710000000000001,-0.42200000000000004,-0.924,-0.713,-0.5710000000000001,-0.8240000000000001,-1.285,-0.868,-0.616,-0.7809999999999999,-0.562,-0.575,-0.9440000000000001,-0.667,-0.573,-0.636,-1.285,-0.97,-0.968,-0.7659999999999999,-0.655,-0.48700000000000004,-0.934,-0.782,-0.644,-0.912,-1.285,-0.986,-0.8220000000000001,-0.8959999999999999,-0.721,-0.69,-1.044,-0.8290000000000001,-0.754,-0.8640000000000001
s: 4
t: 18.022

i: -1.285,-0.49,-0.32,-0.298,-0.18899999999999997,-0.086,-0.501,-0.289,-0.11699999999999999,-0.22399999999999998,-1.285,-0.509,-0.21100000000000002,-0.5770000000000001,-0.349,-0.5329999999999999,-0.5710000000000001,-0.308,-0.285,-0.14,-1.285,-0.836,-0.924,-0.619,-0.507,-0.33799999999999997,-0.79,-0.616,-0.491,-0.867,-1.285,-0.659,-0.212,-0.664,-0.354,-0.48100000000000004,-0.73,-0.396,-0.342,-0.267
s: 4
t: 12.573

i: -0.992,-0.47,-0.4370000000000001,-0.23600000000000002,-0.172,-0.092,-0.46299999999999997,-0.27899999999999997,-0.16399999999999998,-0.45,-0.992,-0.509,-0.239,-0.546,-0.35,-0.508,-0.6559999999999999,-0.391,-0.36200000000000004,-0.281,-0.992,-0.635,-0.815,-0.415,-0.405,-0.278,-0.61,-0.539,-0.409,-0.768,-0.992,-0.578,-0.395,-0.565,-0.4,-0.484,-0.726,-0.4920000000000001,-0.424,-0.44299999999999995
s: 33
t: 111.815

i: -1.15,-0.396,-0.179,-0.26,-0.221,-0.306,-0.373,-0.265,-0.222,-0.201,-1.15,-0.284,0.067,-0.605,-0.245,-0.473,-0.35700000000000004,-0.18600000000000005,-0.154,0.045,-1.15,-0.629,-1.266,-0.40700000000000003,-0.5429999999999999,-0.242,-0.508,-0.65,-0.503,-1.104,-1.15,-0.524,-0.5710000000000001,-0.527,-0.469,-0.647,-0.716,-0.5539999999999999,-0.452,-0.619
s: 3
t: 16.182

i: -0.773,-0.442,-0.366,-0.067,-0.11699999999999999,0.018000000000000002,-0.252,-0.212,-0.025,-0.23199999999999998,-0.773,-0.512,-0.218,-0.499,-0.32899999999999996,-0.42200000000000004,-0.613,-0.377,-0.332,-0.312,-0.773,-0.46799999999999997,-0.521,-0.358,-0.33,-0.218,-0.478,-0.36200000000000004,-0.297,-0.527,-0.773,-0.256,-0.054000000000000006,-0.308,-0.141,-0.292,-0.4920000000000001,-0.221,-0.19699999999999998,-0.184
s: 60
t: 138.057

i: -1.295,-1.058,-1.094,-0.9840000000000001,-0.915,-0.885,-1.074,-0.953,-0.937,-1.146,-1.295,-0.9359999999999999,-0.981,-0.9,-0.8340000000000001,-0.899,-1.063,-0.9129999999999999,-0.912,-1.095,-1.295,-0.946,-1.178,-0.8270000000000001,-0.807,-0.69,-0.95,-0.846,-0.816,-1.187,-1.295,-0.963,-0.955,-0.9209999999999999,-0.83,-0.871,-1.084,-0.9229999999999999,-0.904,-1.069
s: 60
t: 73.175

i: -0.6709999999999999,-0.377,-0.67,-0.14400000000000002,-0.282,-0.196,-0.29,-0.36,-0.2,-0.502,-0.6709999999999999,-0.424,-0.196,-0.485,-0.365,-0.494,-0.609,-0.41200000000000003,-0.40299999999999997,-0.405,-0.6709999999999999,-0.439,-0.504,-0.276,-0.278,-0.195,-0.381,-0.33,-0.262,-0.494,-0.6709999999999999,-0.34700000000000003,-0.136,-0.41,-0.308,-0.381,-0.578,-0.402,-0.376,-0.33799999999999997
s: 28
t: 182.624

i: -0.9790000000000001,-0.408,-0.24,-0.065,0.032,-0.03,-0.363,-0.17300000000000001,-0.129,-0.295,-0.9790000000000001,-0.3720000000000001,0.17,-0.535,-0.242,-0.387,-0.483,-0.129,-0.19899999999999998,0.122,-0.9790000000000001,-0.41200000000000003,0.073,-0.124,0.025,-0.045,-0.365,0.021,0.018000000000000002,0.105,-0.9790000000000001,-0.353,0.188,-0.53,-0.217,-0.40700000000000003,-0.44799999999999995,-0.114,-0.155,0.161
s: 60
t: 33.078

i: -1.256,-0.473,-0.134,-0.315,-0.21600000000000005,-0.23600000000000002,-0.45899999999999996,-0.222,-0.19399999999999998,-0.145,-1.256,-0.332,-0.025,-0.61,-0.268,-0.529,-0.38,-0.182,-0.16,0.033,-1.256,-0.626,-1.1520000000000001,-0.415,-0.462,-0.205,-0.564,-0.616,-0.478,-1.079,-1.256,-0.588,-0.642,-0.56,-0.513,-0.69,-0.7120000000000001,-0.574,-0.46399999999999997,-0.5920000000000001
s: 3
t: 14.475

i: -0.997,-0.674,-0.629,-0.4970000000000001,-0.387,-0.263,-0.705,-0.523,-0.425,-0.721,-0.997,-0.69,-0.39899999999999997,-0.654,-0.415,-0.447,-0.8420000000000001,-0.5670000000000001,-0.518,-0.606,-0.997,-0.797,-0.889,-0.6920000000000001,-0.6459999999999999,-0.575,-0.812,-0.7140000000000001,-0.67,-0.89,-0.997,-0.792,-0.7090000000000001,-0.738,-0.6409999999999999,-0.649,-0.9009999999999999,-0.7440000000000001,-0.6809999999999999,-0.787
s: 6
t: 30.124

i: -1.17,-0.574,-0.599,-0.285,-0.26899999999999996,-0.121,-0.515,-0.3720000000000001,-0.203,-0.48100000000000004,-1.17,-0.764,-0.455,-0.7190000000000001,-0.514,-0.545,-0.8490000000000001,-0.58,-0.529,-0.507,-1.17,-0.8,-0.804,-0.645,-0.562,-0.47100000000000003,-0.775,-0.625,-0.544,-0.794,-1.17,-0.5820000000000001,-0.368,-0.5770000000000001,-0.3720000000000001,-0.51,-0.7140000000000001,-0.433,-0.40299999999999997,-0.405
s: 6
t: 21.551

i: -1.166,-0.7390000000000001,-1.21,-0.562,-0.652,-0.413,-0.733,-0.728,-0.609,-1.141,-1.166,-0.828,-0.9279999999999999,-0.81,-0.792,-0.852,-0.983,-0.868,-0.838,-1.0,-1.166,-1.047,-0.98,-0.9890000000000001,-0.915,-0.86,-1.0270000000000001,-0.9470000000000001,-0.903,-0.945,-1.166,-0.757,-0.9490000000000001,-0.7490000000000001,-0.759,-0.856,-0.922,-0.826,-0.8,-0.99
s: 27
t: 159.745

i: -0.8740000000000001,-0.655,-0.71,-0.583,-0.5589999999999999,-0.522,-0.64,-0.561,-0.5479999999999999,-0.722,-0.8740000000000001,-0.6779999999999999,-0.7609999999999999,-0.687,-0.6859999999999999,-0.768,-0.8440000000000001,-0.7659999999999999,-0.777,-0.912,-0.8740000000000001,-0.698,-0.953,-0.615,-0.68,-0.627,-0.73,-0.7070000000000001,-0.682,-0.9420000000000001,-0.8740000000000001,-0.648,-0.488,-0.6759999999999999,-0.529,-0.5589999999999999,-0.862,-0.674,-0.654,-0.7390000000000001
s: 46
t: 125.874

i: -1.171,-0.41100000000000003,-0.23399999999999999,-0.303,-0.22899999999999998,-0.27399999999999997,-0.423,-0.275,-0.225,-0.21100000000000002,-1.171,-0.312,-0.036000000000000004,-0.595,-0.273,-0.5379999999999999,-0.40700000000000003,-0.215,-0.165,-0.023,-1.171,-0.568,-1.193,-0.405,-0.51,-0.247,-0.539,-0.621,-0.48700000000000004,-1.083,-1.171,-0.5,-0.611,-0.524,-0.508,-0.662,-0.6920000000000001,-0.552,-0.45799999999999996,-0.61
s: 3
t: 14.630

i: -1.225,-0.649,-0.429,-0.47600000000000003,-0.268,-0.22899999999999998,-0.731,-0.44799999999999995,-0.34299999999999997,-0.521,-1.225,-0.501,0.038,-0.545,-0.217,-0.37799999999999995,-0.619,-0.213,-0.235,-0.057999999999999996,-1.225,-0.525,0.10800000000000001,-0.207,0.094,0.025,-0.545,-0.008,0.037000000000000005,0.11199999999999999,-1.225,-0.569,0.008,-0.581,-0.231,-0.34600000000000003,-0.649,-0.243,-0.22399999999999998,-0.022000000000000002
s: 4
t: 16.268

i: -1.011,-0.43799999999999994,-0.51,-0.18899999999999997,-0.193,-0.162,-0.518,-0.368,-0.258,-0.518,-1.011,-0.426,-0.019,-0.49,-0.282,-0.44799999999999995,-0.5539999999999999,-0.252,-0.276,-0.09699999999999999,-1.011,-0.536,0.07400000000000001,-0.161,0.052000000000000005,0.047,-0.483,0.006999999999999999,0.084,0.14800000000000002,-1.011,-0.4320000000000001,0.02,-0.5,-0.281,-0.455,-0.505,-0.20800000000000002,-0.265,-0.063
s: 4
t: 15.552

i: -1.35,-1.04,-1.088,-0.934,-0.8290000000000001,-0.7340000000000001,-1.05,-0.893,-0.846,-1.122,-1.35,-1.006,-0.968,-0.96,-0.838,-0.879,-1.112,-0.919,-0.9,-1.062,-1.35,-1.068,-1.214,-0.9670000000000001,-0.929,-0.84,-1.061,-0.9520000000000001,-0.915,-1.176,-1.35,-1.006,-0.98,-0.9420000000000001,-0.838,-0.855,-1.093,-0.92,-0.879,-1.025
s: 60
t: 45.226

i: -1.0490000000000002,-0.644,-0.313,-0.40700000000000003,-0.204,-0.113,-0.7040000000000001,-0.375,-0.223,-0.469,-1.0490000000000002,-0.456,0.059000000000000004,-0.49,-0.21600000000000005,-0.28600000000000003,-0.637,-0.278,-0.27,-0.059000000000000004,-1.0490000000000002,-0.413,0.085,-0.132,-0.003,0.05,-0.4920000000000001,-0.091,-0.07,0.063,-1.0490000000000002,-0.5539999999999999,-0.035,-0.53,-0.251,-0.33799999999999997,-0.653,-0.29600000000000004,-0.284,-0.09699999999999999
s: 4
t: 18.055

i: -1.141,-0.503,-0.418,-0.309,-0.14300000000000002,-0.059000000000000004,-0.517,-0.284,-0.209,-0.504,-1.141,-0.496,-0.11800000000000001,-0.55,-0.278,-0.449,-0.619,-0.27899999999999997,-0.27899999999999997,-0.154,-1.141,-0.627,-0.6509999999999999,-0.431,-0.337,-0.254,-0.617,-0.449,-0.34299999999999997,-0.629,-1.141,-0.591,-0.223,-0.586,-0.313,-0.436,-0.725,-0.373,-0.341,-0.33299999999999996
s: 5
t: 17.423

i: -1.155,-0.536,-0.5529999999999999,-0.3670000000000001,-0.235,-0.134,-0.573,-0.375,-0.287,-0.711,-1.155,-0.535,-0.285,-0.57,-0.345,-0.503,-0.703,-0.379,-0.371,-0.392,-1.155,-0.833,-0.863,-0.6940000000000001,-0.593,-0.46,-0.8240000000000001,-0.66,-0.578,-0.862,-1.155,-0.804,-0.73,-0.7609999999999999,-0.6409999999999999,-0.67,-0.919,-0.716,-0.659,-0.74
s: 4
t: 12.390

max time: 507.89
min time: 9.96
avg time: 51.46

