i: 1,1,1,0,1,0,1,1,1
s: 1
t: 0.808

i: 1,0,1,0,0,0,0,1,0
s: 1
t: 0.873

i: 1,1,1,1,0,1,1,0,1
s: 1
t: 0.749

i: 1,0,0,0,0,1,1,0,0
s: 1
t: 0.666

i: 0,1,0,0,0,0,1,1,0
s: 1
t: 0.804

i: 1,0,1,1,1,1,0,0,0
s: 1
t: 0.880

i: 1,1,0,0,0,1,1,0,1
s: 1
t: 0.917

i: 0,1,1,1,1,0,0,0,1
s: 1
t: 1.005

i: 0,1,0,1,1,1,0,1,0
s: 1
t: 0.887

i: 1,1,1,1,1,1,0,1,0
s: 1
t: 0.863

i: 1,0,1,0,1,1,0,1,1
s: 1
t: 0.981

i: 1,1,1,1,1,0,0,1,0
s: 1
t: 0.931

i: 1,1,0,1,1,1,0,1,1
s: 1
t: 0.954

i: 1,1,1,1,1,1,0,0,0
s: 1
t: 0.955

i: 0,1,0,1,0,1,1,0,1
s: 1
t: 0.987

i: 1,1,1,0,1,0,0,1,1
s: 1
t: 1.002

i: 0,1,0,0,1,1,0,1,1
s: 1
t: 0.960

i: 1,1,1,0,1,1,1,1,1
s: 1
t: 0.988

i: 1,0,1,0,1,0,1,0,0
s: 1
t: 1.026

i: 0,0,1,1,1,0,0,1,0
s: 1
t: 0.993

i: 0,1,0,0,0,0,1,0,1
s: 1
t: 1.007

i: 0,0,1,1,1,0,0,1,1
s: 1
t: 0.986

i: 0,0,1,1,0,1,0,1,1
s: 1
t: 0.999

i: 1,1,1,0,1,0,0,0,0
s: 1
t: 0.930

i: 0,1,0,1,0,0,1,1,1
s: 1
t: 0.980

i: 0,0,1,0,1,0,0,1,0
s: 1
t: 0.990

i: 1,0,0,0,0,0,1,0,0
s: 1
t: 0.987

i: 1,1,0,0,0,1,1,1,0
s: 1
t: 0.945

i: 1,1,0,0,1,0,1,1,0
s: 1
t: 0.790

i: 1,0,0,1,0,0,0,1,0
s: 1
t: 0.872

i: 1,1,1,0,0,0,0,0,0
s: 1
t: 0.954

i: 0,0,1,1,0,0,1,0,1
s: 1
t: 0.977

i: 0,0,0,0,1,1,0,0,0
s: 1
t: 0.954

i: 1,0,1,1,1,0,1,1,0
s: 1
t: 0.956

i: 0,1,1,1,0,1,0,0,0
s: 1
t: 0.956

i: 0,1,0,1,1,0,1,1,1
s: 1
t: 0.987

i: 0,0,0,0,1,0,0,0,0
s: 1
t: 0.943

i: 0,1,0,1,0,1,0,0,1
s: 1
t: 0.988

i: 1,1,1,0,0,1,0,1,0
s: 1
t: 0.983

i: 0,0,1,0,0,0,0,1,1
s: 1
t: 0.953

i: 1,1,0,1,1,0,0,1,0
s: 1
t: 0.957

i: 0,1,1,0,0,0,0,0,1
s: 1
t: 0.958

i: 1,0,0,0,0,0,0,0,0
s: 1
t: 0.903

i: 0,0,0,0,1,0,0,0,1
s: 1
t: 0.960

i: 1,1,0,0,0,0,1,0,1
s: 1
t: 0.950

i: 1,0,0,0,1,0,0,0,0
s: 1
t: 0.896

i: 1,0,1,1,1,0,0,0,0
s: 1
t: 0.942

i: 0,1,0,0,0,1,1,0,0
s: 1
t: 0.948

i: 0,1,0,0,0,0,1,1,1
s: 1
t: 1.034

i: 0,0,0,0,0,0,0,0,0
s: 1
t: 0.957

i: 1,1,0,1,1,0,0,1,1
s: 1
t: 0.988

i: 1,0,1,1,1,1,0,0,1
s: 1
t: 0.980

i: 1,1,1,1,1,1,1,0,1
s: 1
t: 0.978

i: 0,0,1,1,1,1,0,1,1
s: 1
t: 0.999

i: 0,0,1,0,1,1,0,1,0
s: 1
t: 0.965

i: 1,1,0,1,1,1,0,0,0
s: 1
t: 0.987

i: 1,1,1,1,0,0,1,1,0
s: 1
t: 0.953

i: 1,0,0,0,1,0,1,0,1
s: 1
t: 0.923

i: 1,0,1,0,1,1,1,1,1
s: 1
t: 0.917

i: 0,0,1,0,0,1,0,1,1
s: 1
t: 0.871

i: 1,0,1,0,0,0,1,0,1
s: 1
t: 0.935

i: 1,1,0,1,0,1,0,1,0
s: 1
t: 0.955

i: 0,0,1,1,1,0,1,1,1
s: 1
t: 0.930

i: 0,1,0,0,0,1,0,0,0
s: 1
t: 0.829

i: 1,1,1,0,1,1,1,1,0
s: 1
t: 0.870

i: 1,0,1,0,1,0,0,0,1
s: 1
t: 0.956

i: 1,1,1,0,1,1,1,0,1
s: 1
t: 0.974

i: 1,0,1,1,1,0,1,1,1
s: 1
t: 0.946

i: 0,0,0,0,0,1,1,0,1
s: 1
t: 0.997

i: 1,1,1,1,1,0,0,1,1
s: 1
t: 0.911

i: 0,1,0,1,0,0,0,1,1
s: 1
t: 0.968

i: 0,0,1,1,0,0,0,0,0
s: 1
t: 0.978

i: 1,1,0,1,0,1,1,0,0
s: 1
t: 0.948

i: 1,0,1,1,0,0,0,0,1
s: 1
t: 0.946

i: 1,1,0,1,1,0,1,1,0
s: 1
t: 0.987

i: 1,1,0,0,0,1,0,0,1
s: 1
t: 0.958

i: 1,0,0,0,1,1,0,1,0
s: 1
t: 0.989

i: 1,0,1,1,0,0,0,1,0
s: 1
t: 0.984

i: 0,1,1,0,0,0,0,1,1
s: 1
t: 1.019

i: 0,0,1,1,0,1,1,1,0
s: 1
t: 0.984

i: 0,1,1,1,0,0,1,1,0
s: 1
t: 0.980

i: 1,1,0,1,0,0,1,0,1
s: 1
t: 0.940

i: 0,0,0,1,0,0,0,1,0
s: 1
t: 0.948

i: 1,0,1,1,0,1,0,0,1
s: 1
t: 0.978

i: 0,0,0,0,1,1,1,0,1
s: 1
t: 0.953

i: 0,1,0,1,1,1,0,0,0
s: 1
t: 0.861

i: 0,0,0,1,1,1,0,0,0
s: 1
t: 0.807

i: 1,0,0,1,1,1,0,1,0
s: 1
t: 0.875

i: 1,1,1,0,1,1,0,1,0
s: 1
t: 0.906

i: 0,1,0,1,1,0,0,0,1
s: 1
t: 0.995

i: 1,1,0,0,0,0,0,0,1
s: 1
t: 0.937

i: 1,1,1,1,0,0,0,0,1
s: 1
t: 0.944

i: 0,0,0,1,0,1,1,1,0
s: 1
t: 0.949

i: 0,1,1,1,0,1,0,0,1
s: 1
t: 0.976

i: 0,1,1,1,1,0,0,1,1
s: 1
t: 0.949

i: 1,0,1,0,1,0,0,1,0
s: 1
t: 0.952

i: 1,1,0,0,1,1,1,0,1
s: 1
t: 0.940

i: 0,1,1,0,1,1,1,0,1
s: 1
t: 0.958

i: 1,0,0,1,0,1,0,0,1
s: 1
t: 1.027

i: 1,0,1,0,0,1,0,1,0
s: 1
t: 0.988

i: 1,0,0,1,0,0,0,0,1
s: 1
t: 0.984

i: 0,1,1,0,0,1,0,0,1
s: 1
t: 0.940

i: 1,0,1,1,0,0,1,0,0
s: 1
t: 0.996

i: 0,1,0,1,0,1,0,1,1
s: 1
t: 0.994

i: 1,1,0,0,0,0,1,1,1
s: 1
t: 0.990

i: 0,0,1,1,1,0,0,0,0
s: 1
t: 0.873

i: 0,0,0,0,0,0,1,1,0
s: 1
t: 0.985

i: 1,1,0,0,1,1,0,1,1
s: 1
t: 0.997

i: 0,0,1,1,1,1,0,1,0
s: 1
t: 0.904

i: 1,1,0,1,0,0,0,0,1
s: 1
t: 0.821

i: 0,0,0,0,0,1,0,1,0
s: 1
t: 0.954

i: 0,0,0,1,0,0,1,0,1
s: 1
t: 0.860

i: 0,0,0,1,1,0,0,0,0
s: 1
t: 0.850

i: 0,0,1,0,1,0,1,1,1
s: 1
t: 0.956

i: 0,0,1,0,1,0,1,1,0
s: 1
t: 0.916

i: 0,0,1,1,1,1,1,1,1
s: 1
t: 0.946

i: 1,1,0,1,1,1,1,1,0
s: 1
t: 0.860

i: 0,0,1,0,1,0,1,0,1
s: 1
t: 0.877

i: 1,1,0,1,1,0,1,0,1
s: 1
t: 0.941

i: 0,1,0,0,1,1,1,0,0
s: 1
t: 0.914

i: 0,1,1,0,0,1,1,1,1
s: 1
t: 0.958

i: 1,0,0,1,1,1,1,0,0
s: 1
t: 0.957

i: 1,0,1,0,0,1,1,1,1
s: 1
t: 0.993

i: 1,0,1,0,0,0,1,1,0
s: 1
t: 0.988

i: 0,1,0,1,1,0,1,0,1
s: 1
t: 0.959

i: 0,1,0,1,0,1,1,0,0
s: 1
t: 0.931

i: 0,0,1,0,1,0,0,1,1
s: 1
t: 0.952

i: 1,0,1,1,1,1,0,1,0
s: 1
t: 0.949

i: 0,1,0,1,1,0,1,1,0
s: 1
t: 0.979

i: 0,1,0,1,1,1,0,1,1
s: 1
t: 0.952

i: 1,1,0,1,0,0,0,0,0
s: 1
t: 0.978

i: 1,0,0,0,1,1,1,0,1
s: 1
t: 0.953

i: 1,0,1,1,0,1,1,0,0
s: 1
t: 0.984

i: 1,1,1,1,0,1,1,0,0
s: 1
t: 0.985

i: 0,1,0,0,1,0,0,1,1
s: 1
t: 1.035

i: 0,1,0,1,0,0,0,1,0
s: 1
t: 0.943

i: 0,0,0,0,1,1,1,0,0
s: 1
t: 0.960

i: 0,0,1,0,1,1,1,1,1
s: 1
t: 0.956

i: 0,0,1,0,0,0,1,1,0
s: 1
t: 0.956

i: 0,1,0,0,1,0,1,1,1
s: 1
t: 0.955

i: 1,1,1,0,0,1,1,0,1
s: 1
t: 0.990

i: 1,1,1,1,1,1,1,1,0
s: 1
t: 0.958

i: 0,1,1,1,1,0,1,0,1
s: 1
t: 0.955

i: 1,1,1,1,1,0,1,0,0
s: 1
t: 0.954

i: 0,1,1,0,1,0,0,1,1
s: 1
t: 0.958

i: 1,1,0,1,1,0,0,0,0
s: 1
t: 0.953

i: 1,0,1,1,1,1,0,1,1
s: 1
t: 0.997

i: 1,1,1,1,0,0,1,0,0
s: 1
t: 1.006

i: 1,1,1,1,0,1,1,1,0
s: 1
t: 0.971

i: 1,0,0,0,0,1,0,0,1
s: 1
t: 0.997

i: 1,0,0,1,1,1,0,0,1
s: 1
t: 0.957

i: 1,1,0,0,0,1,1,1,1
s: 1
t: 0.912

i: 1,0,0,0,1,1,0,1,1
s: 1
t: 0.879

i: 0,1,1,1,1,1,0,0,1
s: 1
t: 0.952

i: 0,1,1,0,1,1,0,1,1
s: 1
t: 0.943

i: 1,1,1,1,1,1,0,0,1
s: 1
t: 0.916

i: 1,0,1,1,1,0,1,0,1
s: 1
t: 1.009

i: 1,0,1,1,0,0,0,0,0
s: 1
t: 0.947

i: 1,0,0,1,1,0,1,0,1
s: 1
t: 0.957

i: 1,1,1,0,0,0,1,1,0
s: 1
t: 0.955

i: 1,0,0,1,1,1,0,0,0
s: 1
t: 0.991

i: 0,0,0,1,0,1,0,0,0
s: 1
t: 0.996

i: 0,1,0,0,1,0,0,1,0
s: 1
t: 0.991

i: 1,1,1,0,1,1,0,0,0
s: 1
t: 0.996

i: 0,0,1,1,0,0,1,0,0
s: 1
t: 0.906

i: 1,0,1,1,0,0,1,1,0
s: 1
t: 0.954

i: 1,1,0,1,1,0,1,1,1
s: 1
t: 1.013

i: 0,1,1,1,0,0,1,0,1
s: 1
t: 0.985

i: 1,0,1,1,1,1,1,0,0
s: 1
t: 0.938

i: 0,1,1,0,1,0,0,0,0
s: 1
t: 0.886

i: 1,1,0,0,0,0,0,0,0
s: 1
t: 0.863

i: 1,1,0,1,1,1,1,1,1
s: 1
t: 0.942

i: 1,0,0,1,0,0,0,1,1
s: 1
t: 0.940

i: 1,0,0,0,0,1,1,0,1
s: 1
t: 0.884

i: 1,1,1,0,0,0,0,1,0
s: 1
t: 0.819

i: 1,1,1,0,1,1,0,1,1
s: 1
t: 0.919

i: 0,0,0,1,1,0,0,1,0
s: 1
t: 0.980

i: 0,0,1,1,0,0,0,1,0
s: 1
t: 0.927

i: 1,1,1,1,1,1,0,1,1
s: 1
t: 0.977

i: 0,1,0,0,1,0,0,0,0
s: 1
t: 0.951

i: 0,0,0,0,0,0,1,1,1
s: 1
t: 0.961

i: 0,0,0,1,1,1,1,0,1
s: 1
t: 0.957

i: 1,1,0,0,0,1,0,1,1
s: 1
t: 0.990

i: 0,0,0,1,0,0,1,0,0
s: 1
t: 0.978

i: 1,0,0,0,1,1,1,1,1
s: 1
t: 0.992

i: 1,1,0,0,1,0,1,1,1
s: 1
t: 0.988

i: 1,1,0,0,0,1,1,0,0
s: 1
t: 0.999

i: 1,0,0,1,0,0,1,1,1
s: 1
t: 0.960

i: 1,0,1,0,1,1,0,0,1
s: 1
t: 0.950

i: 1,1,0,1,0,0,0,1,1
s: 1
t: 0.957

i: 0,1,0,0,1,0,1,0,1
s: 1
t: 0.984

i: 0,0,1,0,0,0,0,0,0
s: 1
t: 0.955

i: 0,1,1,1,0,0,0,0,0
s: 1
t: 0.958

i: 0,1,0,1,0,0,1,0,0
s: 1
t: 0.957

i: 0,0,0,0,0,1,1,1,0
s: 1
t: 0.937

i: 0,0,0,0,0,0,1,0,1
s: 1
t: 1.029

i: 0,1,0,0,0,0,0,1,1
s: 1
t: 0.981

i: 0,1,1,1,1,0,0,0,0
s: 1
t: 0.953

i: 1,0,0,0,1,0,1,0,0
s: 1
t: 0.954

i: 1,0,1,0,0,1,1,0,0
s: 1
t: 0.939

max time: 1.03
min time: 0.67
avg time: 0.95

