i: 0,0,1,0,0,1,1,0,0,0,0,0,6,0,0,0
s: 2
t: 1.885

i: 0,0,1,0,0,1,1,1,1,0,0,1,0,1,0,1
s: 5
t: 2.102

i: 0,0,0,0,0,1,1,1,1,0,1,0,0,1,0,0
s: 4
t: 2.113

i: 0,1,1,0,0,0,1,0,1,1,0,0,2,1,0,1
s: 3
t: 1.432

i: 0,0,1,0,0,1,1,1,1,1,1,0,4,0,0,0
s: 4
t: 1.804

i: 0,0,1,0,0,1,1,1,1,0,0,1,0,1,0,0
s: 5
t: 2.096

i: 0,0,1,0,0,0,0,0,0,1,0,0,6,0,0,0
s: 4
t: 1.630

i: 1,0,0,1,0,0,1,1,1,1,0,0,4,0,0,1
s: 2
t: 1.090

i: 0,0,1,0,0,1,0,1,1,0,0,1,0,1,0,0
s: 7
t: 2.383

i: 1,0,0,1,0,1,1,1,1,1,0,1,0,0,0,1
s: 2
t: 0.957

i: 0,1,1,0,1,1,0,0,1,1,0,0,2,1,0,0
s: 3
t: 1.275

i: 0,0,1,0,0,0,0,0,1,1,0,0,4,1,0,1
s: 7
t: 2.309

i: 0,1,1,0,1,0,0,0,1,1,0,0,2,1,0,1
s: 3
t: 1.239

i: 0,0,1,0,0,1,0,1,1,0,0,1,0,1,1,0
s: 3
t: 1.898

i: 1,0,0,1,0,0,1,1,1,1,0,0,4,1,0,0
s: 2
t: 1.212

i: 0,1,1,0,0,1,1,0,1,1,0,0,2,1,0,1
s: 3
t: 1.142

i: 1,0,0,1,0,1,1,1,1,1,0,0,4,1,0,1
s: 2
t: 0.958

i: 0,1,1,0,0,0,1,0,1,1,0,0,2,1,0,0
s: 3
t: 1.355

i: 1,0,0,1,0,0,0,1,1,1,0,0,4,1,1,0
s: 2
t: 1.013

i: 1,0,0,1,0,0,0,1,1,1,0,0,4,1,0,1
s: 2
t: 1.238

i: 1,0,0,1,0,0,0,1,1,1,0,0,2,0,0,1
s: 2
t: 1.250

i: 0,0,0,1,0,1,1,1,1,1,0,1,0,1,0,1
s: 2
t: 1.017

i: 1,0,1,0,1,0,0,0,0,1,1,0,6,0,1,0
s: 3
t: 1.503

i: 1,0,1,0,1,0,0,0,0,1,0,0,6,0,0,0
s: 5
t: 2.048

i: 1,0,0,1,0,0,0,1,1,1,0,0,4,1,1,1
s: 2
t: 1.174

i: 0,0,1,0,0,1,1,0,0,0,0,0,5,0,0,0
s: 2
t: 1.916

i: 0,0,1,0,0,1,1,1,1,0,1,1,0,1,0,1
s: 5
t: 2.075

i: 1,0,0,1,0,0,0,1,1,1,0,0,2,1,0,1
s: 2
t: 1.194

i: 0,0,1,0,0,0,1,1,1,1,1,0,0,1,0,0
s: 4
t: 1.802

i: 1,0,1,0,1,0,0,0,0,1,1,0,6,0,0,0
s: 3
t: 1.617

i: 0,0,1,0,0,1,1,1,1,1,0,0,4,0,0,0
s: 4
t: 1.834

i: 1,0,0,1,0,0,0,1,1,1,0,0,4,1,0,0
s: 2
t: 1.161

i: 1,0,0,1,0,0,0,1,1,1,0,0,2,1,0,0
s: 2
t: 1.234

i: 0,0,1,0,0,0,1,0,0,0,0,0,0,0,0,0
s: 3
t: 2.128

i: 0,1,1,0,1,0,1,0,1,1,0,0,2,1,0,0
s: 3
t: 1.166

i: 0,1,1,0,1,1,1,0,1,1,0,0,2,1,0,0
s: 3
t: 1.317

i: 0,1,1,0,1,0,0,0,1,1,0,0,2,1,1,0
s: 3
t: 1.359

i: 1,0,0,1,0,0,0,1,1,1,0,0,4,0,1,0
s: 1
t: 0.986

i: 1,0,0,1,0,1,1,1,1,1,0,1,2,1,0,1
s: 2
t: 1.228

i: 0,0,1,0,0,1,1,0,0,0,0,0,4,0,0,0
s: 3
t: 2.022

i: 1,0,0,1,0,0,1,1,1,1,0,0,4,1,0,1
s: 2
t: 1.254

i: 0,0,0,0,0,0,1,0,0,1,1,0,8,1,0,0
s: 2
t: 1.799

i: 0,0,1,0,1,0,1,0,0,1,0,0,6,0,0,0
s: 2
t: 1.721

i: 0,0,1,0,1,0,0,0,0,1,0,0,6,0,0,0
s: 6
t: 2.142

i: 0,0,1,0,0,1,0,1,1,1,0,0,4,0,0,0
s: 4
t: 1.830

i: 1,0,1,1,0,1,1,0,1,1,0,0,4,1,0,1
s: 2
t: 1.186

i: 0,1,1,0,1,1,0,0,1,1,0,0,2,1,0,1
s: 3
t: 1.211

i: 0,0,1,0,0,0,1,1,1,1,0,0,0,1,0,0
s: 4
t: 1.616

i: 0,1,1,0,0,0,0,0,1,1,0,0,2,1,0,1
s: 3
t: 1.378

i: 0,0,1,0,0,1,1,1,1,1,0,0,4,1,0,0
s: 4
t: 1.933

i: 1,0,0,1,0,0,1,1,1,1,0,0,2,0,1,1
s: 2
t: 1.037

i: 0,1,1,0,1,0,1,0,1,1,0,0,2,1,0,1
s: 3
t: 1.366

i: 0,0,1,0,0,1,1,0,0,0,1,0,0,0,0,0
s: 3
t: 2.019

i: 1,0,0,1,1,0,0,1,1,1,0,0,2,1,0,0
s: 1
t: 0.991

i: 0,0,1,0,0,0,1,1,1,1,0,0,4,1,0,0
s: 4
t: 1.671

i: 0,1,1,0,1,0,0,0,1,1,0,0,2,1,0,0
s: 4
t: 1.769

i: 0,0,1,0,0,1,1,0,0,0,0,0,8,0,0,1
s: 2
t: 1.695

i: 0,0,1,0,0,0,0,0,0,1,0,0,0,0,0,0
s: 3
t: 1.806

i: 1,0,0,1,0,0,1,1,1,1,0,0,4,1,1,1
s: 1
t: 1.019

max time: 2.38
min time: 0.96
avg time: 1.54

